2026/04/18 15:15:37 - mmengine - INFO - 
------------------------------------------------------------
System environment:
    sys.platform: linux
    Python: 3.8.20 (default, Oct  3 2024, 15:24:27) [GCC 11.2.0]
    CUDA available: True
    MUSA available: False
    numpy_random_seed: 30835642
    GPU 0: NVIDIA RTX A6000
    CUDA_HOME: /usr/local/cuda-12.1
    NVCC: Cuda compilation tools, release 12.1, V12.1.105
    GCC: gcc (Ubuntu 11.4.0-1ubuntu1~22.04.3) 11.4.0
    PyTorch: 2.1.0+cu121
    PyTorch compiling details: PyTorch built with:
  - GCC 9.3
  - C++ Version: 201703
  - Intel(R) oneAPI Math Kernel Library Version 2022.2-Product Build 20220804 for Intel(R) 64 architecture applications
  - Intel(R) MKL-DNN v3.1.1 (Git Hash 64f6bcbcbab628e96f33a62c3e975f8535a7bde4)
  - OpenMP 201511 (a.k.a. OpenMP 4.5)
  - LAPACK is enabled (usually provided by MKL)
  - NNPACK is enabled
  - CPU capability usage: AVX2
  - CUDA Runtime 12.1
  - NVCC architecture flags: -gencode;arch=compute_50,code=sm_50;-gencode;arch=compute_60,code=sm_60;-gencode;arch=compute_70,code=sm_70;-gencode;arch=compute_75,code=sm_75;-gencode;arch=compute_80,code=sm_80;-gencode;arch=compute_86,code=sm_86;-gencode;arch=compute_90,code=sm_90
  - CuDNN 8.9.2
  - Magma 2.6.1
  - Build settings: BLAS_INFO=mkl, BUILD_TYPE=Release, CUDA_VERSION=12.1, CUDNN_VERSION=8.9.2, CXX_COMPILER=/opt/rh/devtoolset-9/root/usr/bin/c++, CXX_FLAGS= -D_GLIBCXX_USE_CXX11_ABI=0 -fabi-version=11 -fvisibility-inlines-hidden -DUSE_PTHREADPOOL -DNDEBUG -DUSE_KINETO -DLIBKINETO_NOROCTRACER -DUSE_FBGEMM -DUSE_QNNPACK -DUSE_PYTORCH_QNNPACK -DUSE_XNNPACK -DSYMBOLICATE_MOBILE_DEBUG_HANDLE -O2 -fPIC -Wall -Wextra -Werror=return-type -Werror=non-virtual-dtor -Werror=bool-operation -Wnarrowing -Wno-missing-field-initializers -Wno-type-limits -Wno-array-bounds -Wno-unknown-pragmas -Wno-unused-parameter -Wno-unused-function -Wno-unused-result -Wno-strict-overflow -Wno-strict-aliasing -Wno-stringop-overflow -Wno-psabi -Wno-error=pedantic -Wno-error=old-style-cast -Wno-invalid-partial-specialization -Wno-unused-private-field -Wno-aligned-allocation-unavailable -Wno-missing-braces -fdiagnostics-color=always -faligned-new -Wno-unused-but-set-variable -Wno-maybe-uninitialized -fno-math-errno -fno-trapping-math -Werror=format -Werror=cast-function-type -Wno-stringop-overflow, LAPACK_INFO=mkl, PERF_WITH_AVX=1, PERF_WITH_AVX2=1, PERF_WITH_AVX512=1, TORCH_DISABLE_GPU_ASSERTS=ON, TORCH_VERSION=2.1.0, USE_CUDA=ON, USE_CUDNN=ON, USE_EXCEPTION_PTR=1, USE_GFLAGS=OFF, USE_GLOG=OFF, USE_MKL=ON, USE_MKLDNN=ON, USE_MPI=OFF, USE_NCCL=1, USE_NNPACK=ON, USE_OPENMP=ON, USE_ROCM=OFF, 

    TorchVision: 0.16.0+cu121
    OpenCV: 4.13.0
    MMEngine: 0.10.7

Runtime environment:
    cudnn_benchmark: False
    mp_cfg: {'mp_start_method': 'fork', 'opencv_num_threads': 0}
    dist_cfg: {'backend': 'nccl'}
    seed: 30835642
    Distributed launcher: none
    Distributed training: False
    GPU number: 1
------------------------------------------------------------

2026/04/18 15:15:38 - mmengine - INFO - Config:
auto_scale_lr = dict(base_batch_size=16, enable=False)
backend_args = None
data_root = 'data/coco/'
dataset_type = 'CocoDataset'
default_hooks = dict(
    checkpoint=dict(interval=1, type='CheckpointHook'),
    logger=dict(interval=50, type='LoggerHook'),
    param_scheduler=dict(type='ParamSchedulerHook'),
    sampler_seed=dict(type='DistSamplerSeedHook'),
    timer=dict(type='IterTimerHook'),
    visualization=dict(type='DetVisualizationHook'))
default_scope = 'mmdet'
env_cfg = dict(
    cudnn_benchmark=False,
    dist_cfg=dict(backend='nccl'),
    mp_cfg=dict(mp_start_method='fork', opencv_num_threads=0))
launcher = 'none'
load_from = None
log_level = 'INFO'
log_processor = dict(by_epoch=True, type='LogProcessor', window_size=50)
model = dict(
    backbone=dict(
        depth=50,
        frozen_stages=1,
        init_cfg=dict(checkpoint='torchvision://resnet50', type='Pretrained'),
        norm_cfg=dict(requires_grad=True, type='BN'),
        norm_eval=True,
        num_stages=4,
        out_indices=(
            0,
            1,
            2,
            3,
        ),
        style='pytorch',
        type='ResNet'),
    data_preprocessor=dict(
        bgr_to_rgb=True,
        mean=[
            123.675,
            116.28,
            103.53,
        ],
        pad_size_divisor=32,
        std=[
            58.395,
            57.12,
            57.375,
        ],
        type='DetDataPreprocessor'),
    neck=dict(
        in_channels=[
            256,
            512,
            1024,
            2048,
        ],
        num_outs=5,
        out_channels=256,
        type='FPN'),
    roi_head=dict(
        bbox_head=dict(
            bbox_coder=dict(
                target_means=[
                    0.0,
                    0.0,
                    0.0,
                    0.0,
                ],
                target_stds=[
                    0.1,
                    0.1,
                    0.2,
                    0.2,
                ],
                type='DeltaXYWHBBoxCoder'),
            fc_out_channels=1024,
            in_channels=256,
            loss_bbox=dict(loss_weight=1.0, type='L1Loss'),
            loss_cls=dict(
                loss_weight=1.0, type='CrossEntropyLoss', use_sigmoid=False),
            num_classes=80,
            reg_class_agnostic=False,
            roi_feat_size=7,
            type='Shared2FCBBoxHead'),
        bbox_roi_extractor=dict(
            featmap_strides=[
                4,
                8,
                16,
                32,
            ],
            out_channels=256,
            roi_layer=dict(output_size=7, sampling_ratio=0, type='RoIAlign'),
            type='SingleRoIExtractor'),
        type='StandardRoIHead'),
    test_cfg=dict(
        rcnn=dict(
            max_per_img=100,
            nms=dict(iou_threshold=0.5, type='nms'),
            score_thr=0.05)),
    train_cfg=dict(
        rcnn=dict(
            assigner=dict(
                ignore_iof_thr=-1,
                match_low_quality=False,
                min_pos_iou=0.5,
                neg_iou_thr=0.5,
                pos_iou_thr=0.5,
                type='MaxIoUAssigner'),
            debug=False,
            pos_weight=-1,
            sampler=dict(
                add_gt_as_proposals=True,
                neg_pos_ub=-1,
                num=512,
                pos_fraction=0.25,
                type='RandomSampler'))),
    type='FastRCNN')
optim_wrapper = dict(
    optimizer=dict(lr=0.02, momentum=0.9, type='SGD', weight_decay=0.0001),
    type='OptimWrapper')
param_scheduler = [
    dict(
        begin=0, by_epoch=False, end=500, start_factor=0.001, type='LinearLR'),
    dict(
        begin=0,
        by_epoch=True,
        end=12,
        gamma=0.1,
        milestones=[
            8,
            11,
        ],
        type='MultiStepLR'),
]
resume = False
test_cfg = dict(type='TestLoop')
test_dataloader = dict(
    batch_size=1,
    dataset=dict(
        ann_file='annotations/instances_val2017.json',
        backend_args=None,
        data_prefix=dict(img='val2017/'),
        data_root='data/coco/',
        pipeline=[
            dict(backend_args=None, type='LoadImageFromFile'),
            dict(num_max_proposals=None, type='LoadProposals'),
            dict(
                transforms=[
                    dict(keep_ratio=True, scale=(
                        1333,
                        800,
                    ), type='Resize'),
                ],
                type='ProposalBroadcaster'),
            dict(
                meta_keys=(
                    'img_id',
                    'img_path',
                    'ori_shape',
                    'img_shape',
                    'scale_factor',
                ),
                type='PackDetInputs'),
        ],
        proposal_file='proposals/rpn_r50_fpn_1x_val2017.pkl',
        test_mode=True,
        type='CocoDataset'),
    drop_last=False,
    num_workers=2,
    persistent_workers=True,
    sampler=dict(shuffle=False, type='DefaultSampler'))
test_evaluator = dict(
    ann_file='data/coco/annotations/instances_val2017.json',
    backend_args=None,
    format_only=False,
    metric='bbox',
    type='CocoMetric')
test_pipeline = [
    dict(backend_args=None, type='LoadImageFromFile'),
    dict(num_max_proposals=None, type='LoadProposals'),
    dict(
        transforms=[
            dict(keep_ratio=True, scale=(
                1333,
                800,
            ), type='Resize'),
        ],
        type='ProposalBroadcaster'),
    dict(
        meta_keys=(
            'img_id',
            'img_path',
            'ori_shape',
            'img_shape',
            'scale_factor',
        ),
        type='PackDetInputs'),
]
train_cfg = dict(max_epochs=12, type='EpochBasedTrainLoop', val_interval=100)
train_dataloader = dict(
    batch_sampler=dict(type='AspectRatioBatchSampler'),
    batch_size=16,
    dataset=dict(
        ann_file='annotations/instances_train2017.json',
        backend_args=None,
        data_prefix=dict(img='train2017/'),
        data_root='data/coco/',
        filter_cfg=dict(filter_empty_gt=True, min_size=32),
        indices=10000,
        pipeline=[
            dict(backend_args=None, type='LoadImageFromFile'),
            dict(num_max_proposals=2000, type='LoadProposals'),
            dict(type='LoadAnnotations', with_bbox=True),
            dict(
                transforms=[
                    dict(keep_ratio=True, scale=(
                        1333,
                        800,
                    ), type='Resize'),
                    dict(prob=0.5, type='RandomFlip'),
                ],
                type='ProposalBroadcaster'),
            dict(type='PackDetInputs'),
        ],
        proposal_file='proposals/rpn_r50_fpn_1x_train2017.pkl',
        type='CocoDataset'),
    num_workers=2,
    persistent_workers=True,
    sampler=dict(shuffle=True, type='DefaultSampler'))
train_pipeline = [
    dict(backend_args=None, type='LoadImageFromFile'),
    dict(num_max_proposals=2000, type='LoadProposals'),
    dict(type='LoadAnnotations', with_bbox=True),
    dict(
        transforms=[
            dict(keep_ratio=True, scale=(
                1333,
                800,
            ), type='Resize'),
            dict(prob=0.5, type='RandomFlip'),
        ],
        type='ProposalBroadcaster'),
    dict(type='PackDetInputs'),
]
val_cfg = dict(type='ValLoop')
val_dataloader = dict(
    batch_size=1,
    dataset=dict(
        ann_file='annotations/instances_val2017.json',
        backend_args=None,
        data_prefix=dict(img='val2017/'),
        data_root='data/coco/',
        pipeline=[
            dict(backend_args=None, type='LoadImageFromFile'),
            dict(num_max_proposals=None, type='LoadProposals'),
            dict(
                transforms=[
                    dict(keep_ratio=True, scale=(
                        1333,
                        800,
                    ), type='Resize'),
                ],
                type='ProposalBroadcaster'),
            dict(
                meta_keys=(
                    'img_id',
                    'img_path',
                    'ori_shape',
                    'img_shape',
                    'scale_factor',
                ),
                type='PackDetInputs'),
        ],
        proposal_file='proposals/rpn_r50_fpn_1x_val2017.pkl',
        test_mode=True,
        type='CocoDataset'),
    drop_last=False,
    num_workers=2,
    persistent_workers=True,
    sampler=dict(shuffle=False, type='DefaultSampler'))
val_evaluator = dict(
    ann_file='data/coco/annotations/instances_val2017.json',
    backend_args=None,
    format_only=False,
    metric='bbox',
    type='CocoMetric')
vis_backends = [
    dict(type='LocalVisBackend'),
]
visualizer = dict(
    name='visualizer',
    type='DetLocalVisualizer',
    vis_backends=[
        dict(type='LocalVisBackend'),
    ])
work_dir = 'work_dirs/fast_rcnn_r50_fpn_1x_coco_bs16'

2026/04/18 15:15:42 - mmengine - INFO - Distributed training is not used, all SyncBatchNorm (SyncBN) layers in the model will be automatically reverted to BatchNormXd layers if they are used.
2026/04/18 15:15:42 - mmengine - INFO - Hooks will be executed in the following order:
before_run:
(VERY_HIGH   ) RuntimeInfoHook                    
(BELOW_NORMAL) LoggerHook                         
 -------------------- 
before_train:
(VERY_HIGH   ) RuntimeInfoHook                    
(NORMAL      ) IterTimerHook                      
(VERY_LOW    ) CheckpointHook                     
 -------------------- 
before_train_epoch:
(VERY_HIGH   ) RuntimeInfoHook                    
(NORMAL      ) IterTimerHook                      
(NORMAL      ) DistSamplerSeedHook                
 -------------------- 
before_train_iter:
(VERY_HIGH   ) RuntimeInfoHook                    
(NORMAL      ) IterTimerHook                      
 -------------------- 
after_train_iter:
(VERY_HIGH   ) RuntimeInfoHook                    
(NORMAL      ) IterTimerHook                      
(BELOW_NORMAL) LoggerHook                         
(LOW         ) ParamSchedulerHook                 
(VERY_LOW    ) CheckpointHook                     
 -------------------- 
after_train_epoch:
(NORMAL      ) IterTimerHook                      
(LOW         ) ParamSchedulerHook                 
(VERY_LOW    ) CheckpointHook                     
 -------------------- 
before_val:
(VERY_HIGH   ) RuntimeInfoHook                    
 -------------------- 
before_val_epoch:
(NORMAL      ) IterTimerHook                      
 -------------------- 
before_val_iter:
(NORMAL      ) IterTimerHook                      
 -------------------- 
after_val_iter:
(NORMAL      ) IterTimerHook                      
(NORMAL      ) DetVisualizationHook               
(BELOW_NORMAL) LoggerHook                         
 -------------------- 
after_val_epoch:
(VERY_HIGH   ) RuntimeInfoHook                    
(NORMAL      ) IterTimerHook                      
(BELOW_NORMAL) LoggerHook                         
(LOW         ) ParamSchedulerHook                 
(VERY_LOW    ) CheckpointHook                     
 -------------------- 
after_val:
(VERY_HIGH   ) RuntimeInfoHook                    
 -------------------- 
after_train:
(VERY_HIGH   ) RuntimeInfoHook                    
(VERY_LOW    ) CheckpointHook                     
 -------------------- 
before_test:
(VERY_HIGH   ) RuntimeInfoHook                    
 -------------------- 
before_test_epoch:
(NORMAL      ) IterTimerHook                      
 -------------------- 
before_test_iter:
(NORMAL      ) IterTimerHook                      
 -------------------- 
after_test_iter:
(NORMAL      ) IterTimerHook                      
(NORMAL      ) DetVisualizationHook               
(BELOW_NORMAL) LoggerHook                         
 -------------------- 
after_test_epoch:
(VERY_HIGH   ) RuntimeInfoHook                    
(NORMAL      ) IterTimerHook                      
(BELOW_NORMAL) LoggerHook                         
 -------------------- 
after_test:
(VERY_HIGH   ) RuntimeInfoHook                    
 -------------------- 
after_run:
(BELOW_NORMAL) LoggerHook                         
 -------------------- 
2026/04/18 15:16:35 - mmengine - INFO - load model from: torchvision://resnet50
2026/04/18 15:16:35 - mmengine - INFO - Loads checkpoint by torchvision backend from path: torchvision://resnet50
2026/04/18 15:16:36 - mmengine - WARNING - The model and loaded state dict do not match exactly

unexpected key in source state_dict: fc.weight, fc.bias

Name of parameter - Initialization information

backbone.conv1.weight - torch.Size([64, 3, 7, 7]): 
PretrainedInit: load from torchvision://resnet50 

backbone.bn1.weight - torch.Size([64]): 
PretrainedInit: load from torchvision://resnet50 

backbone.bn1.bias - torch.Size([64]): 
PretrainedInit: load from torchvision://resnet50 

backbone.layer1.0.conv1.weight - torch.Size([64, 64, 1, 1]): 
PretrainedInit: load from torchvision://resnet50 

backbone.layer1.0.bn1.weight - torch.Size([64]): 
PretrainedInit: load from torchvision://resnet50 

backbone.layer1.0.bn1.bias - torch.Size([64]): 
PretrainedInit: load from torchvision://resnet50 

backbone.layer1.0.conv2.weight - torch.Size([64, 64, 3, 3]): 
PretrainedInit: load from torchvision://resnet50 

backbone.layer1.0.bn2.weight - torch.Size([64]): 
PretrainedInit: load from torchvision://resnet50 

backbone.layer1.0.bn2.bias - torch.Size([64]): 
PretrainedInit: load from torchvision://resnet50 

backbone.layer1.0.conv3.weight - torch.Size([256, 64, 1, 1]): 
PretrainedInit: load from torchvision://resnet50 

backbone.layer1.0.bn3.weight - torch.Size([256]): 
PretrainedInit: load from torchvision://resnet50 

backbone.layer1.0.bn3.bias - torch.Size([256]): 
PretrainedInit: load from torchvision://resnet50 

backbone.layer1.0.downsample.0.weight - torch.Size([256, 64, 1, 1]): 
PretrainedInit: load from torchvision://resnet50 

backbone.layer1.0.downsample.1.weight - torch.Size([256]): 
PretrainedInit: load from torchvision://resnet50 

backbone.layer1.0.downsample.1.bias - torch.Size([256]): 
PretrainedInit: load from torchvision://resnet50 

backbone.layer1.1.conv1.weight - torch.Size([64, 256, 1, 1]): 
PretrainedInit: load from torchvision://resnet50 

backbone.layer1.1.bn1.weight - torch.Size([64]): 
PretrainedInit: load from torchvision://resnet50 

backbone.layer1.1.bn1.bias - torch.Size([64]): 
PretrainedInit: load from torchvision://resnet50 

backbone.layer1.1.conv2.weight - torch.Size([64, 64, 3, 3]): 
PretrainedInit: load from torchvision://resnet50 

backbone.layer1.1.bn2.weight - torch.Size([64]): 
PretrainedInit: load from torchvision://resnet50 

backbone.layer1.1.bn2.bias - torch.Size([64]): 
PretrainedInit: load from torchvision://resnet50 

backbone.layer1.1.conv3.weight - torch.Size([256, 64, 1, 1]): 
PretrainedInit: load from torchvision://resnet50 

backbone.layer1.1.bn3.weight - torch.Size([256]): 
PretrainedInit: load from torchvision://resnet50 

backbone.layer1.1.bn3.bias - torch.Size([256]): 
PretrainedInit: load from torchvision://resnet50 

backbone.layer1.2.conv1.weight - torch.Size([64, 256, 1, 1]): 
PretrainedInit: load from torchvision://resnet50 

backbone.layer1.2.bn1.weight - torch.Size([64]): 
PretrainedInit: load from torchvision://resnet50 

backbone.layer1.2.bn1.bias - torch.Size([64]): 
PretrainedInit: load from torchvision://resnet50 

backbone.layer1.2.conv2.weight - torch.Size([64, 64, 3, 3]): 
PretrainedInit: load from torchvision://resnet50 

backbone.layer1.2.bn2.weight - torch.Size([64]): 
PretrainedInit: load from torchvision://resnet50 

backbone.layer1.2.bn2.bias - torch.Size([64]): 
PretrainedInit: load from torchvision://resnet50 

backbone.layer1.2.conv3.weight - torch.Size([256, 64, 1, 1]): 
PretrainedInit: load from torchvision://resnet50 

backbone.layer1.2.bn3.weight - torch.Size([256]): 
PretrainedInit: load from torchvision://resnet50 

backbone.layer1.2.bn3.bias - torch.Size([256]): 
PretrainedInit: load from torchvision://resnet50 

backbone.layer2.0.conv1.weight - torch.Size([128, 256, 1, 1]): 
PretrainedInit: load from torchvision://resnet50 

backbone.layer2.0.bn1.weight - torch.Size([128]): 
PretrainedInit: load from torchvision://resnet50 

backbone.layer2.0.bn1.bias - torch.Size([128]): 
PretrainedInit: load from torchvision://resnet50 

backbone.layer2.0.conv2.weight - torch.Size([128, 128, 3, 3]): 
PretrainedInit: load from torchvision://resnet50 

backbone.layer2.0.bn2.weight - torch.Size([128]): 
PretrainedInit: load from torchvision://resnet50 

backbone.layer2.0.bn2.bias - torch.Size([128]): 
PretrainedInit: load from torchvision://resnet50 

backbone.layer2.0.conv3.weight - torch.Size([512, 128, 1, 1]): 
PretrainedInit: load from torchvision://resnet50 

backbone.layer2.0.bn3.weight - torch.Size([512]): 
PretrainedInit: load from torchvision://resnet50 

backbone.layer2.0.bn3.bias - torch.Size([512]): 
PretrainedInit: load from torchvision://resnet50 

backbone.layer2.0.downsample.0.weight - torch.Size([512, 256, 1, 1]): 
PretrainedInit: load from torchvision://resnet50 

backbone.layer2.0.downsample.1.weight - torch.Size([512]): 
PretrainedInit: load from torchvision://resnet50 

backbone.layer2.0.downsample.1.bias - torch.Size([512]): 
PretrainedInit: load from torchvision://resnet50 

backbone.layer2.1.conv1.weight - torch.Size([128, 512, 1, 1]): 
PretrainedInit: load from torchvision://resnet50 

backbone.layer2.1.bn1.weight - torch.Size([128]): 
PretrainedInit: load from torchvision://resnet50 

backbone.layer2.1.bn1.bias - torch.Size([128]): 
PretrainedInit: load from torchvision://resnet50 

backbone.layer2.1.conv2.weight - torch.Size([128, 128, 3, 3]): 
PretrainedInit: load from torchvision://resnet50 

backbone.layer2.1.bn2.weight - torch.Size([128]): 
PretrainedInit: load from torchvision://resnet50 

backbone.layer2.1.bn2.bias - torch.Size([128]): 
PretrainedInit: load from torchvision://resnet50 

backbone.layer2.1.conv3.weight - torch.Size([512, 128, 1, 1]): 
PretrainedInit: load from torchvision://resnet50 

backbone.layer2.1.bn3.weight - torch.Size([512]): 
PretrainedInit: load from torchvision://resnet50 

backbone.layer2.1.bn3.bias - torch.Size([512]): 
PretrainedInit: load from torchvision://resnet50 

backbone.layer2.2.conv1.weight - torch.Size([128, 512, 1, 1]): 
PretrainedInit: load from torchvision://resnet50 

backbone.layer2.2.bn1.weight - torch.Size([128]): 
PretrainedInit: load from torchvision://resnet50 

backbone.layer2.2.bn1.bias - torch.Size([128]): 
PretrainedInit: load from torchvision://resnet50 

backbone.layer2.2.conv2.weight - torch.Size([128, 128, 3, 3]): 
PretrainedInit: load from torchvision://resnet50 

backbone.layer2.2.bn2.weight - torch.Size([128]): 
PretrainedInit: load from torchvision://resnet50 

backbone.layer2.2.bn2.bias - torch.Size([128]): 
PretrainedInit: load from torchvision://resnet50 

backbone.layer2.2.conv3.weight - torch.Size([512, 128, 1, 1]): 
PretrainedInit: load from torchvision://resnet50 

backbone.layer2.2.bn3.weight - torch.Size([512]): 
PretrainedInit: load from torchvision://resnet50 

backbone.layer2.2.bn3.bias - torch.Size([512]): 
PretrainedInit: load from torchvision://resnet50 

backbone.layer2.3.conv1.weight - torch.Size([128, 512, 1, 1]): 
PretrainedInit: load from torchvision://resnet50 

backbone.layer2.3.bn1.weight - torch.Size([128]): 
PretrainedInit: load from torchvision://resnet50 

backbone.layer2.3.bn1.bias - torch.Size([128]): 
PretrainedInit: load from torchvision://resnet50 

backbone.layer2.3.conv2.weight - torch.Size([128, 128, 3, 3]): 
PretrainedInit: load from torchvision://resnet50 

backbone.layer2.3.bn2.weight - torch.Size([128]): 
PretrainedInit: load from torchvision://resnet50 

backbone.layer2.3.bn2.bias - torch.Size([128]): 
PretrainedInit: load from torchvision://resnet50 

backbone.layer2.3.conv3.weight - torch.Size([512, 128, 1, 1]): 
PretrainedInit: load from torchvision://resnet50 

backbone.layer2.3.bn3.weight - torch.Size([512]): 
PretrainedInit: load from torchvision://resnet50 

backbone.layer2.3.bn3.bias - torch.Size([512]): 
PretrainedInit: load from torchvision://resnet50 

backbone.layer3.0.conv1.weight - torch.Size([256, 512, 1, 1]): 
PretrainedInit: load from torchvision://resnet50 

backbone.layer3.0.bn1.weight - torch.Size([256]): 
PretrainedInit: load from torchvision://resnet50 

backbone.layer3.0.bn1.bias - torch.Size([256]): 
PretrainedInit: load from torchvision://resnet50 

backbone.layer3.0.conv2.weight - torch.Size([256, 256, 3, 3]): 
PretrainedInit: load from torchvision://resnet50 

backbone.layer3.0.bn2.weight - torch.Size([256]): 
PretrainedInit: load from torchvision://resnet50 

backbone.layer3.0.bn2.bias - torch.Size([256]): 
PretrainedInit: load from torchvision://resnet50 

backbone.layer3.0.conv3.weight - torch.Size([1024, 256, 1, 1]): 
PretrainedInit: load from torchvision://resnet50 

backbone.layer3.0.bn3.weight - torch.Size([1024]): 
PretrainedInit: load from torchvision://resnet50 

backbone.layer3.0.bn3.bias - torch.Size([1024]): 
PretrainedInit: load from torchvision://resnet50 

backbone.layer3.0.downsample.0.weight - torch.Size([1024, 512, 1, 1]): 
PretrainedInit: load from torchvision://resnet50 

backbone.layer3.0.downsample.1.weight - torch.Size([1024]): 
PretrainedInit: load from torchvision://resnet50 

backbone.layer3.0.downsample.1.bias - torch.Size([1024]): 
PretrainedInit: load from torchvision://resnet50 

backbone.layer3.1.conv1.weight - torch.Size([256, 1024, 1, 1]): 
PretrainedInit: load from torchvision://resnet50 

backbone.layer3.1.bn1.weight - torch.Size([256]): 
PretrainedInit: load from torchvision://resnet50 

backbone.layer3.1.bn1.bias - torch.Size([256]): 
PretrainedInit: load from torchvision://resnet50 

backbone.layer3.1.conv2.weight - torch.Size([256, 256, 3, 3]): 
PretrainedInit: load from torchvision://resnet50 

backbone.layer3.1.bn2.weight - torch.Size([256]): 
PretrainedInit: load from torchvision://resnet50 

backbone.layer3.1.bn2.bias - torch.Size([256]): 
PretrainedInit: load from torchvision://resnet50 

backbone.layer3.1.conv3.weight - torch.Size([1024, 256, 1, 1]): 
PretrainedInit: load from torchvision://resnet50 

backbone.layer3.1.bn3.weight - torch.Size([1024]): 
PretrainedInit: load from torchvision://resnet50 

backbone.layer3.1.bn3.bias - torch.Size([1024]): 
PretrainedInit: load from torchvision://resnet50 

backbone.layer3.2.conv1.weight - torch.Size([256, 1024, 1, 1]): 
PretrainedInit: load from torchvision://resnet50 

backbone.layer3.2.bn1.weight - torch.Size([256]): 
PretrainedInit: load from torchvision://resnet50 

backbone.layer3.2.bn1.bias - torch.Size([256]): 
PretrainedInit: load from torchvision://resnet50 

backbone.layer3.2.conv2.weight - torch.Size([256, 256, 3, 3]): 
PretrainedInit: load from torchvision://resnet50 

backbone.layer3.2.bn2.weight - torch.Size([256]): 
PretrainedInit: load from torchvision://resnet50 

backbone.layer3.2.bn2.bias - torch.Size([256]): 
PretrainedInit: load from torchvision://resnet50 

backbone.layer3.2.conv3.weight - torch.Size([1024, 256, 1, 1]): 
PretrainedInit: load from torchvision://resnet50 

backbone.layer3.2.bn3.weight - torch.Size([1024]): 
PretrainedInit: load from torchvision://resnet50 

backbone.layer3.2.bn3.bias - torch.Size([1024]): 
PretrainedInit: load from torchvision://resnet50 

backbone.layer3.3.conv1.weight - torch.Size([256, 1024, 1, 1]): 
PretrainedInit: load from torchvision://resnet50 

backbone.layer3.3.bn1.weight - torch.Size([256]): 
PretrainedInit: load from torchvision://resnet50 

backbone.layer3.3.bn1.bias - torch.Size([256]): 
PretrainedInit: load from torchvision://resnet50 

backbone.layer3.3.conv2.weight - torch.Size([256, 256, 3, 3]): 
PretrainedInit: load from torchvision://resnet50 

backbone.layer3.3.bn2.weight - torch.Size([256]): 
PretrainedInit: load from torchvision://resnet50 

backbone.layer3.3.bn2.bias - torch.Size([256]): 
PretrainedInit: load from torchvision://resnet50 

backbone.layer3.3.conv3.weight - torch.Size([1024, 256, 1, 1]): 
PretrainedInit: load from torchvision://resnet50 

backbone.layer3.3.bn3.weight - torch.Size([1024]): 
PretrainedInit: load from torchvision://resnet50 

backbone.layer3.3.bn3.bias - torch.Size([1024]): 
PretrainedInit: load from torchvision://resnet50 

backbone.layer3.4.conv1.weight - torch.Size([256, 1024, 1, 1]): 
PretrainedInit: load from torchvision://resnet50 

backbone.layer3.4.bn1.weight - torch.Size([256]): 
PretrainedInit: load from torchvision://resnet50 

backbone.layer3.4.bn1.bias - torch.Size([256]): 
PretrainedInit: load from torchvision://resnet50 

backbone.layer3.4.conv2.weight - torch.Size([256, 256, 3, 3]): 
PretrainedInit: load from torchvision://resnet50 

backbone.layer3.4.bn2.weight - torch.Size([256]): 
PretrainedInit: load from torchvision://resnet50 

backbone.layer3.4.bn2.bias - torch.Size([256]): 
PretrainedInit: load from torchvision://resnet50 

backbone.layer3.4.conv3.weight - torch.Size([1024, 256, 1, 1]): 
PretrainedInit: load from torchvision://resnet50 

backbone.layer3.4.bn3.weight - torch.Size([1024]): 
PretrainedInit: load from torchvision://resnet50 

backbone.layer3.4.bn3.bias - torch.Size([1024]): 
PretrainedInit: load from torchvision://resnet50 

backbone.layer3.5.conv1.weight - torch.Size([256, 1024, 1, 1]): 
PretrainedInit: load from torchvision://resnet50 

backbone.layer3.5.bn1.weight - torch.Size([256]): 
PretrainedInit: load from torchvision://resnet50 

backbone.layer3.5.bn1.bias - torch.Size([256]): 
PretrainedInit: load from torchvision://resnet50 

backbone.layer3.5.conv2.weight - torch.Size([256, 256, 3, 3]): 
PretrainedInit: load from torchvision://resnet50 

backbone.layer3.5.bn2.weight - torch.Size([256]): 
PretrainedInit: load from torchvision://resnet50 

backbone.layer3.5.bn2.bias - torch.Size([256]): 
PretrainedInit: load from torchvision://resnet50 

backbone.layer3.5.conv3.weight - torch.Size([1024, 256, 1, 1]): 
PretrainedInit: load from torchvision://resnet50 

backbone.layer3.5.bn3.weight - torch.Size([1024]): 
PretrainedInit: load from torchvision://resnet50 

backbone.layer3.5.bn3.bias - torch.Size([1024]): 
PretrainedInit: load from torchvision://resnet50 

backbone.layer4.0.conv1.weight - torch.Size([512, 1024, 1, 1]): 
PretrainedInit: load from torchvision://resnet50 

backbone.layer4.0.bn1.weight - torch.Size([512]): 
PretrainedInit: load from torchvision://resnet50 

backbone.layer4.0.bn1.bias - torch.Size([512]): 
PretrainedInit: load from torchvision://resnet50 

backbone.layer4.0.conv2.weight - torch.Size([512, 512, 3, 3]): 
PretrainedInit: load from torchvision://resnet50 

backbone.layer4.0.bn2.weight - torch.Size([512]): 
PretrainedInit: load from torchvision://resnet50 

backbone.layer4.0.bn2.bias - torch.Size([512]): 
PretrainedInit: load from torchvision://resnet50 

backbone.layer4.0.conv3.weight - torch.Size([2048, 512, 1, 1]): 
PretrainedInit: load from torchvision://resnet50 

backbone.layer4.0.bn3.weight - torch.Size([2048]): 
PretrainedInit: load from torchvision://resnet50 

backbone.layer4.0.bn3.bias - torch.Size([2048]): 
PretrainedInit: load from torchvision://resnet50 

backbone.layer4.0.downsample.0.weight - torch.Size([2048, 1024, 1, 1]): 
PretrainedInit: load from torchvision://resnet50 

backbone.layer4.0.downsample.1.weight - torch.Size([2048]): 
PretrainedInit: load from torchvision://resnet50 

backbone.layer4.0.downsample.1.bias - torch.Size([2048]): 
PretrainedInit: load from torchvision://resnet50 

backbone.layer4.1.conv1.weight - torch.Size([512, 2048, 1, 1]): 
PretrainedInit: load from torchvision://resnet50 

backbone.layer4.1.bn1.weight - torch.Size([512]): 
PretrainedInit: load from torchvision://resnet50 

backbone.layer4.1.bn1.bias - torch.Size([512]): 
PretrainedInit: load from torchvision://resnet50 

backbone.layer4.1.conv2.weight - torch.Size([512, 512, 3, 3]): 
PretrainedInit: load from torchvision://resnet50 

backbone.layer4.1.bn2.weight - torch.Size([512]): 
PretrainedInit: load from torchvision://resnet50 

backbone.layer4.1.bn2.bias - torch.Size([512]): 
PretrainedInit: load from torchvision://resnet50 

backbone.layer4.1.conv3.weight - torch.Size([2048, 512, 1, 1]): 
PretrainedInit: load from torchvision://resnet50 

backbone.layer4.1.bn3.weight - torch.Size([2048]): 
PretrainedInit: load from torchvision://resnet50 

backbone.layer4.1.bn3.bias - torch.Size([2048]): 
PretrainedInit: load from torchvision://resnet50 

backbone.layer4.2.conv1.weight - torch.Size([512, 2048, 1, 1]): 
PretrainedInit: load from torchvision://resnet50 

backbone.layer4.2.bn1.weight - torch.Size([512]): 
PretrainedInit: load from torchvision://resnet50 

backbone.layer4.2.bn1.bias - torch.Size([512]): 
PretrainedInit: load from torchvision://resnet50 

backbone.layer4.2.conv2.weight - torch.Size([512, 512, 3, 3]): 
PretrainedInit: load from torchvision://resnet50 

backbone.layer4.2.bn2.weight - torch.Size([512]): 
PretrainedInit: load from torchvision://resnet50 

backbone.layer4.2.bn2.bias - torch.Size([512]): 
PretrainedInit: load from torchvision://resnet50 

backbone.layer4.2.conv3.weight - torch.Size([2048, 512, 1, 1]): 
PretrainedInit: load from torchvision://resnet50 

backbone.layer4.2.bn3.weight - torch.Size([2048]): 
PretrainedInit: load from torchvision://resnet50 

backbone.layer4.2.bn3.bias - torch.Size([2048]): 
PretrainedInit: load from torchvision://resnet50 

neck.lateral_convs.0.conv.weight - torch.Size([256, 256, 1, 1]): 
XavierInit: gain=1, distribution=uniform, bias=0 

neck.lateral_convs.0.conv.bias - torch.Size([256]): 
The value is the same before and after calling `init_weights` of FastRCNN  

neck.lateral_convs.1.conv.weight - torch.Size([256, 512, 1, 1]): 
XavierInit: gain=1, distribution=uniform, bias=0 

neck.lateral_convs.1.conv.bias - torch.Size([256]): 
The value is the same before and after calling `init_weights` of FastRCNN  

neck.lateral_convs.2.conv.weight - torch.Size([256, 1024, 1, 1]): 
XavierInit: gain=1, distribution=uniform, bias=0 

neck.lateral_convs.2.conv.bias - torch.Size([256]): 
The value is the same before and after calling `init_weights` of FastRCNN  

neck.lateral_convs.3.conv.weight - torch.Size([256, 2048, 1, 1]): 
XavierInit: gain=1, distribution=uniform, bias=0 

neck.lateral_convs.3.conv.bias - torch.Size([256]): 
The value is the same before and after calling `init_weights` of FastRCNN  

neck.fpn_convs.0.conv.weight - torch.Size([256, 256, 3, 3]): 
XavierInit: gain=1, distribution=uniform, bias=0 

neck.fpn_convs.0.conv.bias - torch.Size([256]): 
The value is the same before and after calling `init_weights` of FastRCNN  

neck.fpn_convs.1.conv.weight - torch.Size([256, 256, 3, 3]): 
XavierInit: gain=1, distribution=uniform, bias=0 

neck.fpn_convs.1.conv.bias - torch.Size([256]): 
The value is the same before and after calling `init_weights` of FastRCNN  

neck.fpn_convs.2.conv.weight - torch.Size([256, 256, 3, 3]): 
XavierInit: gain=1, distribution=uniform, bias=0 

neck.fpn_convs.2.conv.bias - torch.Size([256]): 
The value is the same before and after calling `init_weights` of FastRCNN  

neck.fpn_convs.3.conv.weight - torch.Size([256, 256, 3, 3]): 
XavierInit: gain=1, distribution=uniform, bias=0 

neck.fpn_convs.3.conv.bias - torch.Size([256]): 
The value is the same before and after calling `init_weights` of FastRCNN  

roi_head.bbox_head.fc_cls.weight - torch.Size([81, 1024]): 
NormalInit: mean=0, std=0.01, bias=0 

roi_head.bbox_head.fc_cls.bias - torch.Size([81]): 
NormalInit: mean=0, std=0.01, bias=0 

roi_head.bbox_head.fc_reg.weight - torch.Size([320, 1024]): 
NormalInit: mean=0, std=0.001, bias=0 

roi_head.bbox_head.fc_reg.bias - torch.Size([320]): 
NormalInit: mean=0, std=0.001, bias=0 

roi_head.bbox_head.shared_fcs.0.weight - torch.Size([1024, 12544]): 
XavierInit: gain=1, distribution=uniform, bias=0 

roi_head.bbox_head.shared_fcs.0.bias - torch.Size([1024]): 
XavierInit: gain=1, distribution=uniform, bias=0 

roi_head.bbox_head.shared_fcs.1.weight - torch.Size([1024, 1024]): 
XavierInit: gain=1, distribution=uniform, bias=0 

roi_head.bbox_head.shared_fcs.1.bias - torch.Size([1024]): 
XavierInit: gain=1, distribution=uniform, bias=0 
2026/04/18 15:16:36 - mmengine - WARNING - "FileClient" will be deprecated in future. Please use io functions in https://mmengine.readthedocs.io/en/latest/api/fileio.html#file-io
2026/04/18 15:16:36 - mmengine - WARNING - "HardDiskBackend" is the alias of "LocalBackend" and the former will be deprecated in future.
2026/04/18 15:16:36 - mmengine - INFO - Checkpoints will be saved to /mnt/c/yltf/深度学习/实验2/mmdetection/work_dirs/fast_rcnn_r50_fpn_1x_coco_bs16.
2026/04/18 15:17:18 - mmengine - INFO - Epoch(train)  [1][ 50/625]  lr: 1.9820e-03  eta: 1:44:18  time: 0.8400  data_time: 0.0331  memory: 22668  loss: 2.1813  loss_cls: 1.7167  acc: 82.9590  loss_bbox: 0.4646
2026/04/18 15:17:57 - mmengine - INFO - Epoch(train)  [1][100/625]  lr: 3.9840e-03  eta: 1:40:41  time: 0.7928  data_time: 0.0260  memory: 22668  loss: 1.3275  loss_cls: 0.8428  acc: 88.4033  loss_bbox: 0.4847
2026/04/18 15:18:38 - mmengine - INFO - Epoch(train)  [1][150/625]  lr: 5.9860e-03  eta: 1:39:22  time: 0.8009  data_time: 0.0271  memory: 22668  loss: 1.2285  loss_cls: 0.7567  acc: 88.4399  loss_bbox: 0.4718
2026/04/18 15:19:18 - mmengine - INFO - Epoch(train)  [1][200/625]  lr: 7.9880e-03  eta: 1:38:24  time: 0.8016  data_time: 0.0269  memory: 22668  loss: 1.1765  loss_cls: 0.7159  acc: 88.0981  loss_bbox: 0.4606
2026/04/18 15:19:57 - mmengine - INFO - Epoch(train)  [1][250/625]  lr: 9.9900e-03  eta: 1:37:27  time: 0.7972  data_time: 0.0273  memory: 22668  loss: 1.1419  loss_cls: 0.6798  acc: 86.3647  loss_bbox: 0.4620
2026/04/18 15:20:37 - mmengine - INFO - Epoch(train)  [1][300/625]  lr: 1.1992e-02  eta: 1:36:38  time: 0.7996  data_time: 0.0282  memory: 22668  loss: 1.1308  loss_cls: 0.6693  acc: 86.3525  loss_bbox: 0.4615
2026/04/18 15:21:18 - mmengine - INFO - Epoch(train)  [1][350/625]  lr: 1.3994e-02  eta: 1:35:59  time: 0.8064  data_time: 0.0275  memory: 22668  loss: 1.1207  loss_cls: 0.6570  acc: 88.1714  loss_bbox: 0.4637
2026/04/18 15:21:58 - mmengine - INFO - Epoch(train)  [1][400/625]  lr: 1.5996e-02  eta: 1:35:17  time: 0.8036  data_time: 0.0273  memory: 22668  loss: 1.0544  loss_cls: 0.6059  acc: 85.8643  loss_bbox: 0.4485
2026/04/18 15:22:38 - mmengine - INFO - Epoch(train)  [1][450/625]  lr: 1.7998e-02  eta: 1:34:36  time: 0.8039  data_time: 0.0262  memory: 22668  loss: 1.0366  loss_cls: 0.5918  acc: 86.1816  loss_bbox: 0.4448
2026/04/18 15:23:18 - mmengine - INFO - Epoch(train)  [1][500/625]  lr: 2.0000e-02  eta: 1:33:55  time: 0.8044  data_time: 0.0269  memory: 22668  loss: 0.9995  loss_cls: 0.5646  acc: 88.9893  loss_bbox: 0.4349
2026/04/18 15:23:58 - mmengine - INFO - Epoch(train)  [1][550/625]  lr: 2.0000e-02  eta: 1:33:05  time: 0.7900  data_time: 0.0257  memory: 22668  loss: 1.0122  loss_cls: 0.5619  acc: 87.1948  loss_bbox: 0.4503
2026/04/18 15:24:38 - mmengine - INFO - Epoch(train)  [1][600/625]  lr: 2.0000e-02  eta: 1:32:28  time: 0.8085  data_time: 0.0281  memory: 21770  loss: 0.9374  loss_cls: 0.5193  acc: 85.8032  loss_bbox: 0.4181
2026/04/18 15:24:59 - mmengine - INFO - Exp name: fast-rcnn_r50_fpn_1x_coco_20260418_151533
2026/04/18 15:24:59 - mmengine - INFO - Saving checkpoint at 1 epochs
2026/04/18 15:25:41 - mmengine - INFO - Epoch(train)  [2][ 50/625]  lr: 2.0000e-02  eta: 1:31:31  time: 0.8060  data_time: 0.0299  memory: 22668  loss: 0.9425  loss_cls: 0.5046  acc: 90.3931  loss_bbox: 0.4379
2026/04/18 15:26:21 - mmengine - INFO - Epoch(train)  [2][100/625]  lr: 2.0000e-02  eta: 1:30:52  time: 0.8078  data_time: 0.0281  memory: 22668  loss: 0.8955  loss_cls: 0.4784  acc: 89.8315  loss_bbox: 0.4171
2026/04/18 15:27:01 - mmengine - INFO - Epoch(train)  [2][150/625]  lr: 2.0000e-02  eta: 1:30:11  time: 0.8024  data_time: 0.0261  memory: 22668  loss: 0.9026  loss_cls: 0.4738  acc: 85.6323  loss_bbox: 0.4289
2026/04/18 15:27:41 - mmengine - INFO - Epoch(train)  [2][200/625]  lr: 2.0000e-02  eta: 1:29:29  time: 0.8015  data_time: 0.0278  memory: 22668  loss: 0.9030  loss_cls: 0.4761  acc: 86.6699  loss_bbox: 0.4269
2026/04/18 15:28:22 - mmengine - INFO - Epoch(train)  [2][250/625]  lr: 2.0000e-02  eta: 1:28:49  time: 0.8036  data_time: 0.0267  memory: 21770  loss: 0.8570  loss_cls: 0.4524  acc: 91.5771  loss_bbox: 0.4046
2026/04/18 15:29:02 - mmengine - INFO - Epoch(train)  [2][300/625]  lr: 2.0000e-02  eta: 1:28:09  time: 0.8065  data_time: 0.0272  memory: 22668  loss: 0.8869  loss_cls: 0.4704  acc: 89.0381  loss_bbox: 0.4164
2026/04/18 15:29:42 - mmengine - INFO - Epoch(train)  [2][350/625]  lr: 2.0000e-02  eta: 1:27:30  time: 0.8077  data_time: 0.0284  memory: 22668  loss: 0.8250  loss_cls: 0.4269  acc: 91.8579  loss_bbox: 0.3980
2026/04/18 15:30:03 - mmengine - INFO - Exp name: fast-rcnn_r50_fpn_1x_coco_20260418_151533
2026/04/18 15:30:23 - mmengine - INFO - Epoch(train)  [2][400/625]  lr: 2.0000e-02  eta: 1:26:51  time: 0.8084  data_time: 0.0284  memory: 22668  loss: 0.8637  loss_cls: 0.4521  acc: 84.8389  loss_bbox: 0.4116
2026/04/18 15:31:03 - mmengine - INFO - Epoch(train)  [2][450/625]  lr: 2.0000e-02  eta: 1:26:12  time: 0.8108  data_time: 0.0279  memory: 22668  loss: 0.8387  loss_cls: 0.4378  acc: 86.2183  loss_bbox: 0.4009
2026/04/18 15:31:44 - mmengine - INFO - Epoch(train)  [2][500/625]  lr: 2.0000e-02  eta: 1:25:33  time: 0.8065  data_time: 0.0301  memory: 21770  loss: 0.8623  loss_cls: 0.4454  acc: 91.1499  loss_bbox: 0.4169
2026/04/18 15:32:24 - mmengine - INFO - Epoch(train)  [2][550/625]  lr: 2.0000e-02  eta: 1:24:53  time: 0.8059  data_time: 0.0279  memory: 22668  loss: 0.8384  loss_cls: 0.4312  acc: 88.3667  loss_bbox: 0.4073
2026/04/18 15:33:04 - mmengine - INFO - Epoch(train)  [2][600/625]  lr: 2.0000e-02  eta: 1:24:14  time: 0.8112  data_time: 0.0289  memory: 22668  loss: 0.8120  loss_cls: 0.4251  acc: 90.5029  loss_bbox: 0.3869
2026/04/18 15:33:24 - mmengine - INFO - Exp name: fast-rcnn_r50_fpn_1x_coco_20260418_151533
2026/04/18 15:33:24 - mmengine - INFO - Saving checkpoint at 2 epochs
2026/04/18 15:34:06 - mmengine - INFO - Epoch(train)  [3][ 50/625]  lr: 2.0000e-02  eta: 1:23:13  time: 0.8086  data_time: 0.0323  memory: 21770  loss: 0.8170  loss_cls: 0.4151  acc: 91.2964  loss_bbox: 0.4020
2026/04/18 15:34:47 - mmengine - INFO - Epoch(train)  [3][100/625]  lr: 2.0000e-02  eta: 1:22:33  time: 0.8040  data_time: 0.0277  memory: 22668  loss: 0.7691  loss_cls: 0.3878  acc: 89.4897  loss_bbox: 0.3813
2026/04/18 15:35:27 - mmengine - INFO - Epoch(train)  [3][150/625]  lr: 2.0000e-02  eta: 1:21:53  time: 0.8098  data_time: 0.0291  memory: 22668  loss: 0.7479  loss_cls: 0.3698  acc: 90.9424  loss_bbox: 0.3781
2026/04/18 15:36:07 - mmengine - INFO - Epoch(train)  [3][200/625]  lr: 2.0000e-02  eta: 1:21:13  time: 0.8059  data_time: 0.0296  memory: 21770  loss: 0.7434  loss_cls: 0.3700  acc: 89.7095  loss_bbox: 0.3734
2026/04/18 15:36:48 - mmengine - INFO - Epoch(train)  [3][250/625]  lr: 2.0000e-02  eta: 1:20:33  time: 0.8078  data_time: 0.0278  memory: 21770  loss: 0.7468  loss_cls: 0.3773  acc: 93.5303  loss_bbox: 0.3695
2026/04/18 15:37:28 - mmengine - INFO - Epoch(train)  [3][300/625]  lr: 2.0000e-02  eta: 1:19:52  time: 0.8015  data_time: 0.0279  memory: 22668  loss: 0.7815  loss_cls: 0.3995  acc: 88.8428  loss_bbox: 0.3820
2026/04/18 15:38:08 - mmengine - INFO - Epoch(train)  [3][350/625]  lr: 2.0000e-02  eta: 1:19:13  time: 0.8129  data_time: 0.0284  memory: 22668  loss: 0.7686  loss_cls: 0.3842  acc: 88.6230  loss_bbox: 0.3844
2026/04/18 15:38:49 - mmengine - INFO - Epoch(train)  [3][400/625]  lr: 2.0000e-02  eta: 1:18:35  time: 0.8145  data_time: 0.0271  memory: 22668  loss: 0.7594  loss_cls: 0.3821  acc: 93.5059  loss_bbox: 0.3773
2026/04/18 15:39:30 - mmengine - INFO - Epoch(train)  [3][450/625]  lr: 2.0000e-02  eta: 1:17:55  time: 0.8085  data_time: 0.0317  memory: 22668  loss: 0.7758  loss_cls: 0.3887  acc: 88.1836  loss_bbox: 0.3871
2026/04/18 15:40:10 - mmengine - INFO - Epoch(train)  [3][500/625]  lr: 2.0000e-02  eta: 1:17:14  time: 0.8006  data_time: 0.0269  memory: 22668  loss: 0.7218  loss_cls: 0.3610  acc: 89.3433  loss_bbox: 0.3608
2026/04/18 15:40:50 - mmengine - INFO - Epoch(train)  [3][550/625]  lr: 2.0000e-02  eta: 1:16:34  time: 0.8113  data_time: 0.0286  memory: 22668  loss: 0.7443  loss_cls: 0.3751  acc: 88.7207  loss_bbox: 0.3692
2026/04/18 15:41:30 - mmengine - INFO - Epoch(train)  [3][600/625]  lr: 2.0000e-02  eta: 1:15:53  time: 0.8027  data_time: 0.0293  memory: 22668  loss: 0.7243  loss_cls: 0.3651  acc: 88.0249  loss_bbox: 0.3592
2026/04/18 15:41:50 - mmengine - INFO - Exp name: fast-rcnn_r50_fpn_1x_coco_20260418_151533
2026/04/18 15:41:50 - mmengine - INFO - Saving checkpoint at 3 epochs
2026/04/18 15:42:33 - mmengine - INFO - Epoch(train)  [4][ 50/625]  lr: 2.0000e-02  eta: 1:14:53  time: 0.8107  data_time: 0.0301  memory: 22668  loss: 0.7008  loss_cls: 0.3387  acc: 89.2578  loss_bbox: 0.3621
2026/04/18 15:43:13 - mmengine - INFO - Epoch(train)  [4][100/625]  lr: 2.0000e-02  eta: 1:14:13  time: 0.8029  data_time: 0.0291  memory: 22668  loss: 0.6873  loss_cls: 0.3319  acc: 89.9414  loss_bbox: 0.3553
2026/04/18 15:43:33 - mmengine - INFO - Exp name: fast-rcnn_r50_fpn_1x_coco_20260418_151533
2026/04/18 15:43:53 - mmengine - INFO - Epoch(train)  [4][150/625]  lr: 2.0000e-02  eta: 1:13:32  time: 0.8049  data_time: 0.0286  memory: 22668  loss: 0.6828  loss_cls: 0.3316  acc: 91.6016  loss_bbox: 0.3512
2026/04/18 15:44:33 - mmengine - INFO - Epoch(train)  [4][200/625]  lr: 2.0000e-02  eta: 1:12:52  time: 0.8074  data_time: 0.0285  memory: 22668  loss: 0.7057  loss_cls: 0.3477  acc: 87.2070  loss_bbox: 0.3581
2026/04/18 15:45:14 - mmengine - INFO - Epoch(train)  [4][250/625]  lr: 2.0000e-02  eta: 1:12:12  time: 0.8089  data_time: 0.0293  memory: 22668  loss: 0.6855  loss_cls: 0.3366  acc: 91.6748  loss_bbox: 0.3489
2026/04/18 15:45:54 - mmengine - INFO - Epoch(train)  [4][300/625]  lr: 2.0000e-02  eta: 1:11:32  time: 0.8090  data_time: 0.0291  memory: 22668  loss: 0.7098  loss_cls: 0.3422  acc: 91.6626  loss_bbox: 0.3676
2026/04/18 15:46:34 - mmengine - INFO - Epoch(train)  [4][350/625]  lr: 2.0000e-02  eta: 1:10:52  time: 0.8056  data_time: 0.0289  memory: 22668  loss: 0.7034  loss_cls: 0.3416  acc: 90.9790  loss_bbox: 0.3618
2026/04/18 15:47:15 - mmengine - INFO - Epoch(train)  [4][400/625]  lr: 2.0000e-02  eta: 1:10:12  time: 0.8067  data_time: 0.0291  memory: 22668  loss: 0.6431  loss_cls: 0.3159  acc: 88.6353  loss_bbox: 0.3271
2026/04/18 15:47:55 - mmengine - INFO - Epoch(train)  [4][450/625]  lr: 2.0000e-02  eta: 1:09:31  time: 0.8036  data_time: 0.0268  memory: 22668  loss: 0.6930  loss_cls: 0.3367  acc: 89.1968  loss_bbox: 0.3563
2026/04/18 15:48:36 - mmengine - INFO - Epoch(train)  [4][500/625]  lr: 2.0000e-02  eta: 1:08:52  time: 0.8132  data_time: 0.0269  memory: 22668  loss: 0.7012  loss_cls: 0.3471  acc: 89.3188  loss_bbox: 0.3541
2026/04/18 15:49:16 - mmengine - INFO - Epoch(train)  [4][550/625]  lr: 2.0000e-02  eta: 1:08:11  time: 0.8050  data_time: 0.0280  memory: 21770  loss: 0.6822  loss_cls: 0.3361  acc: 91.7969  loss_bbox: 0.3462
2026/04/18 15:49:56 - mmengine - INFO - Epoch(train)  [4][600/625]  lr: 2.0000e-02  eta: 1:07:31  time: 0.8123  data_time: 0.0281  memory: 22668  loss: 0.6759  loss_cls: 0.3337  acc: 89.9780  loss_bbox: 0.3423
2026/04/18 15:50:17 - mmengine - INFO - Exp name: fast-rcnn_r50_fpn_1x_coco_20260418_151533
2026/04/18 15:50:17 - mmengine - INFO - Saving checkpoint at 4 epochs
2026/04/18 15:50:59 - mmengine - INFO - Epoch(train)  [5][ 50/625]  lr: 2.0000e-02  eta: 1:06:32  time: 0.8171  data_time: 0.0314  memory: 22668  loss: 0.6456  loss_cls: 0.3075  acc: 90.2710  loss_bbox: 0.3381
2026/04/18 15:51:40 - mmengine - INFO - Epoch(train)  [5][100/625]  lr: 2.0000e-02  eta: 1:05:52  time: 0.8071  data_time: 0.0294  memory: 22668  loss: 0.6479  loss_cls: 0.3103  acc: 88.8672  loss_bbox: 0.3376
2026/04/18 15:52:20 - mmengine - INFO - Epoch(train)  [5][150/625]  lr: 2.0000e-02  eta: 1:05:11  time: 0.8008  data_time: 0.0274  memory: 22668  loss: 0.6334  loss_cls: 0.3046  acc: 89.3677  loss_bbox: 0.3288
2026/04/18 15:53:00 - mmengine - INFO - Epoch(train)  [5][200/625]  lr: 2.0000e-02  eta: 1:04:31  time: 0.8068  data_time: 0.0284  memory: 22668  loss: 0.6845  loss_cls: 0.3252  acc: 90.8569  loss_bbox: 0.3593
2026/04/18 15:53:41 - mmengine - INFO - Epoch(train)  [5][250/625]  lr: 2.0000e-02  eta: 1:03:51  time: 0.8148  data_time: 0.0306  memory: 22668  loss: 0.6439  loss_cls: 0.3041  acc: 90.9058  loss_bbox: 0.3399
2026/04/18 15:54:21 - mmengine - INFO - Epoch(train)  [5][300/625]  lr: 2.0000e-02  eta: 1:03:11  time: 0.8029  data_time: 0.0328  memory: 22668  loss: 0.6362  loss_cls: 0.3037  acc: 92.0654  loss_bbox: 0.3326
2026/04/18 15:55:02 - mmengine - INFO - Epoch(train)  [5][350/625]  lr: 2.0000e-02  eta: 1:02:31  time: 0.8195  data_time: 0.0335  memory: 22668  loss: 0.6230  loss_cls: 0.3017  acc: 94.6045  loss_bbox: 0.3212
2026/04/18 15:55:42 - mmengine - INFO - Epoch(train)  [5][400/625]  lr: 2.0000e-02  eta: 1:01:51  time: 0.8094  data_time: 0.0331  memory: 22668  loss: 0.6349  loss_cls: 0.3057  acc: 93.6279  loss_bbox: 0.3292
2026/04/18 15:56:23 - mmengine - INFO - Epoch(train)  [5][450/625]  lr: 2.0000e-02  eta: 1:01:12  time: 0.8152  data_time: 0.0312  memory: 22668  loss: 0.6543  loss_cls: 0.3127  acc: 90.1611  loss_bbox: 0.3416
2026/04/18 15:57:03 - mmengine - INFO - Exp name: fast-rcnn_r50_fpn_1x_coco_20260418_151533
2026/04/18 15:57:03 - mmengine - INFO - Epoch(train)  [5][500/625]  lr: 2.0000e-02  eta: 1:00:31  time: 0.8099  data_time: 0.0305  memory: 22668  loss: 0.6294  loss_cls: 0.3041  acc: 92.4194  loss_bbox: 0.3253
2026/04/18 15:57:44 - mmengine - INFO - Epoch(train)  [5][550/625]  lr: 2.0000e-02  eta: 0:59:51  time: 0.8082  data_time: 0.0298  memory: 22668  loss: 0.6559  loss_cls: 0.3127  acc: 92.9932  loss_bbox: 0.3432
2026/04/18 15:58:24 - mmengine - INFO - Epoch(train)  [5][600/625]  lr: 2.0000e-02  eta: 0:59:11  time: 0.8049  data_time: 0.0308  memory: 22668  loss: 0.6341  loss_cls: 0.3109  acc: 91.5161  loss_bbox: 0.3232
2026/04/18 15:58:44 - mmengine - INFO - Exp name: fast-rcnn_r50_fpn_1x_coco_20260418_151533
2026/04/18 15:58:44 - mmengine - INFO - Saving checkpoint at 5 epochs
2026/04/18 15:59:27 - mmengine - INFO - Epoch(train)  [6][ 50/625]  lr: 2.0000e-02  eta: 0:58:11  time: 0.8180  data_time: 0.0347  memory: 22668  loss: 0.5994  loss_cls: 0.2794  acc: 90.9424  loss_bbox: 0.3200
2026/04/18 16:00:07 - mmengine - INFO - Epoch(train)  [6][100/625]  lr: 2.0000e-02  eta: 0:57:30  time: 0.8061  data_time: 0.0324  memory: 22668  loss: 0.6054  loss_cls: 0.2857  acc: 93.1519  loss_bbox: 0.3197
2026/04/18 16:00:48 - mmengine - INFO - Epoch(train)  [6][150/625]  lr: 2.0000e-02  eta: 0:56:50  time: 0.8147  data_time: 0.0316  memory: 22668  loss: 0.6094  loss_cls: 0.2870  acc: 91.0889  loss_bbox: 0.3224
2026/04/18 16:01:28 - mmengine - INFO - Epoch(train)  [6][200/625]  lr: 2.0000e-02  eta: 0:56:10  time: 0.8049  data_time: 0.0315  memory: 22668  loss: 0.6226  loss_cls: 0.2901  acc: 87.2803  loss_bbox: 0.3325
2026/04/18 16:02:09 - mmengine - INFO - Epoch(train)  [6][250/625]  lr: 2.0000e-02  eta: 0:55:30  time: 0.8141  data_time: 0.0325  memory: 22668  loss: 0.5890  loss_cls: 0.2766  acc: 91.4429  loss_bbox: 0.3124
2026/04/18 16:02:49 - mmengine - INFO - Epoch(train)  [6][300/625]  lr: 2.0000e-02  eta: 0:54:50  time: 0.8080  data_time: 0.0322  memory: 22668  loss: 0.6288  loss_cls: 0.2938  acc: 89.2456  loss_bbox: 0.3350
2026/04/18 16:03:29 - mmengine - INFO - Epoch(train)  [6][350/625]  lr: 2.0000e-02  eta: 0:54:09  time: 0.8055  data_time: 0.0294  memory: 22668  loss: 0.6212  loss_cls: 0.2953  acc: 92.0654  loss_bbox: 0.3258
2026/04/18 16:04:10 - mmengine - INFO - Epoch(train)  [6][400/625]  lr: 2.0000e-02  eta: 0:53:29  time: 0.8056  data_time: 0.0282  memory: 22668  loss: 0.6087  loss_cls: 0.2865  acc: 91.7725  loss_bbox: 0.3222
2026/04/18 16:04:50 - mmengine - INFO - Epoch(train)  [6][450/625]  lr: 2.0000e-02  eta: 0:52:49  time: 0.8129  data_time: 0.0324  memory: 22668  loss: 0.6072  loss_cls: 0.2897  acc: 92.0288  loss_bbox: 0.3175
2026/04/18 16:05:31 - mmengine - INFO - Epoch(train)  [6][500/625]  lr: 2.0000e-02  eta: 0:52:09  time: 0.8156  data_time: 0.0331  memory: 22668  loss: 0.6015  loss_cls: 0.2838  acc: 91.9434  loss_bbox: 0.3177
2026/04/18 16:06:12 - mmengine - INFO - Epoch(train)  [6][550/625]  lr: 2.0000e-02  eta: 0:51:29  time: 0.8195  data_time: 0.0332  memory: 22668  loss: 0.5864  loss_cls: 0.2759  acc: 92.0166  loss_bbox: 0.3105
2026/04/18 16:06:53 - mmengine - INFO - Epoch(train)  [6][600/625]  lr: 2.0000e-02  eta: 0:50:49  time: 0.8147  data_time: 0.0336  memory: 21770  loss: 0.5988  loss_cls: 0.2791  acc: 90.3442  loss_bbox: 0.3197
2026/04/18 16:07:13 - mmengine - INFO - Exp name: fast-rcnn_r50_fpn_1x_coco_20260418_151533
2026/04/18 16:07:13 - mmengine - INFO - Saving checkpoint at 6 epochs
2026/04/18 16:07:55 - mmengine - INFO - Epoch(train)  [7][ 50/625]  lr: 2.0000e-02  eta: 0:49:49  time: 0.8165  data_time: 0.0354  memory: 22668  loss: 0.5712  loss_cls: 0.2610  acc: 90.1123  loss_bbox: 0.3102
2026/04/18 16:08:36 - mmengine - INFO - Epoch(train)  [7][100/625]  lr: 2.0000e-02  eta: 0:49:09  time: 0.8162  data_time: 0.0331  memory: 22668  loss: 0.5694  loss_cls: 0.2593  acc: 90.1611  loss_bbox: 0.3102
2026/04/18 16:09:16 - mmengine - INFO - Epoch(train)  [7][150/625]  lr: 2.0000e-02  eta: 0:48:28  time: 0.8092  data_time: 0.0287  memory: 22668  loss: 0.5891  loss_cls: 0.2700  acc: 93.5059  loss_bbox: 0.3191
2026/04/18 16:09:57 - mmengine - INFO - Epoch(train)  [7][200/625]  lr: 2.0000e-02  eta: 0:47:48  time: 0.8085  data_time: 0.0282  memory: 21770  loss: 0.5618  loss_cls: 0.2614  acc: 93.4814  loss_bbox: 0.3003
2026/04/18 16:10:37 - mmengine - INFO - Exp name: fast-rcnn_r50_fpn_1x_coco_20260418_151533
2026/04/18 16:10:37 - mmengine - INFO - Epoch(train)  [7][250/625]  lr: 2.0000e-02  eta: 0:47:08  time: 0.8077  data_time: 0.0267  memory: 22668  loss: 0.5663  loss_cls: 0.2599  acc: 92.0410  loss_bbox: 0.3064
2026/04/18 16:11:17 - mmengine - INFO - Epoch(train)  [7][300/625]  lr: 2.0000e-02  eta: 0:46:27  time: 0.8013  data_time: 0.0275  memory: 22668  loss: 0.5753  loss_cls: 0.2653  acc: 92.1631  loss_bbox: 0.3100
2026/04/18 16:11:58 - mmengine - INFO - Epoch(train)  [7][350/625]  lr: 2.0000e-02  eta: 0:45:47  time: 0.8158  data_time: 0.0320  memory: 22668  loss: 0.5500  loss_cls: 0.2586  acc: 90.1245  loss_bbox: 0.2914
2026/04/18 16:12:38 - mmengine - INFO - Epoch(train)  [7][400/625]  lr: 2.0000e-02  eta: 0:45:06  time: 0.8044  data_time: 0.0261  memory: 22668  loss: 0.5677  loss_cls: 0.2574  acc: 92.9443  loss_bbox: 0.3103
2026/04/18 16:13:19 - mmengine - INFO - Epoch(train)  [7][450/625]  lr: 2.0000e-02  eta: 0:44:26  time: 0.8052  data_time: 0.0273  memory: 22668  loss: 0.5712  loss_cls: 0.2619  acc: 92.2363  loss_bbox: 0.3093
2026/04/18 16:13:59 - mmengine - INFO - Epoch(train)  [7][500/625]  lr: 2.0000e-02  eta: 0:43:45  time: 0.8074  data_time: 0.0298  memory: 22668  loss: 0.5760  loss_cls: 0.2662  acc: 90.7593  loss_bbox: 0.3098
2026/04/18 16:14:39 - mmengine - INFO - Epoch(train)  [7][550/625]  lr: 2.0000e-02  eta: 0:43:05  time: 0.8078  data_time: 0.0279  memory: 21770  loss: 0.5976  loss_cls: 0.2794  acc: 89.0625  loss_bbox: 0.3181
2026/04/18 16:15:20 - mmengine - INFO - Epoch(train)  [7][600/625]  lr: 2.0000e-02  eta: 0:42:25  time: 0.8145  data_time: 0.0274  memory: 22668  loss: 0.5735  loss_cls: 0.2661  acc: 93.6401  loss_bbox: 0.3075
2026/04/18 16:15:40 - mmengine - INFO - Exp name: fast-rcnn_r50_fpn_1x_coco_20260418_151533
2026/04/18 16:15:40 - mmengine - INFO - Saving checkpoint at 7 epochs
2026/04/18 16:16:22 - mmengine - INFO - Epoch(train)  [8][ 50/625]  lr: 2.0000e-02  eta: 0:41:24  time: 0.8066  data_time: 0.0299  memory: 22668  loss: 0.5631  loss_cls: 0.2521  acc: 90.4053  loss_bbox: 0.3110
2026/04/18 16:17:02 - mmengine - INFO - Epoch(train)  [8][100/625]  lr: 2.0000e-02  eta: 0:40:43  time: 0.8069  data_time: 0.0279  memory: 22668  loss: 0.5339  loss_cls: 0.2335  acc: 92.7490  loss_bbox: 0.3004
2026/04/18 16:17:43 - mmengine - INFO - Epoch(train)  [8][150/625]  lr: 2.0000e-02  eta: 0:40:03  time: 0.8082  data_time: 0.0287  memory: 22668  loss: 0.5195  loss_cls: 0.2322  acc: 95.3003  loss_bbox: 0.2873
2026/04/18 16:18:23 - mmengine - INFO - Epoch(train)  [8][200/625]  lr: 2.0000e-02  eta: 0:39:23  time: 0.8099  data_time: 0.0281  memory: 22668  loss: 0.5488  loss_cls: 0.2443  acc: 92.1387  loss_bbox: 0.3045
2026/04/18 16:19:03 - mmengine - INFO - Epoch(train)  [8][250/625]  lr: 2.0000e-02  eta: 0:38:42  time: 0.8057  data_time: 0.0287  memory: 22668  loss: 0.5210  loss_cls: 0.2344  acc: 92.9565  loss_bbox: 0.2865
2026/04/18 16:19:44 - mmengine - INFO - Epoch(train)  [8][300/625]  lr: 2.0000e-02  eta: 0:38:02  time: 0.8064  data_time: 0.0285  memory: 22668  loss: 0.5508  loss_cls: 0.2478  acc: 91.9067  loss_bbox: 0.3030
2026/04/18 16:20:24 - mmengine - INFO - Epoch(train)  [8][350/625]  lr: 2.0000e-02  eta: 0:37:21  time: 0.8040  data_time: 0.0277  memory: 22668  loss: 0.5413  loss_cls: 0.2482  acc: 92.4927  loss_bbox: 0.2931
2026/04/18 16:21:04 - mmengine - INFO - Epoch(train)  [8][400/625]  lr: 2.0000e-02  eta: 0:36:41  time: 0.8045  data_time: 0.0273  memory: 21770  loss: 0.5417  loss_cls: 0.2472  acc: 92.5659  loss_bbox: 0.2945
2026/04/18 16:21:45 - mmengine - INFO - Epoch(train)  [8][450/625]  lr: 2.0000e-02  eta: 0:36:00  time: 0.8109  data_time: 0.0288  memory: 22668  loss: 0.5392  loss_cls: 0.2460  acc: 93.0908  loss_bbox: 0.2932
2026/04/18 16:22:25 - mmengine - INFO - Epoch(train)  [8][500/625]  lr: 2.0000e-02  eta: 0:35:20  time: 0.8097  data_time: 0.0281  memory: 22668  loss: 0.5639  loss_cls: 0.2571  acc: 91.6870  loss_bbox: 0.3068
2026/04/18 16:23:06 - mmengine - INFO - Epoch(train)  [8][550/625]  lr: 2.0000e-02  eta: 0:34:40  time: 0.8102  data_time: 0.0282  memory: 22668  loss: 0.5330  loss_cls: 0.2396  acc: 91.7725  loss_bbox: 0.2933
2026/04/18 16:23:46 - mmengine - INFO - Epoch(train)  [8][600/625]  lr: 2.0000e-02  eta: 0:33:59  time: 0.8050  data_time: 0.0267  memory: 22668  loss: 0.5525  loss_cls: 0.2540  acc: 89.9658  loss_bbox: 0.2985
2026/04/18 16:24:06 - mmengine - INFO - Exp name: fast-rcnn_r50_fpn_1x_coco_20260418_151533
2026/04/18 16:24:06 - mmengine - INFO - Saving checkpoint at 8 epochs
2026/04/18 16:24:48 - mmengine - INFO - Epoch(train)  [9][ 50/625]  lr: 2.0000e-03  eta: 0:32:59  time: 0.8110  data_time: 0.0305  memory: 22668  loss: 0.4831  loss_cls: 0.2096  acc: 91.7969  loss_bbox: 0.2736
2026/04/18 16:25:28 - mmengine - INFO - Epoch(train)  [9][100/625]  lr: 2.0000e-03  eta: 0:32:18  time: 0.8030  data_time: 0.0274  memory: 22668  loss: 0.4740  loss_cls: 0.2006  acc: 94.6411  loss_bbox: 0.2735
2026/04/18 16:26:09 - mmengine - INFO - Epoch(train)  [9][150/625]  lr: 2.0000e-03  eta: 0:31:38  time: 0.8075  data_time: 0.0275  memory: 22668  loss: 0.4553  loss_cls: 0.1904  acc: 93.7134  loss_bbox: 0.2649
2026/04/18 16:26:49 - mmengine - INFO - Epoch(train)  [9][200/625]  lr: 2.0000e-03  eta: 0:30:58  time: 0.8111  data_time: 0.0281  memory: 21770  loss: 0.4578  loss_cls: 0.1924  acc: 92.3706  loss_bbox: 0.2654
2026/04/18 16:27:29 - mmengine - INFO - Epoch(train)  [9][250/625]  lr: 2.0000e-03  eta: 0:30:17  time: 0.8042  data_time: 0.0285  memory: 22668  loss: 0.4455  loss_cls: 0.1874  acc: 92.2363  loss_bbox: 0.2581
2026/04/18 16:28:10 - mmengine - INFO - Epoch(train)  [9][300/625]  lr: 2.0000e-03  eta: 0:29:37  time: 0.8058  data_time: 0.0275  memory: 22668  loss: 0.4712  loss_cls: 0.1996  acc: 93.2495  loss_bbox: 0.2716
2026/04/18 16:28:50 - mmengine - INFO - Epoch(train)  [9][350/625]  lr: 2.0000e-03  eta: 0:28:56  time: 0.8058  data_time: 0.0274  memory: 22668  loss: 0.4288  loss_cls: 0.1798  acc: 93.8232  loss_bbox: 0.2490
2026/04/18 16:29:30 - mmengine - INFO - Epoch(train)  [9][400/625]  lr: 2.0000e-03  eta: 0:28:16  time: 0.8085  data_time: 0.0286  memory: 22668  loss: 0.4506  loss_cls: 0.1897  acc: 90.6860  loss_bbox: 0.2609
2026/04/18 16:30:11 - mmengine - INFO - Epoch(train)  [9][450/625]  lr: 2.0000e-03  eta: 0:27:35  time: 0.8079  data_time: 0.0278  memory: 21770  loss: 0.4557  loss_cls: 0.1906  acc: 92.0166  loss_bbox: 0.2650
2026/04/18 16:30:51 - mmengine - INFO - Epoch(train)  [9][500/625]  lr: 2.0000e-03  eta: 0:26:55  time: 0.8039  data_time: 0.0275  memory: 22668  loss: 0.4503  loss_cls: 0.1854  acc: 94.4702  loss_bbox: 0.2649
2026/04/18 16:31:32 - mmengine - INFO - Epoch(train)  [9][550/625]  lr: 2.0000e-03  eta: 0:26:15  time: 0.8139  data_time: 0.0298  memory: 22668  loss: 0.4546  loss_cls: 0.1868  acc: 93.8232  loss_bbox: 0.2677
2026/04/18 16:32:12 - mmengine - INFO - Epoch(train)  [9][600/625]  lr: 2.0000e-03  eta: 0:25:34  time: 0.8040  data_time: 0.0270  memory: 22668  loss: 0.4645  loss_cls: 0.1925  acc: 89.5752  loss_bbox: 0.2720
2026/04/18 16:32:32 - mmengine - INFO - Exp name: fast-rcnn_r50_fpn_1x_coco_20260418_151533
2026/04/18 16:32:32 - mmengine - INFO - Saving checkpoint at 9 epochs
2026/04/18 16:33:14 - mmengine - INFO - Epoch(train) [10][ 50/625]  lr: 2.0000e-03  eta: 0:24:34  time: 0.8035  data_time: 0.0293  memory: 22668  loss: 0.4418  loss_cls: 0.1807  acc: 91.4795  loss_bbox: 0.2611
2026/04/18 16:33:54 - mmengine - INFO - Epoch(train) [10][100/625]  lr: 2.0000e-03  eta: 0:23:53  time: 0.8094  data_time: 0.0276  memory: 22668  loss: 0.4293  loss_cls: 0.1755  acc: 95.3247  loss_bbox: 0.2538
2026/04/18 16:34:34 - mmengine - INFO - Epoch(train) [10][150/625]  lr: 2.0000e-03  eta: 0:23:13  time: 0.7986  data_time: 0.0271  memory: 22668  loss: 0.4331  loss_cls: 0.1786  acc: 92.4561  loss_bbox: 0.2545
2026/04/18 16:35:15 - mmengine - INFO - Epoch(train) [10][200/625]  lr: 2.0000e-03  eta: 0:22:32  time: 0.8114  data_time: 0.0293  memory: 22668  loss: 0.4481  loss_cls: 0.1840  acc: 93.2373  loss_bbox: 0.2641
2026/04/18 16:35:55 - mmengine - INFO - Epoch(train) [10][250/625]  lr: 2.0000e-03  eta: 0:21:52  time: 0.8072  data_time: 0.0271  memory: 22668  loss: 0.4430  loss_cls: 0.1832  acc: 93.5913  loss_bbox: 0.2598
2026/04/18 16:36:35 - mmengine - INFO - Epoch(train) [10][300/625]  lr: 2.0000e-03  eta: 0:21:12  time: 0.8031  data_time: 0.0282  memory: 22668  loss: 0.4498  loss_cls: 0.1842  acc: 93.2983  loss_bbox: 0.2657
2026/04/18 16:37:15 - mmengine - INFO - Epoch(train) [10][350/625]  lr: 2.0000e-03  eta: 0:20:31  time: 0.8038  data_time: 0.0278  memory: 22668  loss: 0.4373  loss_cls: 0.1797  acc: 92.7368  loss_bbox: 0.2576
2026/04/18 16:37:35 - mmengine - INFO - Exp name: fast-rcnn_r50_fpn_1x_coco_20260418_151533
2026/04/18 16:37:55 - mmengine - INFO - Epoch(train) [10][400/625]  lr: 2.0000e-03  eta: 0:19:51  time: 0.7994  data_time: 0.0268  memory: 22668  loss: 0.4126  loss_cls: 0.1670  acc: 94.2627  loss_bbox: 0.2456
2026/04/18 16:38:36 - mmengine - INFO - Epoch(train) [10][450/625]  lr: 2.0000e-03  eta: 0:19:10  time: 0.8121  data_time: 0.0288  memory: 22668  loss: 0.4318  loss_cls: 0.1775  acc: 94.2383  loss_bbox: 0.2543
2026/04/18 16:39:16 - mmengine - INFO - Epoch(train) [10][500/625]  lr: 2.0000e-03  eta: 0:18:30  time: 0.8054  data_time: 0.0291  memory: 22668  loss: 0.4466  loss_cls: 0.1852  acc: 95.6421  loss_bbox: 0.2614
2026/04/18 16:39:57 - mmengine - INFO - Epoch(train) [10][550/625]  lr: 2.0000e-03  eta: 0:17:50  time: 0.8078  data_time: 0.0299  memory: 22668  loss: 0.4449  loss_cls: 0.1822  acc: 92.3096  loss_bbox: 0.2627
2026/04/18 16:40:37 - mmengine - INFO - Epoch(train) [10][600/625]  lr: 2.0000e-03  eta: 0:17:09  time: 0.8107  data_time: 0.0283  memory: 22668  loss: 0.4238  loss_cls: 0.1746  acc: 91.3452  loss_bbox: 0.2491
2026/04/18 16:40:57 - mmengine - INFO - Exp name: fast-rcnn_r50_fpn_1x_coco_20260418_151533
2026/04/18 16:40:57 - mmengine - INFO - Saving checkpoint at 10 epochs
2026/04/18 16:41:39 - mmengine - INFO - Epoch(train) [11][ 50/625]  lr: 2.0000e-03  eta: 0:16:09  time: 0.8092  data_time: 0.0295  memory: 22668  loss: 0.4321  loss_cls: 0.1738  acc: 97.1558  loss_bbox: 0.2583
2026/04/18 16:42:20 - mmengine - INFO - Epoch(train) [11][100/625]  lr: 2.0000e-03  eta: 0:15:28  time: 0.8069  data_time: 0.0271  memory: 22668  loss: 0.4153  loss_cls: 0.1689  acc: 92.7979  loss_bbox: 0.2464
2026/04/18 16:43:00 - mmengine - INFO - Epoch(train) [11][150/625]  lr: 2.0000e-03  eta: 0:14:48  time: 0.8054  data_time: 0.0272  memory: 22668  loss: 0.4322  loss_cls: 0.1773  acc: 94.1895  loss_bbox: 0.2549
2026/04/18 16:43:40 - mmengine - INFO - Epoch(train) [11][200/625]  lr: 2.0000e-03  eta: 0:14:07  time: 0.8055  data_time: 0.0265  memory: 21770  loss: 0.4375  loss_cls: 0.1772  acc: 95.4834  loss_bbox: 0.2603
2026/04/18 16:44:20 - mmengine - INFO - Epoch(train) [11][250/625]  lr: 2.0000e-03  eta: 0:13:27  time: 0.8068  data_time: 0.0281  memory: 21770  loss: 0.4303  loss_cls: 0.1769  acc: 92.6514  loss_bbox: 0.2534
2026/04/18 16:45:01 - mmengine - INFO - Epoch(train) [11][300/625]  lr: 2.0000e-03  eta: 0:12:47  time: 0.8144  data_time: 0.0295  memory: 22668  loss: 0.4156  loss_cls: 0.1687  acc: 93.0542  loss_bbox: 0.2469
2026/04/18 16:45:41 - mmengine - INFO - Epoch(train) [11][350/625]  lr: 2.0000e-03  eta: 0:12:06  time: 0.7986  data_time: 0.0278  memory: 22668  loss: 0.4124  loss_cls: 0.1682  acc: 92.5537  loss_bbox: 0.2442
2026/04/18 16:46:22 - mmengine - INFO - Epoch(train) [11][400/625]  lr: 2.0000e-03  eta: 0:11:26  time: 0.8109  data_time: 0.0280  memory: 22668  loss: 0.4289  loss_cls: 0.1746  acc: 93.2983  loss_bbox: 0.2543
2026/04/18 16:47:02 - mmengine - INFO - Epoch(train) [11][450/625]  lr: 2.0000e-03  eta: 0:10:46  time: 0.8048  data_time: 0.0283  memory: 22668  loss: 0.4087  loss_cls: 0.1630  acc: 95.7764  loss_bbox: 0.2457
2026/04/18 16:47:42 - mmengine - INFO - Epoch(train) [11][500/625]  lr: 2.0000e-03  eta: 0:10:05  time: 0.8119  data_time: 0.0285  memory: 22668  loss: 0.4296  loss_cls: 0.1760  acc: 93.4326  loss_bbox: 0.2536
2026/04/18 16:48:23 - mmengine - INFO - Epoch(train) [11][550/625]  lr: 2.0000e-03  eta: 0:09:25  time: 0.8052  data_time: 0.0283  memory: 22668  loss: 0.4274  loss_cls: 0.1743  acc: 93.0542  loss_bbox: 0.2531
2026/04/18 16:49:03 - mmengine - INFO - Epoch(train) [11][600/625]  lr: 2.0000e-03  eta: 0:08:44  time: 0.8043  data_time: 0.0282  memory: 21770  loss: 0.4358  loss_cls: 0.1785  acc: 93.9209  loss_bbox: 0.2573
2026/04/18 16:49:23 - mmengine - INFO - Exp name: fast-rcnn_r50_fpn_1x_coco_20260418_151533
2026/04/18 16:49:23 - mmengine - INFO - Saving checkpoint at 11 epochs
2026/04/18 16:50:05 - mmengine - INFO - Epoch(train) [12][ 50/625]  lr: 2.0000e-04  eta: 0:07:44  time: 0.8193  data_time: 0.0303  memory: 22668  loss: 0.4215  loss_cls: 0.1706  acc: 95.2637  loss_bbox: 0.2509
2026/04/18 16:50:46 - mmengine - INFO - Epoch(train) [12][100/625]  lr: 2.0000e-04  eta: 0:07:04  time: 0.8103  data_time: 0.0270  memory: 21770  loss: 0.4334  loss_cls: 0.1740  acc: 94.5068  loss_bbox: 0.2594
2026/04/18 16:51:06 - mmengine - INFO - Exp name: fast-rcnn_r50_fpn_1x_coco_20260418_151533
2026/04/18 16:51:26 - mmengine - INFO - Epoch(train) [12][150/625]  lr: 2.0000e-04  eta: 0:06:23  time: 0.8016  data_time: 0.0280  memory: 22668  loss: 0.4151  loss_cls: 0.1668  acc: 93.5791  loss_bbox: 0.2482
2026/04/18 16:52:06 - mmengine - INFO - Epoch(train) [12][200/625]  lr: 2.0000e-04  eta: 0:05:43  time: 0.8071  data_time: 0.0276  memory: 22668  loss: 0.4079  loss_cls: 0.1644  acc: 93.1885  loss_bbox: 0.2435
2026/04/18 16:52:47 - mmengine - INFO - Epoch(train) [12][250/625]  lr: 2.0000e-04  eta: 0:05:02  time: 0.8060  data_time: 0.0269  memory: 22668  loss: 0.4151  loss_cls: 0.1656  acc: 94.3481  loss_bbox: 0.2496
2026/04/18 16:53:27 - mmengine - INFO - Epoch(train) [12][300/625]  lr: 2.0000e-04  eta: 0:04:22  time: 0.8094  data_time: 0.0266  memory: 22668  loss: 0.4118  loss_cls: 0.1668  acc: 95.4224  loss_bbox: 0.2451
2026/04/18 16:54:07 - mmengine - INFO - Epoch(train) [12][350/625]  lr: 2.0000e-04  eta: 0:03:42  time: 0.7989  data_time: 0.0271  memory: 22668  loss: 0.4083  loss_cls: 0.1640  acc: 94.9707  loss_bbox: 0.2443
2026/04/18 16:54:47 - mmengine - INFO - Epoch(train) [12][400/625]  lr: 2.0000e-04  eta: 0:03:01  time: 0.8022  data_time: 0.0286  memory: 22668  loss: 0.4082  loss_cls: 0.1646  acc: 93.6401  loss_bbox: 0.2436
2026/04/18 16:55:28 - mmengine - INFO - Epoch(train) [12][450/625]  lr: 2.0000e-04  eta: 0:02:21  time: 0.8066  data_time: 0.0272  memory: 22668  loss: 0.4098  loss_cls: 0.1636  acc: 93.6035  loss_bbox: 0.2462
2026/04/18 16:56:08 - mmengine - INFO - Epoch(train) [12][500/625]  lr: 2.0000e-04  eta: 0:01:40  time: 0.8112  data_time: 0.0284  memory: 22668  loss: 0.4083  loss_cls: 0.1640  acc: 95.6787  loss_bbox: 0.2443
2026/04/18 16:56:48 - mmengine - INFO - Epoch(train) [12][550/625]  lr: 2.0000e-04  eta: 0:01:00  time: 0.8069  data_time: 0.0280  memory: 22668  loss: 0.4107  loss_cls: 0.1664  acc: 95.2271  loss_bbox: 0.2443
2026/04/18 16:57:29 - mmengine - INFO - Epoch(train) [12][600/625]  lr: 2.0000e-04  eta: 0:00:20  time: 0.8086  data_time: 0.0278  memory: 22668  loss: 0.4079  loss_cls: 0.1631  acc: 93.4204  loss_bbox: 0.2448
2026/04/18 16:57:49 - mmengine - INFO - Exp name: fast-rcnn_r50_fpn_1x_coco_20260418_151533
2026/04/18 16:57:49 - mmengine - INFO - Saving checkpoint at 12 epochs
2026/04/18 16:57:53 - mmengine - INFO - Epoch(val) [12][  50/5000]    eta: 0:03:07  time: 0.0378  data_time: 0.0036  memory: 21770  
2026/04/18 16:57:54 - mmengine - INFO - Epoch(val) [12][ 100/5000]    eta: 0:02:38  time: 0.0268  data_time: 0.0016  memory: 685  
2026/04/18 16:57:55 - mmengine - INFO - Epoch(val) [12][ 150/5000]    eta: 0:02:29  time: 0.0280  data_time: 0.0018  memory: 695  
2026/04/18 16:57:57 - mmengine - INFO - Epoch(val) [12][ 200/5000]    eta: 0:02:22  time: 0.0263  data_time: 0.0016  memory: 680  
2026/04/18 16:57:58 - mmengine - INFO - Epoch(val) [12][ 250/5000]    eta: 0:02:18  time: 0.0273  data_time: 0.0016  memory: 685  
2026/04/18 16:57:59 - mmengine - INFO - Epoch(val) [12][ 300/5000]    eta: 0:02:15  time: 0.0266  data_time: 0.0015  memory: 685  
2026/04/18 16:58:01 - mmengine - INFO - Epoch(val) [12][ 350/5000]    eta: 0:02:12  time: 0.0266  data_time: 0.0016  memory: 678  
2026/04/18 16:58:02 - mmengine - INFO - Epoch(val) [12][ 400/5000]    eta: 0:02:10  time: 0.0268  data_time: 0.0016  memory: 695  
2026/04/18 16:58:03 - mmengine - INFO - Epoch(val) [12][ 450/5000]    eta: 0:02:07  time: 0.0264  data_time: 0.0016  memory: 678  
2026/04/18 16:58:05 - mmengine - INFO - Epoch(val) [12][ 500/5000]    eta: 0:02:05  time: 0.0258  data_time: 0.0015  memory: 685  
2026/04/18 16:58:06 - mmengine - INFO - Epoch(val) [12][ 550/5000]    eta: 0:02:03  time: 0.0264  data_time: 0.0015  memory: 695  
2026/04/18 16:58:07 - mmengine - INFO - Epoch(val) [12][ 600/5000]    eta: 0:02:00  time: 0.0252  data_time: 0.0017  memory: 695  
2026/04/18 16:58:08 - mmengine - INFO - Epoch(val) [12][ 650/5000]    eta: 0:01:59  time: 0.0261  data_time: 0.0016  memory: 680  
2026/04/18 16:58:10 - mmengine - INFO - Epoch(val) [12][ 700/5000]    eta: 0:01:57  time: 0.0263  data_time: 0.0017  memory: 695  
2026/04/18 16:58:11 - mmengine - INFO - Epoch(val) [12][ 750/5000]    eta: 0:01:55  time: 0.0256  data_time: 0.0017  memory: 680  
2026/04/18 16:58:12 - mmengine - INFO - Epoch(val) [12][ 800/5000]    eta: 0:01:53  time: 0.0250  data_time: 0.0015  memory: 695  
2026/04/18 16:58:14 - mmengine - INFO - Epoch(val) [12][ 850/5000]    eta: 0:01:51  time: 0.0257  data_time: 0.0016  memory: 685  
2026/04/18 16:58:15 - mmengine - INFO - Epoch(val) [12][ 900/5000]    eta: 0:01:50  time: 0.0251  data_time: 0.0015  memory: 680  
2026/04/18 16:58:16 - mmengine - INFO - Epoch(val) [12][ 950/5000]    eta: 0:01:48  time: 0.0255  data_time: 0.0017  memory: 678  
2026/04/18 16:58:17 - mmengine - INFO - Epoch(val) [12][1000/5000]    eta: 0:01:47  time: 0.0261  data_time: 0.0017  memory: 680  
2026/04/18 16:58:19 - mmengine - INFO - Epoch(val) [12][1050/5000]    eta: 0:01:45  time: 0.0252  data_time: 0.0015  memory: 685  
2026/04/18 16:58:20 - mmengine - INFO - Epoch(val) [12][1100/5000]    eta: 0:01:44  time: 0.0261  data_time: 0.0016  memory: 695  
2026/04/18 16:58:21 - mmengine - INFO - Epoch(val) [12][1150/5000]    eta: 0:01:42  time: 0.0253  data_time: 0.0016  memory: 678  
2026/04/18 16:58:23 - mmengine - INFO - Epoch(val) [12][1200/5000]    eta: 0:01:40  time: 0.0253  data_time: 0.0016  memory: 695  
2026/04/18 16:58:24 - mmengine - INFO - Epoch(val) [12][1250/5000]    eta: 0:01:39  time: 0.0256  data_time: 0.0016  memory: 680  
2026/04/18 16:58:25 - mmengine - INFO - Epoch(val) [12][1300/5000]    eta: 0:01:37  time: 0.0253  data_time: 0.0015  memory: 695  
2026/04/18 16:58:26 - mmengine - INFO - Epoch(val) [12][1350/5000]    eta: 0:01:36  time: 0.0257  data_time: 0.0015  memory: 695  
2026/04/18 16:58:28 - mmengine - INFO - Epoch(val) [12][1400/5000]    eta: 0:01:35  time: 0.0258  data_time: 0.0016  memory: 685  
2026/04/18 16:58:29 - mmengine - INFO - Epoch(val) [12][1450/5000]    eta: 0:01:33  time: 0.0252  data_time: 0.0016  memory: 695  
2026/04/18 16:58:30 - mmengine - INFO - Epoch(val) [12][1500/5000]    eta: 0:01:32  time: 0.0259  data_time: 0.0016  memory: 678  
2026/04/18 16:58:32 - mmengine - INFO - Epoch(val) [12][1550/5000]    eta: 0:01:30  time: 0.0263  data_time: 0.0016  memory: 695  
2026/04/18 16:58:33 - mmengine - INFO - Epoch(val) [12][1600/5000]    eta: 0:01:29  time: 0.0254  data_time: 0.0015  memory: 685  
2026/04/18 16:58:34 - mmengine - INFO - Epoch(val) [12][1650/5000]    eta: 0:01:28  time: 0.0251  data_time: 0.0015  memory: 695  
2026/04/18 16:58:35 - mmengine - INFO - Epoch(val) [12][1700/5000]    eta: 0:01:26  time: 0.0250  data_time: 0.0016  memory: 680  
2026/04/18 16:58:37 - mmengine - INFO - Epoch(val) [12][1750/5000]    eta: 0:01:25  time: 0.0257  data_time: 0.0017  memory: 695  
2026/04/18 16:58:38 - mmengine - INFO - Epoch(val) [12][1800/5000]    eta: 0:01:23  time: 0.0253  data_time: 0.0016  memory: 680  
2026/04/18 16:58:39 - mmengine - INFO - Epoch(val) [12][1850/5000]    eta: 0:01:22  time: 0.0256  data_time: 0.0016  memory: 695  
2026/04/18 16:58:40 - mmengine - INFO - Epoch(val) [12][1900/5000]    eta: 0:01:21  time: 0.0254  data_time: 0.0016  memory: 695  
2026/04/18 16:58:42 - mmengine - INFO - Epoch(val) [12][1950/5000]    eta: 0:01:19  time: 0.0257  data_time: 0.0016  memory: 695  
2026/04/18 16:58:43 - mmengine - INFO - Epoch(val) [12][2000/5000]    eta: 0:01:18  time: 0.0257  data_time: 0.0015  memory: 695  
2026/04/18 16:58:44 - mmengine - INFO - Epoch(val) [12][2050/5000]    eta: 0:01:17  time: 0.0253  data_time: 0.0016  memory: 672  
2026/04/18 16:58:46 - mmengine - INFO - Epoch(val) [12][2100/5000]    eta: 0:01:15  time: 0.0254  data_time: 0.0017  memory: 685  
2026/04/18 16:58:47 - mmengine - INFO - Epoch(val) [12][2150/5000]    eta: 0:01:14  time: 0.0254  data_time: 0.0015  memory: 680  
2026/04/18 16:58:48 - mmengine - INFO - Epoch(val) [12][2200/5000]    eta: 0:01:13  time: 0.0250  data_time: 0.0016  memory: 680  
2026/04/18 16:58:49 - mmengine - INFO - Epoch(val) [12][2250/5000]    eta: 0:01:11  time: 0.0255  data_time: 0.0016  memory: 685  
2026/04/18 16:58:51 - mmengine - INFO - Epoch(val) [12][2300/5000]    eta: 0:01:10  time: 0.0260  data_time: 0.0016  memory: 661  
2026/04/18 16:58:52 - mmengine - INFO - Epoch(val) [12][2350/5000]    eta: 0:01:09  time: 0.0255  data_time: 0.0017  memory: 680  
2026/04/18 16:58:53 - mmengine - INFO - Epoch(val) [12][2400/5000]    eta: 0:01:07  time: 0.0256  data_time: 0.0016  memory: 685  
2026/04/18 16:58:55 - mmengine - INFO - Epoch(val) [12][2450/5000]    eta: 0:01:06  time: 0.0259  data_time: 0.0017  memory: 685  
2026/04/18 16:58:56 - mmengine - INFO - Epoch(val) [12][2500/5000]    eta: 0:01:05  time: 0.0253  data_time: 0.0016  memory: 695  
2026/04/18 16:58:57 - mmengine - INFO - Epoch(val) [12][2550/5000]    eta: 0:01:03  time: 0.0255  data_time: 0.0016  memory: 685  
2026/04/18 16:58:58 - mmengine - INFO - Epoch(val) [12][2600/5000]    eta: 0:01:02  time: 0.0257  data_time: 0.0016  memory: 695  
2026/04/18 16:59:00 - mmengine - INFO - Epoch(val) [12][2650/5000]    eta: 0:01:01  time: 0.0252  data_time: 0.0015  memory: 680  
2026/04/18 16:59:01 - mmengine - INFO - Epoch(val) [12][2700/5000]    eta: 0:00:59  time: 0.0257  data_time: 0.0016  memory: 695  
2026/04/18 16:59:02 - mmengine - INFO - Epoch(val) [12][2750/5000]    eta: 0:00:58  time: 0.0253  data_time: 0.0015  memory: 695  
2026/04/18 16:59:03 - mmengine - INFO - Epoch(val) [12][2800/5000]    eta: 0:00:57  time: 0.0253  data_time: 0.0015  memory: 695  
2026/04/18 16:59:05 - mmengine - INFO - Epoch(val) [12][2850/5000]    eta: 0:00:55  time: 0.0255  data_time: 0.0017  memory: 680  
2026/04/18 16:59:06 - mmengine - INFO - Epoch(val) [12][2900/5000]    eta: 0:00:54  time: 0.0263  data_time: 0.0015  memory: 695  
2026/04/18 16:59:07 - mmengine - INFO - Epoch(val) [12][2950/5000]    eta: 0:00:53  time: 0.0254  data_time: 0.0015  memory: 695  
2026/04/18 16:59:09 - mmengine - INFO - Epoch(val) [12][3000/5000]    eta: 0:00:51  time: 0.0252  data_time: 0.0015  memory: 685  
2026/04/18 16:59:10 - mmengine - INFO - Epoch(val) [12][3050/5000]    eta: 0:00:50  time: 0.0256  data_time: 0.0016  memory: 695  
2026/04/18 16:59:11 - mmengine - INFO - Epoch(val) [12][3100/5000]    eta: 0:00:49  time: 0.0258  data_time: 0.0015  memory: 695  
2026/04/18 16:59:12 - mmengine - INFO - Epoch(val) [12][3150/5000]    eta: 0:00:47  time: 0.0256  data_time: 0.0016  memory: 680  
2026/04/18 16:59:14 - mmengine - INFO - Epoch(val) [12][3200/5000]    eta: 0:00:46  time: 0.0259  data_time: 0.0017  memory: 695  
2026/04/18 16:59:15 - mmengine - INFO - Epoch(val) [12][3250/5000]    eta: 0:00:45  time: 0.0253  data_time: 0.0015  memory: 661  
2026/04/18 16:59:16 - mmengine - INFO - Epoch(val) [12][3300/5000]    eta: 0:00:44  time: 0.0253  data_time: 0.0015  memory: 695  
2026/04/18 16:59:18 - mmengine - INFO - Epoch(val) [12][3350/5000]    eta: 0:00:42  time: 0.0254  data_time: 0.0016  memory: 695  
2026/04/18 16:59:19 - mmengine - INFO - Epoch(val) [12][3400/5000]    eta: 0:00:41  time: 0.0254  data_time: 0.0016  memory: 680  
2026/04/18 16:59:20 - mmengine - INFO - Epoch(val) [12][3450/5000]    eta: 0:00:40  time: 0.0257  data_time: 0.0016  memory: 695  
2026/04/18 16:59:21 - mmengine - INFO - Epoch(val) [12][3500/5000]    eta: 0:00:38  time: 0.0258  data_time: 0.0016  memory: 695  
2026/04/18 16:59:23 - mmengine - INFO - Epoch(val) [12][3550/5000]    eta: 0:00:37  time: 0.0251  data_time: 0.0016  memory: 685  
2026/04/18 16:59:24 - mmengine - INFO - Epoch(val) [12][3600/5000]    eta: 0:00:36  time: 0.0255  data_time: 0.0016  memory: 685  
2026/04/18 16:59:25 - mmengine - INFO - Epoch(val) [12][3650/5000]    eta: 0:00:34  time: 0.0283  data_time: 0.0016  memory: 695  
2026/04/18 16:59:27 - mmengine - INFO - Epoch(val) [12][3700/5000]    eta: 0:00:33  time: 0.0253  data_time: 0.0015  memory: 661  
2026/04/18 16:59:28 - mmengine - INFO - Epoch(val) [12][3750/5000]    eta: 0:00:32  time: 0.0255  data_time: 0.0015  memory: 680  
2026/04/18 16:59:29 - mmengine - INFO - Epoch(val) [12][3800/5000]    eta: 0:00:31  time: 0.0256  data_time: 0.0016  memory: 685  
2026/04/18 16:59:30 - mmengine - INFO - Epoch(val) [12][3850/5000]    eta: 0:00:29  time: 0.0255  data_time: 0.0015  memory: 695  
2026/04/18 16:59:32 - mmengine - INFO - Epoch(val) [12][3900/5000]    eta: 0:00:28  time: 0.0257  data_time: 0.0016  memory: 680  
2026/04/18 16:59:33 - mmengine - INFO - Epoch(val) [12][3950/5000]    eta: 0:00:27  time: 0.0260  data_time: 0.0016  memory: 678  
2026/04/18 16:59:34 - mmengine - INFO - Epoch(val) [12][4000/5000]    eta: 0:00:25  time: 0.0250  data_time: 0.0015  memory: 672  
2026/04/18 16:59:36 - mmengine - INFO - Epoch(val) [12][4050/5000]    eta: 0:00:24  time: 0.0256  data_time: 0.0016  memory: 685  
2026/04/18 16:59:37 - mmengine - INFO - Epoch(val) [12][4100/5000]    eta: 0:00:23  time: 0.0254  data_time: 0.0015  memory: 695  
2026/04/18 16:59:38 - mmengine - INFO - Epoch(val) [12][4150/5000]    eta: 0:00:21  time: 0.0253  data_time: 0.0015  memory: 672  
2026/04/18 16:59:39 - mmengine - INFO - Epoch(val) [12][4200/5000]    eta: 0:00:20  time: 0.0254  data_time: 0.0016  memory: 678  
2026/04/18 16:59:41 - mmengine - INFO - Epoch(val) [12][4250/5000]    eta: 0:00:19  time: 0.0251  data_time: 0.0017  memory: 695  
2026/04/18 16:59:42 - mmengine - INFO - Epoch(val) [12][4300/5000]    eta: 0:00:18  time: 0.0256  data_time: 0.0016  memory: 678  
2026/04/18 16:59:43 - mmengine - INFO - Epoch(val) [12][4350/5000]    eta: 0:00:16  time: 0.0254  data_time: 0.0016  memory: 695  
2026/04/18 16:59:44 - mmengine - INFO - Epoch(val) [12][4400/5000]    eta: 0:00:15  time: 0.0255  data_time: 0.0017  memory: 680  
2026/04/18 16:59:46 - mmengine - INFO - Epoch(val) [12][4450/5000]    eta: 0:00:14  time: 0.0253  data_time: 0.0017  memory: 680  
2026/04/18 16:59:47 - mmengine - INFO - Epoch(val) [12][4500/5000]    eta: 0:00:12  time: 0.0252  data_time: 0.0017  memory: 685  
2026/04/18 16:59:48 - mmengine - INFO - Epoch(val) [12][4550/5000]    eta: 0:00:11  time: 0.0259  data_time: 0.0016  memory: 695  
2026/04/18 16:59:50 - mmengine - INFO - Epoch(val) [12][4600/5000]    eta: 0:00:10  time: 0.0255  data_time: 0.0017  memory: 680  
2026/04/18 16:59:51 - mmengine - INFO - Epoch(val) [12][4650/5000]    eta: 0:00:09  time: 0.0255  data_time: 0.0016  memory: 661  
2026/04/18 16:59:52 - mmengine - INFO - Epoch(val) [12][4700/5000]    eta: 0:00:07  time: 0.0259  data_time: 0.0016  memory: 685  
2026/04/18 16:59:53 - mmengine - INFO - Epoch(val) [12][4750/5000]    eta: 0:00:06  time: 0.0250  data_time: 0.0016  memory: 680  
2026/04/18 16:59:55 - mmengine - INFO - Epoch(val) [12][4800/5000]    eta: 0:00:05  time: 0.0261  data_time: 0.0018  memory: 695  
2026/04/18 16:59:56 - mmengine - INFO - Epoch(val) [12][4850/5000]    eta: 0:00:03  time: 0.0257  data_time: 0.0017  memory: 695  
2026/04/18 16:59:57 - mmengine - INFO - Epoch(val) [12][4900/5000]    eta: 0:00:02  time: 0.0267  data_time: 0.0016  memory: 685  
2026/04/18 16:59:59 - mmengine - INFO - Epoch(val) [12][4950/5000]    eta: 0:00:01  time: 0.0257  data_time: 0.0017  memory: 695  
2026/04/18 17:00:00 - mmengine - INFO - Epoch(val) [12][5000/5000]    eta: 0:00:00  time: 0.0264  data_time: 0.0018  memory: 695  
2026/04/18 17:00:01 - mmengine - INFO - Evaluating bbox...
2026/04/18 17:00:15 - mmengine - INFO - bbox_mAP_copypaste: 0.219 0.416 0.206 0.112 0.242 0.285
2026/04/18 17:00:15 - mmengine - INFO - Epoch(val) [12][5000/5000]    coco/bbox_mAP: 0.2190  coco/bbox_mAP_50: 0.4160  coco/bbox_mAP_75: 0.2060  coco/bbox_mAP_s: 0.1120  coco/bbox_mAP_m: 0.2420  coco/bbox_mAP_l: 0.2850  data_time: 0.0016  time: 0.0258
