2026/04/19 21:46:45 - mmengine - INFO - 
------------------------------------------------------------
System environment:
    sys.platform: linux
    Python: 3.8.20 (default, Oct  3 2024, 15:24:27) [GCC 11.2.0]
    CUDA available: True
    MUSA available: False
    numpy_random_seed: 1789709318
    GPU 0,1: NVIDIA RTX A6000
    CUDA_HOME: /usr/local/cuda-12.1
    NVCC: Cuda compilation tools, release 12.1, V12.1.105
    GCC: gcc (Ubuntu 11.4.0-1ubuntu1~22.04.3) 11.4.0
    PyTorch: 2.1.0+cu121
    PyTorch compiling details: PyTorch built with:
  - GCC 9.3
  - C++ Version: 201703
  - Intel(R) oneAPI Math Kernel Library Version 2022.2-Product Build 20220804 for Intel(R) 64 architecture applications
  - Intel(R) MKL-DNN v3.1.1 (Git Hash 64f6bcbcbab628e96f33a62c3e975f8535a7bde4)
  - OpenMP 201511 (a.k.a. OpenMP 4.5)
  - LAPACK is enabled (usually provided by MKL)
  - NNPACK is enabled
  - CPU capability usage: AVX2
  - CUDA Runtime 12.1
  - NVCC architecture flags: -gencode;arch=compute_50,code=sm_50;-gencode;arch=compute_60,code=sm_60;-gencode;arch=compute_70,code=sm_70;-gencode;arch=compute_75,code=sm_75;-gencode;arch=compute_80,code=sm_80;-gencode;arch=compute_86,code=sm_86;-gencode;arch=compute_90,code=sm_90
  - CuDNN 8.9.2
  - Magma 2.6.1
  - Build settings: BLAS_INFO=mkl, BUILD_TYPE=Release, CUDA_VERSION=12.1, CUDNN_VERSION=8.9.2, CXX_COMPILER=/opt/rh/devtoolset-9/root/usr/bin/c++, CXX_FLAGS= -D_GLIBCXX_USE_CXX11_ABI=0 -fabi-version=11 -fvisibility-inlines-hidden -DUSE_PTHREADPOOL -DNDEBUG -DUSE_KINETO -DLIBKINETO_NOROCTRACER -DUSE_FBGEMM -DUSE_QNNPACK -DUSE_PYTORCH_QNNPACK -DUSE_XNNPACK -DSYMBOLICATE_MOBILE_DEBUG_HANDLE -O2 -fPIC -Wall -Wextra -Werror=return-type -Werror=non-virtual-dtor -Werror=bool-operation -Wnarrowing -Wno-missing-field-initializers -Wno-type-limits -Wno-array-bounds -Wno-unknown-pragmas -Wno-unused-parameter -Wno-unused-function -Wno-unused-result -Wno-strict-overflow -Wno-strict-aliasing -Wno-stringop-overflow -Wno-psabi -Wno-error=pedantic -Wno-error=old-style-cast -Wno-invalid-partial-specialization -Wno-unused-private-field -Wno-aligned-allocation-unavailable -Wno-missing-braces -fdiagnostics-color=always -faligned-new -Wno-unused-but-set-variable -Wno-maybe-uninitialized -fno-math-errno -fno-trapping-math -Werror=format -Werror=cast-function-type -Wno-stringop-overflow, LAPACK_INFO=mkl, PERF_WITH_AVX=1, PERF_WITH_AVX2=1, PERF_WITH_AVX512=1, TORCH_DISABLE_GPU_ASSERTS=ON, TORCH_VERSION=2.1.0, USE_CUDA=ON, USE_CUDNN=ON, USE_EXCEPTION_PTR=1, USE_GFLAGS=OFF, USE_GLOG=OFF, USE_MKL=ON, USE_MKLDNN=ON, USE_MPI=OFF, USE_NCCL=1, USE_NNPACK=ON, USE_OPENMP=ON, USE_ROCM=OFF, 

    TorchVision: 0.16.0+cu121
    OpenCV: 4.13.0
    MMEngine: 0.10.7

Runtime environment:
    cudnn_benchmark: False
    mp_cfg: {'mp_start_method': 'fork', 'opencv_num_threads': 0}
    dist_cfg: {'backend': 'nccl'}
    seed: 1789709318
    Distributed launcher: none
    Distributed training: False
    GPU number: 1
------------------------------------------------------------

2026/04/19 21:46:45 - mmengine - INFO - Config:
auto_scale_lr = dict(base_batch_size=16, enable=False)
backend_args = None
data_root = 'data/coco/'
dataset_type = 'CocoDataset'
default_hooks = dict(
    checkpoint=dict(interval=1, type='CheckpointHook'),
    logger=dict(interval=50, type='LoggerHook'),
    param_scheduler=dict(type='ParamSchedulerHook'),
    sampler_seed=dict(type='DistSamplerSeedHook'),
    timer=dict(type='IterTimerHook'),
    visualization=dict(type='DetVisualizationHook'))
default_scope = 'mmdet'
env_cfg = dict(
    cudnn_benchmark=False,
    dist_cfg=dict(backend='nccl'),
    mp_cfg=dict(mp_start_method='fork', opencv_num_threads=0))
launcher = 'none'
load_from = 'work_dirs/faster_rcnn_r101_fpn_1x_coco_bs16/epoch_12.pth'
log_level = 'INFO'
log_processor = dict(by_epoch=True, type='LogProcessor', window_size=50)
model = dict(
    backbone=dict(
        depth=101,
        frozen_stages=1,
        init_cfg=dict(checkpoint='torchvision://resnet101', type='Pretrained'),
        norm_cfg=dict(requires_grad=True, type='BN'),
        norm_eval=True,
        num_stages=4,
        out_indices=(
            0,
            1,
            2,
            3,
        ),
        style='pytorch',
        type='ResNet'),
    data_preprocessor=dict(
        bgr_to_rgb=True,
        mean=[
            123.675,
            116.28,
            103.53,
        ],
        pad_size_divisor=32,
        std=[
            58.395,
            57.12,
            57.375,
        ],
        type='DetDataPreprocessor'),
    neck=dict(
        in_channels=[
            256,
            512,
            1024,
            2048,
        ],
        num_outs=5,
        out_channels=256,
        type='FPN'),
    roi_head=dict(
        bbox_head=dict(
            bbox_coder=dict(
                target_means=[
                    0.0,
                    0.0,
                    0.0,
                    0.0,
                ],
                target_stds=[
                    0.1,
                    0.1,
                    0.2,
                    0.2,
                ],
                type='DeltaXYWHBBoxCoder'),
            fc_out_channels=1024,
            in_channels=256,
            loss_bbox=dict(loss_weight=1.0, type='L1Loss'),
            loss_cls=dict(
                loss_weight=1.0, type='CrossEntropyLoss', use_sigmoid=False),
            num_classes=80,
            reg_class_agnostic=False,
            roi_feat_size=7,
            type='Shared2FCBBoxHead'),
        bbox_roi_extractor=dict(
            featmap_strides=[
                4,
                8,
                16,
                32,
            ],
            out_channels=256,
            roi_layer=dict(output_size=7, sampling_ratio=0, type='RoIAlign'),
            type='SingleRoIExtractor'),
        type='StandardRoIHead'),
    rpn_head=dict(
        anchor_generator=dict(
            ratios=[
                0.5,
                1.0,
                2.0,
            ],
            scales=[
                8,
            ],
            strides=[
                4,
                8,
                16,
                32,
                64,
            ],
            type='AnchorGenerator'),
        bbox_coder=dict(
            target_means=[
                0.0,
                0.0,
                0.0,
                0.0,
            ],
            target_stds=[
                1.0,
                1.0,
                1.0,
                1.0,
            ],
            type='DeltaXYWHBBoxCoder'),
        feat_channels=256,
        in_channels=256,
        loss_bbox=dict(loss_weight=1.0, type='L1Loss'),
        loss_cls=dict(
            loss_weight=1.0, type='CrossEntropyLoss', use_sigmoid=True),
        type='RPNHead'),
    test_cfg=dict(
        rcnn=dict(
            max_per_img=100,
            nms=dict(iou_threshold=0.5, type='nms'),
            score_thr=0.05),
        rpn=dict(
            max_per_img=1000,
            min_bbox_size=0,
            nms=dict(iou_threshold=0.7, type='nms'),
            nms_pre=1000)),
    train_cfg=dict(
        rcnn=dict(
            assigner=dict(
                ignore_iof_thr=-1,
                match_low_quality=False,
                min_pos_iou=0.5,
                neg_iou_thr=0.5,
                pos_iou_thr=0.5,
                type='MaxIoUAssigner'),
            debug=False,
            pos_weight=-1,
            sampler=dict(
                add_gt_as_proposals=True,
                neg_pos_ub=-1,
                num=512,
                pos_fraction=0.25,
                type='RandomSampler')),
        rpn=dict(
            allowed_border=-1,
            assigner=dict(
                ignore_iof_thr=-1,
                match_low_quality=True,
                min_pos_iou=0.3,
                neg_iou_thr=0.3,
                pos_iou_thr=0.7,
                type='MaxIoUAssigner'),
            debug=False,
            pos_weight=-1,
            sampler=dict(
                add_gt_as_proposals=False,
                neg_pos_ub=-1,
                num=256,
                pos_fraction=0.5,
                type='RandomSampler')),
        rpn_proposal=dict(
            max_per_img=1000,
            min_bbox_size=0,
            nms=dict(iou_threshold=0.7, type='nms'),
            nms_pre=2000)),
    type='FasterRCNN')
optim_wrapper = dict(
    optimizer=dict(lr=0.02, momentum=0.9, type='SGD', weight_decay=0.0001),
    type='OptimWrapper')
param_scheduler = [
    dict(
        begin=0, by_epoch=False, end=500, start_factor=0.001, type='LinearLR'),
    dict(
        begin=0,
        by_epoch=True,
        end=12,
        gamma=0.1,
        milestones=[
            8,
            11,
        ],
        type='MultiStepLR'),
]
resume = False
test_cfg = dict(type='TestLoop')
test_dataloader = dict(
    batch_size=1,
    dataset=dict(
        ann_file='annotations/instances_val2017.json',
        backend_args=None,
        data_prefix=dict(img='val2017/'),
        data_root='data/coco/',
        pipeline=[
            dict(backend_args=None, type='LoadImageFromFile'),
            dict(keep_ratio=True, scale=(
                1333,
                800,
            ), type='Resize'),
            dict(type='LoadAnnotations', with_bbox=True),
            dict(
                meta_keys=(
                    'img_id',
                    'img_path',
                    'ori_shape',
                    'img_shape',
                    'scale_factor',
                ),
                type='PackDetInputs'),
        ],
        test_mode=True,
        type='CocoDataset'),
    drop_last=False,
    num_workers=2,
    persistent_workers=True,
    sampler=dict(shuffle=False, type='DefaultSampler'))
test_evaluator = dict(
    ann_file='data/coco/annotations/instances_val2017.json',
    backend_args=None,
    format_only=False,
    metric='bbox',
    type='CocoMetric')
test_pipeline = [
    dict(backend_args=None, type='LoadImageFromFile'),
    dict(keep_ratio=True, scale=(
        1333,
        800,
    ), type='Resize'),
    dict(type='LoadAnnotations', with_bbox=True),
    dict(
        meta_keys=(
            'img_id',
            'img_path',
            'ori_shape',
            'img_shape',
            'scale_factor',
        ),
        type='PackDetInputs'),
]
train_cfg = dict(max_epochs=12, type='EpochBasedTrainLoop', val_interval=1)
train_dataloader = dict(
    batch_sampler=dict(type='AspectRatioBatchSampler'),
    batch_size=2,
    dataset=dict(
        ann_file='annotations/instances_train2017.json',
        backend_args=None,
        data_prefix=dict(img='train2017/'),
        data_root='data/coco/',
        filter_cfg=dict(filter_empty_gt=True, min_size=32),
        pipeline=[
            dict(backend_args=None, type='LoadImageFromFile'),
            dict(type='LoadAnnotations', with_bbox=True),
            dict(keep_ratio=True, scale=(
                1333,
                800,
            ), type='Resize'),
            dict(prob=0.5, type='RandomFlip'),
            dict(type='PackDetInputs'),
        ],
        type='CocoDataset'),
    num_workers=2,
    persistent_workers=True,
    sampler=dict(shuffle=True, type='DefaultSampler'))
train_pipeline = [
    dict(backend_args=None, type='LoadImageFromFile'),
    dict(type='LoadAnnotations', with_bbox=True),
    dict(keep_ratio=True, scale=(
        1333,
        800,
    ), type='Resize'),
    dict(prob=0.5, type='RandomFlip'),
    dict(type='PackDetInputs'),
]
val_cfg = dict(type='ValLoop')
val_dataloader = dict(
    batch_size=1,
    dataset=dict(
        ann_file='annotations/instances_val2017.json',
        backend_args=None,
        data_prefix=dict(img='val2017/'),
        data_root='data/coco/',
        pipeline=[
            dict(backend_args=None, type='LoadImageFromFile'),
            dict(keep_ratio=True, scale=(
                1333,
                800,
            ), type='Resize'),
            dict(type='LoadAnnotations', with_bbox=True),
            dict(
                meta_keys=(
                    'img_id',
                    'img_path',
                    'ori_shape',
                    'img_shape',
                    'scale_factor',
                ),
                type='PackDetInputs'),
        ],
        test_mode=True,
        type='CocoDataset'),
    drop_last=False,
    num_workers=2,
    persistent_workers=True,
    sampler=dict(shuffle=False, type='DefaultSampler'))
val_evaluator = dict(
    ann_file='data/coco/annotations/instances_val2017.json',
    backend_args=None,
    format_only=False,
    metric='bbox',
    type='CocoMetric')
vis_backends = [
    dict(type='LocalVisBackend'),
]
visualizer = dict(
    name='visualizer',
    type='DetLocalVisualizer',
    vis_backends=[
        dict(type='LocalVisBackend'),
    ])
work_dir = 'work_dirs/faster_rcnn_r101_fpn_1x_coco_bs16'

2026/04/19 21:46:49 - mmengine - INFO - Distributed training is not used, all SyncBatchNorm (SyncBN) layers in the model will be automatically reverted to BatchNormXd layers if they are used.
2026/04/19 21:46:49 - mmengine - INFO - Hooks will be executed in the following order:
before_run:
(VERY_HIGH   ) RuntimeInfoHook                    
(BELOW_NORMAL) LoggerHook                         
 -------------------- 
before_train:
(VERY_HIGH   ) RuntimeInfoHook                    
(NORMAL      ) IterTimerHook                      
(VERY_LOW    ) CheckpointHook                     
 -------------------- 
before_train_epoch:
(VERY_HIGH   ) RuntimeInfoHook                    
(NORMAL      ) IterTimerHook                      
(NORMAL      ) DistSamplerSeedHook                
 -------------------- 
before_train_iter:
(VERY_HIGH   ) RuntimeInfoHook                    
(NORMAL      ) IterTimerHook                      
 -------------------- 
after_train_iter:
(VERY_HIGH   ) RuntimeInfoHook                    
(NORMAL      ) IterTimerHook                      
(BELOW_NORMAL) LoggerHook                         
(LOW         ) ParamSchedulerHook                 
(VERY_LOW    ) CheckpointHook                     
 -------------------- 
after_train_epoch:
(NORMAL      ) IterTimerHook                      
(LOW         ) ParamSchedulerHook                 
(VERY_LOW    ) CheckpointHook                     
 -------------------- 
before_val:
(VERY_HIGH   ) RuntimeInfoHook                    
 -------------------- 
before_val_epoch:
(NORMAL      ) IterTimerHook                      
 -------------------- 
before_val_iter:
(NORMAL      ) IterTimerHook                      
 -------------------- 
after_val_iter:
(NORMAL      ) IterTimerHook                      
(NORMAL      ) DetVisualizationHook               
(BELOW_NORMAL) LoggerHook                         
 -------------------- 
after_val_epoch:
(VERY_HIGH   ) RuntimeInfoHook                    
(NORMAL      ) IterTimerHook                      
(BELOW_NORMAL) LoggerHook                         
(LOW         ) ParamSchedulerHook                 
(VERY_LOW    ) CheckpointHook                     
 -------------------- 
after_val:
(VERY_HIGH   ) RuntimeInfoHook                    
 -------------------- 
after_train:
(VERY_HIGH   ) RuntimeInfoHook                    
(VERY_LOW    ) CheckpointHook                     
 -------------------- 
before_test:
(VERY_HIGH   ) RuntimeInfoHook                    
 -------------------- 
before_test_epoch:
(NORMAL      ) IterTimerHook                      
 -------------------- 
before_test_iter:
(NORMAL      ) IterTimerHook                      
 -------------------- 
after_test_iter:
(NORMAL      ) IterTimerHook                      
(NORMAL      ) DetVisualizationHook               
(BELOW_NORMAL) LoggerHook                         
 -------------------- 
after_test_epoch:
(VERY_HIGH   ) RuntimeInfoHook                    
(NORMAL      ) IterTimerHook                      
(BELOW_NORMAL) LoggerHook                         
 -------------------- 
after_test:
(VERY_HIGH   ) RuntimeInfoHook                    
 -------------------- 
after_run:
(BELOW_NORMAL) LoggerHook                         
 -------------------- 
2026/04/19 21:46:51 - mmengine - INFO - Load checkpoint from work_dirs/faster_rcnn_r101_fpn_1x_coco_bs16/epoch_12.pth
2026/04/19 21:46:55 - mmengine - INFO - Epoch(test) [  50/5000]    eta: 0:04:24  time: 0.0534  data_time: 0.0027  memory: 600  
2026/04/19 21:46:57 - mmengine - INFO - Epoch(test) [ 100/5000]    eta: 0:03:46  time: 0.0391  data_time: 0.0017  memory: 592  
2026/04/19 21:46:59 - mmengine - INFO - Epoch(test) [ 150/5000]    eta: 0:03:34  time: 0.0402  data_time: 0.0017  memory: 600  
2026/04/19 21:47:01 - mmengine - INFO - Epoch(test) [ 200/5000]    eta: 0:03:23  time: 0.0371  data_time: 0.0017  memory: 586  
2026/04/19 21:47:02 - mmengine - INFO - Epoch(test) [ 250/5000]    eta: 0:03:15  time: 0.0364  data_time: 0.0014  memory: 592  
2026/04/19 21:47:04 - mmengine - INFO - Epoch(test) [ 300/5000]    eta: 0:03:09  time: 0.0359  data_time: 0.0015  memory: 592  
2026/04/19 21:47:06 - mmengine - INFO - Epoch(test) [ 350/5000]    eta: 0:03:05  time: 0.0377  data_time: 0.0017  memory: 584  
2026/04/19 21:47:08 - mmengine - INFO - Epoch(test) [ 400/5000]    eta: 0:03:03  time: 0.0386  data_time: 0.0018  memory: 600  
2026/04/19 21:47:10 - mmengine - INFO - Epoch(test) [ 450/5000]    eta: 0:03:00  time: 0.0382  data_time: 0.0015  memory: 584  
2026/04/19 21:47:12 - mmengine - INFO - Epoch(test) [ 500/5000]    eta: 0:02:57  time: 0.0375  data_time: 0.0016  memory: 592  
2026/04/19 21:47:14 - mmengine - INFO - Epoch(test) [ 550/5000]    eta: 0:02:55  time: 0.0388  data_time: 0.0019  memory: 600  
2026/04/19 21:47:16 - mmengine - INFO - Epoch(test) [ 600/5000]    eta: 0:02:52  time: 0.0369  data_time: 0.0016  memory: 600  
2026/04/19 21:47:17 - mmengine - INFO - Epoch(test) [ 650/5000]    eta: 0:02:49  time: 0.0379  data_time: 0.0017  memory: 586  
2026/04/19 21:47:19 - mmengine - INFO - Epoch(test) [ 700/5000]    eta: 0:02:47  time: 0.0382  data_time: 0.0017  memory: 600  
2026/04/19 21:47:21 - mmengine - INFO - Epoch(test) [ 750/5000]    eta: 0:02:45  time: 0.0370  data_time: 0.0015  memory: 586  
2026/04/19 21:47:23 - mmengine - INFO - Epoch(test) [ 800/5000]    eta: 0:02:42  time: 0.0368  data_time: 0.0017  memory: 600  
2026/04/19 21:47:26 - mmengine - INFO - Epoch(test) [ 850/5000]    eta: 0:02:45  time: 0.0570  data_time: 0.0017  memory: 592  
2026/04/19 21:47:28 - mmengine - INFO - Epoch(test) [ 900/5000]    eta: 0:02:42  time: 0.0378  data_time: 0.0017  memory: 586  
2026/04/19 21:47:30 - mmengine - INFO - Epoch(test) [ 950/5000]    eta: 0:02:40  time: 0.0380  data_time: 0.0017  memory: 584  
2026/04/19 21:47:32 - mmengine - INFO - Epoch(test) [1000/5000]    eta: 0:02:38  time: 0.0383  data_time: 0.0018  memory: 586  
2026/04/19 21:47:33 - mmengine - INFO - Epoch(test) [1050/5000]    eta: 0:02:35  time: 0.0369  data_time: 0.0016  memory: 592  
2026/04/19 21:47:35 - mmengine - INFO - Epoch(test) [1100/5000]    eta: 0:02:33  time: 0.0374  data_time: 0.0016  memory: 600  
2026/04/19 21:47:37 - mmengine - INFO - Epoch(test) [1150/5000]    eta: 0:02:30  time: 0.0366  data_time: 0.0017  memory: 584  
2026/04/19 21:47:39 - mmengine - INFO - Epoch(test) [1200/5000]    eta: 0:02:28  time: 0.0368  data_time: 0.0016  memory: 600  
2026/04/19 21:47:41 - mmengine - INFO - Epoch(test) [1250/5000]    eta: 0:02:26  time: 0.0372  data_time: 0.0016  memory: 586  
2026/04/19 21:47:43 - mmengine - INFO - Epoch(test) [1300/5000]    eta: 0:02:23  time: 0.0359  data_time: 0.0016  memory: 600  
2026/04/19 21:47:44 - mmengine - INFO - Epoch(test) [1350/5000]    eta: 0:02:21  time: 0.0362  data_time: 0.0016  memory: 600  
2026/04/19 21:47:46 - mmengine - INFO - Epoch(test) [1400/5000]    eta: 0:02:19  time: 0.0366  data_time: 0.0016  memory: 592  
2026/04/19 21:47:48 - mmengine - INFO - Epoch(test) [1450/5000]    eta: 0:02:17  time: 0.0374  data_time: 0.0017  memory: 600  
2026/04/19 21:47:50 - mmengine - INFO - Epoch(test) [1500/5000]    eta: 0:02:15  time: 0.0380  data_time: 0.0016  memory: 584  
2026/04/19 21:47:52 - mmengine - INFO - Epoch(test) [1550/5000]    eta: 0:02:13  time: 0.0384  data_time: 0.0016  memory: 600  
2026/04/19 21:47:54 - mmengine - INFO - Epoch(test) [1600/5000]    eta: 0:02:11  time: 0.0376  data_time: 0.0016  memory: 592  
2026/04/19 21:47:56 - mmengine - INFO - Epoch(test) [1650/5000]    eta: 0:02:09  time: 0.0370  data_time: 0.0016  memory: 600  
2026/04/19 21:47:58 - mmengine - INFO - Epoch(test) [1700/5000]    eta: 0:02:08  time: 0.0549  data_time: 0.0017  memory: 586  
2026/04/19 21:48:00 - mmengine - INFO - Epoch(test) [1750/5000]    eta: 0:02:06  time: 0.0384  data_time: 0.0017  memory: 600  
2026/04/19 21:48:02 - mmengine - INFO - Epoch(test) [1800/5000]    eta: 0:02:04  time: 0.0381  data_time: 0.0018  memory: 586  
2026/04/19 21:48:04 - mmengine - INFO - Epoch(test) [1850/5000]    eta: 0:02:02  time: 0.0382  data_time: 0.0016  memory: 600  
2026/04/19 21:48:06 - mmengine - INFO - Epoch(test) [1900/5000]    eta: 0:02:00  time: 0.0372  data_time: 0.0016  memory: 600  
2026/04/19 21:48:08 - mmengine - INFO - Epoch(test) [1950/5000]    eta: 0:01:58  time: 0.0355  data_time: 0.0015  memory: 600  
2026/04/19 21:48:10 - mmengine - INFO - Epoch(test) [2000/5000]    eta: 0:01:56  time: 0.0356  data_time: 0.0015  memory: 600  
2026/04/19 21:48:11 - mmengine - INFO - Epoch(test) [2050/5000]    eta: 0:01:54  time: 0.0375  data_time: 0.0016  memory: 578  
2026/04/19 21:48:13 - mmengine - INFO - Epoch(test) [2100/5000]    eta: 0:01:52  time: 0.0374  data_time: 0.0017  memory: 592  
2026/04/19 21:48:15 - mmengine - INFO - Epoch(test) [2150/5000]    eta: 0:01:50  time: 0.0377  data_time: 0.0017  memory: 586  
2026/04/19 21:48:17 - mmengine - INFO - Epoch(test) [2200/5000]    eta: 0:01:48  time: 0.0371  data_time: 0.0016  memory: 586  
2026/04/19 21:48:19 - mmengine - INFO - Epoch(test) [2250/5000]    eta: 0:01:46  time: 0.0377  data_time: 0.0016  memory: 592  
2026/04/19 21:48:21 - mmengine - INFO - Epoch(test) [2300/5000]    eta: 0:01:44  time: 0.0386  data_time: 0.0017  memory: 568  
2026/04/19 21:48:23 - mmengine - INFO - Epoch(test) [2350/5000]    eta: 0:01:42  time: 0.0375  data_time: 0.0016  memory: 586  
2026/04/19 21:48:25 - mmengine - INFO - Epoch(test) [2400/5000]    eta: 0:01:40  time: 0.0378  data_time: 0.0017  memory: 592  
2026/04/19 21:48:27 - mmengine - INFO - Epoch(test) [2450/5000]    eta: 0:01:38  time: 0.0381  data_time: 0.0017  memory: 592  
2026/04/19 21:48:28 - mmengine - INFO - Epoch(test) [2500/5000]    eta: 0:01:36  time: 0.0376  data_time: 0.0017  memory: 600  
2026/04/19 21:48:30 - mmengine - INFO - Epoch(test) [2550/5000]    eta: 0:01:34  time: 0.0380  data_time: 0.0017  memory: 592  
2026/04/19 21:48:33 - mmengine - INFO - Epoch(test) [2600/5000]    eta: 0:01:33  time: 0.0571  data_time: 0.0016  memory: 600  
2026/04/19 21:48:35 - mmengine - INFO - Epoch(test) [2650/5000]    eta: 0:01:31  time: 0.0385  data_time: 0.0017  memory: 586  
2026/04/19 21:48:37 - mmengine - INFO - Epoch(test) [2700/5000]    eta: 0:01:29  time: 0.0385  data_time: 0.0017  memory: 600  
2026/04/19 21:48:39 - mmengine - INFO - Epoch(test) [2750/5000]    eta: 0:01:27  time: 0.0374  data_time: 0.0017  memory: 600  
2026/04/19 21:48:41 - mmengine - INFO - Epoch(test) [2800/5000]    eta: 0:01:25  time: 0.0375  data_time: 0.0017  memory: 600  
2026/04/19 21:48:43 - mmengine - INFO - Epoch(test) [2850/5000]    eta: 0:01:23  time: 0.0373  data_time: 0.0016  memory: 586  
2026/04/19 21:48:45 - mmengine - INFO - Epoch(test) [2900/5000]    eta: 0:01:21  time: 0.0386  data_time: 0.0016  memory: 600  
2026/04/19 21:48:47 - mmengine - INFO - Epoch(test) [2950/5000]    eta: 0:01:19  time: 0.0372  data_time: 0.0017  memory: 600  
2026/04/19 21:48:48 - mmengine - INFO - Epoch(test) [3000/5000]    eta: 0:01:17  time: 0.0362  data_time: 0.0016  memory: 592  
2026/04/19 21:48:50 - mmengine - INFO - Epoch(test) [3050/5000]    eta: 0:01:15  time: 0.0364  data_time: 0.0017  memory: 600  
2026/04/19 21:48:52 - mmengine - INFO - Epoch(test) [3100/5000]    eta: 0:01:13  time: 0.0375  data_time: 0.0016  memory: 600  
2026/04/19 21:48:54 - mmengine - INFO - Epoch(test) [3150/5000]    eta: 0:01:11  time: 0.0375  data_time: 0.0015  memory: 586  
2026/04/19 21:48:56 - mmengine - INFO - Epoch(test) [3200/5000]    eta: 0:01:09  time: 0.0379  data_time: 0.0016  memory: 600  
2026/04/19 21:48:58 - mmengine - INFO - Epoch(test) [3250/5000]    eta: 0:01:07  time: 0.0380  data_time: 0.0017  memory: 568  
2026/04/19 21:49:00 - mmengine - INFO - Epoch(test) [3300/5000]    eta: 0:01:05  time: 0.0376  data_time: 0.0016  memory: 600  
2026/04/19 21:49:01 - mmengine - INFO - Epoch(test) [3350/5000]    eta: 0:01:03  time: 0.0376  data_time: 0.0016  memory: 600  
2026/04/19 21:49:03 - mmengine - INFO - Epoch(test) [3400/5000]    eta: 0:01:01  time: 0.0388  data_time: 0.0019  memory: 586  
2026/04/19 21:49:06 - mmengine - INFO - Epoch(test) [3450/5000]    eta: 0:01:00  time: 0.0580  data_time: 0.0021  memory: 600  
2026/04/19 21:49:08 - mmengine - INFO - Epoch(test) [3500/5000]    eta: 0:00:58  time: 0.0430  data_time: 0.0025  memory: 600  
2026/04/19 21:49:10 - mmengine - INFO - Epoch(test) [3550/5000]    eta: 0:00:56  time: 0.0389  data_time: 0.0019  memory: 592  
2026/04/19 21:49:12 - mmengine - INFO - Epoch(test) [3600/5000]    eta: 0:00:54  time: 0.0394  data_time: 0.0019  memory: 592  
2026/04/19 21:49:14 - mmengine - INFO - Epoch(test) [3650/5000]    eta: 0:00:52  time: 0.0415  data_time: 0.0024  memory: 600  
2026/04/19 21:49:16 - mmengine - INFO - Epoch(test) [3700/5000]    eta: 0:00:50  time: 0.0401  data_time: 0.0022  memory: 568  
2026/04/19 21:49:18 - mmengine - INFO - Epoch(test) [3750/5000]    eta: 0:00:48  time: 0.0376  data_time: 0.0016  memory: 586  
2026/04/19 21:49:20 - mmengine - INFO - Epoch(test) [3800/5000]    eta: 0:00:46  time: 0.0372  data_time: 0.0017  memory: 592  
2026/04/19 21:49:22 - mmengine - INFO - Epoch(test) [3850/5000]    eta: 0:00:44  time: 0.0365  data_time: 0.0017  memory: 600  
2026/04/19 21:49:24 - mmengine - INFO - Epoch(test) [3900/5000]    eta: 0:00:42  time: 0.0374  data_time: 0.0018  memory: 586  
2026/04/19 21:49:26 - mmengine - INFO - Epoch(test) [3950/5000]    eta: 0:00:40  time: 0.0382  data_time: 0.0017  memory: 584  
2026/04/19 21:49:28 - mmengine - INFO - Epoch(test) [4000/5000]    eta: 0:00:38  time: 0.0378  data_time: 0.0016  memory: 578  
2026/04/19 21:49:30 - mmengine - INFO - Epoch(test) [4050/5000]    eta: 0:00:36  time: 0.0379  data_time: 0.0018  memory: 592  
2026/04/19 21:49:31 - mmengine - INFO - Epoch(test) [4100/5000]    eta: 0:00:34  time: 0.0375  data_time: 0.0016  memory: 600  
2026/04/19 21:49:33 - mmengine - INFO - Epoch(test) [4150/5000]    eta: 0:00:33  time: 0.0377  data_time: 0.0017  memory: 578  
2026/04/19 21:49:35 - mmengine - INFO - Epoch(test) [4200/5000]    eta: 0:00:31  time: 0.0377  data_time: 0.0017  memory: 584  
2026/04/19 21:49:38 - mmengine - INFO - Epoch(test) [4250/5000]    eta: 0:00:29  time: 0.0555  data_time: 0.0017  memory: 600  
2026/04/19 21:49:40 - mmengine - INFO - Epoch(test) [4300/5000]    eta: 0:00:27  time: 0.0384  data_time: 0.0017  memory: 584  
2026/04/19 21:49:42 - mmengine - INFO - Epoch(test) [4350/5000]    eta: 0:00:25  time: 0.0384  data_time: 0.0017  memory: 600  
2026/04/19 21:49:44 - mmengine - INFO - Epoch(test) [4400/5000]    eta: 0:00:23  time: 0.0380  data_time: 0.0017  memory: 586  
2026/04/19 21:49:46 - mmengine - INFO - Epoch(test) [4450/5000]    eta: 0:00:21  time: 0.0369  data_time: 0.0017  memory: 586  
2026/04/19 21:49:47 - mmengine - INFO - Epoch(test) [4500/5000]    eta: 0:00:19  time: 0.0365  data_time: 0.0016  memory: 592  
2026/04/19 21:49:49 - mmengine - INFO - Epoch(test) [4550/5000]    eta: 0:00:17  time: 0.0376  data_time: 0.0017  memory: 600  
2026/04/19 21:49:51 - mmengine - INFO - Epoch(test) [4600/5000]    eta: 0:00:15  time: 0.0372  data_time: 0.0017  memory: 586  
2026/04/19 21:49:53 - mmengine - INFO - Epoch(test) [4650/5000]    eta: 0:00:13  time: 0.0379  data_time: 0.0017  memory: 568  
2026/04/19 21:49:55 - mmengine - INFO - Epoch(test) [4700/5000]    eta: 0:00:11  time: 0.0378  data_time: 0.0016  memory: 592  
2026/04/19 21:49:57 - mmengine - INFO - Epoch(test) [4750/5000]    eta: 0:00:09  time: 0.0372  data_time: 0.0018  memory: 586  
2026/04/19 21:49:59 - mmengine - INFO - Epoch(test) [4800/5000]    eta: 0:00:07  time: 0.0372  data_time: 0.0016  memory: 600  
2026/04/19 21:50:01 - mmengine - INFO - Epoch(test) [4850/5000]    eta: 0:00:05  time: 0.0378  data_time: 0.0017  memory: 600  
2026/04/19 21:50:03 - mmengine - INFO - Epoch(test) [4900/5000]    eta: 0:00:03  time: 0.0389  data_time: 0.0018  memory: 592  
2026/04/19 21:50:04 - mmengine - INFO - Epoch(test) [4950/5000]    eta: 0:00:01  time: 0.0376  data_time: 0.0017  memory: 600  
2026/04/19 21:50:06 - mmengine - INFO - Epoch(test) [5000/5000]    eta: 0:00:00  time: 0.0386  data_time: 0.0018  memory: 600  
2026/04/19 21:50:07 - mmengine - INFO - Evaluating bbox...
2026/04/19 21:50:20 - mmengine - INFO - bbox_mAP_copypaste: 0.245 0.444 0.242 0.129 0.275 0.318
2026/04/19 21:50:20 - mmengine - INFO - Epoch(test) [5000/5000]    coco/bbox_mAP: 0.2450  coco/bbox_mAP_50: 0.4440  coco/bbox_mAP_75: 0.2420  coco/bbox_mAP_s: 0.1290  coco/bbox_mAP_m: 0.2750  coco/bbox_mAP_l: 0.3180  data_time: 0.0017  time: 0.0388
