2026/04/19 11:15:17 - mmengine - INFO - 
------------------------------------------------------------
System environment:
    sys.platform: linux
    Python: 3.8.20 (default, Oct  3 2024, 15:24:27) [GCC 11.2.0]
    CUDA available: True
    MUSA available: False
    numpy_random_seed: 681784057
    GPU 0,1: NVIDIA RTX A6000
    CUDA_HOME: /usr/local/cuda-12.1
    NVCC: Cuda compilation tools, release 12.1, V12.1.105
    GCC: gcc (Ubuntu 11.4.0-1ubuntu1~22.04.3) 11.4.0
    PyTorch: 2.1.0+cu121
    PyTorch compiling details: PyTorch built with:
  - GCC 9.3
  - C++ Version: 201703
  - Intel(R) oneAPI Math Kernel Library Version 2022.2-Product Build 20220804 for Intel(R) 64 architecture applications
  - Intel(R) MKL-DNN v3.1.1 (Git Hash 64f6bcbcbab628e96f33a62c3e975f8535a7bde4)
  - OpenMP 201511 (a.k.a. OpenMP 4.5)
  - LAPACK is enabled (usually provided by MKL)
  - NNPACK is enabled
  - CPU capability usage: AVX2
  - CUDA Runtime 12.1
  - NVCC architecture flags: -gencode;arch=compute_50,code=sm_50;-gencode;arch=compute_60,code=sm_60;-gencode;arch=compute_70,code=sm_70;-gencode;arch=compute_75,code=sm_75;-gencode;arch=compute_80,code=sm_80;-gencode;arch=compute_86,code=sm_86;-gencode;arch=compute_90,code=sm_90
  - CuDNN 8.9.2
  - Magma 2.6.1
  - Build settings: BLAS_INFO=mkl, BUILD_TYPE=Release, CUDA_VERSION=12.1, CUDNN_VERSION=8.9.2, CXX_COMPILER=/opt/rh/devtoolset-9/root/usr/bin/c++, CXX_FLAGS= -D_GLIBCXX_USE_CXX11_ABI=0 -fabi-version=11 -fvisibility-inlines-hidden -DUSE_PTHREADPOOL -DNDEBUG -DUSE_KINETO -DLIBKINETO_NOROCTRACER -DUSE_FBGEMM -DUSE_QNNPACK -DUSE_PYTORCH_QNNPACK -DUSE_XNNPACK -DSYMBOLICATE_MOBILE_DEBUG_HANDLE -O2 -fPIC -Wall -Wextra -Werror=return-type -Werror=non-virtual-dtor -Werror=bool-operation -Wnarrowing -Wno-missing-field-initializers -Wno-type-limits -Wno-array-bounds -Wno-unknown-pragmas -Wno-unused-parameter -Wno-unused-function -Wno-unused-result -Wno-strict-overflow -Wno-strict-aliasing -Wno-stringop-overflow -Wno-psabi -Wno-error=pedantic -Wno-error=old-style-cast -Wno-invalid-partial-specialization -Wno-unused-private-field -Wno-aligned-allocation-unavailable -Wno-missing-braces -fdiagnostics-color=always -faligned-new -Wno-unused-but-set-variable -Wno-maybe-uninitialized -fno-math-errno -fno-trapping-math -Werror=format -Werror=cast-function-type -Wno-stringop-overflow, LAPACK_INFO=mkl, PERF_WITH_AVX=1, PERF_WITH_AVX2=1, PERF_WITH_AVX512=1, TORCH_DISABLE_GPU_ASSERTS=ON, TORCH_VERSION=2.1.0, USE_CUDA=ON, USE_CUDNN=ON, USE_EXCEPTION_PTR=1, USE_GFLAGS=OFF, USE_GLOG=OFF, USE_MKL=ON, USE_MKLDNN=ON, USE_MPI=OFF, USE_NCCL=1, USE_NNPACK=ON, USE_OPENMP=ON, USE_ROCM=OFF, 

    TorchVision: 0.16.0+cu121
    OpenCV: 4.13.0
    MMEngine: 0.10.7

Runtime environment:
    cudnn_benchmark: False
    mp_cfg: {'mp_start_method': 'fork', 'opencv_num_threads': 0}
    dist_cfg: {'backend': 'nccl'}
    seed: 681784057
    Distributed launcher: none
    Distributed training: False
    GPU number: 1
------------------------------------------------------------

2026/04/19 11:15:17 - mmengine - INFO - Config:
auto_scale_lr = dict(base_batch_size=16, enable=False)
backend_args = None
classes = (
    'aeroplane',
    'bicycle',
    'bird',
    'boat',
    'bottle',
    'bus',
    'car',
    'cat',
    'chair',
    'cow',
    'diningtable',
    'dog',
    'horse',
    'motorbike',
    'person',
    'pottedplant',
    'sheep',
    'sofa',
    'train',
    'tvmonitor',
)
data_root = 'data/VOCdevkit/VOC2012_coco/'
dataset_type = 'CocoDataset'
default_hooks = dict(
    checkpoint=dict(interval=1, type='CheckpointHook'),
    logger=dict(interval=50, type='LoggerHook'),
    param_scheduler=dict(type='ParamSchedulerHook'),
    sampler_seed=dict(type='DistSamplerSeedHook'),
    timer=dict(type='IterTimerHook'),
    visualization=dict(type='DetVisualizationHook'))
default_scope = 'mmdet'
env_cfg = dict(
    cudnn_benchmark=False,
    dist_cfg=dict(backend='nccl'),
    mp_cfg=dict(mp_start_method='fork', opencv_num_threads=0))
launcher = 'none'
load_from = 'checkpoints/rpn_r50_fpn_1x_coco_20200218-5525fa2e.pth'
log_level = 'INFO'
log_processor = dict(by_epoch=True, type='LogProcessor', window_size=50)
metainfo = dict(
    classes=(
        'aeroplane',
        'bicycle',
        'bird',
        'boat',
        'bottle',
        'bus',
        'car',
        'cat',
        'chair',
        'cow',
        'diningtable',
        'dog',
        'horse',
        'motorbike',
        'person',
        'pottedplant',
        'sheep',
        'sofa',
        'train',
        'tvmonitor',
    ))
model = dict(
    backbone=dict(
        depth=50,
        frozen_stages=1,
        init_cfg=dict(checkpoint='torchvision://resnet50', type='Pretrained'),
        norm_cfg=dict(requires_grad=True, type='BN'),
        norm_eval=True,
        num_stages=4,
        out_indices=(
            0,
            1,
            2,
            3,
        ),
        style='pytorch',
        type='ResNet'),
    data_preprocessor=dict(
        bgr_to_rgb=True,
        mean=[
            123.675,
            116.28,
            103.53,
        ],
        pad_size_divisor=32,
        std=[
            58.395,
            57.12,
            57.375,
        ],
        type='DetDataPreprocessor'),
    neck=dict(
        in_channels=[
            256,
            512,
            1024,
            2048,
        ],
        num_outs=5,
        out_channels=256,
        type='FPN'),
    rpn_head=dict(
        anchor_generator=dict(
            ratios=[
                0.5,
                1.0,
                2.0,
            ],
            scales=[
                8,
            ],
            strides=[
                4,
                8,
                16,
                32,
                64,
            ],
            type='AnchorGenerator'),
        bbox_coder=dict(
            target_means=[
                0.0,
                0.0,
                0.0,
                0.0,
            ],
            target_stds=[
                1.0,
                1.0,
                1.0,
                1.0,
            ],
            type='DeltaXYWHBBoxCoder'),
        feat_channels=256,
        in_channels=256,
        loss_bbox=dict(loss_weight=1.0, type='L1Loss'),
        loss_cls=dict(
            loss_weight=1.0, type='CrossEntropyLoss', use_sigmoid=True),
        type='RPNHead'),
    test_cfg=dict(
        rpn=dict(
            max_per_img=1000,
            min_bbox_size=0,
            nms=dict(iou_threshold=0.7, type='nms'),
            nms_pre=2000)),
    train_cfg=dict(
        rpn=dict(
            allowed_border=-1,
            assigner=dict(
                ignore_iof_thr=-1,
                min_pos_iou=0.3,
                neg_iou_thr=0.3,
                pos_iou_thr=0.7,
                type='MaxIoUAssigner'),
            debug=False,
            pos_weight=-1,
            sampler=dict(
                add_gt_as_proposals=False,
                neg_pos_ub=-1,
                num=256,
                pos_fraction=0.5,
                type='RandomSampler'))),
    type='RPN')
optim_wrapper = dict(
    optimizer=dict(lr=0.02, momentum=0.9, type='SGD', weight_decay=0.0001),
    type='OptimWrapper')
param_scheduler = [
    dict(
        begin=0, by_epoch=False, end=500, start_factor=0.001, type='LinearLR'),
    dict(
        begin=0,
        by_epoch=True,
        end=12,
        gamma=0.1,
        milestones=[
            8,
            11,
        ],
        type='MultiStepLR'),
]
resume = False
test_cfg = dict(type='TestLoop')
test_dataloader = dict(
    batch_size=1,
    dataset=dict(
        ann_file='annotations/instances_train.json',
        backend_args=None,
        data_prefix=dict(img='train/'),
        data_root='data/VOCdevkit/VOC2012_coco/',
        metainfo=dict(
            classes=(
                'aeroplane',
                'bicycle',
                'bird',
                'boat',
                'bottle',
                'bus',
                'car',
                'cat',
                'chair',
                'cow',
                'diningtable',
                'dog',
                'horse',
                'motorbike',
                'person',
                'pottedplant',
                'sheep',
                'sofa',
                'train',
                'tvmonitor',
            )),
        pipeline=[
            dict(backend_args=None, type='LoadImageFromFile'),
            dict(keep_ratio=True, scale=(
                1333,
                800,
            ), type='Resize'),
            dict(type='LoadAnnotations', with_bbox=True),
            dict(
                meta_keys=(
                    'img_id',
                    'img_path',
                    'ori_shape',
                    'img_shape',
                    'scale_factor',
                ),
                type='PackDetInputs'),
        ],
        test_mode=True,
        type='CocoDataset'),
    drop_last=False,
    num_workers=2,
    persistent_workers=True,
    sampler=dict(shuffle=False, type='DefaultSampler'))
test_evaluator = dict(
    output_dir='data/VOCdevkit/VOC2012_coco/proposals/',
    proposals_file='rpn_train.pkl',
    type='DumpProposals')
test_pipeline = [
    dict(backend_args=None, type='LoadImageFromFile'),
    dict(keep_ratio=True, scale=(
        1333,
        800,
    ), type='Resize'),
    dict(type='LoadAnnotations', with_bbox=True),
    dict(
        meta_keys=(
            'img_id',
            'img_path',
            'ori_shape',
            'img_shape',
            'scale_factor',
        ),
        type='PackDetInputs'),
]
train_cfg = dict(max_epochs=12, type='EpochBasedTrainLoop', val_interval=1)
train_dataloader = dict(
    batch_sampler=dict(type='AspectRatioBatchSampler'),
    batch_size=2,
    dataset=dict(
        ann_file='annotations/instances_train.json',
        backend_args=None,
        data_prefix=dict(img='train/'),
        data_root='data/VOCdevkit/VOC2012_coco/',
        filter_cfg=dict(filter_empty_gt=True, min_size=32),
        metainfo=dict(
            classes=(
                'aeroplane',
                'bicycle',
                'bird',
                'boat',
                'bottle',
                'bus',
                'car',
                'cat',
                'chair',
                'cow',
                'diningtable',
                'dog',
                'horse',
                'motorbike',
                'person',
                'pottedplant',
                'sheep',
                'sofa',
                'train',
                'tvmonitor',
            )),
        pipeline=[
            dict(backend_args=None, type='LoadImageFromFile'),
            dict(type='LoadAnnotations', with_bbox=True),
            dict(keep_ratio=True, scale=(
                1333,
                800,
            ), type='Resize'),
            dict(prob=0.5, type='RandomFlip'),
            dict(type='PackDetInputs'),
        ],
        type='CocoDataset'),
    num_workers=2,
    persistent_workers=True,
    sampler=dict(shuffle=True, type='DefaultSampler'))
train_pipeline = [
    dict(backend_args=None, type='LoadImageFromFile'),
    dict(type='LoadAnnotations', with_bbox=True),
    dict(keep_ratio=True, scale=(
        1333,
        800,
    ), type='Resize'),
    dict(prob=0.5, type='RandomFlip'),
    dict(type='PackDetInputs'),
]
val_cfg = dict(type='ValLoop')
val_dataloader = dict(
    batch_size=1,
    dataset=dict(
        ann_file='annotations/instances_val.json',
        backend_args=None,
        data_prefix=dict(img='val/'),
        data_root='data/VOCdevkit/VOC2012_coco/',
        metainfo=dict(
            classes=(
                'aeroplane',
                'bicycle',
                'bird',
                'boat',
                'bottle',
                'bus',
                'car',
                'cat',
                'chair',
                'cow',
                'diningtable',
                'dog',
                'horse',
                'motorbike',
                'person',
                'pottedplant',
                'sheep',
                'sofa',
                'train',
                'tvmonitor',
            )),
        pipeline=[
            dict(backend_args=None, type='LoadImageFromFile'),
            dict(keep_ratio=True, scale=(
                1333,
                800,
            ), type='Resize'),
            dict(type='LoadAnnotations', with_bbox=True),
            dict(
                meta_keys=(
                    'img_id',
                    'img_path',
                    'ori_shape',
                    'img_shape',
                    'scale_factor',
                ),
                type='PackDetInputs'),
        ],
        test_mode=True,
        type='CocoDataset'),
    drop_last=False,
    num_workers=2,
    persistent_workers=True,
    sampler=dict(shuffle=False, type='DefaultSampler'))
val_evaluator = dict(
    ann_file='data/VOCdevkit/VOC2012_coco/annotations/instances_val.json',
    backend_args=None,
    format_only=False,
    metric='proposal_fast',
    type='CocoMetric')
vis_backends = [
    dict(type='LocalVisBackend'),
]
visualizer = dict(
    name='visualizer',
    type='DetLocalVisualizer',
    vis_backends=[
        dict(type='LocalVisBackend'),
    ])
work_dir = 'work_dirs/rpn_voc2012_coco_dump_train'

2026/04/19 11:15:19 - mmengine - INFO - Distributed training is not used, all SyncBatchNorm (SyncBN) layers in the model will be automatically reverted to BatchNormXd layers if they are used.
2026/04/19 11:15:19 - mmengine - INFO - Hooks will be executed in the following order:
before_run:
(VERY_HIGH   ) RuntimeInfoHook                    
(BELOW_NORMAL) LoggerHook                         
 -------------------- 
before_train:
(VERY_HIGH   ) RuntimeInfoHook                    
(NORMAL      ) IterTimerHook                      
(VERY_LOW    ) CheckpointHook                     
 -------------------- 
before_train_epoch:
(VERY_HIGH   ) RuntimeInfoHook                    
(NORMAL      ) IterTimerHook                      
(NORMAL      ) DistSamplerSeedHook                
 -------------------- 
before_train_iter:
(VERY_HIGH   ) RuntimeInfoHook                    
(NORMAL      ) IterTimerHook                      
 -------------------- 
after_train_iter:
(VERY_HIGH   ) RuntimeInfoHook                    
(NORMAL      ) IterTimerHook                      
(BELOW_NORMAL) LoggerHook                         
(LOW         ) ParamSchedulerHook                 
(VERY_LOW    ) CheckpointHook                     
 -------------------- 
after_train_epoch:
(NORMAL      ) IterTimerHook                      
(LOW         ) ParamSchedulerHook                 
(VERY_LOW    ) CheckpointHook                     
 -------------------- 
before_val:
(VERY_HIGH   ) RuntimeInfoHook                    
 -------------------- 
before_val_epoch:
(NORMAL      ) IterTimerHook                      
 -------------------- 
before_val_iter:
(NORMAL      ) IterTimerHook                      
 -------------------- 
after_val_iter:
(NORMAL      ) IterTimerHook                      
(NORMAL      ) DetVisualizationHook               
(BELOW_NORMAL) LoggerHook                         
 -------------------- 
after_val_epoch:
(VERY_HIGH   ) RuntimeInfoHook                    
(NORMAL      ) IterTimerHook                      
(BELOW_NORMAL) LoggerHook                         
(LOW         ) ParamSchedulerHook                 
(VERY_LOW    ) CheckpointHook                     
 -------------------- 
after_val:
(VERY_HIGH   ) RuntimeInfoHook                    
 -------------------- 
after_train:
(VERY_HIGH   ) RuntimeInfoHook                    
(VERY_LOW    ) CheckpointHook                     
 -------------------- 
before_test:
(VERY_HIGH   ) RuntimeInfoHook                    
 -------------------- 
before_test_epoch:
(NORMAL      ) IterTimerHook                      
 -------------------- 
before_test_iter:
(NORMAL      ) IterTimerHook                      
 -------------------- 
after_test_iter:
(NORMAL      ) IterTimerHook                      
(NORMAL      ) DetVisualizationHook               
(BELOW_NORMAL) LoggerHook                         
 -------------------- 
after_test_epoch:
(VERY_HIGH   ) RuntimeInfoHook                    
(NORMAL      ) IterTimerHook                      
(BELOW_NORMAL) LoggerHook                         
 -------------------- 
after_test:
(VERY_HIGH   ) RuntimeInfoHook                    
 -------------------- 
after_run:
(BELOW_NORMAL) LoggerHook                         
 -------------------- 
2026/04/19 11:15:21 - mmengine - INFO - Load checkpoint from checkpoints/rpn_r50_fpn_1x_coco_20200218-5525fa2e.pth
2026/04/19 11:15:23 - mmengine - INFO - Epoch(test) [   50/11987]    eta: 0:08:05  time: 0.0406  data_time: 0.0025  memory: 442  
2026/04/19 11:15:24 - mmengine - INFO - Epoch(test) [  100/11987]    eta: 0:06:42  time: 0.0271  data_time: 0.0013  memory: 442  
2026/04/19 11:15:26 - mmengine - INFO - Epoch(test) [  150/11987]    eta: 0:06:25  time: 0.0300  data_time: 0.0014  memory: 449  
2026/04/19 11:15:27 - mmengine - INFO - Epoch(test) [  200/11987]    eta: 0:06:06  time: 0.0267  data_time: 0.0013  memory: 464  
2026/04/19 11:15:29 - mmengine - INFO - Epoch(test) [  250/11987]    eta: 0:06:13  time: 0.0346  data_time: 0.0013  memory: 464  
2026/04/19 11:15:30 - mmengine - INFO - Epoch(test) [  300/11987]    eta: 0:05:57  time: 0.0247  data_time: 0.0012  memory: 430  
2026/04/19 11:15:31 - mmengine - INFO - Epoch(test) [  350/11987]    eta: 0:05:47  time: 0.0255  data_time: 0.0013  memory: 442  
2026/04/19 11:15:32 - mmengine - INFO - Epoch(test) [  400/11987]    eta: 0:05:39  time: 0.0252  data_time: 0.0013  memory: 450  
2026/04/19 11:15:34 - mmengine - INFO - Epoch(test) [  450/11987]    eta: 0:05:34  time: 0.0264  data_time: 0.0012  memory: 464  
2026/04/19 11:15:35 - mmengine - INFO - Epoch(test) [  500/11987]    eta: 0:05:29  time: 0.0256  data_time: 0.0013  memory: 464  
2026/04/19 11:15:36 - mmengine - INFO - Epoch(test) [  550/11987]    eta: 0:05:25  time: 0.0270  data_time: 0.0013  memory: 442  
2026/04/19 11:15:38 - mmengine - INFO - Epoch(test) [  600/11987]    eta: 0:05:22  time: 0.0267  data_time: 0.0013  memory: 450  
2026/04/19 11:15:39 - mmengine - INFO - Epoch(test) [  650/11987]    eta: 0:05:19  time: 0.0257  data_time: 0.0013  memory: 450  
2026/04/19 11:15:40 - mmengine - INFO - Epoch(test) [  700/11987]    eta: 0:05:14  time: 0.0249  data_time: 0.0013  memory: 464  
2026/04/19 11:15:42 - mmengine - INFO - Epoch(test) [  750/11987]    eta: 0:05:11  time: 0.0250  data_time: 0.0013  memory: 464  
2026/04/19 11:15:43 - mmengine - INFO - Epoch(test) [  800/11987]    eta: 0:05:08  time: 0.0253  data_time: 0.0014  memory: 448  
2026/04/19 11:15:44 - mmengine - INFO - Epoch(test) [  850/11987]    eta: 0:05:05  time: 0.0260  data_time: 0.0014  memory: 464  
2026/04/19 11:15:45 - mmengine - INFO - Epoch(test) [  900/11987]    eta: 0:05:03  time: 0.0251  data_time: 0.0014  memory: 450  
2026/04/19 11:15:47 - mmengine - INFO - Epoch(test) [  950/11987]    eta: 0:05:00  time: 0.0260  data_time: 0.0013  memory: 456  
2026/04/19 11:15:48 - mmengine - INFO - Epoch(test) [ 1000/11987]    eta: 0:04:58  time: 0.0248  data_time: 0.0013  memory: 436  
2026/04/19 11:15:49 - mmengine - INFO - Epoch(test) [ 1050/11987]    eta: 0:04:55  time: 0.0248  data_time: 0.0013  memory: 430  
2026/04/19 11:15:51 - mmengine - INFO - Epoch(test) [ 1100/11987]    eta: 0:04:54  time: 0.0277  data_time: 0.0017  memory: 464  
2026/04/19 11:15:52 - mmengine - INFO - Epoch(test) [ 1150/11987]    eta: 0:04:52  time: 0.0263  data_time: 0.0014  memory: 450  
2026/04/19 11:15:53 - mmengine - INFO - Epoch(test) [ 1200/11987]    eta: 0:04:50  time: 0.0255  data_time: 0.0014  memory: 464  
2026/04/19 11:15:54 - mmengine - INFO - Epoch(test) [ 1250/11987]    eta: 0:04:49  time: 0.0261  data_time: 0.0015  memory: 456  
2026/04/19 11:15:56 - mmengine - INFO - Epoch(test) [ 1300/11987]    eta: 0:04:47  time: 0.0259  data_time: 0.0014  memory: 450  
2026/04/19 11:15:57 - mmengine - INFO - Epoch(test) [ 1350/11987]    eta: 0:04:48  time: 0.0325  data_time: 0.0020  memory: 464  
2026/04/19 11:16:00 - mmengine - INFO - Epoch(test) [ 1400/11987]    eta: 0:04:53  time: 0.0449  data_time: 0.0031  memory: 456  
2026/04/19 11:16:02 - mmengine - INFO - Epoch(test) [ 1450/11987]    eta: 0:05:01  time: 0.0526  data_time: 0.0018  memory: 430  
2026/04/19 11:16:04 - mmengine - INFO - Epoch(test) [ 1500/11987]    eta: 0:05:05  time: 0.0448  data_time: 0.0026  memory: 456  
2026/04/19 11:16:07 - mmengine - INFO - Epoch(test) [ 1550/11987]    eta: 0:05:09  time: 0.0453  data_time: 0.0031  memory: 450  
2026/04/19 11:16:09 - mmengine - INFO - Epoch(test) [ 1600/11987]    eta: 0:05:13  time: 0.0461  data_time: 0.0027  memory: 440  
2026/04/19 11:16:11 - mmengine - INFO - Epoch(test) [ 1650/11987]    eta: 0:05:16  time: 0.0457  data_time: 0.0025  memory: 464  
2026/04/19 11:16:14 - mmengine - INFO - Epoch(test) [ 1700/11987]    eta: 0:05:19  time: 0.0456  data_time: 0.0036  memory: 450  
2026/04/19 11:16:16 - mmengine - INFO - Epoch(test) [ 1750/11987]    eta: 0:05:22  time: 0.0462  data_time: 0.0017  memory: 456  
2026/04/19 11:16:18 - mmengine - INFO - Epoch(test) [ 1800/11987]    eta: 0:05:25  time: 0.0460  data_time: 0.0036  memory: 448  
2026/04/19 11:16:20 - mmengine - INFO - Epoch(test) [ 1850/11987]    eta: 0:05:27  time: 0.0454  data_time: 0.0032  memory: 464  
2026/04/19 11:16:23 - mmengine - INFO - Epoch(test) [ 1900/11987]    eta: 0:05:29  time: 0.0463  data_time: 0.0039  memory: 464  
2026/04/19 11:16:25 - mmengine - INFO - Epoch(test) [ 1950/11987]    eta: 0:05:31  time: 0.0475  data_time: 0.0040  memory: 456  
2026/04/19 11:16:27 - mmengine - INFO - Epoch(test) [ 2000/11987]    eta: 0:05:32  time: 0.0454  data_time: 0.0015  memory: 448  
2026/04/19 11:16:30 - mmengine - INFO - Epoch(test) [ 2050/11987]    eta: 0:05:34  time: 0.0463  data_time: 0.0015  memory: 430  
2026/04/19 11:16:32 - mmengine - INFO - Epoch(test) [ 2100/11987]    eta: 0:05:35  time: 0.0468  data_time: 0.0015  memory: 464  
2026/04/19 11:16:35 - mmengine - INFO - Epoch(test) [ 2150/11987]    eta: 0:05:39  time: 0.0553  data_time: 0.0015  memory: 456  
2026/04/19 11:16:37 - mmengine - INFO - Epoch(test) [ 2200/11987]    eta: 0:05:40  time: 0.0469  data_time: 0.0015  memory: 464  
2026/04/19 11:16:40 - mmengine - INFO - Epoch(test) [ 2250/11987]    eta: 0:05:40  time: 0.0463  data_time: 0.0039  memory: 430  
2026/04/19 11:16:42 - mmengine - INFO - Epoch(test) [ 2300/11987]    eta: 0:05:41  time: 0.0462  data_time: 0.0039  memory: 442  
2026/04/19 11:16:44 - mmengine - INFO - Epoch(test) [ 2350/11987]    eta: 0:05:42  time: 0.0473  data_time: 0.0038  memory: 464  
2026/04/19 11:16:47 - mmengine - INFO - Epoch(test) [ 2400/11987]    eta: 0:05:42  time: 0.0469  data_time: 0.0015  memory: 464  
2026/04/19 11:16:49 - mmengine - INFO - Epoch(test) [ 2450/11987]    eta: 0:05:42  time: 0.0458  data_time: 0.0034  memory: 430  
2026/04/19 11:16:51 - mmengine - INFO - Epoch(test) [ 2500/11987]    eta: 0:05:43  time: 0.0463  data_time: 0.0037  memory: 464  
2026/04/19 11:16:53 - mmengine - INFO - Epoch(test) [ 2550/11987]    eta: 0:05:43  time: 0.0466  data_time: 0.0028  memory: 442  
2026/04/19 11:16:56 - mmengine - INFO - Epoch(test) [ 2600/11987]    eta: 0:05:43  time: 0.0472  data_time: 0.0027  memory: 442  
2026/04/19 11:16:58 - mmengine - INFO - Epoch(test) [ 2650/11987]    eta: 0:05:43  time: 0.0462  data_time: 0.0035  memory: 450  
2026/04/19 11:17:01 - mmengine - INFO - Epoch(test) [ 2700/11987]    eta: 0:05:43  time: 0.0468  data_time: 0.0041  memory: 450  
2026/04/19 11:17:03 - mmengine - INFO - Epoch(test) [ 2750/11987]    eta: 0:05:42  time: 0.0470  data_time: 0.0039  memory: 464  
2026/04/19 11:17:05 - mmengine - INFO - Epoch(test) [ 2800/11987]    eta: 0:05:42  time: 0.0470  data_time: 0.0037  memory: 456  
2026/04/19 11:17:08 - mmengine - INFO - Epoch(test) [ 2850/11987]    eta: 0:05:43  time: 0.0544  data_time: 0.0037  memory: 456  
2026/04/19 11:17:10 - mmengine - INFO - Epoch(test) [ 2900/11987]    eta: 0:05:43  time: 0.0468  data_time: 0.0022  memory: 442  
2026/04/19 11:17:13 - mmengine - INFO - Epoch(test) [ 2950/11987]    eta: 0:05:42  time: 0.0471  data_time: 0.0031  memory: 464  
2026/04/19 11:17:15 - mmengine - INFO - Epoch(test) [ 3000/11987]    eta: 0:05:42  time: 0.0467  data_time: 0.0039  memory: 436  
2026/04/19 11:17:17 - mmengine - INFO - Epoch(test) [ 3050/11987]    eta: 0:05:41  time: 0.0464  data_time: 0.0037  memory: 450  
2026/04/19 11:17:19 - mmengine - INFO - Epoch(test) [ 3100/11987]    eta: 0:05:39  time: 0.0393  data_time: 0.0029  memory: 442  
2026/04/19 11:17:21 - mmengine - INFO - Epoch(test) [ 3150/11987]    eta: 0:05:35  time: 0.0259  data_time: 0.0014  memory: 464  
2026/04/19 11:17:22 - mmengine - INFO - Epoch(test) [ 3200/11987]    eta: 0:05:32  time: 0.0258  data_time: 0.0013  memory: 442  
2026/04/19 11:17:23 - mmengine - INFO - Epoch(test) [ 3250/11987]    eta: 0:05:28  time: 0.0256  data_time: 0.0013  memory: 450  
2026/04/19 11:17:24 - mmengine - INFO - Epoch(test) [ 3300/11987]    eta: 0:05:25  time: 0.0252  data_time: 0.0013  memory: 430  
2026/04/19 11:17:26 - mmengine - INFO - Epoch(test) [ 3350/11987]    eta: 0:05:21  time: 0.0257  data_time: 0.0013  memory: 456  
2026/04/19 11:17:27 - mmengine - INFO - Epoch(test) [ 3400/11987]    eta: 0:05:18  time: 0.0256  data_time: 0.0013  memory: 464  
2026/04/19 11:17:28 - mmengine - INFO - Epoch(test) [ 3450/11987]    eta: 0:05:15  time: 0.0256  data_time: 0.0013  memory: 430  
2026/04/19 11:17:30 - mmengine - INFO - Epoch(test) [ 3500/11987]    eta: 0:05:12  time: 0.0257  data_time: 0.0013  memory: 450  
2026/04/19 11:17:31 - mmengine - INFO - Epoch(test) [ 3550/11987]    eta: 0:05:08  time: 0.0255  data_time: 0.0014  memory: 430  
2026/04/19 11:17:32 - mmengine - INFO - Epoch(test) [ 3600/11987]    eta: 0:05:05  time: 0.0259  data_time: 0.0013  memory: 450  
2026/04/19 11:17:33 - mmengine - INFO - Epoch(test) [ 3650/11987]    eta: 0:05:02  time: 0.0274  data_time: 0.0014  memory: 464  
2026/04/19 11:17:35 - mmengine - INFO - Epoch(test) [ 3700/11987]    eta: 0:05:00  time: 0.0266  data_time: 0.0017  memory: 464  
2026/04/19 11:17:36 - mmengine - INFO - Epoch(test) [ 3750/11987]    eta: 0:04:57  time: 0.0259  data_time: 0.0014  memory: 442  
2026/04/19 11:17:37 - mmengine - INFO - Epoch(test) [ 3800/11987]    eta: 0:04:54  time: 0.0260  data_time: 0.0015  memory: 450  
2026/04/19 11:17:39 - mmengine - INFO - Epoch(test) [ 3850/11987]    eta: 0:04:52  time: 0.0348  data_time: 0.0014  memory: 448  
2026/04/19 11:17:41 - mmengine - INFO - Epoch(test) [ 3900/11987]    eta: 0:04:50  time: 0.0327  data_time: 0.0020  memory: 450  
2026/04/19 11:17:43 - mmengine - INFO - Epoch(test) [ 3950/11987]    eta: 0:04:49  time: 0.0448  data_time: 0.0037  memory: 448  
2026/04/19 11:17:45 - mmengine - INFO - Epoch(test) [ 4000/11987]    eta: 0:04:48  time: 0.0456  data_time: 0.0029  memory: 464  
2026/04/19 11:17:48 - mmengine - INFO - Epoch(test) [ 4050/11987]    eta: 0:04:47  time: 0.0451  data_time: 0.0023  memory: 450  
2026/04/19 11:17:50 - mmengine - INFO - Epoch(test) [ 4100/11987]    eta: 0:04:46  time: 0.0443  data_time: 0.0033  memory: 442  
2026/04/19 11:17:52 - mmengine - INFO - Epoch(test) [ 4150/11987]    eta: 0:04:45  time: 0.0461  data_time: 0.0039  memory: 430  
2026/04/19 11:17:54 - mmengine - INFO - Epoch(test) [ 4200/11987]    eta: 0:04:44  time: 0.0461  data_time: 0.0037  memory: 464  
2026/04/19 11:17:57 - mmengine - INFO - Epoch(test) [ 4250/11987]    eta: 0:04:43  time: 0.0456  data_time: 0.0031  memory: 464  
2026/04/19 11:17:59 - mmengine - INFO - Epoch(test) [ 4300/11987]    eta: 0:04:42  time: 0.0455  data_time: 0.0037  memory: 464  
2026/04/19 11:18:01 - mmengine - INFO - Epoch(test) [ 4350/11987]    eta: 0:04:41  time: 0.0472  data_time: 0.0028  memory: 464  
2026/04/19 11:18:04 - mmengine - INFO - Epoch(test) [ 4400/11987]    eta: 0:04:40  time: 0.0457  data_time: 0.0015  memory: 436  
2026/04/19 11:18:06 - mmengine - INFO - Epoch(test) [ 4450/11987]    eta: 0:04:39  time: 0.0464  data_time: 0.0035  memory: 464  
2026/04/19 11:18:08 - mmengine - INFO - Epoch(test) [ 4500/11987]    eta: 0:04:38  time: 0.0465  data_time: 0.0038  memory: 448  
2026/04/19 11:18:11 - mmengine - INFO - Epoch(test) [ 4550/11987]    eta: 0:04:37  time: 0.0457  data_time: 0.0040  memory: 450  
2026/04/19 11:18:13 - mmengine - INFO - Epoch(test) [ 4600/11987]    eta: 0:04:36  time: 0.0553  data_time: 0.0038  memory: 464  
2026/04/19 11:18:16 - mmengine - INFO - Epoch(test) [ 4650/11987]    eta: 0:04:35  time: 0.0468  data_time: 0.0041  memory: 456  
2026/04/19 11:18:18 - mmengine - INFO - Epoch(test) [ 4700/11987]    eta: 0:04:34  time: 0.0471  data_time: 0.0025  memory: 464  
2026/04/19 11:18:20 - mmengine - INFO - Epoch(test) [ 4750/11987]    eta: 0:04:33  time: 0.0472  data_time: 0.0029  memory: 430  
2026/04/19 11:18:23 - mmengine - INFO - Epoch(test) [ 4800/11987]    eta: 0:04:32  time: 0.0463  data_time: 0.0041  memory: 440  
2026/04/19 11:18:25 - mmengine - INFO - Epoch(test) [ 4850/11987]    eta: 0:04:30  time: 0.0460  data_time: 0.0039  memory: 450  
2026/04/19 11:18:27 - mmengine - INFO - Epoch(test) [ 4900/11987]    eta: 0:04:29  time: 0.0467  data_time: 0.0040  memory: 448  
2026/04/19 11:18:30 - mmengine - INFO - Epoch(test) [ 4950/11987]    eta: 0:04:28  time: 0.0469  data_time: 0.0038  memory: 456  
2026/04/19 11:18:32 - mmengine - INFO - Epoch(test) [ 5000/11987]    eta: 0:04:27  time: 0.0470  data_time: 0.0028  memory: 450  
2026/04/19 11:18:34 - mmengine - INFO - Epoch(test) [ 5050/11987]    eta: 0:04:25  time: 0.0466  data_time: 0.0040  memory: 456  
2026/04/19 11:18:37 - mmengine - INFO - Epoch(test) [ 5100/11987]    eta: 0:04:24  time: 0.0465  data_time: 0.0037  memory: 464  
2026/04/19 11:18:39 - mmengine - INFO - Epoch(test) [ 5150/11987]    eta: 0:04:23  time: 0.0471  data_time: 0.0037  memory: 464  
2026/04/19 11:18:41 - mmengine - INFO - Epoch(test) [ 5200/11987]    eta: 0:04:21  time: 0.0466  data_time: 0.0037  memory: 448  
2026/04/19 11:18:44 - mmengine - INFO - Epoch(test) [ 5250/11987]    eta: 0:04:20  time: 0.0471  data_time: 0.0029  memory: 464  
2026/04/19 11:18:46 - mmengine - INFO - Epoch(test) [ 5300/11987]    eta: 0:04:19  time: 0.0551  data_time: 0.0039  memory: 448  
2026/04/19 11:18:49 - mmengine - INFO - Epoch(test) [ 5350/11987]    eta: 0:04:17  time: 0.0469  data_time: 0.0040  memory: 456  
2026/04/19 11:18:51 - mmengine - INFO - Epoch(test) [ 5400/11987]    eta: 0:04:16  time: 0.0466  data_time: 0.0033  memory: 448  
2026/04/19 11:18:53 - mmengine - INFO - Epoch(test) [ 5450/11987]    eta: 0:04:14  time: 0.0466  data_time: 0.0040  memory: 464  
2026/04/19 11:18:56 - mmengine - INFO - Epoch(test) [ 5500/11987]    eta: 0:04:13  time: 0.0467  data_time: 0.0040  memory: 464  
2026/04/19 11:18:58 - mmengine - INFO - Epoch(test) [ 5550/11987]    eta: 0:04:11  time: 0.0467  data_time: 0.0040  memory: 464  
2026/04/19 11:19:00 - mmengine - INFO - Epoch(test) [ 5600/11987]    eta: 0:04:10  time: 0.0464  data_time: 0.0024  memory: 448  
2026/04/19 11:19:03 - mmengine - INFO - Epoch(test) [ 5650/11987]    eta: 0:04:08  time: 0.0421  data_time: 0.0034  memory: 442  
2026/04/19 11:19:04 - mmengine - INFO - Epoch(test) [ 5700/11987]    eta: 0:04:05  time: 0.0261  data_time: 0.0014  memory: 442  
2026/04/19 11:19:05 - mmengine - INFO - Epoch(test) [ 5750/11987]    eta: 0:04:03  time: 0.0257  data_time: 0.0014  memory: 448  
2026/04/19 11:19:06 - mmengine - INFO - Epoch(test) [ 5800/11987]    eta: 0:04:00  time: 0.0257  data_time: 0.0014  memory: 456  
2026/04/19 11:19:08 - mmengine - INFO - Epoch(test) [ 5850/11987]    eta: 0:03:57  time: 0.0257  data_time: 0.0014  memory: 456  
2026/04/19 11:19:09 - mmengine - INFO - Epoch(test) [ 5900/11987]    eta: 0:03:55  time: 0.0267  data_time: 0.0013  memory: 456  
2026/04/19 11:19:10 - mmengine - INFO - Epoch(test) [ 5950/11987]    eta: 0:03:52  time: 0.0256  data_time: 0.0014  memory: 450  
2026/04/19 11:19:12 - mmengine - INFO - Epoch(test) [ 6000/11987]    eta: 0:03:50  time: 0.0256  data_time: 0.0013  memory: 464  
2026/04/19 11:19:13 - mmengine - INFO - Epoch(test) [ 6050/11987]    eta: 0:03:47  time: 0.0255  data_time: 0.0013  memory: 456  
2026/04/19 11:19:14 - mmengine - INFO - Epoch(test) [ 6100/11987]    eta: 0:03:45  time: 0.0257  data_time: 0.0014  memory: 464  
2026/04/19 11:19:15 - mmengine - INFO - Epoch(test) [ 6150/11987]    eta: 0:03:42  time: 0.0258  data_time: 0.0014  memory: 464  
2026/04/19 11:19:17 - mmengine - INFO - Epoch(test) [ 6200/11987]    eta: 0:03:40  time: 0.0343  data_time: 0.0014  memory: 442  
2026/04/19 11:19:19 - mmengine - INFO - Epoch(test) [ 6250/11987]    eta: 0:03:38  time: 0.0264  data_time: 0.0014  memory: 464  
2026/04/19 11:19:20 - mmengine - INFO - Epoch(test) [ 6300/11987]    eta: 0:03:35  time: 0.0255  data_time: 0.0013  memory: 450  
2026/04/19 11:19:21 - mmengine - INFO - Epoch(test) [ 6350/11987]    eta: 0:03:33  time: 0.0258  data_time: 0.0013  memory: 450  
2026/04/19 11:19:22 - mmengine - INFO - Epoch(test) [ 6400/11987]    eta: 0:03:30  time: 0.0256  data_time: 0.0014  memory: 448  
2026/04/19 11:19:24 - mmengine - INFO - Epoch(test) [ 6450/11987]    eta: 0:03:28  time: 0.0256  data_time: 0.0014  memory: 448  
2026/04/19 11:19:25 - mmengine - INFO - Epoch(test) [ 6500/11987]    eta: 0:03:25  time: 0.0254  data_time: 0.0013  memory: 450  
2026/04/19 11:19:26 - mmengine - INFO - Epoch(test) [ 6550/11987]    eta: 0:03:23  time: 0.0255  data_time: 0.0013  memory: 442  
2026/04/19 11:19:28 - mmengine - INFO - Epoch(test) [ 6600/11987]    eta: 0:03:21  time: 0.0258  data_time: 0.0014  memory: 464  
2026/04/19 11:19:29 - mmengine - INFO - Epoch(test) [ 6650/11987]    eta: 0:03:18  time: 0.0255  data_time: 0.0013  memory: 442  
2026/04/19 11:19:30 - mmengine - INFO - Epoch(test) [ 6700/11987]    eta: 0:03:16  time: 0.0262  data_time: 0.0013  memory: 450  
2026/04/19 11:19:31 - mmengine - INFO - Epoch(test) [ 6750/11987]    eta: 0:03:14  time: 0.0256  data_time: 0.0013  memory: 450  
2026/04/19 11:19:33 - mmengine - INFO - Epoch(test) [ 6800/11987]    eta: 0:03:12  time: 0.0255  data_time: 0.0013  memory: 448  
2026/04/19 11:19:34 - mmengine - INFO - Epoch(test) [ 6850/11987]    eta: 0:03:09  time: 0.0252  data_time: 0.0013  memory: 464  
2026/04/19 11:19:35 - mmengine - INFO - Epoch(test) [ 6900/11987]    eta: 0:03:07  time: 0.0258  data_time: 0.0014  memory: 456  
2026/04/19 11:19:36 - mmengine - INFO - Epoch(test) [ 6950/11987]    eta: 0:03:05  time: 0.0248  data_time: 0.0013  memory: 456  
2026/04/19 11:19:38 - mmengine - INFO - Epoch(test) [ 7000/11987]    eta: 0:03:02  time: 0.0238  data_time: 0.0013  memory: 464  
2026/04/19 11:19:39 - mmengine - INFO - Epoch(test) [ 7050/11987]    eta: 0:03:00  time: 0.0245  data_time: 0.0013  memory: 456  
2026/04/19 11:19:40 - mmengine - INFO - Epoch(test) [ 7100/11987]    eta: 0:02:58  time: 0.0254  data_time: 0.0013  memory: 448  
2026/04/19 11:19:41 - mmengine - INFO - Epoch(test) [ 7150/11987]    eta: 0:02:56  time: 0.0255  data_time: 0.0013  memory: 456  
2026/04/19 11:19:43 - mmengine - INFO - Epoch(test) [ 7200/11987]    eta: 0:02:54  time: 0.0256  data_time: 0.0013  memory: 450  
2026/04/19 11:19:44 - mmengine - INFO - Epoch(test) [ 7250/11987]    eta: 0:02:51  time: 0.0256  data_time: 0.0013  memory: 456  
2026/04/19 11:19:45 - mmengine - INFO - Epoch(test) [ 7300/11987]    eta: 0:02:49  time: 0.0258  data_time: 0.0013  memory: 448  
2026/04/19 11:19:47 - mmengine - INFO - Epoch(test) [ 7350/11987]    eta: 0:02:47  time: 0.0255  data_time: 0.0013  memory: 442  
2026/04/19 11:19:48 - mmengine - INFO - Epoch(test) [ 7400/11987]    eta: 0:02:45  time: 0.0257  data_time: 0.0013  memory: 448  
2026/04/19 11:19:49 - mmengine - INFO - Epoch(test) [ 7450/11987]    eta: 0:02:43  time: 0.0255  data_time: 0.0013  memory: 442  
2026/04/19 11:19:51 - mmengine - INFO - Epoch(test) [ 7500/11987]    eta: 0:02:41  time: 0.0374  data_time: 0.0013  memory: 464  
2026/04/19 11:19:52 - mmengine - INFO - Epoch(test) [ 7550/11987]    eta: 0:02:39  time: 0.0257  data_time: 0.0013  memory: 464  
2026/04/19 11:19:54 - mmengine - INFO - Epoch(test) [ 7600/11987]    eta: 0:02:37  time: 0.0257  data_time: 0.0014  memory: 450  
2026/04/19 11:19:55 - mmengine - INFO - Epoch(test) [ 7650/11987]    eta: 0:02:35  time: 0.0253  data_time: 0.0014  memory: 436  
2026/04/19 11:19:56 - mmengine - INFO - Epoch(test) [ 7700/11987]    eta: 0:02:33  time: 0.0258  data_time: 0.0014  memory: 430  
2026/04/19 11:19:57 - mmengine - INFO - Epoch(test) [ 7750/11987]    eta: 0:02:31  time: 0.0255  data_time: 0.0013  memory: 448  
2026/04/19 11:19:59 - mmengine - INFO - Epoch(test) [ 7800/11987]    eta: 0:02:29  time: 0.0256  data_time: 0.0014  memory: 450  
2026/04/19 11:20:00 - mmengine - INFO - Epoch(test) [ 7850/11987]    eta: 0:02:27  time: 0.0253  data_time: 0.0014  memory: 448  
2026/04/19 11:20:01 - mmengine - INFO - Epoch(test) [ 7900/11987]    eta: 0:02:24  time: 0.0255  data_time: 0.0013  memory: 464  
2026/04/19 11:20:03 - mmengine - INFO - Epoch(test) [ 7950/11987]    eta: 0:02:22  time: 0.0259  data_time: 0.0013  memory: 456  
2026/04/19 11:20:04 - mmengine - INFO - Epoch(test) [ 8000/11987]    eta: 0:02:20  time: 0.0256  data_time: 0.0013  memory: 464  
2026/04/19 11:20:05 - mmengine - INFO - Epoch(test) [ 8050/11987]    eta: 0:02:18  time: 0.0255  data_time: 0.0013  memory: 430  
2026/04/19 11:20:06 - mmengine - INFO - Epoch(test) [ 8100/11987]    eta: 0:02:16  time: 0.0254  data_time: 0.0013  memory: 442  
2026/04/19 11:20:08 - mmengine - INFO - Epoch(test) [ 8150/11987]    eta: 0:02:14  time: 0.0254  data_time: 0.0013  memory: 448  
2026/04/19 11:20:09 - mmengine - INFO - Epoch(test) [ 8200/11987]    eta: 0:02:12  time: 0.0256  data_time: 0.0013  memory: 464  
2026/04/19 11:20:10 - mmengine - INFO - Epoch(test) [ 8250/11987]    eta: 0:02:11  time: 0.0257  data_time: 0.0013  memory: 464  
2026/04/19 11:20:11 - mmengine - INFO - Epoch(test) [ 8300/11987]    eta: 0:02:09  time: 0.0251  data_time: 0.0013  memory: 456  
2026/04/19 11:20:13 - mmengine - INFO - Epoch(test) [ 8350/11987]    eta: 0:02:07  time: 0.0254  data_time: 0.0013  memory: 442  
2026/04/19 11:20:14 - mmengine - INFO - Epoch(test) [ 8400/11987]    eta: 0:02:05  time: 0.0259  data_time: 0.0014  memory: 464  
2026/04/19 11:20:15 - mmengine - INFO - Epoch(test) [ 8450/11987]    eta: 0:02:03  time: 0.0257  data_time: 0.0014  memory: 450  
2026/04/19 11:20:17 - mmengine - INFO - Epoch(test) [ 8500/11987]    eta: 0:02:01  time: 0.0258  data_time: 0.0014  memory: 456  
2026/04/19 11:20:18 - mmengine - INFO - Epoch(test) [ 8550/11987]    eta: 0:01:59  time: 0.0262  data_time: 0.0014  memory: 464  
2026/04/19 11:20:19 - mmengine - INFO - Epoch(test) [ 8600/11987]    eta: 0:01:57  time: 0.0260  data_time: 0.0014  memory: 464  
2026/04/19 11:20:20 - mmengine - INFO - Epoch(test) [ 8650/11987]    eta: 0:01:55  time: 0.0254  data_time: 0.0013  memory: 456  
2026/04/19 11:20:22 - mmengine - INFO - Epoch(test) [ 8700/11987]    eta: 0:01:53  time: 0.0254  data_time: 0.0013  memory: 448  
2026/04/19 11:20:23 - mmengine - INFO - Epoch(test) [ 8750/11987]    eta: 0:01:51  time: 0.0341  data_time: 0.0014  memory: 464  
2026/04/19 11:20:25 - mmengine - INFO - Epoch(test) [ 8800/11987]    eta: 0:01:50  time: 0.0260  data_time: 0.0014  memory: 464  
2026/04/19 11:20:26 - mmengine - INFO - Epoch(test) [ 8850/11987]    eta: 0:01:48  time: 0.0259  data_time: 0.0013  memory: 464  
2026/04/19 11:20:27 - mmengine - INFO - Epoch(test) [ 8900/11987]    eta: 0:01:46  time: 0.0260  data_time: 0.0013  memory: 456  
2026/04/19 11:20:29 - mmengine - INFO - Epoch(test) [ 8950/11987]    eta: 0:01:44  time: 0.0258  data_time: 0.0013  memory: 464  
2026/04/19 11:20:30 - mmengine - INFO - Epoch(test) [ 9000/11987]    eta: 0:01:42  time: 0.0258  data_time: 0.0014  memory: 464  
2026/04/19 11:20:31 - mmengine - INFO - Epoch(test) [ 9050/11987]    eta: 0:01:40  time: 0.0255  data_time: 0.0014  memory: 450  
2026/04/19 11:20:33 - mmengine - INFO - Epoch(test) [ 9100/11987]    eta: 0:01:38  time: 0.0256  data_time: 0.0013  memory: 456  
2026/04/19 11:20:34 - mmengine - INFO - Epoch(test) [ 9150/11987]    eta: 0:01:36  time: 0.0255  data_time: 0.0013  memory: 430  
2026/04/19 11:20:35 - mmengine - INFO - Epoch(test) [ 9200/11987]    eta: 0:01:35  time: 0.0257  data_time: 0.0013  memory: 464  
2026/04/19 11:20:36 - mmengine - INFO - Epoch(test) [ 9250/11987]    eta: 0:01:33  time: 0.0256  data_time: 0.0013  memory: 448  
2026/04/19 11:20:38 - mmengine - INFO - Epoch(test) [ 9300/11987]    eta: 0:01:31  time: 0.0258  data_time: 0.0014  memory: 464  
2026/04/19 11:20:39 - mmengine - INFO - Epoch(test) [ 9350/11987]    eta: 0:01:29  time: 0.0257  data_time: 0.0013  memory: 464  
2026/04/19 11:20:40 - mmengine - INFO - Epoch(test) [ 9400/11987]    eta: 0:01:27  time: 0.0269  data_time: 0.0015  memory: 456  
2026/04/19 11:20:42 - mmengine - INFO - Epoch(test) [ 9450/11987]    eta: 0:01:26  time: 0.0253  data_time: 0.0013  memory: 464  
2026/04/19 11:20:43 - mmengine - INFO - Epoch(test) [ 9500/11987]    eta: 0:01:24  time: 0.0256  data_time: 0.0014  memory: 450  
2026/04/19 11:20:44 - mmengine - INFO - Epoch(test) [ 9550/11987]    eta: 0:01:22  time: 0.0255  data_time: 0.0013  memory: 448  
2026/04/19 11:20:45 - mmengine - INFO - Epoch(test) [ 9600/11987]    eta: 0:01:20  time: 0.0257  data_time: 0.0013  memory: 456  
2026/04/19 11:20:47 - mmengine - INFO - Epoch(test) [ 9650/11987]    eta: 0:01:18  time: 0.0256  data_time: 0.0013  memory: 450  
2026/04/19 11:20:48 - mmengine - INFO - Epoch(test) [ 9700/11987]    eta: 0:01:17  time: 0.0254  data_time: 0.0014  memory: 448  
2026/04/19 11:20:49 - mmengine - INFO - Epoch(test) [ 9750/11987]    eta: 0:01:15  time: 0.0256  data_time: 0.0013  memory: 456  
2026/04/19 11:20:51 - mmengine - INFO - Epoch(test) [ 9800/11987]    eta: 0:01:13  time: 0.0256  data_time: 0.0013  memory: 464  
2026/04/19 11:20:52 - mmengine - INFO - Epoch(test) [ 9850/11987]    eta: 0:01:11  time: 0.0261  data_time: 0.0014  memory: 464  
2026/04/19 11:20:53 - mmengine - INFO - Epoch(test) [ 9900/11987]    eta: 0:01:10  time: 0.0258  data_time: 0.0014  memory: 450  
2026/04/19 11:20:54 - mmengine - INFO - Epoch(test) [ 9950/11987]    eta: 0:01:08  time: 0.0256  data_time: 0.0014  memory: 442  
2026/04/19 11:20:56 - mmengine - INFO - Epoch(test) [10000/11987]    eta: 0:01:06  time: 0.0351  data_time: 0.0107  memory: 442  
2026/04/19 11:20:57 - mmengine - INFO - Epoch(test) [10050/11987]    eta: 0:01:04  time: 0.0254  data_time: 0.0013  memory: 448  
2026/04/19 11:20:59 - mmengine - INFO - Epoch(test) [10100/11987]    eta: 0:01:03  time: 0.0255  data_time: 0.0013  memory: 464  
2026/04/19 11:21:00 - mmengine - INFO - Epoch(test) [10150/11987]    eta: 0:01:01  time: 0.0255  data_time: 0.0013  memory: 450  
2026/04/19 11:21:01 - mmengine - INFO - Epoch(test) [10200/11987]    eta: 0:00:59  time: 0.0258  data_time: 0.0013  memory: 442  
2026/04/19 11:21:03 - mmengine - INFO - Epoch(test) [10250/11987]    eta: 0:00:57  time: 0.0274  data_time: 0.0013  memory: 442  
2026/04/19 11:21:04 - mmengine - INFO - Epoch(test) [10300/11987]    eta: 0:00:56  time: 0.0249  data_time: 0.0013  memory: 430  
2026/04/19 11:21:05 - mmengine - INFO - Epoch(test) [10350/11987]    eta: 0:00:54  time: 0.0256  data_time: 0.0013  memory: 450  
2026/04/19 11:21:06 - mmengine - INFO - Epoch(test) [10400/11987]    eta: 0:00:52  time: 0.0259  data_time: 0.0013  memory: 456  
2026/04/19 11:21:08 - mmengine - INFO - Epoch(test) [10450/11987]    eta: 0:00:50  time: 0.0254  data_time: 0.0013  memory: 436  
2026/04/19 11:21:09 - mmengine - INFO - Epoch(test) [10500/11987]    eta: 0:00:49  time: 0.0258  data_time: 0.0013  memory: 456  
2026/04/19 11:21:10 - mmengine - INFO - Epoch(test) [10550/11987]    eta: 0:00:47  time: 0.0257  data_time: 0.0013  memory: 456  
2026/04/19 11:21:12 - mmengine - INFO - Epoch(test) [10600/11987]    eta: 0:00:45  time: 0.0257  data_time: 0.0013  memory: 448  
2026/04/19 11:21:13 - mmengine - INFO - Epoch(test) [10650/11987]    eta: 0:00:44  time: 0.0258  data_time: 0.0013  memory: 430  
2026/04/19 11:21:14 - mmengine - INFO - Epoch(test) [10700/11987]    eta: 0:00:42  time: 0.0257  data_time: 0.0013  memory: 464  
2026/04/19 11:21:15 - mmengine - INFO - Epoch(test) [10750/11987]    eta: 0:00:40  time: 0.0256  data_time: 0.0013  memory: 464  
2026/04/19 11:21:17 - mmengine - INFO - Epoch(test) [10800/11987]    eta: 0:00:39  time: 0.0254  data_time: 0.0013  memory: 430  
2026/04/19 11:21:18 - mmengine - INFO - Epoch(test) [10850/11987]    eta: 0:00:37  time: 0.0259  data_time: 0.0015  memory: 442  
2026/04/19 11:21:19 - mmengine - INFO - Epoch(test) [10900/11987]    eta: 0:00:35  time: 0.0272  data_time: 0.0014  memory: 450  
2026/04/19 11:21:21 - mmengine - INFO - Epoch(test) [10950/11987]    eta: 0:00:34  time: 0.0262  data_time: 0.0014  memory: 430  
2026/04/19 11:21:22 - mmengine - INFO - Epoch(test) [11000/11987]    eta: 0:00:32  time: 0.0256  data_time: 0.0013  memory: 430  
2026/04/19 11:21:23 - mmengine - INFO - Epoch(test) [11050/11987]    eta: 0:00:30  time: 0.0258  data_time: 0.0013  memory: 464  
2026/04/19 11:21:25 - mmengine - INFO - Epoch(test) [11100/11987]    eta: 0:00:29  time: 0.0256  data_time: 0.0013  memory: 450  
2026/04/19 11:21:26 - mmengine - INFO - Epoch(test) [11150/11987]    eta: 0:00:27  time: 0.0255  data_time: 0.0013  memory: 464  
2026/04/19 11:21:27 - mmengine - INFO - Epoch(test) [11200/11987]    eta: 0:00:25  time: 0.0259  data_time: 0.0014  memory: 464  
2026/04/19 11:21:29 - mmengine - INFO - Epoch(test) [11250/11987]    eta: 0:00:24  time: 0.0347  data_time: 0.0014  memory: 456  
2026/04/19 11:21:30 - mmengine - INFO - Epoch(test) [11300/11987]    eta: 0:00:22  time: 0.0258  data_time: 0.0013  memory: 464  
2026/04/19 11:21:31 - mmengine - INFO - Epoch(test) [11350/11987]    eta: 0:00:20  time: 0.0253  data_time: 0.0013  memory: 442  
2026/04/19 11:21:33 - mmengine - INFO - Epoch(test) [11400/11987]    eta: 0:00:19  time: 0.0254  data_time: 0.0013  memory: 430  
2026/04/19 11:21:34 - mmengine - INFO - Epoch(test) [11450/11987]    eta: 0:00:17  time: 0.0254  data_time: 0.0013  memory: 456  
2026/04/19 11:21:35 - mmengine - INFO - Epoch(test) [11500/11987]    eta: 0:00:15  time: 0.0257  data_time: 0.0013  memory: 442  
2026/04/19 11:21:37 - mmengine - INFO - Epoch(test) [11550/11987]    eta: 0:00:14  time: 0.0255  data_time: 0.0013  memory: 456  
2026/04/19 11:21:38 - mmengine - INFO - Epoch(test) [11600/11987]    eta: 0:00:12  time: 0.0255  data_time: 0.0013  memory: 464  
2026/04/19 11:21:39 - mmengine - INFO - Epoch(test) [11650/11987]    eta: 0:00:10  time: 0.0253  data_time: 0.0013  memory: 464  
2026/04/19 11:21:40 - mmengine - INFO - Epoch(test) [11700/11987]    eta: 0:00:09  time: 0.0254  data_time: 0.0013  memory: 436  
2026/04/19 11:21:42 - mmengine - INFO - Epoch(test) [11750/11987]    eta: 0:00:07  time: 0.0254  data_time: 0.0014  memory: 450  
2026/04/19 11:21:43 - mmengine - INFO - Epoch(test) [11800/11987]    eta: 0:00:06  time: 0.0256  data_time: 0.0013  memory: 450  
2026/04/19 11:21:44 - mmengine - INFO - Epoch(test) [11850/11987]    eta: 0:00:04  time: 0.0259  data_time: 0.0013  memory: 464  
2026/04/19 11:21:45 - mmengine - INFO - Epoch(test) [11900/11987]    eta: 0:00:02  time: 0.0254  data_time: 0.0013  memory: 442  
2026/04/19 11:21:47 - mmengine - INFO - Epoch(test) [11950/11987]    eta: 0:00:01  time: 0.0253  data_time: 0.0014  memory: 448  
2026/04/19 11:21:50 - mmengine - INFO - Results are saved at data/VOCdevkit/VOC2012_coco/proposals/rpn_train.pkl
2026/04/19 11:21:50 - mmengine - INFO - Epoch(test) [11987/11987]    data_time: 0.0019  time: 0.0322
