2026/04/19 11:32:43 - mmengine - INFO - 
------------------------------------------------------------
System environment:
    sys.platform: linux
    Python: 3.8.20 (default, Oct  3 2024, 15:24:27) [GCC 11.2.0]
    CUDA available: True
    MUSA available: False
    numpy_random_seed: 253240050
    GPU 0,1: NVIDIA RTX A6000
    CUDA_HOME: /usr/local/cuda-12.1
    NVCC: Cuda compilation tools, release 12.1, V12.1.105
    GCC: gcc (Ubuntu 11.4.0-1ubuntu1~22.04.3) 11.4.0
    PyTorch: 2.1.0+cu121
    PyTorch compiling details: PyTorch built with:
  - GCC 9.3
  - C++ Version: 201703
  - Intel(R) oneAPI Math Kernel Library Version 2022.2-Product Build 20220804 for Intel(R) 64 architecture applications
  - Intel(R) MKL-DNN v3.1.1 (Git Hash 64f6bcbcbab628e96f33a62c3e975f8535a7bde4)
  - OpenMP 201511 (a.k.a. OpenMP 4.5)
  - LAPACK is enabled (usually provided by MKL)
  - NNPACK is enabled
  - CPU capability usage: AVX2
  - CUDA Runtime 12.1
  - NVCC architecture flags: -gencode;arch=compute_50,code=sm_50;-gencode;arch=compute_60,code=sm_60;-gencode;arch=compute_70,code=sm_70;-gencode;arch=compute_75,code=sm_75;-gencode;arch=compute_80,code=sm_80;-gencode;arch=compute_86,code=sm_86;-gencode;arch=compute_90,code=sm_90
  - CuDNN 8.9.2
  - Magma 2.6.1
  - Build settings: BLAS_INFO=mkl, BUILD_TYPE=Release, CUDA_VERSION=12.1, CUDNN_VERSION=8.9.2, CXX_COMPILER=/opt/rh/devtoolset-9/root/usr/bin/c++, CXX_FLAGS= -D_GLIBCXX_USE_CXX11_ABI=0 -fabi-version=11 -fvisibility-inlines-hidden -DUSE_PTHREADPOOL -DNDEBUG -DUSE_KINETO -DLIBKINETO_NOROCTRACER -DUSE_FBGEMM -DUSE_QNNPACK -DUSE_PYTORCH_QNNPACK -DUSE_XNNPACK -DSYMBOLICATE_MOBILE_DEBUG_HANDLE -O2 -fPIC -Wall -Wextra -Werror=return-type -Werror=non-virtual-dtor -Werror=bool-operation -Wnarrowing -Wno-missing-field-initializers -Wno-type-limits -Wno-array-bounds -Wno-unknown-pragmas -Wno-unused-parameter -Wno-unused-function -Wno-unused-result -Wno-strict-overflow -Wno-strict-aliasing -Wno-stringop-overflow -Wno-psabi -Wno-error=pedantic -Wno-error=old-style-cast -Wno-invalid-partial-specialization -Wno-unused-private-field -Wno-aligned-allocation-unavailable -Wno-missing-braces -fdiagnostics-color=always -faligned-new -Wno-unused-but-set-variable -Wno-maybe-uninitialized -fno-math-errno -fno-trapping-math -Werror=format -Werror=cast-function-type -Wno-stringop-overflow, LAPACK_INFO=mkl, PERF_WITH_AVX=1, PERF_WITH_AVX2=1, PERF_WITH_AVX512=1, TORCH_DISABLE_GPU_ASSERTS=ON, TORCH_VERSION=2.1.0, USE_CUDA=ON, USE_CUDNN=ON, USE_EXCEPTION_PTR=1, USE_GFLAGS=OFF, USE_GLOG=OFF, USE_MKL=ON, USE_MKLDNN=ON, USE_MPI=OFF, USE_NCCL=1, USE_NNPACK=ON, USE_OPENMP=ON, USE_ROCM=OFF, 

    TorchVision: 0.16.0+cu121
    OpenCV: 4.13.0
    MMEngine: 0.10.7

Runtime environment:
    cudnn_benchmark: False
    mp_cfg: {'mp_start_method': 'fork', 'opencv_num_threads': 0}
    dist_cfg: {'backend': 'nccl'}
    seed: 253240050
    Distributed launcher: none
    Distributed training: False
    GPU number: 1
------------------------------------------------------------

2026/04/19 11:32:43 - mmengine - INFO - Config:
auto_scale_lr = dict(base_batch_size=16, enable=False)
backend_args = None
classes = (
    'aeroplane',
    'bicycle',
    'bird',
    'boat',
    'bottle',
    'bus',
    'car',
    'cat',
    'chair',
    'cow',
    'diningtable',
    'dog',
    'horse',
    'motorbike',
    'person',
    'pottedplant',
    'sheep',
    'sofa',
    'train',
    'tvmonitor',
)
data_root = 'data/VOCdevkit/VOC2012_coco/'
dataset_type = 'CocoDataset'
default_hooks = dict(
    checkpoint=dict(interval=1, type='CheckpointHook'),
    logger=dict(interval=50, type='LoggerHook'),
    param_scheduler=dict(type='ParamSchedulerHook'),
    sampler_seed=dict(type='DistSamplerSeedHook'),
    timer=dict(type='IterTimerHook'),
    visualization=dict(type='DetVisualizationHook'))
default_scope = 'mmdet'
env_cfg = dict(
    cudnn_benchmark=False,
    dist_cfg=dict(backend='nccl'),
    mp_cfg=dict(mp_start_method='fork', opencv_num_threads=0))
launcher = 'none'
load_from = None
log_level = 'INFO'
log_processor = dict(by_epoch=True, type='LogProcessor', window_size=50)
metainfo = dict(
    classes=(
        'aeroplane',
        'bicycle',
        'bird',
        'boat',
        'bottle',
        'bus',
        'car',
        'cat',
        'chair',
        'cow',
        'diningtable',
        'dog',
        'horse',
        'motorbike',
        'person',
        'pottedplant',
        'sheep',
        'sofa',
        'train',
        'tvmonitor',
    ))
model = dict(
    backbone=dict(
        depth=50,
        frozen_stages=1,
        init_cfg=dict(checkpoint='torchvision://resnet50', type='Pretrained'),
        norm_cfg=dict(requires_grad=True, type='BN'),
        norm_eval=True,
        num_stages=4,
        out_indices=(
            0,
            1,
            2,
            3,
        ),
        style='pytorch',
        type='ResNet'),
    data_preprocessor=dict(
        bgr_to_rgb=True,
        mean=[
            123.675,
            116.28,
            103.53,
        ],
        pad_size_divisor=32,
        std=[
            58.395,
            57.12,
            57.375,
        ],
        type='DetDataPreprocessor'),
    neck=dict(
        in_channels=[
            256,
            512,
            1024,
            2048,
        ],
        num_outs=5,
        out_channels=256,
        type='FPN'),
    roi_head=dict(
        bbox_head=dict(
            bbox_coder=dict(
                target_means=[
                    0.0,
                    0.0,
                    0.0,
                    0.0,
                ],
                target_stds=[
                    0.1,
                    0.1,
                    0.2,
                    0.2,
                ],
                type='DeltaXYWHBBoxCoder'),
            fc_out_channels=1024,
            in_channels=256,
            loss_bbox=dict(loss_weight=1.0, type='L1Loss'),
            loss_cls=dict(
                loss_weight=1.0, type='CrossEntropyLoss', use_sigmoid=False),
            num_classes=20,
            reg_class_agnostic=False,
            roi_feat_size=7,
            type='Shared2FCBBoxHead'),
        bbox_roi_extractor=dict(
            featmap_strides=[
                4,
                8,
                16,
                32,
            ],
            out_channels=256,
            roi_layer=dict(output_size=7, sampling_ratio=0, type='RoIAlign'),
            type='SingleRoIExtractor'),
        type='StandardRoIHead'),
    test_cfg=dict(
        rcnn=dict(
            max_per_img=100,
            nms=dict(iou_threshold=0.5, type='nms'),
            score_thr=0.05)),
    train_cfg=dict(
        rcnn=dict(
            assigner=dict(
                ignore_iof_thr=-1,
                match_low_quality=False,
                min_pos_iou=0.5,
                neg_iou_thr=0.5,
                pos_iou_thr=0.5,
                type='MaxIoUAssigner'),
            debug=False,
            pos_weight=-1,
            sampler=dict(
                add_gt_as_proposals=True,
                neg_pos_ub=-1,
                num=512,
                pos_fraction=0.25,
                type='RandomSampler'))),
    type='FastRCNN')
optim_wrapper = dict(
    optimizer=dict(lr=0.02, momentum=0.9, type='SGD', weight_decay=0.0001),
    type='OptimWrapper')
param_scheduler = [
    dict(
        begin=0, by_epoch=False, end=500, start_factor=0.001, type='LinearLR'),
    dict(
        begin=0,
        by_epoch=True,
        end=12,
        gamma=0.1,
        milestones=[
            8,
            11,
        ],
        type='MultiStepLR'),
]
resume = False
test_cfg = dict(type='TestLoop')
test_dataloader = dict(
    batch_size=1,
    dataset=dict(
        ann_file='annotations/instances_test.json',
        backend_args=None,
        data_prefix=dict(img='test/'),
        data_root='data/VOCdevkit/VOC2012_coco/',
        metainfo=dict(
            classes=(
                'aeroplane',
                'bicycle',
                'bird',
                'boat',
                'bottle',
                'bus',
                'car',
                'cat',
                'chair',
                'cow',
                'diningtable',
                'dog',
                'horse',
                'motorbike',
                'person',
                'pottedplant',
                'sheep',
                'sofa',
                'train',
                'tvmonitor',
            )),
        pipeline=[
            dict(backend_args=None, type='LoadImageFromFile'),
            dict(num_max_proposals=None, type='LoadProposals'),
            dict(
                transforms=[
                    dict(keep_ratio=True, scale=(
                        1333,
                        800,
                    ), type='Resize'),
                ],
                type='ProposalBroadcaster'),
            dict(
                meta_keys=(
                    'img_id',
                    'img_path',
                    'ori_shape',
                    'img_shape',
                    'scale_factor',
                ),
                type='PackDetInputs'),
        ],
        proposal_file='proposals/rpn_test.pkl',
        test_mode=True,
        type='CocoDataset'),
    drop_last=False,
    num_workers=2,
    persistent_workers=True,
    sampler=dict(shuffle=False, type='DefaultSampler'))
test_evaluator = dict(
    ann_file='data/VOCdevkit/VOC2012_coco/annotations/instances_test.json',
    backend_args=None,
    format_only=False,
    metric='bbox',
    type='CocoMetric')
test_pipeline = [
    dict(backend_args=None, type='LoadImageFromFile'),
    dict(num_max_proposals=None, type='LoadProposals'),
    dict(
        transforms=[
            dict(keep_ratio=True, scale=(
                1333,
                800,
            ), type='Resize'),
        ],
        type='ProposalBroadcaster'),
    dict(
        meta_keys=(
            'img_id',
            'img_path',
            'ori_shape',
            'img_shape',
            'scale_factor',
        ),
        type='PackDetInputs'),
]
train_cfg = dict(max_epochs=12, type='EpochBasedTrainLoop', val_interval=100)
train_dataloader = dict(
    batch_sampler=dict(type='AspectRatioBatchSampler'),
    batch_size=16,
    dataset=dict(
        ann_file='annotations/instances_train.json',
        backend_args=None,
        data_prefix=dict(img='train/'),
        data_root='data/VOCdevkit/VOC2012_coco/',
        filter_cfg=dict(filter_empty_gt=True, min_size=32),
        metainfo=dict(
            classes=(
                'aeroplane',
                'bicycle',
                'bird',
                'boat',
                'bottle',
                'bus',
                'car',
                'cat',
                'chair',
                'cow',
                'diningtable',
                'dog',
                'horse',
                'motorbike',
                'person',
                'pottedplant',
                'sheep',
                'sofa',
                'train',
                'tvmonitor',
            )),
        pipeline=[
            dict(backend_args=None, type='LoadImageFromFile'),
            dict(num_max_proposals=2000, type='LoadProposals'),
            dict(type='LoadAnnotations', with_bbox=True),
            dict(
                transforms=[
                    dict(keep_ratio=True, scale=(
                        1333,
                        800,
                    ), type='Resize'),
                    dict(prob=0.5, type='RandomFlip'),
                ],
                type='ProposalBroadcaster'),
            dict(type='PackDetInputs'),
        ],
        proposal_file='proposals/rpn_train.pkl',
        type='CocoDataset'),
    num_workers=2,
    persistent_workers=True,
    sampler=dict(shuffle=True, type='DefaultSampler'))
train_pipeline = [
    dict(backend_args=None, type='LoadImageFromFile'),
    dict(num_max_proposals=2000, type='LoadProposals'),
    dict(type='LoadAnnotations', with_bbox=True),
    dict(
        transforms=[
            dict(keep_ratio=True, scale=(
                1333,
                800,
            ), type='Resize'),
            dict(prob=0.5, type='RandomFlip'),
        ],
        type='ProposalBroadcaster'),
    dict(type='PackDetInputs'),
]
val_cfg = dict(type='ValLoop')
val_dataloader = dict(
    batch_size=1,
    dataset=dict(
        ann_file='annotations/instances_val.json',
        backend_args=None,
        data_prefix=dict(img='val/'),
        data_root='data/VOCdevkit/VOC2012_coco/',
        metainfo=dict(
            classes=(
                'aeroplane',
                'bicycle',
                'bird',
                'boat',
                'bottle',
                'bus',
                'car',
                'cat',
                'chair',
                'cow',
                'diningtable',
                'dog',
                'horse',
                'motorbike',
                'person',
                'pottedplant',
                'sheep',
                'sofa',
                'train',
                'tvmonitor',
            )),
        pipeline=[
            dict(backend_args=None, type='LoadImageFromFile'),
            dict(num_max_proposals=None, type='LoadProposals'),
            dict(
                transforms=[
                    dict(keep_ratio=True, scale=(
                        1333,
                        800,
                    ), type='Resize'),
                ],
                type='ProposalBroadcaster'),
            dict(
                meta_keys=(
                    'img_id',
                    'img_path',
                    'ori_shape',
                    'img_shape',
                    'scale_factor',
                ),
                type='PackDetInputs'),
        ],
        proposal_file='proposals/rpn_val.pkl',
        test_mode=True,
        type='CocoDataset'),
    drop_last=False,
    num_workers=2,
    persistent_workers=True,
    sampler=dict(shuffle=False, type='DefaultSampler'))
val_evaluator = dict(
    ann_file='data/VOCdevkit/VOC2012_coco/annotations/instances_val.json',
    backend_args=None,
    format_only=False,
    metric='bbox',
    type='CocoMetric')
vis_backends = [
    dict(type='LocalVisBackend'),
]
visualizer = dict(
    name='visualizer',
    type='DetLocalVisualizer',
    vis_backends=[
        dict(type='LocalVisBackend'),
    ])
work_dir = 'work_dirs/fast_rcnn_r50_fpn_1x_voc2012_coco_bs16'

2026/04/19 11:32:45 - mmengine - INFO - Distributed training is not used, all SyncBatchNorm (SyncBN) layers in the model will be automatically reverted to BatchNormXd layers if they are used.
2026/04/19 11:32:45 - mmengine - INFO - Hooks will be executed in the following order:
before_run:
(VERY_HIGH   ) RuntimeInfoHook                    
(BELOW_NORMAL) LoggerHook                         
 -------------------- 
before_train:
(VERY_HIGH   ) RuntimeInfoHook                    
(NORMAL      ) IterTimerHook                      
(VERY_LOW    ) CheckpointHook                     
 -------------------- 
before_train_epoch:
(VERY_HIGH   ) RuntimeInfoHook                    
(NORMAL      ) IterTimerHook                      
(NORMAL      ) DistSamplerSeedHook                
 -------------------- 
before_train_iter:
(VERY_HIGH   ) RuntimeInfoHook                    
(NORMAL      ) IterTimerHook                      
 -------------------- 
after_train_iter:
(VERY_HIGH   ) RuntimeInfoHook                    
(NORMAL      ) IterTimerHook                      
(BELOW_NORMAL) LoggerHook                         
(LOW         ) ParamSchedulerHook                 
(VERY_LOW    ) CheckpointHook                     
 -------------------- 
after_train_epoch:
(NORMAL      ) IterTimerHook                      
(LOW         ) ParamSchedulerHook                 
(VERY_LOW    ) CheckpointHook                     
 -------------------- 
before_val:
(VERY_HIGH   ) RuntimeInfoHook                    
 -------------------- 
before_val_epoch:
(NORMAL      ) IterTimerHook                      
 -------------------- 
before_val_iter:
(NORMAL      ) IterTimerHook                      
 -------------------- 
after_val_iter:
(NORMAL      ) IterTimerHook                      
(NORMAL      ) DetVisualizationHook               
(BELOW_NORMAL) LoggerHook                         
 -------------------- 
after_val_epoch:
(VERY_HIGH   ) RuntimeInfoHook                    
(NORMAL      ) IterTimerHook                      
(BELOW_NORMAL) LoggerHook                         
(LOW         ) ParamSchedulerHook                 
(VERY_LOW    ) CheckpointHook                     
 -------------------- 
after_val:
(VERY_HIGH   ) RuntimeInfoHook                    
 -------------------- 
after_train:
(VERY_HIGH   ) RuntimeInfoHook                    
(VERY_LOW    ) CheckpointHook                     
 -------------------- 
before_test:
(VERY_HIGH   ) RuntimeInfoHook                    
 -------------------- 
before_test_epoch:
(NORMAL      ) IterTimerHook                      
 -------------------- 
before_test_iter:
(NORMAL      ) IterTimerHook                      
 -------------------- 
after_test_iter:
(NORMAL      ) IterTimerHook                      
(NORMAL      ) DetVisualizationHook               
(BELOW_NORMAL) LoggerHook                         
 -------------------- 
after_test_epoch:
(VERY_HIGH   ) RuntimeInfoHook                    
(NORMAL      ) IterTimerHook                      
(BELOW_NORMAL) LoggerHook                         
 -------------------- 
after_test:
(VERY_HIGH   ) RuntimeInfoHook                    
 -------------------- 
after_run:
(BELOW_NORMAL) LoggerHook                         
 -------------------- 
2026/04/19 11:32:48 - mmengine - INFO - load model from: torchvision://resnet50
2026/04/19 11:32:48 - mmengine - INFO - Loads checkpoint by torchvision backend from path: torchvision://resnet50
2026/04/19 11:32:48 - mmengine - WARNING - The model and loaded state dict do not match exactly

unexpected key in source state_dict: fc.weight, fc.bias

Name of parameter - Initialization information

backbone.conv1.weight - torch.Size([64, 3, 7, 7]): 
PretrainedInit: load from torchvision://resnet50 

backbone.bn1.weight - torch.Size([64]): 
PretrainedInit: load from torchvision://resnet50 

backbone.bn1.bias - torch.Size([64]): 
PretrainedInit: load from torchvision://resnet50 

backbone.layer1.0.conv1.weight - torch.Size([64, 64, 1, 1]): 
PretrainedInit: load from torchvision://resnet50 

backbone.layer1.0.bn1.weight - torch.Size([64]): 
PretrainedInit: load from torchvision://resnet50 

backbone.layer1.0.bn1.bias - torch.Size([64]): 
PretrainedInit: load from torchvision://resnet50 

backbone.layer1.0.conv2.weight - torch.Size([64, 64, 3, 3]): 
PretrainedInit: load from torchvision://resnet50 

backbone.layer1.0.bn2.weight - torch.Size([64]): 
PretrainedInit: load from torchvision://resnet50 

backbone.layer1.0.bn2.bias - torch.Size([64]): 
PretrainedInit: load from torchvision://resnet50 

backbone.layer1.0.conv3.weight - torch.Size([256, 64, 1, 1]): 
PretrainedInit: load from torchvision://resnet50 

backbone.layer1.0.bn3.weight - torch.Size([256]): 
PretrainedInit: load from torchvision://resnet50 

backbone.layer1.0.bn3.bias - torch.Size([256]): 
PretrainedInit: load from torchvision://resnet50 

backbone.layer1.0.downsample.0.weight - torch.Size([256, 64, 1, 1]): 
PretrainedInit: load from torchvision://resnet50 

backbone.layer1.0.downsample.1.weight - torch.Size([256]): 
PretrainedInit: load from torchvision://resnet50 

backbone.layer1.0.downsample.1.bias - torch.Size([256]): 
PretrainedInit: load from torchvision://resnet50 

backbone.layer1.1.conv1.weight - torch.Size([64, 256, 1, 1]): 
PretrainedInit: load from torchvision://resnet50 

backbone.layer1.1.bn1.weight - torch.Size([64]): 
PretrainedInit: load from torchvision://resnet50 

backbone.layer1.1.bn1.bias - torch.Size([64]): 
PretrainedInit: load from torchvision://resnet50 

backbone.layer1.1.conv2.weight - torch.Size([64, 64, 3, 3]): 
PretrainedInit: load from torchvision://resnet50 

backbone.layer1.1.bn2.weight - torch.Size([64]): 
PretrainedInit: load from torchvision://resnet50 

backbone.layer1.1.bn2.bias - torch.Size([64]): 
PretrainedInit: load from torchvision://resnet50 

backbone.layer1.1.conv3.weight - torch.Size([256, 64, 1, 1]): 
PretrainedInit: load from torchvision://resnet50 

backbone.layer1.1.bn3.weight - torch.Size([256]): 
PretrainedInit: load from torchvision://resnet50 

backbone.layer1.1.bn3.bias - torch.Size([256]): 
PretrainedInit: load from torchvision://resnet50 

backbone.layer1.2.conv1.weight - torch.Size([64, 256, 1, 1]): 
PretrainedInit: load from torchvision://resnet50 

backbone.layer1.2.bn1.weight - torch.Size([64]): 
PretrainedInit: load from torchvision://resnet50 

backbone.layer1.2.bn1.bias - torch.Size([64]): 
PretrainedInit: load from torchvision://resnet50 

backbone.layer1.2.conv2.weight - torch.Size([64, 64, 3, 3]): 
PretrainedInit: load from torchvision://resnet50 

backbone.layer1.2.bn2.weight - torch.Size([64]): 
PretrainedInit: load from torchvision://resnet50 

backbone.layer1.2.bn2.bias - torch.Size([64]): 
PretrainedInit: load from torchvision://resnet50 

backbone.layer1.2.conv3.weight - torch.Size([256, 64, 1, 1]): 
PretrainedInit: load from torchvision://resnet50 

backbone.layer1.2.bn3.weight - torch.Size([256]): 
PretrainedInit: load from torchvision://resnet50 

backbone.layer1.2.bn3.bias - torch.Size([256]): 
PretrainedInit: load from torchvision://resnet50 

backbone.layer2.0.conv1.weight - torch.Size([128, 256, 1, 1]): 
PretrainedInit: load from torchvision://resnet50 

backbone.layer2.0.bn1.weight - torch.Size([128]): 
PretrainedInit: load from torchvision://resnet50 

backbone.layer2.0.bn1.bias - torch.Size([128]): 
PretrainedInit: load from torchvision://resnet50 

backbone.layer2.0.conv2.weight - torch.Size([128, 128, 3, 3]): 
PretrainedInit: load from torchvision://resnet50 

backbone.layer2.0.bn2.weight - torch.Size([128]): 
PretrainedInit: load from torchvision://resnet50 

backbone.layer2.0.bn2.bias - torch.Size([128]): 
PretrainedInit: load from torchvision://resnet50 

backbone.layer2.0.conv3.weight - torch.Size([512, 128, 1, 1]): 
PretrainedInit: load from torchvision://resnet50 

backbone.layer2.0.bn3.weight - torch.Size([512]): 
PretrainedInit: load from torchvision://resnet50 

backbone.layer2.0.bn3.bias - torch.Size([512]): 
PretrainedInit: load from torchvision://resnet50 

backbone.layer2.0.downsample.0.weight - torch.Size([512, 256, 1, 1]): 
PretrainedInit: load from torchvision://resnet50 

backbone.layer2.0.downsample.1.weight - torch.Size([512]): 
PretrainedInit: load from torchvision://resnet50 

backbone.layer2.0.downsample.1.bias - torch.Size([512]): 
PretrainedInit: load from torchvision://resnet50 

backbone.layer2.1.conv1.weight - torch.Size([128, 512, 1, 1]): 
PretrainedInit: load from torchvision://resnet50 

backbone.layer2.1.bn1.weight - torch.Size([128]): 
PretrainedInit: load from torchvision://resnet50 

backbone.layer2.1.bn1.bias - torch.Size([128]): 
PretrainedInit: load from torchvision://resnet50 

backbone.layer2.1.conv2.weight - torch.Size([128, 128, 3, 3]): 
PretrainedInit: load from torchvision://resnet50 

backbone.layer2.1.bn2.weight - torch.Size([128]): 
PretrainedInit: load from torchvision://resnet50 

backbone.layer2.1.bn2.bias - torch.Size([128]): 
PretrainedInit: load from torchvision://resnet50 

backbone.layer2.1.conv3.weight - torch.Size([512, 128, 1, 1]): 
PretrainedInit: load from torchvision://resnet50 

backbone.layer2.1.bn3.weight - torch.Size([512]): 
PretrainedInit: load from torchvision://resnet50 

backbone.layer2.1.bn3.bias - torch.Size([512]): 
PretrainedInit: load from torchvision://resnet50 

backbone.layer2.2.conv1.weight - torch.Size([128, 512, 1, 1]): 
PretrainedInit: load from torchvision://resnet50 

backbone.layer2.2.bn1.weight - torch.Size([128]): 
PretrainedInit: load from torchvision://resnet50 

backbone.layer2.2.bn1.bias - torch.Size([128]): 
PretrainedInit: load from torchvision://resnet50 

backbone.layer2.2.conv2.weight - torch.Size([128, 128, 3, 3]): 
PretrainedInit: load from torchvision://resnet50 

backbone.layer2.2.bn2.weight - torch.Size([128]): 
PretrainedInit: load from torchvision://resnet50 

backbone.layer2.2.bn2.bias - torch.Size([128]): 
PretrainedInit: load from torchvision://resnet50 

backbone.layer2.2.conv3.weight - torch.Size([512, 128, 1, 1]): 
PretrainedInit: load from torchvision://resnet50 

backbone.layer2.2.bn3.weight - torch.Size([512]): 
PretrainedInit: load from torchvision://resnet50 

backbone.layer2.2.bn3.bias - torch.Size([512]): 
PretrainedInit: load from torchvision://resnet50 

backbone.layer2.3.conv1.weight - torch.Size([128, 512, 1, 1]): 
PretrainedInit: load from torchvision://resnet50 

backbone.layer2.3.bn1.weight - torch.Size([128]): 
PretrainedInit: load from torchvision://resnet50 

backbone.layer2.3.bn1.bias - torch.Size([128]): 
PretrainedInit: load from torchvision://resnet50 

backbone.layer2.3.conv2.weight - torch.Size([128, 128, 3, 3]): 
PretrainedInit: load from torchvision://resnet50 

backbone.layer2.3.bn2.weight - torch.Size([128]): 
PretrainedInit: load from torchvision://resnet50 

backbone.layer2.3.bn2.bias - torch.Size([128]): 
PretrainedInit: load from torchvision://resnet50 

backbone.layer2.3.conv3.weight - torch.Size([512, 128, 1, 1]): 
PretrainedInit: load from torchvision://resnet50 

backbone.layer2.3.bn3.weight - torch.Size([512]): 
PretrainedInit: load from torchvision://resnet50 

backbone.layer2.3.bn3.bias - torch.Size([512]): 
PretrainedInit: load from torchvision://resnet50 

backbone.layer3.0.conv1.weight - torch.Size([256, 512, 1, 1]): 
PretrainedInit: load from torchvision://resnet50 

backbone.layer3.0.bn1.weight - torch.Size([256]): 
PretrainedInit: load from torchvision://resnet50 

backbone.layer3.0.bn1.bias - torch.Size([256]): 
PretrainedInit: load from torchvision://resnet50 

backbone.layer3.0.conv2.weight - torch.Size([256, 256, 3, 3]): 
PretrainedInit: load from torchvision://resnet50 

backbone.layer3.0.bn2.weight - torch.Size([256]): 
PretrainedInit: load from torchvision://resnet50 

backbone.layer3.0.bn2.bias - torch.Size([256]): 
PretrainedInit: load from torchvision://resnet50 

backbone.layer3.0.conv3.weight - torch.Size([1024, 256, 1, 1]): 
PretrainedInit: load from torchvision://resnet50 

backbone.layer3.0.bn3.weight - torch.Size([1024]): 
PretrainedInit: load from torchvision://resnet50 

backbone.layer3.0.bn3.bias - torch.Size([1024]): 
PretrainedInit: load from torchvision://resnet50 

backbone.layer3.0.downsample.0.weight - torch.Size([1024, 512, 1, 1]): 
PretrainedInit: load from torchvision://resnet50 

backbone.layer3.0.downsample.1.weight - torch.Size([1024]): 
PretrainedInit: load from torchvision://resnet50 

backbone.layer3.0.downsample.1.bias - torch.Size([1024]): 
PretrainedInit: load from torchvision://resnet50 

backbone.layer3.1.conv1.weight - torch.Size([256, 1024, 1, 1]): 
PretrainedInit: load from torchvision://resnet50 

backbone.layer3.1.bn1.weight - torch.Size([256]): 
PretrainedInit: load from torchvision://resnet50 

backbone.layer3.1.bn1.bias - torch.Size([256]): 
PretrainedInit: load from torchvision://resnet50 

backbone.layer3.1.conv2.weight - torch.Size([256, 256, 3, 3]): 
PretrainedInit: load from torchvision://resnet50 

backbone.layer3.1.bn2.weight - torch.Size([256]): 
PretrainedInit: load from torchvision://resnet50 

backbone.layer3.1.bn2.bias - torch.Size([256]): 
PretrainedInit: load from torchvision://resnet50 

backbone.layer3.1.conv3.weight - torch.Size([1024, 256, 1, 1]): 
PretrainedInit: load from torchvision://resnet50 

backbone.layer3.1.bn3.weight - torch.Size([1024]): 
PretrainedInit: load from torchvision://resnet50 

backbone.layer3.1.bn3.bias - torch.Size([1024]): 
PretrainedInit: load from torchvision://resnet50 

backbone.layer3.2.conv1.weight - torch.Size([256, 1024, 1, 1]): 
PretrainedInit: load from torchvision://resnet50 

backbone.layer3.2.bn1.weight - torch.Size([256]): 
PretrainedInit: load from torchvision://resnet50 

backbone.layer3.2.bn1.bias - torch.Size([256]): 
PretrainedInit: load from torchvision://resnet50 

backbone.layer3.2.conv2.weight - torch.Size([256, 256, 3, 3]): 
PretrainedInit: load from torchvision://resnet50 

backbone.layer3.2.bn2.weight - torch.Size([256]): 
PretrainedInit: load from torchvision://resnet50 

backbone.layer3.2.bn2.bias - torch.Size([256]): 
PretrainedInit: load from torchvision://resnet50 

backbone.layer3.2.conv3.weight - torch.Size([1024, 256, 1, 1]): 
PretrainedInit: load from torchvision://resnet50 

backbone.layer3.2.bn3.weight - torch.Size([1024]): 
PretrainedInit: load from torchvision://resnet50 

backbone.layer3.2.bn3.bias - torch.Size([1024]): 
PretrainedInit: load from torchvision://resnet50 

backbone.layer3.3.conv1.weight - torch.Size([256, 1024, 1, 1]): 
PretrainedInit: load from torchvision://resnet50 

backbone.layer3.3.bn1.weight - torch.Size([256]): 
PretrainedInit: load from torchvision://resnet50 

backbone.layer3.3.bn1.bias - torch.Size([256]): 
PretrainedInit: load from torchvision://resnet50 

backbone.layer3.3.conv2.weight - torch.Size([256, 256, 3, 3]): 
PretrainedInit: load from torchvision://resnet50 

backbone.layer3.3.bn2.weight - torch.Size([256]): 
PretrainedInit: load from torchvision://resnet50 

backbone.layer3.3.bn2.bias - torch.Size([256]): 
PretrainedInit: load from torchvision://resnet50 

backbone.layer3.3.conv3.weight - torch.Size([1024, 256, 1, 1]): 
PretrainedInit: load from torchvision://resnet50 

backbone.layer3.3.bn3.weight - torch.Size([1024]): 
PretrainedInit: load from torchvision://resnet50 

backbone.layer3.3.bn3.bias - torch.Size([1024]): 
PretrainedInit: load from torchvision://resnet50 

backbone.layer3.4.conv1.weight - torch.Size([256, 1024, 1, 1]): 
PretrainedInit: load from torchvision://resnet50 

backbone.layer3.4.bn1.weight - torch.Size([256]): 
PretrainedInit: load from torchvision://resnet50 

backbone.layer3.4.bn1.bias - torch.Size([256]): 
PretrainedInit: load from torchvision://resnet50 

backbone.layer3.4.conv2.weight - torch.Size([256, 256, 3, 3]): 
PretrainedInit: load from torchvision://resnet50 

backbone.layer3.4.bn2.weight - torch.Size([256]): 
PretrainedInit: load from torchvision://resnet50 

backbone.layer3.4.bn2.bias - torch.Size([256]): 
PretrainedInit: load from torchvision://resnet50 

backbone.layer3.4.conv3.weight - torch.Size([1024, 256, 1, 1]): 
PretrainedInit: load from torchvision://resnet50 

backbone.layer3.4.bn3.weight - torch.Size([1024]): 
PretrainedInit: load from torchvision://resnet50 

backbone.layer3.4.bn3.bias - torch.Size([1024]): 
PretrainedInit: load from torchvision://resnet50 

backbone.layer3.5.conv1.weight - torch.Size([256, 1024, 1, 1]): 
PretrainedInit: load from torchvision://resnet50 

backbone.layer3.5.bn1.weight - torch.Size([256]): 
PretrainedInit: load from torchvision://resnet50 

backbone.layer3.5.bn1.bias - torch.Size([256]): 
PretrainedInit: load from torchvision://resnet50 

backbone.layer3.5.conv2.weight - torch.Size([256, 256, 3, 3]): 
PretrainedInit: load from torchvision://resnet50 

backbone.layer3.5.bn2.weight - torch.Size([256]): 
PretrainedInit: load from torchvision://resnet50 

backbone.layer3.5.bn2.bias - torch.Size([256]): 
PretrainedInit: load from torchvision://resnet50 

backbone.layer3.5.conv3.weight - torch.Size([1024, 256, 1, 1]): 
PretrainedInit: load from torchvision://resnet50 

backbone.layer3.5.bn3.weight - torch.Size([1024]): 
PretrainedInit: load from torchvision://resnet50 

backbone.layer3.5.bn3.bias - torch.Size([1024]): 
PretrainedInit: load from torchvision://resnet50 

backbone.layer4.0.conv1.weight - torch.Size([512, 1024, 1, 1]): 
PretrainedInit: load from torchvision://resnet50 

backbone.layer4.0.bn1.weight - torch.Size([512]): 
PretrainedInit: load from torchvision://resnet50 

backbone.layer4.0.bn1.bias - torch.Size([512]): 
PretrainedInit: load from torchvision://resnet50 

backbone.layer4.0.conv2.weight - torch.Size([512, 512, 3, 3]): 
PretrainedInit: load from torchvision://resnet50 

backbone.layer4.0.bn2.weight - torch.Size([512]): 
PretrainedInit: load from torchvision://resnet50 

backbone.layer4.0.bn2.bias - torch.Size([512]): 
PretrainedInit: load from torchvision://resnet50 

backbone.layer4.0.conv3.weight - torch.Size([2048, 512, 1, 1]): 
PretrainedInit: load from torchvision://resnet50 

backbone.layer4.0.bn3.weight - torch.Size([2048]): 
PretrainedInit: load from torchvision://resnet50 

backbone.layer4.0.bn3.bias - torch.Size([2048]): 
PretrainedInit: load from torchvision://resnet50 

backbone.layer4.0.downsample.0.weight - torch.Size([2048, 1024, 1, 1]): 
PretrainedInit: load from torchvision://resnet50 

backbone.layer4.0.downsample.1.weight - torch.Size([2048]): 
PretrainedInit: load from torchvision://resnet50 

backbone.layer4.0.downsample.1.bias - torch.Size([2048]): 
PretrainedInit: load from torchvision://resnet50 

backbone.layer4.1.conv1.weight - torch.Size([512, 2048, 1, 1]): 
PretrainedInit: load from torchvision://resnet50 

backbone.layer4.1.bn1.weight - torch.Size([512]): 
PretrainedInit: load from torchvision://resnet50 

backbone.layer4.1.bn1.bias - torch.Size([512]): 
PretrainedInit: load from torchvision://resnet50 

backbone.layer4.1.conv2.weight - torch.Size([512, 512, 3, 3]): 
PretrainedInit: load from torchvision://resnet50 

backbone.layer4.1.bn2.weight - torch.Size([512]): 
PretrainedInit: load from torchvision://resnet50 

backbone.layer4.1.bn2.bias - torch.Size([512]): 
PretrainedInit: load from torchvision://resnet50 

backbone.layer4.1.conv3.weight - torch.Size([2048, 512, 1, 1]): 
PretrainedInit: load from torchvision://resnet50 

backbone.layer4.1.bn3.weight - torch.Size([2048]): 
PretrainedInit: load from torchvision://resnet50 

backbone.layer4.1.bn3.bias - torch.Size([2048]): 
PretrainedInit: load from torchvision://resnet50 

backbone.layer4.2.conv1.weight - torch.Size([512, 2048, 1, 1]): 
PretrainedInit: load from torchvision://resnet50 

backbone.layer4.2.bn1.weight - torch.Size([512]): 
PretrainedInit: load from torchvision://resnet50 

backbone.layer4.2.bn1.bias - torch.Size([512]): 
PretrainedInit: load from torchvision://resnet50 

backbone.layer4.2.conv2.weight - torch.Size([512, 512, 3, 3]): 
PretrainedInit: load from torchvision://resnet50 

backbone.layer4.2.bn2.weight - torch.Size([512]): 
PretrainedInit: load from torchvision://resnet50 

backbone.layer4.2.bn2.bias - torch.Size([512]): 
PretrainedInit: load from torchvision://resnet50 

backbone.layer4.2.conv3.weight - torch.Size([2048, 512, 1, 1]): 
PretrainedInit: load from torchvision://resnet50 

backbone.layer4.2.bn3.weight - torch.Size([2048]): 
PretrainedInit: load from torchvision://resnet50 

backbone.layer4.2.bn3.bias - torch.Size([2048]): 
PretrainedInit: load from torchvision://resnet50 

neck.lateral_convs.0.conv.weight - torch.Size([256, 256, 1, 1]): 
XavierInit: gain=1, distribution=uniform, bias=0 

neck.lateral_convs.0.conv.bias - torch.Size([256]): 
The value is the same before and after calling `init_weights` of FastRCNN  

neck.lateral_convs.1.conv.weight - torch.Size([256, 512, 1, 1]): 
XavierInit: gain=1, distribution=uniform, bias=0 

neck.lateral_convs.1.conv.bias - torch.Size([256]): 
The value is the same before and after calling `init_weights` of FastRCNN  

neck.lateral_convs.2.conv.weight - torch.Size([256, 1024, 1, 1]): 
XavierInit: gain=1, distribution=uniform, bias=0 

neck.lateral_convs.2.conv.bias - torch.Size([256]): 
The value is the same before and after calling `init_weights` of FastRCNN  

neck.lateral_convs.3.conv.weight - torch.Size([256, 2048, 1, 1]): 
XavierInit: gain=1, distribution=uniform, bias=0 

neck.lateral_convs.3.conv.bias - torch.Size([256]): 
The value is the same before and after calling `init_weights` of FastRCNN  

neck.fpn_convs.0.conv.weight - torch.Size([256, 256, 3, 3]): 
XavierInit: gain=1, distribution=uniform, bias=0 

neck.fpn_convs.0.conv.bias - torch.Size([256]): 
The value is the same before and after calling `init_weights` of FastRCNN  

neck.fpn_convs.1.conv.weight - torch.Size([256, 256, 3, 3]): 
XavierInit: gain=1, distribution=uniform, bias=0 

neck.fpn_convs.1.conv.bias - torch.Size([256]): 
The value is the same before and after calling `init_weights` of FastRCNN  

neck.fpn_convs.2.conv.weight - torch.Size([256, 256, 3, 3]): 
XavierInit: gain=1, distribution=uniform, bias=0 

neck.fpn_convs.2.conv.bias - torch.Size([256]): 
The value is the same before and after calling `init_weights` of FastRCNN  

neck.fpn_convs.3.conv.weight - torch.Size([256, 256, 3, 3]): 
XavierInit: gain=1, distribution=uniform, bias=0 

neck.fpn_convs.3.conv.bias - torch.Size([256]): 
The value is the same before and after calling `init_weights` of FastRCNN  

roi_head.bbox_head.fc_cls.weight - torch.Size([21, 1024]): 
NormalInit: mean=0, std=0.01, bias=0 

roi_head.bbox_head.fc_cls.bias - torch.Size([21]): 
NormalInit: mean=0, std=0.01, bias=0 

roi_head.bbox_head.fc_reg.weight - torch.Size([80, 1024]): 
NormalInit: mean=0, std=0.001, bias=0 

roi_head.bbox_head.fc_reg.bias - torch.Size([80]): 
NormalInit: mean=0, std=0.001, bias=0 

roi_head.bbox_head.shared_fcs.0.weight - torch.Size([1024, 12544]): 
XavierInit: gain=1, distribution=uniform, bias=0 

roi_head.bbox_head.shared_fcs.0.bias - torch.Size([1024]): 
XavierInit: gain=1, distribution=uniform, bias=0 

roi_head.bbox_head.shared_fcs.1.weight - torch.Size([1024, 1024]): 
XavierInit: gain=1, distribution=uniform, bias=0 

roi_head.bbox_head.shared_fcs.1.bias - torch.Size([1024]): 
XavierInit: gain=1, distribution=uniform, bias=0 
2026/04/19 11:32:48 - mmengine - WARNING - "FileClient" will be deprecated in future. Please use io functions in https://mmengine.readthedocs.io/en/latest/api/fileio.html#file-io
2026/04/19 11:32:48 - mmengine - WARNING - "HardDiskBackend" is the alias of "LocalBackend" and the former will be deprecated in future.
2026/04/19 11:32:48 - mmengine - INFO - Checkpoints will be saved to /mnt/c/yltf/深度学习/实验2/mmdetection/work_dirs/fast_rcnn_r50_fpn_1x_voc2012_coco_bs16.
2026/04/19 11:33:30 - mmengine - INFO - Epoch(train)  [1][ 50/750]  lr: 1.9820e-03  eta: 2:02:36  time: 0.8220  data_time: 0.0308  memory: 22665  loss: 1.1399  loss_cls: 0.9097  acc: 92.1509  loss_bbox: 0.2302
2026/04/19 11:34:09 - mmengine - INFO - Epoch(train)  [1][100/750]  lr: 3.9840e-03  eta: 1:59:01  time: 0.7829  data_time: 0.0261  memory: 22665  loss: 0.5777  loss_cls: 0.3423  acc: 91.2598  loss_bbox: 0.2354
2026/04/19 11:34:48 - mmengine - INFO - Epoch(train)  [1][150/750]  lr: 5.9860e-03  eta: 1:57:46  time: 0.7905  data_time: 0.0288  memory: 22665  loss: 0.5528  loss_cls: 0.3207  acc: 93.9209  loss_bbox: 0.2321
2026/04/19 11:35:28 - mmengine - INFO - Epoch(train)  [1][200/750]  lr: 7.9880e-03  eta: 1:56:56  time: 0.7938  data_time: 0.0271  memory: 22665  loss: 0.4899  loss_cls: 0.2751  acc: 95.7031  loss_bbox: 0.2148
2026/04/19 11:36:08 - mmengine - INFO - Epoch(train)  [1][250/750]  lr: 9.9900e-03  eta: 1:56:15  time: 0.7966  data_time: 0.0270  memory: 22665  loss: 0.5036  loss_cls: 0.2748  acc: 93.3350  loss_bbox: 0.2288
2026/04/19 11:36:47 - mmengine - INFO - Epoch(train)  [1][300/750]  lr: 1.1992e-02  eta: 1:55:26  time: 0.7908  data_time: 0.0258  memory: 22665  loss: 0.4712  loss_cls: 0.2611  acc: 94.5312  loss_bbox: 0.2102
2026/04/19 11:37:27 - mmengine - INFO - Epoch(train)  [1][350/750]  lr: 1.3994e-02  eta: 1:54:31  time: 0.7842  data_time: 0.0266  memory: 22665  loss: 0.4488  loss_cls: 0.2438  acc: 95.4346  loss_bbox: 0.2050
2026/04/19 11:38:06 - mmengine - INFO - Epoch(train)  [1][400/750]  lr: 1.5996e-02  eta: 1:53:47  time: 0.7900  data_time: 0.0258  memory: 22665  loss: 0.4288  loss_cls: 0.2316  acc: 91.8701  loss_bbox: 0.1972
2026/04/19 11:38:46 - mmengine - INFO - Epoch(train)  [1][450/750]  lr: 1.7998e-02  eta: 1:53:11  time: 0.7986  data_time: 0.0271  memory: 22666  loss: 0.4348  loss_cls: 0.2256  acc: 96.3989  loss_bbox: 0.2092
2026/04/19 11:39:26 - mmengine - INFO - Epoch(train)  [1][500/750]  lr: 2.0000e-02  eta: 1:52:37  time: 0.8011  data_time: 0.0407  memory: 22665  loss: 0.4239  loss_cls: 0.2196  acc: 96.0938  loss_bbox: 0.2044
2026/04/19 11:40:06 - mmengine - INFO - Epoch(train)  [1][550/750]  lr: 2.0000e-02  eta: 1:51:55  time: 0.7919  data_time: 0.0282  memory: 22665  loss: 0.3987  loss_cls: 0.2079  acc: 95.1172  loss_bbox: 0.1908
2026/04/19 11:40:45 - mmengine - INFO - Epoch(train)  [1][600/750]  lr: 2.0000e-02  eta: 1:51:06  time: 0.7811  data_time: 0.0255  memory: 22665  loss: 0.4055  loss_cls: 0.2064  acc: 95.3735  loss_bbox: 0.1990
2026/04/19 11:41:24 - mmengine - INFO - Epoch(train)  [1][650/750]  lr: 2.0000e-02  eta: 1:50:22  time: 0.7873  data_time: 0.0264  memory: 22665  loss: 0.3999  loss_cls: 0.2056  acc: 94.9707  loss_bbox: 0.1943
2026/04/19 11:42:03 - mmengine - INFO - Epoch(train)  [1][700/750]  lr: 2.0000e-02  eta: 1:49:35  time: 0.7808  data_time: 0.0250  memory: 22666  loss: 0.3625  loss_cls: 0.1805  acc: 96.1182  loss_bbox: 0.1820
2026/04/19 11:42:43 - mmengine - INFO - Exp name: fast-rcnn_r50_fpn_1x_voc2012_coco_20260419_113242
2026/04/19 11:42:43 - mmengine - INFO - Epoch(train)  [1][750/750]  lr: 2.0000e-02  eta: 1:48:55  time: 0.7912  data_time: 0.0269  memory: 29430  loss: 0.3889  loss_cls: 0.1967  acc: 89.3880  loss_bbox: 0.1922
2026/04/19 11:42:43 - mmengine - INFO - Saving checkpoint at 1 epochs
2026/04/19 11:43:24 - mmengine - INFO - Epoch(train)  [2][ 50/750]  lr: 2.0000e-02  eta: 1:48:16  time: 0.7932  data_time: 0.0295  memory: 22665  loss: 0.3829  loss_cls: 0.1925  acc: 94.9097  loss_bbox: 0.1905
2026/04/19 11:44:05 - mmengine - INFO - Epoch(train)  [2][100/750]  lr: 2.0000e-02  eta: 1:47:49  time: 0.8187  data_time: 0.0261  memory: 22665  loss: 0.3415  loss_cls: 0.1678  acc: 95.8618  loss_bbox: 0.1738
2026/04/19 11:44:45 - mmengine - INFO - Epoch(train)  [2][150/750]  lr: 2.0000e-02  eta: 1:47:10  time: 0.7963  data_time: 0.0261  memory: 22665  loss: 0.3396  loss_cls: 0.1639  acc: 95.6909  loss_bbox: 0.1757
2026/04/19 11:45:24 - mmengine - INFO - Epoch(train)  [2][200/750]  lr: 2.0000e-02  eta: 1:46:29  time: 0.7890  data_time: 0.0267  memory: 21766  loss: 0.3381  loss_cls: 0.1666  acc: 96.6675  loss_bbox: 0.1715
2026/04/19 11:46:04 - mmengine - INFO - Exp name: fast-rcnn_r50_fpn_1x_voc2012_coco_20260419_113242
2026/04/19 11:46:04 - mmengine - INFO - Epoch(train)  [2][250/750]  lr: 2.0000e-02  eta: 1:45:51  time: 0.7998  data_time: 0.0255  memory: 22665  loss: 0.3554  loss_cls: 0.1714  acc: 93.8232  loss_bbox: 0.1840
2026/04/19 11:46:43 - mmengine - INFO - Epoch(train)  [2][300/750]  lr: 2.0000e-02  eta: 1:45:10  time: 0.7891  data_time: 0.0248  memory: 22665  loss: 0.3347  loss_cls: 0.1580  acc: 94.5435  loss_bbox: 0.1767
2026/04/19 11:47:23 - mmengine - INFO - Epoch(train)  [2][350/750]  lr: 2.0000e-02  eta: 1:44:26  time: 0.7837  data_time: 0.0247  memory: 22665  loss: 0.3303  loss_cls: 0.1594  acc: 93.5059  loss_bbox: 0.1709
2026/04/19 11:48:02 - mmengine - INFO - Epoch(train)  [2][400/750]  lr: 2.0000e-02  eta: 1:43:46  time: 0.7918  data_time: 0.0257  memory: 22665  loss: 0.3558  loss_cls: 0.1731  acc: 91.7969  loss_bbox: 0.1827
2026/04/19 11:48:42 - mmengine - INFO - Epoch(train)  [2][450/750]  lr: 2.0000e-02  eta: 1:43:05  time: 0.7883  data_time: 0.0249  memory: 22665  loss: 0.3334  loss_cls: 0.1597  acc: 96.5698  loss_bbox: 0.1737
2026/04/19 11:49:22 - mmengine - INFO - Epoch(train)  [2][500/750]  lr: 2.0000e-02  eta: 1:42:28  time: 0.8019  data_time: 0.0253  memory: 22665  loss: 0.3254  loss_cls: 0.1582  acc: 96.5332  loss_bbox: 0.1672
2026/04/19 11:50:01 - mmengine - INFO - Epoch(train)  [2][550/750]  lr: 2.0000e-02  eta: 1:41:48  time: 0.7904  data_time: 0.0256  memory: 22665  loss: 0.3105  loss_cls: 0.1480  acc: 94.9219  loss_bbox: 0.1624
2026/04/19 11:50:41 - mmengine - INFO - Epoch(train)  [2][600/750]  lr: 2.0000e-02  eta: 1:41:06  time: 0.7876  data_time: 0.0389  memory: 22665  loss: 0.3401  loss_cls: 0.1639  acc: 93.7378  loss_bbox: 0.1762
2026/04/19 11:51:20 - mmengine - INFO - Epoch(train)  [2][650/750]  lr: 2.0000e-02  eta: 1:40:25  time: 0.7885  data_time: 0.0244  memory: 22665  loss: 0.3374  loss_cls: 0.1636  acc: 97.1802  loss_bbox: 0.1738
2026/04/19 11:51:59 - mmengine - INFO - Epoch(train)  [2][700/750]  lr: 2.0000e-02  eta: 1:39:44  time: 0.7869  data_time: 0.0264  memory: 22665  loss: 0.3066  loss_cls: 0.1453  acc: 97.2290  loss_bbox: 0.1613
2026/04/19 11:52:39 - mmengine - INFO - Exp name: fast-rcnn_r50_fpn_1x_voc2012_coco_20260419_113242
2026/04/19 11:52:39 - mmengine - INFO - Epoch(train)  [2][750/750]  lr: 2.0000e-02  eta: 1:39:03  time: 0.7868  data_time: 0.0255  memory: 31991  loss: 0.3127  loss_cls: 0.1511  acc: 94.7917  loss_bbox: 0.1616
2026/04/19 11:52:39 - mmengine - INFO - Saving checkpoint at 2 epochs
2026/04/19 11:53:20 - mmengine - INFO - Epoch(train)  [3][ 50/750]  lr: 2.0000e-02  eta: 1:38:24  time: 0.7935  data_time: 0.0279  memory: 22665  loss: 0.3153  loss_cls: 0.1470  acc: 95.8008  loss_bbox: 0.1683
2026/04/19 11:53:59 - mmengine - INFO - Epoch(train)  [3][100/750]  lr: 2.0000e-02  eta: 1:37:43  time: 0.7900  data_time: 0.0268  memory: 22665  loss: 0.3006  loss_cls: 0.1416  acc: 92.2119  loss_bbox: 0.1590
2026/04/19 11:54:39 - mmengine - INFO - Epoch(train)  [3][150/750]  lr: 2.0000e-02  eta: 1:37:04  time: 0.7908  data_time: 0.0259  memory: 22665  loss: 0.2980  loss_cls: 0.1380  acc: 94.5190  loss_bbox: 0.1599
2026/04/19 11:55:19 - mmengine - INFO - Epoch(train)  [3][200/750]  lr: 2.0000e-02  eta: 1:36:25  time: 0.7982  data_time: 0.0280  memory: 22665  loss: 0.2963  loss_cls: 0.1395  acc: 94.1406  loss_bbox: 0.1568
2026/04/19 11:55:58 - mmengine - INFO - Epoch(train)  [3][250/750]  lr: 2.0000e-02  eta: 1:35:45  time: 0.7907  data_time: 0.0254  memory: 22665  loss: 0.2907  loss_cls: 0.1350  acc: 96.8628  loss_bbox: 0.1557
2026/04/19 11:56:38 - mmengine - INFO - Epoch(train)  [3][300/750]  lr: 2.0000e-02  eta: 1:35:05  time: 0.7917  data_time: 0.0263  memory: 22665  loss: 0.2894  loss_cls: 0.1337  acc: 96.1426  loss_bbox: 0.1557
2026/04/19 11:57:17 - mmengine - INFO - Epoch(train)  [3][350/750]  lr: 2.0000e-02  eta: 1:34:24  time: 0.7854  data_time: 0.0244  memory: 22665  loss: 0.3043  loss_cls: 0.1406  acc: 94.4702  loss_bbox: 0.1637
2026/04/19 11:57:57 - mmengine - INFO - Epoch(train)  [3][400/750]  lr: 2.0000e-02  eta: 1:33:44  time: 0.7859  data_time: 0.0254  memory: 22665  loss: 0.2929  loss_cls: 0.1369  acc: 96.6431  loss_bbox: 0.1560
2026/04/19 11:58:37 - mmengine - INFO - Epoch(train)  [3][450/750]  lr: 2.0000e-02  eta: 1:33:06  time: 0.8042  data_time: 0.0282  memory: 22665  loss: 0.2961  loss_cls: 0.1364  acc: 97.3389  loss_bbox: 0.1597
2026/04/19 11:59:16 - mmengine - INFO - Exp name: fast-rcnn_r50_fpn_1x_voc2012_coco_20260419_113242
2026/04/19 11:59:16 - mmengine - INFO - Epoch(train)  [3][500/750]  lr: 2.0000e-02  eta: 1:32:25  time: 0.7852  data_time: 0.0265  memory: 22665  loss: 0.2811  loss_cls: 0.1303  acc: 95.9351  loss_bbox: 0.1508
2026/04/19 11:59:55 - mmengine - INFO - Epoch(train)  [3][550/750]  lr: 2.0000e-02  eta: 1:31:44  time: 0.7847  data_time: 0.0254  memory: 22665  loss: 0.2831  loss_cls: 0.1303  acc: 95.3369  loss_bbox: 0.1527
2026/04/19 12:00:35 - mmengine - INFO - Epoch(train)  [3][600/750]  lr: 2.0000e-02  eta: 1:31:04  time: 0.7853  data_time: 0.0254  memory: 22665  loss: 0.2767  loss_cls: 0.1277  acc: 95.6421  loss_bbox: 0.1491
2026/04/19 12:01:14 - mmengine - INFO - Epoch(train)  [3][650/750]  lr: 2.0000e-02  eta: 1:30:24  time: 0.7904  data_time: 0.0251  memory: 22665  loss: 0.2782  loss_cls: 0.1283  acc: 95.0317  loss_bbox: 0.1499
2026/04/19 12:01:53 - mmengine - INFO - Epoch(train)  [3][700/750]  lr: 2.0000e-02  eta: 1:29:43  time: 0.7865  data_time: 0.0262  memory: 22665  loss: 0.2858  loss_cls: 0.1326  acc: 94.6045  loss_bbox: 0.1532
2026/04/19 12:02:33 - mmengine - INFO - Exp name: fast-rcnn_r50_fpn_1x_voc2012_coco_20260419_113242
2026/04/19 12:02:33 - mmengine - INFO - Epoch(train)  [3][750/750]  lr: 2.0000e-02  eta: 1:29:04  time: 0.7906  data_time: 0.0254  memory: 29432  loss: 0.2858  loss_cls: 0.1321  acc: 95.7031  loss_bbox: 0.1537
2026/04/19 12:02:33 - mmengine - INFO - Saving checkpoint at 3 epochs
2026/04/19 12:03:14 - mmengine - INFO - Epoch(train)  [4][ 50/750]  lr: 2.0000e-02  eta: 1:28:23  time: 0.7877  data_time: 0.0282  memory: 22665  loss: 0.2697  loss_cls: 0.1197  acc: 97.2900  loss_bbox: 0.1500
2026/04/19 12:03:53 - mmengine - INFO - Epoch(train)  [4][100/750]  lr: 2.0000e-02  eta: 1:27:43  time: 0.7865  data_time: 0.0273  memory: 22665  loss: 0.2800  loss_cls: 0.1257  acc: 95.0317  loss_bbox: 0.1543
2026/04/19 12:04:33 - mmengine - INFO - Epoch(train)  [4][150/750]  lr: 2.0000e-02  eta: 1:27:03  time: 0.7894  data_time: 0.0260  memory: 22665  loss: 0.2664  loss_cls: 0.1219  acc: 96.9971  loss_bbox: 0.1445
2026/04/19 12:05:13 - mmengine - INFO - Epoch(train)  [4][200/750]  lr: 2.0000e-02  eta: 1:26:26  time: 0.8071  data_time: 0.0273  memory: 22665  loss: 0.2681  loss_cls: 0.1221  acc: 95.8130  loss_bbox: 0.1460
2026/04/19 12:05:52 - mmengine - INFO - Epoch(train)  [4][250/750]  lr: 2.0000e-02  eta: 1:25:46  time: 0.7899  data_time: 0.0254  memory: 22665  loss: 0.2727  loss_cls: 0.1221  acc: 94.1406  loss_bbox: 0.1506
2026/04/19 12:06:32 - mmengine - INFO - Epoch(train)  [4][300/750]  lr: 2.0000e-02  eta: 1:25:06  time: 0.7875  data_time: 0.0261  memory: 22665  loss: 0.2592  loss_cls: 0.1188  acc: 95.2759  loss_bbox: 0.1404
2026/04/19 12:07:12 - mmengine - INFO - Epoch(train)  [4][350/750]  lr: 2.0000e-02  eta: 1:24:27  time: 0.7963  data_time: 0.0261  memory: 22665  loss: 0.2608  loss_cls: 0.1197  acc: 96.2280  loss_bbox: 0.1411
2026/04/19 12:07:51 - mmengine - INFO - Epoch(train)  [4][400/750]  lr: 2.0000e-02  eta: 1:23:46  time: 0.7803  data_time: 0.0263  memory: 22665  loss: 0.2583  loss_cls: 0.1175  acc: 95.4102  loss_bbox: 0.1408
2026/04/19 12:08:30 - mmengine - INFO - Epoch(train)  [4][450/750]  lr: 2.0000e-02  eta: 1:23:06  time: 0.7900  data_time: 0.0252  memory: 22665  loss: 0.2747  loss_cls: 0.1244  acc: 95.7397  loss_bbox: 0.1502
2026/04/19 12:09:10 - mmengine - INFO - Epoch(train)  [4][500/750]  lr: 2.0000e-02  eta: 1:22:26  time: 0.7903  data_time: 0.0258  memory: 22665  loss: 0.2580  loss_cls: 0.1164  acc: 93.9087  loss_bbox: 0.1416
2026/04/19 12:09:50 - mmengine - INFO - Epoch(train)  [4][550/750]  lr: 2.0000e-02  eta: 1:21:48  time: 0.8002  data_time: 0.0252  memory: 22665  loss: 0.2656  loss_cls: 0.1218  acc: 96.2158  loss_bbox: 0.1438
2026/04/19 12:10:29 - mmengine - INFO - Epoch(train)  [4][600/750]  lr: 2.0000e-02  eta: 1:21:08  time: 0.7868  data_time: 0.0254  memory: 22665  loss: 0.2565  loss_cls: 0.1169  acc: 95.5688  loss_bbox: 0.1396
2026/04/19 12:11:08 - mmengine - INFO - Epoch(train)  [4][650/750]  lr: 2.0000e-02  eta: 1:20:28  time: 0.7868  data_time: 0.0259  memory: 22665  loss: 0.2829  loss_cls: 0.1293  acc: 96.0815  loss_bbox: 0.1536
2026/04/19 12:11:48 - mmengine - INFO - Epoch(train)  [4][700/750]  lr: 2.0000e-02  eta: 1:19:47  time: 0.7852  data_time: 0.0253  memory: 22665  loss: 0.2680  loss_cls: 0.1254  acc: 96.9604  loss_bbox: 0.1426
2026/04/19 12:12:27 - mmengine - INFO - Exp name: fast-rcnn_r50_fpn_1x_voc2012_coco_20260419_113242
2026/04/19 12:12:27 - mmengine - INFO - Epoch(train)  [4][750/750]  lr: 2.0000e-02  eta: 1:19:07  time: 0.7828  data_time: 0.0245  memory: 29432  loss: 0.2524  loss_cls: 0.1157  acc: 96.3542  loss_bbox: 0.1368
2026/04/19 12:12:27 - mmengine - INFO - Saving checkpoint at 4 epochs
2026/04/19 12:13:08 - mmengine - INFO - Epoch(train)  [5][ 50/750]  lr: 2.0000e-02  eta: 1:18:28  time: 0.7985  data_time: 0.0288  memory: 22665  loss: 0.2386  loss_cls: 0.1036  acc: 96.0693  loss_bbox: 0.1350
2026/04/19 12:13:47 - mmengine - INFO - Epoch(train)  [5][100/750]  lr: 2.0000e-02  eta: 1:17:48  time: 0.7870  data_time: 0.0258  memory: 22665  loss: 0.2422  loss_cls: 0.1089  acc: 95.6177  loss_bbox: 0.1333
2026/04/19 12:14:27 - mmengine - INFO - Epoch(train)  [5][150/750]  lr: 2.0000e-02  eta: 1:17:08  time: 0.7886  data_time: 0.0250  memory: 22665  loss: 0.2503  loss_cls: 0.1114  acc: 96.8262  loss_bbox: 0.1389
2026/04/19 12:15:06 - mmengine - INFO - Epoch(train)  [5][200/750]  lr: 2.0000e-02  eta: 1:16:28  time: 0.7853  data_time: 0.0257  memory: 22665  loss: 0.2532  loss_cls: 0.1124  acc: 95.2271  loss_bbox: 0.1408
2026/04/19 12:15:46 - mmengine - INFO - Epoch(train)  [5][250/750]  lr: 2.0000e-02  eta: 1:15:49  time: 0.7920  data_time: 0.0262  memory: 22665  loss: 0.2407  loss_cls: 0.1067  acc: 97.0093  loss_bbox: 0.1340
2026/04/19 12:16:26 - mmengine - INFO - Epoch(train)  [5][300/750]  lr: 2.0000e-02  eta: 1:15:10  time: 0.8063  data_time: 0.0261  memory: 22665  loss: 0.2445  loss_cls: 0.1107  acc: 96.2402  loss_bbox: 0.1338
2026/04/19 12:17:06 - mmengine - INFO - Epoch(train)  [5][350/750]  lr: 2.0000e-02  eta: 1:14:31  time: 0.7953  data_time: 0.0264  memory: 22665  loss: 0.2406  loss_cls: 0.1105  acc: 95.3979  loss_bbox: 0.1301
2026/04/19 12:17:45 - mmengine - INFO - Epoch(train)  [5][400/750]  lr: 2.0000e-02  eta: 1:13:51  time: 0.7885  data_time: 0.0260  memory: 22665  loss: 0.2488  loss_cls: 0.1111  acc: 95.2271  loss_bbox: 0.1377
2026/04/19 12:18:25 - mmengine - INFO - Epoch(train)  [5][450/750]  lr: 2.0000e-02  eta: 1:13:11  time: 0.7865  data_time: 0.0268  memory: 22665  loss: 0.2486  loss_cls: 0.1116  acc: 96.8506  loss_bbox: 0.1370
2026/04/19 12:19:04 - mmengine - INFO - Epoch(train)  [5][500/750]  lr: 2.0000e-02  eta: 1:12:32  time: 0.7903  data_time: 0.0250  memory: 22665  loss: 0.2589  loss_cls: 0.1187  acc: 96.5820  loss_bbox: 0.1402
2026/04/19 12:19:44 - mmengine - INFO - Epoch(train)  [5][550/750]  lr: 2.0000e-02  eta: 1:11:53  time: 0.7981  data_time: 0.0262  memory: 22665  loss: 0.2409  loss_cls: 0.1105  acc: 95.8984  loss_bbox: 0.1304
2026/04/19 12:20:23 - mmengine - INFO - Epoch(train)  [5][600/750]  lr: 2.0000e-02  eta: 1:11:12  time: 0.7784  data_time: 0.0251  memory: 22665  loss: 0.2774  loss_cls: 0.1250  acc: 97.1924  loss_bbox: 0.1524
2026/04/19 12:21:03 - mmengine - INFO - Epoch(train)  [5][650/750]  lr: 2.0000e-02  eta: 1:10:33  time: 0.7993  data_time: 0.0260  memory: 22665  loss: 0.2457  loss_cls: 0.1116  acc: 97.9492  loss_bbox: 0.1341
2026/04/19 12:21:43 - mmengine - INFO - Epoch(train)  [5][700/750]  lr: 2.0000e-02  eta: 1:09:54  time: 0.8007  data_time: 0.0262  memory: 22665  loss: 0.2701  loss_cls: 0.1221  acc: 97.1680  loss_bbox: 0.1480
2026/04/19 12:22:22 - mmengine - INFO - Exp name: fast-rcnn_r50_fpn_1x_voc2012_coco_20260419_113242
2026/04/19 12:22:22 - mmengine - INFO - Epoch(train)  [5][750/750]  lr: 2.0000e-02  eta: 1:09:14  time: 0.7862  data_time: 0.0241  memory: 28739  loss: 0.2521  loss_cls: 0.1139  acc: 94.0104  loss_bbox: 0.1382
2026/04/19 12:22:22 - mmengine - INFO - Saving checkpoint at 5 epochs
2026/04/19 12:23:04 - mmengine - INFO - Epoch(train)  [6][ 50/750]  lr: 2.0000e-02  eta: 1:08:35  time: 0.7878  data_time: 0.0282  memory: 22665  loss: 0.2417  loss_cls: 0.1089  acc: 94.8853  loss_bbox: 0.1328
2026/04/19 12:23:43 - mmengine - INFO - Epoch(train)  [6][100/750]  lr: 2.0000e-02  eta: 1:07:55  time: 0.7908  data_time: 0.0263  memory: 22665  loss: 0.2317  loss_cls: 0.1017  acc: 96.7529  loss_bbox: 0.1300
2026/04/19 12:24:23 - mmengine - INFO - Epoch(train)  [6][150/750]  lr: 2.0000e-02  eta: 1:07:15  time: 0.7886  data_time: 0.0269  memory: 22665  loss: 0.2356  loss_cls: 0.1038  acc: 96.1182  loss_bbox: 0.1318
2026/04/19 12:25:02 - mmengine - INFO - Epoch(train)  [6][200/750]  lr: 2.0000e-02  eta: 1:06:35  time: 0.7868  data_time: 0.0238  memory: 22665  loss: 0.2275  loss_cls: 0.1010  acc: 96.7407  loss_bbox: 0.1265
2026/04/19 12:25:42 - mmengine - INFO - Exp name: fast-rcnn_r50_fpn_1x_voc2012_coco_20260419_113242
2026/04/19 12:25:42 - mmengine - INFO - Epoch(train)  [6][250/750]  lr: 2.0000e-02  eta: 1:05:56  time: 0.7989  data_time: 0.0259  memory: 22665  loss: 0.2364  loss_cls: 0.1033  acc: 96.9360  loss_bbox: 0.1331
2026/04/19 12:26:21 - mmengine - INFO - Epoch(train)  [6][300/750]  lr: 2.0000e-02  eta: 1:05:17  time: 0.7922  data_time: 0.0252  memory: 22665  loss: 0.2222  loss_cls: 0.0965  acc: 96.4355  loss_bbox: 0.1257
2026/04/19 12:27:01 - mmengine - INFO - Epoch(train)  [6][350/750]  lr: 2.0000e-02  eta: 1:04:37  time: 0.7872  data_time: 0.0260  memory: 22665  loss: 0.2233  loss_cls: 0.1001  acc: 97.4854  loss_bbox: 0.1232
2026/04/19 12:27:41 - mmengine - INFO - Epoch(train)  [6][400/750]  lr: 2.0000e-02  eta: 1:03:58  time: 0.7947  data_time: 0.0253  memory: 22665  loss: 0.2410  loss_cls: 0.1066  acc: 94.8242  loss_bbox: 0.1344
2026/04/19 12:28:20 - mmengine - INFO - Epoch(train)  [6][450/750]  lr: 2.0000e-02  eta: 1:03:18  time: 0.7858  data_time: 0.0264  memory: 22665  loss: 0.2464  loss_cls: 0.1111  acc: 94.1406  loss_bbox: 0.1353
2026/04/19 12:29:00 - mmengine - INFO - Epoch(train)  [6][500/750]  lr: 2.0000e-02  eta: 1:02:38  time: 0.7969  data_time: 0.0382  memory: 22665  loss: 0.2233  loss_cls: 0.0984  acc: 97.2412  loss_bbox: 0.1249
2026/04/19 12:29:39 - mmengine - INFO - Epoch(train)  [6][550/750]  lr: 2.0000e-02  eta: 1:01:59  time: 0.7897  data_time: 0.0265  memory: 22665  loss: 0.2362  loss_cls: 0.1049  acc: 95.7397  loss_bbox: 0.1313
2026/04/19 12:30:18 - mmengine - INFO - Epoch(train)  [6][600/750]  lr: 2.0000e-02  eta: 1:01:19  time: 0.7847  data_time: 0.0255  memory: 22665  loss: 0.2518  loss_cls: 0.1123  acc: 95.5933  loss_bbox: 0.1396
2026/04/19 12:30:58 - mmengine - INFO - Epoch(train)  [6][650/750]  lr: 2.0000e-02  eta: 1:00:39  time: 0.7875  data_time: 0.0253  memory: 22665  loss: 0.2371  loss_cls: 0.1054  acc: 95.3125  loss_bbox: 0.1318
2026/04/19 12:31:37 - mmengine - INFO - Epoch(train)  [6][700/750]  lr: 2.0000e-02  eta: 1:00:00  time: 0.7912  data_time: 0.0265  memory: 22665  loss: 0.2447  loss_cls: 0.1092  acc: 95.8984  loss_bbox: 0.1355
2026/04/19 12:32:17 - mmengine - INFO - Exp name: fast-rcnn_r50_fpn_1x_voc2012_coco_20260419_113242
2026/04/19 12:32:17 - mmengine - INFO - Epoch(train)  [6][750/750]  lr: 2.0000e-02  eta: 0:59:20  time: 0.7888  data_time: 0.0250  memory: 29432  loss: 0.2304  loss_cls: 0.1016  acc: 97.0052  loss_bbox: 0.1288
2026/04/19 12:32:17 - mmengine - INFO - Saving checkpoint at 6 epochs
2026/04/19 12:32:58 - mmengine - INFO - Epoch(train)  [7][ 50/750]  lr: 2.0000e-02  eta: 0:58:40  time: 0.7946  data_time: 0.0274  memory: 22665  loss: 0.2415  loss_cls: 0.1033  acc: 96.8018  loss_bbox: 0.1382
2026/04/19 12:33:37 - mmengine - INFO - Epoch(train)  [7][100/750]  lr: 2.0000e-02  eta: 0:58:00  time: 0.7832  data_time: 0.0252  memory: 22665  loss: 0.2142  loss_cls: 0.0914  acc: 97.7661  loss_bbox: 0.1228
2026/04/19 12:34:17 - mmengine - INFO - Epoch(train)  [7][150/750]  lr: 2.0000e-02  eta: 0:57:21  time: 0.7989  data_time: 0.0262  memory: 22665  loss: 0.2289  loss_cls: 0.0991  acc: 97.1313  loss_bbox: 0.1298
2026/04/19 12:34:57 - mmengine - INFO - Epoch(train)  [7][200/750]  lr: 2.0000e-02  eta: 0:56:42  time: 0.7935  data_time: 0.0268  memory: 22665  loss: 0.2336  loss_cls: 0.1005  acc: 96.6064  loss_bbox: 0.1331
2026/04/19 12:35:36 - mmengine - INFO - Epoch(train)  [7][250/750]  lr: 2.0000e-02  eta: 0:56:02  time: 0.7829  data_time: 0.0254  memory: 22665  loss: 0.2081  loss_cls: 0.0902  acc: 97.9004  loss_bbox: 0.1178
2026/04/19 12:36:15 - mmengine - INFO - Epoch(train)  [7][300/750]  lr: 2.0000e-02  eta: 0:55:22  time: 0.7785  data_time: 0.0260  memory: 22665  loss: 0.2264  loss_cls: 0.0984  acc: 95.7397  loss_bbox: 0.1280
2026/04/19 12:36:54 - mmengine - INFO - Epoch(train)  [7][350/750]  lr: 2.0000e-02  eta: 0:54:42  time: 0.7794  data_time: 0.0251  memory: 22665  loss: 0.2158  loss_cls: 0.0940  acc: 96.5820  loss_bbox: 0.1217
2026/04/19 12:37:34 - mmengine - INFO - Epoch(train)  [7][400/750]  lr: 2.0000e-02  eta: 0:54:03  time: 0.8026  data_time: 0.0257  memory: 22665  loss: 0.2184  loss_cls: 0.0936  acc: 97.1191  loss_bbox: 0.1248
2026/04/19 12:38:14 - mmengine - INFO - Epoch(train)  [7][450/750]  lr: 2.0000e-02  eta: 0:53:23  time: 0.7920  data_time: 0.0267  memory: 22665  loss: 0.2094  loss_cls: 0.0912  acc: 96.9849  loss_bbox: 0.1182
2026/04/19 12:38:53 - mmengine - INFO - Exp name: fast-rcnn_r50_fpn_1x_voc2012_coco_20260419_113242
2026/04/19 12:38:53 - mmengine - INFO - Epoch(train)  [7][500/750]  lr: 2.0000e-02  eta: 0:52:43  time: 0.7865  data_time: 0.0258  memory: 22665  loss: 0.2245  loss_cls: 0.0983  acc: 95.8618  loss_bbox: 0.1262
2026/04/19 12:39:32 - mmengine - INFO - Epoch(train)  [7][550/750]  lr: 2.0000e-02  eta: 0:52:04  time: 0.7838  data_time: 0.0254  memory: 22665  loss: 0.2260  loss_cls: 0.0984  acc: 94.5190  loss_bbox: 0.1276
2026/04/19 12:40:11 - mmengine - INFO - Epoch(train)  [7][600/750]  lr: 2.0000e-02  eta: 0:51:24  time: 0.7830  data_time: 0.0260  memory: 22665  loss: 0.2339  loss_cls: 0.1024  acc: 96.8018  loss_bbox: 0.1314
2026/04/19 12:40:51 - mmengine - INFO - Epoch(train)  [7][650/750]  lr: 2.0000e-02  eta: 0:50:45  time: 0.8053  data_time: 0.0246  memory: 22665  loss: 0.2021  loss_cls: 0.0901  acc: 96.3257  loss_bbox: 0.1120
2026/04/19 12:41:30 - mmengine - INFO - Epoch(train)  [7][700/750]  lr: 2.0000e-02  eta: 0:50:05  time: 0.7772  data_time: 0.0260  memory: 22665  loss: 0.2134  loss_cls: 0.0930  acc: 95.4834  loss_bbox: 0.1204
2026/04/19 12:42:11 - mmengine - INFO - Exp name: fast-rcnn_r50_fpn_1x_voc2012_coco_20260419_113242
2026/04/19 12:42:11 - mmengine - INFO - Epoch(train)  [7][750/750]  lr: 2.0000e-02  eta: 0:49:26  time: 0.8219  data_time: 0.0270  memory: 32844  loss: 0.2286  loss_cls: 0.1027  acc: 88.5417  loss_bbox: 0.1260
2026/04/19 12:42:11 - mmengine - INFO - Saving checkpoint at 7 epochs
2026/04/19 12:42:52 - mmengine - INFO - Epoch(train)  [8][ 50/750]  lr: 2.0000e-02  eta: 0:48:46  time: 0.7740  data_time: 0.0276  memory: 22665  loss: 0.2786  loss_cls: 0.1417  acc: 95.8740  loss_bbox: 0.1369
2026/04/19 12:43:31 - mmengine - INFO - Epoch(train)  [8][100/750]  lr: 2.0000e-02  eta: 0:48:06  time: 0.7818  data_time: 0.0245  memory: 22665  loss: 0.2199  loss_cls: 0.0992  acc: 95.5688  loss_bbox: 0.1206
2026/04/19 12:44:10 - mmengine - INFO - Epoch(train)  [8][150/750]  lr: 2.0000e-02  eta: 0:47:27  time: 0.7885  data_time: 0.0256  memory: 22665  loss: 0.2162  loss_cls: 0.0956  acc: 97.2656  loss_bbox: 0.1206
2026/04/19 12:44:50 - mmengine - INFO - Epoch(train)  [8][200/750]  lr: 2.0000e-02  eta: 0:46:47  time: 0.7873  data_time: 0.0262  memory: 22665  loss: 0.2182  loss_cls: 0.0949  acc: 98.1445  loss_bbox: 0.1233
2026/04/19 12:45:30 - mmengine - INFO - Epoch(train)  [8][250/750]  lr: 2.0000e-02  eta: 0:46:08  time: 0.8027  data_time: 0.0260  memory: 22665  loss: 0.2167  loss_cls: 0.0931  acc: 96.3989  loss_bbox: 0.1236
2026/04/19 12:46:09 - mmengine - INFO - Epoch(train)  [8][300/750]  lr: 2.0000e-02  eta: 0:45:28  time: 0.7891  data_time: 0.0275  memory: 22665  loss: 0.2125  loss_cls: 0.0935  acc: 97.5830  loss_bbox: 0.1190
2026/04/19 12:46:49 - mmengine - INFO - Epoch(train)  [8][350/750]  lr: 2.0000e-02  eta: 0:44:49  time: 0.7908  data_time: 0.0255  memory: 22665  loss: 0.2076  loss_cls: 0.0908  acc: 97.1191  loss_bbox: 0.1167
2026/04/19 12:47:28 - mmengine - INFO - Epoch(train)  [8][400/750]  lr: 2.0000e-02  eta: 0:44:09  time: 0.7837  data_time: 0.0264  memory: 22665  loss: 0.2118  loss_cls: 0.0926  acc: 96.1304  loss_bbox: 0.1192
2026/04/19 12:48:07 - mmengine - INFO - Epoch(train)  [8][450/750]  lr: 2.0000e-02  eta: 0:43:29  time: 0.7911  data_time: 0.0262  memory: 22665  loss: 0.2198  loss_cls: 0.0946  acc: 96.7163  loss_bbox: 0.1252
2026/04/19 12:48:48 - mmengine - INFO - Epoch(train)  [8][500/750]  lr: 2.0000e-02  eta: 0:42:50  time: 0.8094  data_time: 0.0297  memory: 22665  loss: 0.2294  loss_cls: 0.0981  acc: 96.6064  loss_bbox: 0.1313
2026/04/19 12:49:28 - mmengine - INFO - Epoch(train)  [8][550/750]  lr: 2.0000e-02  eta: 0:42:11  time: 0.7966  data_time: 0.0286  memory: 22665  loss: 0.2159  loss_cls: 0.0939  acc: 97.8271  loss_bbox: 0.1220
2026/04/19 12:50:07 - mmengine - INFO - Epoch(train)  [8][600/750]  lr: 2.0000e-02  eta: 0:41:31  time: 0.7916  data_time: 0.0268  memory: 22665  loss: 0.2088  loss_cls: 0.0905  acc: 97.0093  loss_bbox: 0.1183
2026/04/19 12:50:47 - mmengine - INFO - Epoch(train)  [8][650/750]  lr: 2.0000e-02  eta: 0:40:52  time: 0.7887  data_time: 0.0280  memory: 22665  loss: 0.2040  loss_cls: 0.0874  acc: 96.8262  loss_bbox: 0.1166
2026/04/19 12:51:26 - mmengine - INFO - Epoch(train)  [8][700/750]  lr: 2.0000e-02  eta: 0:40:12  time: 0.7889  data_time: 0.0265  memory: 22665  loss: 0.2122  loss_cls: 0.0907  acc: 96.9727  loss_bbox: 0.1215
2026/04/19 12:52:06 - mmengine - INFO - Exp name: fast-rcnn_r50_fpn_1x_voc2012_coco_20260419_113242
2026/04/19 12:52:06 - mmengine - INFO - Epoch(train)  [8][750/750]  lr: 2.0000e-02  eta: 0:39:33  time: 0.7935  data_time: 0.0254  memory: 22665  loss: 0.2198  loss_cls: 0.0944  acc: 98.3724  loss_bbox: 0.1253
2026/04/19 12:52:06 - mmengine - INFO - Saving checkpoint at 8 epochs
2026/04/19 12:52:46 - mmengine - INFO - Epoch(train)  [9][ 50/750]  lr: 2.0000e-03  eta: 0:38:53  time: 0.7805  data_time: 0.0281  memory: 22665  loss: 0.1845  loss_cls: 0.0771  acc: 97.3633  loss_bbox: 0.1074
2026/04/19 12:53:26 - mmengine - INFO - Epoch(train)  [9][100/750]  lr: 2.0000e-03  eta: 0:38:14  time: 0.8020  data_time: 0.0256  memory: 22665  loss: 0.1747  loss_cls: 0.0720  acc: 97.5586  loss_bbox: 0.1027
2026/04/19 12:54:06 - mmengine - INFO - Epoch(train)  [9][150/750]  lr: 2.0000e-03  eta: 0:37:34  time: 0.7905  data_time: 0.0277  memory: 22665  loss: 0.1815  loss_cls: 0.0741  acc: 96.8872  loss_bbox: 0.1074
2026/04/19 12:54:45 - mmengine - INFO - Epoch(train)  [9][200/750]  lr: 2.0000e-03  eta: 0:36:54  time: 0.7873  data_time: 0.0253  memory: 22665  loss: 0.1763  loss_cls: 0.0706  acc: 98.0469  loss_bbox: 0.1058
2026/04/19 12:55:25 - mmengine - INFO - Epoch(train)  [9][250/750]  lr: 2.0000e-03  eta: 0:36:15  time: 0.7897  data_time: 0.0269  memory: 22665  loss: 0.1818  loss_cls: 0.0743  acc: 97.5952  loss_bbox: 0.1075
2026/04/19 12:56:04 - mmengine - INFO - Epoch(train)  [9][300/750]  lr: 2.0000e-03  eta: 0:35:35  time: 0.7931  data_time: 0.0259  memory: 22665  loss: 0.1785  loss_cls: 0.0717  acc: 97.3267  loss_bbox: 0.1068
2026/04/19 12:56:44 - mmengine - INFO - Epoch(train)  [9][350/750]  lr: 2.0000e-03  eta: 0:34:56  time: 0.8004  data_time: 0.0257  memory: 22665  loss: 0.1735  loss_cls: 0.0702  acc: 97.5952  loss_bbox: 0.1032
2026/04/19 12:57:24 - mmengine - INFO - Epoch(train)  [9][400/750]  lr: 2.0000e-03  eta: 0:34:16  time: 0.7891  data_time: 0.0266  memory: 22665  loss: 0.1719  loss_cls: 0.0694  acc: 98.3887  loss_bbox: 0.1025
2026/04/19 12:58:03 - mmengine - INFO - Epoch(train)  [9][450/750]  lr: 2.0000e-03  eta: 0:33:37  time: 0.7801  data_time: 0.0265  memory: 22665  loss: 0.1736  loss_cls: 0.0692  acc: 97.4609  loss_bbox: 0.1045
2026/04/19 12:58:43 - mmengine - INFO - Epoch(train)  [9][500/750]  lr: 2.0000e-03  eta: 0:32:57  time: 0.8098  data_time: 0.0463  memory: 22665  loss: 0.1774  loss_cls: 0.0716  acc: 98.0103  loss_bbox: 0.1058
2026/04/19 12:59:23 - mmengine - INFO - Epoch(train)  [9][550/750]  lr: 2.0000e-03  eta: 0:32:18  time: 0.7908  data_time: 0.0263  memory: 22665  loss: 0.1835  loss_cls: 0.0739  acc: 97.4121  loss_bbox: 0.1095
2026/04/19 13:00:02 - mmengine - INFO - Epoch(train)  [9][600/750]  lr: 2.0000e-03  eta: 0:31:38  time: 0.7791  data_time: 0.0266  memory: 22665  loss: 0.1744  loss_cls: 0.0715  acc: 98.6938  loss_bbox: 0.1028
2026/04/19 13:00:41 - mmengine - INFO - Epoch(train)  [9][650/750]  lr: 2.0000e-03  eta: 0:30:58  time: 0.7840  data_time: 0.0256  memory: 22665  loss: 0.1790  loss_cls: 0.0717  acc: 97.1802  loss_bbox: 0.1073
2026/04/19 13:01:21 - mmengine - INFO - Epoch(train)  [9][700/750]  lr: 2.0000e-03  eta: 0:30:19  time: 0.7880  data_time: 0.0261  memory: 22665  loss: 0.1711  loss_cls: 0.0685  acc: 97.8638  loss_bbox: 0.1026
2026/04/19 13:01:59 - mmengine - INFO - Exp name: fast-rcnn_r50_fpn_1x_voc2012_coco_20260419_113242
2026/04/19 13:01:59 - mmengine - INFO - Epoch(train)  [9][750/750]  lr: 2.0000e-03  eta: 0:29:39  time: 0.7795  data_time: 0.0263  memory: 26667  loss: 0.1680  loss_cls: 0.0683  acc: 98.1771  loss_bbox: 0.0996
2026/04/19 13:01:59 - mmengine - INFO - Saving checkpoint at 9 epochs
2026/04/19 13:02:41 - mmengine - INFO - Epoch(train) [10][ 50/750]  lr: 2.0000e-03  eta: 0:29:00  time: 0.7948  data_time: 0.0276  memory: 22665  loss: 0.1711  loss_cls: 0.0691  acc: 97.0215  loss_bbox: 0.1021
2026/04/19 13:03:21 - mmengine - INFO - Epoch(train) [10][100/750]  lr: 2.0000e-03  eta: 0:28:20  time: 0.7981  data_time: 0.0258  memory: 22665  loss: 0.1637  loss_cls: 0.0652  acc: 97.8027  loss_bbox: 0.0986
2026/04/19 13:04:00 - mmengine - INFO - Epoch(train) [10][150/750]  lr: 2.0000e-03  eta: 0:27:41  time: 0.7884  data_time: 0.0264  memory: 22665  loss: 0.1732  loss_cls: 0.0703  acc: 96.9604  loss_bbox: 0.1030
2026/04/19 13:04:40 - mmengine - INFO - Epoch(train) [10][200/750]  lr: 2.0000e-03  eta: 0:27:01  time: 0.7919  data_time: 0.0261  memory: 22665  loss: 0.1750  loss_cls: 0.0688  acc: 97.6929  loss_bbox: 0.1062
2026/04/19 13:05:19 - mmengine - INFO - Exp name: fast-rcnn_r50_fpn_1x_voc2012_coco_20260419_113242
2026/04/19 13:05:19 - mmengine - INFO - Epoch(train) [10][250/750]  lr: 2.0000e-03  eta: 0:26:21  time: 0.7916  data_time: 0.0259  memory: 22665  loss: 0.1721  loss_cls: 0.0684  acc: 97.6440  loss_bbox: 0.1037
2026/04/19 13:05:59 - mmengine - INFO - Epoch(train) [10][300/750]  lr: 2.0000e-03  eta: 0:25:42  time: 0.7910  data_time: 0.0265  memory: 22665  loss: 0.1819  loss_cls: 0.0721  acc: 98.4497  loss_bbox: 0.1097
2026/04/19 13:06:39 - mmengine - INFO - Epoch(train) [10][350/750]  lr: 2.0000e-03  eta: 0:25:03  time: 0.8059  data_time: 0.0262  memory: 22665  loss: 0.1726  loss_cls: 0.0702  acc: 98.5107  loss_bbox: 0.1024
2026/04/19 13:07:18 - mmengine - INFO - Epoch(train) [10][400/750]  lr: 2.0000e-03  eta: 0:24:23  time: 0.7847  data_time: 0.0262  memory: 22665  loss: 0.1684  loss_cls: 0.0675  acc: 97.6318  loss_bbox: 0.1009
2026/04/19 13:07:58 - mmengine - INFO - Epoch(train) [10][450/750]  lr: 2.0000e-03  eta: 0:23:43  time: 0.7970  data_time: 0.0273  memory: 22665  loss: 0.1589  loss_cls: 0.0626  acc: 96.8018  loss_bbox: 0.0963
2026/04/19 13:08:37 - mmengine - INFO - Epoch(train) [10][500/750]  lr: 2.0000e-03  eta: 0:23:04  time: 0.7842  data_time: 0.0262  memory: 22665  loss: 0.1545  loss_cls: 0.0625  acc: 97.1436  loss_bbox: 0.0921
2026/04/19 13:09:17 - mmengine - INFO - Epoch(train) [10][550/750]  lr: 2.0000e-03  eta: 0:22:24  time: 0.7875  data_time: 0.0256  memory: 22665  loss: 0.1629  loss_cls: 0.0644  acc: 97.8149  loss_bbox: 0.0985
2026/04/19 13:09:57 - mmengine - INFO - Epoch(train) [10][600/750]  lr: 2.0000e-03  eta: 0:21:45  time: 0.7997  data_time: 0.0254  memory: 21766  loss: 0.1675  loss_cls: 0.0669  acc: 97.8271  loss_bbox: 0.1007
2026/04/19 13:10:36 - mmengine - INFO - Epoch(train) [10][650/750]  lr: 2.0000e-03  eta: 0:21:05  time: 0.7827  data_time: 0.0256  memory: 22665  loss: 0.1721  loss_cls: 0.0689  acc: 98.4985  loss_bbox: 0.1032
2026/04/19 13:11:15 - mmengine - INFO - Epoch(train) [10][700/750]  lr: 2.0000e-03  eta: 0:20:26  time: 0.7872  data_time: 0.0248  memory: 22665  loss: 0.1640  loss_cls: 0.0671  acc: 96.8994  loss_bbox: 0.0969
2026/04/19 13:11:54 - mmengine - INFO - Exp name: fast-rcnn_r50_fpn_1x_voc2012_coco_20260419_113242
2026/04/19 13:11:54 - mmengine - INFO - Epoch(train) [10][750/750]  lr: 2.0000e-03  eta: 0:19:46  time: 0.7798  data_time: 0.0240  memory: 28739  loss: 0.1759  loss_cls: 0.0714  acc: 95.7031  loss_bbox: 0.1045
2026/04/19 13:11:54 - mmengine - INFO - Saving checkpoint at 10 epochs
2026/04/19 13:12:36 - mmengine - INFO - Epoch(train) [11][ 50/750]  lr: 2.0000e-03  eta: 0:19:07  time: 0.8136  data_time: 0.0286  memory: 22665  loss: 0.1657  loss_cls: 0.0660  acc: 97.0825  loss_bbox: 0.0996
2026/04/19 13:13:15 - mmengine - INFO - Epoch(train) [11][100/750]  lr: 2.0000e-03  eta: 0:18:27  time: 0.7775  data_time: 0.0259  memory: 22665  loss: 0.1740  loss_cls: 0.0693  acc: 96.4478  loss_bbox: 0.1047
2026/04/19 13:13:55 - mmengine - INFO - Epoch(train) [11][150/750]  lr: 2.0000e-03  eta: 0:17:47  time: 0.7968  data_time: 0.0264  memory: 22665  loss: 0.1610  loss_cls: 0.0635  acc: 97.9126  loss_bbox: 0.0974
2026/04/19 13:14:35 - mmengine - INFO - Epoch(train) [11][200/750]  lr: 2.0000e-03  eta: 0:17:08  time: 0.8006  data_time: 0.0283  memory: 22665  loss: 0.1555  loss_cls: 0.0606  acc: 97.6440  loss_bbox: 0.0950
2026/04/19 13:15:14 - mmengine - INFO - Epoch(train) [11][250/750]  lr: 2.0000e-03  eta: 0:16:28  time: 0.7872  data_time: 0.0267  memory: 22665  loss: 0.1627  loss_cls: 0.0658  acc: 97.5708  loss_bbox: 0.0969
2026/04/19 13:15:54 - mmengine - INFO - Epoch(train) [11][300/750]  lr: 2.0000e-03  eta: 0:15:49  time: 0.7945  data_time: 0.0281  memory: 22665  loss: 0.1613  loss_cls: 0.0648  acc: 98.0957  loss_bbox: 0.0966
2026/04/19 13:16:34 - mmengine - INFO - Epoch(train) [11][350/750]  lr: 2.0000e-03  eta: 0:15:09  time: 0.7902  data_time: 0.0259  memory: 22665  loss: 0.1598  loss_cls: 0.0620  acc: 97.4121  loss_bbox: 0.0979
2026/04/19 13:17:14 - mmengine - INFO - Epoch(train) [11][400/750]  lr: 2.0000e-03  eta: 0:14:30  time: 0.7979  data_time: 0.0265  memory: 22665  loss: 0.1764  loss_cls: 0.0691  acc: 97.3877  loss_bbox: 0.1072
2026/04/19 13:17:53 - mmengine - INFO - Epoch(train) [11][450/750]  lr: 2.0000e-03  eta: 0:13:50  time: 0.7842  data_time: 0.0255  memory: 22665  loss: 0.1700  loss_cls: 0.0682  acc: 98.3276  loss_bbox: 0.1018
2026/04/19 13:18:32 - mmengine - INFO - Exp name: fast-rcnn_r50_fpn_1x_voc2012_coco_20260419_113242
2026/04/19 13:18:32 - mmengine - INFO - Epoch(train) [11][500/750]  lr: 2.0000e-03  eta: 0:13:11  time: 0.7856  data_time: 0.0254  memory: 22665  loss: 0.1670  loss_cls: 0.0657  acc: 97.6074  loss_bbox: 0.1013
2026/04/19 13:19:11 - mmengine - INFO - Epoch(train) [11][550/750]  lr: 2.0000e-03  eta: 0:12:31  time: 0.7883  data_time: 0.0260  memory: 22665  loss: 0.1625  loss_cls: 0.0654  acc: 97.8638  loss_bbox: 0.0971
2026/04/19 13:19:51 - mmengine - INFO - Epoch(train) [11][600/750]  lr: 2.0000e-03  eta: 0:11:51  time: 0.7848  data_time: 0.0268  memory: 22665  loss: 0.1657  loss_cls: 0.0654  acc: 97.9980  loss_bbox: 0.1003
2026/04/19 13:20:30 - mmengine - INFO - Epoch(train) [11][650/750]  lr: 2.0000e-03  eta: 0:11:12  time: 0.7933  data_time: 0.0264  memory: 22665  loss: 0.1675  loss_cls: 0.0673  acc: 97.5464  loss_bbox: 0.1002
2026/04/19 13:21:10 - mmengine - INFO - Epoch(train) [11][700/750]  lr: 2.0000e-03  eta: 0:10:32  time: 0.7950  data_time: 0.0267  memory: 22665  loss: 0.1708  loss_cls: 0.0681  acc: 97.8271  loss_bbox: 0.1027
2026/04/19 13:21:49 - mmengine - INFO - Exp name: fast-rcnn_r50_fpn_1x_voc2012_coco_20260419_113242
2026/04/19 13:21:49 - mmengine - INFO - Epoch(train) [11][750/750]  lr: 2.0000e-03  eta: 0:09:53  time: 0.7845  data_time: 0.0259  memory: 30527  loss: 0.1529  loss_cls: 0.0618  acc: 99.6745  loss_bbox: 0.0912
2026/04/19 13:21:49 - mmengine - INFO - Saving checkpoint at 11 epochs
2026/04/19 13:22:30 - mmengine - INFO - Epoch(train) [12][ 50/750]  lr: 2.0000e-04  eta: 0:09:13  time: 0.7873  data_time: 0.0269  memory: 22665  loss: 0.1594  loss_cls: 0.0619  acc: 97.6562  loss_bbox: 0.0975
2026/04/19 13:23:10 - mmengine - INFO - Epoch(train) [12][100/750]  lr: 2.0000e-04  eta: 0:08:34  time: 0.7874  data_time: 0.0269  memory: 21766  loss: 0.1652  loss_cls: 0.0655  acc: 97.2046  loss_bbox: 0.0997
2026/04/19 13:23:50 - mmengine - INFO - Epoch(train) [12][150/750]  lr: 2.0000e-04  eta: 0:07:54  time: 0.8097  data_time: 0.0257  memory: 22665  loss: 0.1572  loss_cls: 0.0618  acc: 97.3267  loss_bbox: 0.0954
2026/04/19 13:24:29 - mmengine - INFO - Epoch(train) [12][200/750]  lr: 2.0000e-04  eta: 0:07:15  time: 0.7811  data_time: 0.0276  memory: 22665  loss: 0.1568  loss_cls: 0.0618  acc: 98.4863  loss_bbox: 0.0951
2026/04/19 13:25:09 - mmengine - INFO - Epoch(train) [12][250/750]  lr: 2.0000e-04  eta: 0:06:35  time: 0.8055  data_time: 0.0266  memory: 21766  loss: 0.1634  loss_cls: 0.0650  acc: 98.4009  loss_bbox: 0.0984
2026/04/19 13:25:49 - mmengine - INFO - Epoch(train) [12][300/750]  lr: 2.0000e-04  eta: 0:05:55  time: 0.7880  data_time: 0.0260  memory: 22665  loss: 0.1520  loss_cls: 0.0600  acc: 96.0815  loss_bbox: 0.0920
2026/04/19 13:26:28 - mmengine - INFO - Epoch(train) [12][350/750]  lr: 2.0000e-04  eta: 0:05:16  time: 0.7909  data_time: 0.0264  memory: 22665  loss: 0.1662  loss_cls: 0.0651  acc: 96.8262  loss_bbox: 0.1011
2026/04/19 13:27:08 - mmengine - INFO - Epoch(train) [12][400/750]  lr: 2.0000e-04  eta: 0:04:36  time: 0.7926  data_time: 0.0261  memory: 22665  loss: 0.1611  loss_cls: 0.0621  acc: 98.1934  loss_bbox: 0.0989
2026/04/19 13:27:47 - mmengine - INFO - Epoch(train) [12][450/750]  lr: 2.0000e-04  eta: 0:03:57  time: 0.7909  data_time: 0.0262  memory: 22665  loss: 0.1573  loss_cls: 0.0633  acc: 97.9736  loss_bbox: 0.0940
2026/04/19 13:28:27 - mmengine - INFO - Epoch(train) [12][500/750]  lr: 2.0000e-04  eta: 0:03:17  time: 0.7936  data_time: 0.0259  memory: 22665  loss: 0.1573  loss_cls: 0.0612  acc: 98.7183  loss_bbox: 0.0961
2026/04/19 13:29:06 - mmengine - INFO - Epoch(train) [12][550/750]  lr: 2.0000e-04  eta: 0:02:38  time: 0.7849  data_time: 0.0250  memory: 22665  loss: 0.1675  loss_cls: 0.0667  acc: 97.0337  loss_bbox: 0.1008
2026/04/19 13:29:46 - mmengine - INFO - Epoch(train) [12][600/750]  lr: 2.0000e-04  eta: 0:01:58  time: 0.7899  data_time: 0.0264  memory: 22665  loss: 0.1604  loss_cls: 0.0634  acc: 97.2168  loss_bbox: 0.0969
2026/04/19 13:30:26 - mmengine - INFO - Epoch(train) [12][650/750]  lr: 2.0000e-04  eta: 0:01:19  time: 0.7931  data_time: 0.0270  memory: 21766  loss: 0.1692  loss_cls: 0.0667  acc: 97.0581  loss_bbox: 0.1025
2026/04/19 13:31:05 - mmengine - INFO - Epoch(train) [12][700/750]  lr: 2.0000e-04  eta: 0:00:39  time: 0.7895  data_time: 0.0259  memory: 22665  loss: 0.1500  loss_cls: 0.0597  acc: 97.4121  loss_bbox: 0.0903
2026/04/19 13:31:45 - mmengine - INFO - Exp name: fast-rcnn_r50_fpn_1x_voc2012_coco_20260419_113242
2026/04/19 13:31:45 - mmengine - INFO - Epoch(train) [12][750/750]  lr: 2.0000e-04  eta: 0:00:00  time: 0.7930  data_time: 0.0249  memory: 32844  loss: 0.1566  loss_cls: 0.0624  acc: 98.0469  loss_bbox: 0.0942
2026/04/19 13:31:45 - mmengine - INFO - Saving checkpoint at 12 epochs
2026/04/19 13:31:48 - mmengine - INFO - Epoch(val) [12][  50/3425]    eta: 0:01:54  time: 0.0340  data_time: 0.0025  memory: 675  
2026/04/19 13:31:49 - mmengine - INFO - Epoch(val) [12][ 100/3425]    eta: 0:01:38  time: 0.0252  data_time: 0.0016  memory: 677  
2026/04/19 13:31:50 - mmengine - INFO - Epoch(val) [12][ 150/3425]    eta: 0:01:32  time: 0.0255  data_time: 0.0016  memory: 677  
2026/04/19 13:31:52 - mmengine - INFO - Epoch(val) [12][ 200/3425]    eta: 0:01:29  time: 0.0264  data_time: 0.0015  memory: 669  
2026/04/19 13:31:53 - mmengine - INFO - Epoch(val) [12][ 250/3425]    eta: 0:01:27  time: 0.0265  data_time: 0.0016  memory: 669  
2026/04/19 13:31:54 - mmengine - INFO - Epoch(val) [12][ 300/3425]    eta: 0:01:24  time: 0.0248  data_time: 0.0016  memory: 658  
2026/04/19 13:31:56 - mmengine - INFO - Epoch(val) [12][ 350/3425]    eta: 0:01:23  time: 0.0267  data_time: 0.0015  memory: 692  
2026/04/19 13:31:57 - mmengine - INFO - Epoch(val) [12][ 400/3425]    eta: 0:01:20  time: 0.0241  data_time: 0.0015  memory: 669  
2026/04/19 13:31:58 - mmengine - INFO - Epoch(val) [12][ 450/3425]    eta: 0:01:18  time: 0.0252  data_time: 0.0015  memory: 658  
2026/04/19 13:31:59 - mmengine - INFO - Epoch(val) [12][ 500/3425]    eta: 0:01:17  time: 0.0248  data_time: 0.0015  memory: 692  
2026/04/19 13:32:01 - mmengine - INFO - Epoch(val) [12][ 550/3425]    eta: 0:01:15  time: 0.0245  data_time: 0.0015  memory: 675  
2026/04/19 13:32:02 - mmengine - INFO - Epoch(val) [12][ 600/3425]    eta: 0:01:13  time: 0.0248  data_time: 0.0015  memory: 663  
2026/04/19 13:32:03 - mmengine - INFO - Epoch(val) [12][ 650/3425]    eta: 0:01:12  time: 0.0253  data_time: 0.0015  memory: 658  
2026/04/19 13:32:04 - mmengine - INFO - Epoch(val) [12][ 700/3425]    eta: 0:01:10  time: 0.0251  data_time: 0.0016  memory: 692  
2026/04/19 13:32:05 - mmengine - INFO - Epoch(val) [12][ 750/3425]    eta: 0:01:08  time: 0.0236  data_time: 0.0015  memory: 675  
2026/04/19 13:32:07 - mmengine - INFO - Epoch(val) [12][ 800/3425]    eta: 0:01:07  time: 0.0241  data_time: 0.0015  memory: 677  
2026/04/19 13:32:08 - mmengine - INFO - Epoch(val) [12][ 850/3425]    eta: 0:01:05  time: 0.0240  data_time: 0.0016  memory: 669  
2026/04/19 13:32:09 - mmengine - INFO - Epoch(val) [12][ 900/3425]    eta: 0:01:04  time: 0.0248  data_time: 0.0015  memory: 669  
2026/04/19 13:32:10 - mmengine - INFO - Epoch(val) [12][ 950/3425]    eta: 0:01:03  time: 0.0246  data_time: 0.0016  memory: 682  
2026/04/19 13:32:12 - mmengine - INFO - Epoch(val) [12][1000/3425]    eta: 0:01:01  time: 0.0243  data_time: 0.0016  memory: 675  
2026/04/19 13:32:13 - mmengine - INFO - Epoch(val) [12][1050/3425]    eta: 0:01:01  time: 0.0363  data_time: 0.0016  memory: 675  
2026/04/19 13:32:15 - mmengine - INFO - Epoch(val) [12][1100/3425]    eta: 0:01:00  time: 0.0245  data_time: 0.0016  memory: 669  
2026/04/19 13:32:16 - mmengine - INFO - Epoch(val) [12][1150/3425]    eta: 0:00:58  time: 0.0243  data_time: 0.0015  memory: 692  
2026/04/19 13:32:17 - mmengine - INFO - Epoch(val) [12][1200/3425]    eta: 0:00:57  time: 0.0250  data_time: 0.0016  memory: 677  
2026/04/19 13:32:18 - mmengine - INFO - Epoch(val) [12][1250/3425]    eta: 0:00:55  time: 0.0241  data_time: 0.0015  memory: 675  
2026/04/19 13:32:20 - mmengine - INFO - Epoch(val) [12][1300/3425]    eta: 0:00:54  time: 0.0241  data_time: 0.0015  memory: 692  
2026/04/19 13:32:21 - mmengine - INFO - Epoch(val) [12][1350/3425]    eta: 0:00:53  time: 0.0246  data_time: 0.0015  memory: 682  
2026/04/19 13:32:22 - mmengine - INFO - Epoch(val) [12][1400/3425]    eta: 0:00:51  time: 0.0241  data_time: 0.0015  memory: 669  
2026/04/19 13:32:23 - mmengine - INFO - Epoch(val) [12][1450/3425]    eta: 0:00:50  time: 0.0239  data_time: 0.0015  memory: 677  
2026/04/19 13:32:24 - mmengine - INFO - Epoch(val) [12][1500/3425]    eta: 0:00:48  time: 0.0235  data_time: 0.0016  memory: 675  
2026/04/19 13:32:26 - mmengine - INFO - Epoch(val) [12][1550/3425]    eta: 0:00:47  time: 0.0237  data_time: 0.0015  memory: 682  
2026/04/19 13:32:27 - mmengine - INFO - Epoch(val) [12][1600/3425]    eta: 0:00:46  time: 0.0234  data_time: 0.0015  memory: 669  
2026/04/19 13:32:28 - mmengine - INFO - Epoch(val) [12][1650/3425]    eta: 0:00:44  time: 0.0242  data_time: 0.0015  memory: 682  
2026/04/19 13:32:29 - mmengine - INFO - Epoch(val) [12][1700/3425]    eta: 0:00:43  time: 0.0247  data_time: 0.0015  memory: 675  
2026/04/19 13:32:30 - mmengine - INFO - Epoch(val) [12][1750/3425]    eta: 0:00:42  time: 0.0249  data_time: 0.0015  memory: 677  
2026/04/19 13:32:32 - mmengine - INFO - Epoch(val) [12][1800/3425]    eta: 0:00:41  time: 0.0248  data_time: 0.0016  memory: 658  
2026/04/19 13:32:33 - mmengine - INFO - Epoch(val) [12][1850/3425]    eta: 0:00:39  time: 0.0241  data_time: 0.0016  memory: 669  
2026/04/19 13:32:34 - mmengine - INFO - Epoch(val) [12][1900/3425]    eta: 0:00:38  time: 0.0244  data_time: 0.0016  memory: 669  
2026/04/19 13:32:35 - mmengine - INFO - Epoch(val) [12][1950/3425]    eta: 0:00:37  time: 0.0242  data_time: 0.0015  memory: 692  
2026/04/19 13:32:36 - mmengine - INFO - Epoch(val) [12][2000/3425]    eta: 0:00:35  time: 0.0244  data_time: 0.0015  memory: 692  
2026/04/19 13:32:38 - mmengine - INFO - Epoch(val) [12][2050/3425]    eta: 0:00:34  time: 0.0241  data_time: 0.0015  memory: 677  
2026/04/19 13:32:39 - mmengine - INFO - Epoch(val) [12][2100/3425]    eta: 0:00:33  time: 0.0242  data_time: 0.0015  memory: 675  
2026/04/19 13:32:40 - mmengine - INFO - Epoch(val) [12][2150/3425]    eta: 0:00:31  time: 0.0238  data_time: 0.0014  memory: 658  
2026/04/19 13:32:41 - mmengine - INFO - Epoch(val) [12][2200/3425]    eta: 0:00:30  time: 0.0243  data_time: 0.0015  memory: 692  
2026/04/19 13:32:43 - mmengine - INFO - Epoch(val) [12][2250/3425]    eta: 0:00:29  time: 0.0243  data_time: 0.0016  memory: 692  
2026/04/19 13:32:44 - mmengine - INFO - Epoch(val) [12][2300/3425]    eta: 0:00:28  time: 0.0244  data_time: 0.0015  memory: 663  
2026/04/19 13:32:45 - mmengine - INFO - Epoch(val) [12][2350/3425]    eta: 0:00:26  time: 0.0245  data_time: 0.0016  memory: 692  
2026/04/19 13:32:47 - mmengine - INFO - Epoch(val) [12][2400/3425]    eta: 0:00:25  time: 0.0366  data_time: 0.0015  memory: 692  
2026/04/19 13:32:48 - mmengine - INFO - Epoch(val) [12][2450/3425]    eta: 0:00:24  time: 0.0245  data_time: 0.0017  memory: 675  
2026/04/19 13:32:49 - mmengine - INFO - Epoch(val) [12][2500/3425]    eta: 0:00:23  time: 0.0244  data_time: 0.0016  memory: 692  
2026/04/19 13:32:50 - mmengine - INFO - Epoch(val) [12][2550/3425]    eta: 0:00:22  time: 0.0244  data_time: 0.0016  memory: 669  
2026/04/19 13:32:52 - mmengine - INFO - Epoch(val) [12][2600/3425]    eta: 0:00:20  time: 0.0246  data_time: 0.0017  memory: 682  
2026/04/19 13:32:53 - mmengine - INFO - Epoch(val) [12][2650/3425]    eta: 0:00:19  time: 0.0242  data_time: 0.0016  memory: 682  
2026/04/19 13:32:54 - mmengine - INFO - Epoch(val) [12][2700/3425]    eta: 0:00:18  time: 0.0240  data_time: 0.0015  memory: 675  
2026/04/19 13:32:55 - mmengine - INFO - Epoch(val) [12][2750/3425]    eta: 0:00:16  time: 0.0239  data_time: 0.0015  memory: 692  
2026/04/19 13:32:56 - mmengine - INFO - Epoch(val) [12][2800/3425]    eta: 0:00:15  time: 0.0232  data_time: 0.0015  memory: 692  
2026/04/19 13:32:58 - mmengine - INFO - Epoch(val) [12][2850/3425]    eta: 0:00:14  time: 0.0236  data_time: 0.0015  memory: 677  
2026/04/19 13:32:59 - mmengine - INFO - Epoch(val) [12][2900/3425]    eta: 0:00:13  time: 0.0233  data_time: 0.0014  memory: 682  
2026/04/19 13:33:00 - mmengine - INFO - Epoch(val) [12][2950/3425]    eta: 0:00:11  time: 0.0240  data_time: 0.0015  memory: 692  
2026/04/19 13:33:01 - mmengine - INFO - Epoch(val) [12][3000/3425]    eta: 0:00:10  time: 0.0248  data_time: 0.0015  memory: 692  
2026/04/19 13:33:02 - mmengine - INFO - Epoch(val) [12][3050/3425]    eta: 0:00:09  time: 0.0244  data_time: 0.0016  memory: 669  
2026/04/19 13:33:04 - mmengine - INFO - Epoch(val) [12][3100/3425]    eta: 0:00:08  time: 0.0244  data_time: 0.0016  memory: 692  
2026/04/19 13:33:05 - mmengine - INFO - Epoch(val) [12][3150/3425]    eta: 0:00:06  time: 0.0240  data_time: 0.0016  memory: 692  
2026/04/19 13:33:06 - mmengine - INFO - Epoch(val) [12][3200/3425]    eta: 0:00:05  time: 0.0244  data_time: 0.0016  memory: 658  
2026/04/19 13:33:07 - mmengine - INFO - Epoch(val) [12][3250/3425]    eta: 0:00:04  time: 0.0241  data_time: 0.0016  memory: 669  
2026/04/19 13:33:09 - mmengine - INFO - Epoch(val) [12][3300/3425]    eta: 0:00:03  time: 0.0242  data_time: 0.0015  memory: 675  
2026/04/19 13:33:10 - mmengine - INFO - Epoch(val) [12][3350/3425]    eta: 0:00:01  time: 0.0244  data_time: 0.0015  memory: 658  
2026/04/19 13:33:11 - mmengine - INFO - Epoch(val) [12][3400/3425]    eta: 0:00:00  time: 0.0243  data_time: 0.0015  memory: 692  
2026/04/19 13:33:12 - mmengine - INFO - Evaluating bbox...
2026/04/19 13:33:14 - mmengine - INFO - bbox_mAP_copypaste: 0.370 0.643 0.384 0.147 0.274 0.433
2026/04/19 13:33:14 - mmengine - INFO - Epoch(val) [12][3425/3425]    coco/bbox_mAP: 0.3700  coco/bbox_mAP_50: 0.6430  coco/bbox_mAP_75: 0.3840  coco/bbox_mAP_s: 0.1470  coco/bbox_mAP_m: 0.2740  coco/bbox_mAP_l: 0.4330  data_time: 0.0016  time: 0.0249
