2026/04/20 11:52:52 - mmengine - INFO - 
------------------------------------------------------------
System environment:
    sys.platform: linux
    Python: 3.8.20 (default, Oct  3 2024, 15:24:27) [GCC 11.2.0]
    CUDA available: True
    MUSA available: False
    numpy_random_seed: 159056833
    GPU 0,1: NVIDIA RTX A6000
    CUDA_HOME: /usr/local/cuda-12.1
    NVCC: Cuda compilation tools, release 12.1, V12.1.105
    GCC: gcc (Ubuntu 11.4.0-1ubuntu1~22.04.3) 11.4.0
    PyTorch: 2.1.0+cu121
    PyTorch compiling details: PyTorch built with:
  - GCC 9.3
  - C++ Version: 201703
  - Intel(R) oneAPI Math Kernel Library Version 2022.2-Product Build 20220804 for Intel(R) 64 architecture applications
  - Intel(R) MKL-DNN v3.1.1 (Git Hash 64f6bcbcbab628e96f33a62c3e975f8535a7bde4)
  - OpenMP 201511 (a.k.a. OpenMP 4.5)
  - LAPACK is enabled (usually provided by MKL)
  - NNPACK is enabled
  - CPU capability usage: AVX2
  - CUDA Runtime 12.1
  - NVCC architecture flags: -gencode;arch=compute_50,code=sm_50;-gencode;arch=compute_60,code=sm_60;-gencode;arch=compute_70,code=sm_70;-gencode;arch=compute_75,code=sm_75;-gencode;arch=compute_80,code=sm_80;-gencode;arch=compute_86,code=sm_86;-gencode;arch=compute_90,code=sm_90
  - CuDNN 8.9.2
  - Magma 2.6.1
  - Build settings: BLAS_INFO=mkl, BUILD_TYPE=Release, CUDA_VERSION=12.1, CUDNN_VERSION=8.9.2, CXX_COMPILER=/opt/rh/devtoolset-9/root/usr/bin/c++, CXX_FLAGS= -D_GLIBCXX_USE_CXX11_ABI=0 -fabi-version=11 -fvisibility-inlines-hidden -DUSE_PTHREADPOOL -DNDEBUG -DUSE_KINETO -DLIBKINETO_NOROCTRACER -DUSE_FBGEMM -DUSE_QNNPACK -DUSE_PYTORCH_QNNPACK -DUSE_XNNPACK -DSYMBOLICATE_MOBILE_DEBUG_HANDLE -O2 -fPIC -Wall -Wextra -Werror=return-type -Werror=non-virtual-dtor -Werror=bool-operation -Wnarrowing -Wno-missing-field-initializers -Wno-type-limits -Wno-array-bounds -Wno-unknown-pragmas -Wno-unused-parameter -Wno-unused-function -Wno-unused-result -Wno-strict-overflow -Wno-strict-aliasing -Wno-stringop-overflow -Wno-psabi -Wno-error=pedantic -Wno-error=old-style-cast -Wno-invalid-partial-specialization -Wno-unused-private-field -Wno-aligned-allocation-unavailable -Wno-missing-braces -fdiagnostics-color=always -faligned-new -Wno-unused-but-set-variable -Wno-maybe-uninitialized -fno-math-errno -fno-trapping-math -Werror=format -Werror=cast-function-type -Wno-stringop-overflow, LAPACK_INFO=mkl, PERF_WITH_AVX=1, PERF_WITH_AVX2=1, PERF_WITH_AVX512=1, TORCH_DISABLE_GPU_ASSERTS=ON, TORCH_VERSION=2.1.0, USE_CUDA=ON, USE_CUDNN=ON, USE_EXCEPTION_PTR=1, USE_GFLAGS=OFF, USE_GLOG=OFF, USE_MKL=ON, USE_MKLDNN=ON, USE_MPI=OFF, USE_NCCL=1, USE_NNPACK=ON, USE_OPENMP=ON, USE_ROCM=OFF, 

    TorchVision: 0.16.0+cu121
    OpenCV: 4.13.0
    MMEngine: 0.10.7

Runtime environment:
    cudnn_benchmark: False
    mp_cfg: {'mp_start_method': 'fork', 'opencv_num_threads': 0}
    dist_cfg: {'backend': 'nccl'}
    seed: 159056833
    Distributed launcher: none
    Distributed training: False
    GPU number: 1
------------------------------------------------------------

2026/04/20 11:52:52 - mmengine - INFO - Config:
auto_scale_lr = dict(base_batch_size=64, enable=False)
backend_args = None
classes = (
    'aeroplane',
    'bicycle',
    'bird',
    'boat',
    'bottle',
    'bus',
    'car',
    'cat',
    'chair',
    'cow',
    'diningtable',
    'dog',
    'horse',
    'motorbike',
    'person',
    'pottedplant',
    'sheep',
    'sofa',
    'train',
    'tvmonitor',
)
data_preprocessor = dict(
    bgr_to_rgb=True,
    mean=[
        0,
        0,
        0,
    ],
    pad_size_divisor=32,
    std=[
        255.0,
        255.0,
        255.0,
    ],
    type='DetDataPreprocessor')
data_root = 'data/VOCdevkit/VOC2012_coco/'
dataset_type = 'CocoDataset'
default_hooks = dict(
    checkpoint=dict(interval=7, type='CheckpointHook'),
    logger=dict(interval=50, type='LoggerHook'),
    param_scheduler=dict(type='ParamSchedulerHook'),
    sampler_seed=dict(type='DistSamplerSeedHook'),
    timer=dict(type='IterTimerHook'),
    visualization=dict(type='DetVisualizationHook'))
default_scope = 'mmdet'
env_cfg = dict(
    cudnn_benchmark=False,
    dist_cfg=dict(backend='nccl'),
    mp_cfg=dict(mp_start_method='fork', opencv_num_threads=0))
launcher = 'none'
load_from = 'work_dirs/yolov3_d53_416_voc2012_coco_bs16/epoch_231.pth'
log_level = 'INFO'
log_processor = dict(by_epoch=True, type='LogProcessor', window_size=50)
metainfo = dict(
    classes=(
        'aeroplane',
        'bicycle',
        'bird',
        'boat',
        'bottle',
        'bus',
        'car',
        'cat',
        'chair',
        'cow',
        'diningtable',
        'dog',
        'horse',
        'motorbike',
        'person',
        'pottedplant',
        'sheep',
        'sofa',
        'train',
        'tvmonitor',
    ))
model = dict(
    backbone=dict(
        depth=53,
        init_cfg=dict(checkpoint='open-mmlab://darknet53', type='Pretrained'),
        out_indices=(
            3,
            4,
            5,
        ),
        type='Darknet'),
    bbox_head=dict(
        anchor_generator=dict(
            base_sizes=[
                [
                    (
                        116,
                        90,
                    ),
                    (
                        156,
                        198,
                    ),
                    (
                        373,
                        326,
                    ),
                ],
                [
                    (
                        30,
                        61,
                    ),
                    (
                        62,
                        45,
                    ),
                    (
                        59,
                        119,
                    ),
                ],
                [
                    (
                        10,
                        13,
                    ),
                    (
                        16,
                        30,
                    ),
                    (
                        33,
                        23,
                    ),
                ],
            ],
            strides=[
                32,
                16,
                8,
            ],
            type='YOLOAnchorGenerator'),
        bbox_coder=dict(type='YOLOBBoxCoder'),
        featmap_strides=[
            32,
            16,
            8,
        ],
        in_channels=[
            512,
            256,
            128,
        ],
        loss_cls=dict(
            loss_weight=1.0,
            reduction='sum',
            type='CrossEntropyLoss',
            use_sigmoid=True),
        loss_conf=dict(
            loss_weight=1.0,
            reduction='sum',
            type='CrossEntropyLoss',
            use_sigmoid=True),
        loss_wh=dict(loss_weight=2.0, reduction='sum', type='MSELoss'),
        loss_xy=dict(
            loss_weight=2.0,
            reduction='sum',
            type='CrossEntropyLoss',
            use_sigmoid=True),
        num_classes=20,
        out_channels=[
            1024,
            512,
            256,
        ],
        type='YOLOV3Head'),
    data_preprocessor=dict(
        bgr_to_rgb=True,
        mean=[
            0,
            0,
            0,
        ],
        pad_size_divisor=32,
        std=[
            255.0,
            255.0,
            255.0,
        ],
        type='DetDataPreprocessor'),
    neck=dict(
        in_channels=[
            1024,
            512,
            256,
        ],
        num_scales=3,
        out_channels=[
            512,
            256,
            128,
        ],
        type='YOLOV3Neck'),
    test_cfg=dict(
        conf_thr=0.005,
        max_per_img=100,
        min_bbox_size=0,
        nms=dict(iou_threshold=0.45, type='nms'),
        nms_pre=1000,
        score_thr=0.05),
    train_cfg=dict(
        assigner=dict(
            min_pos_iou=0,
            neg_iou_thr=0.5,
            pos_iou_thr=0.5,
            type='GridAssigner')),
    type='YOLOV3')
optim_wrapper = dict(
    clip_grad=dict(max_norm=35, norm_type=2),
    optimizer=dict(lr=0.001, momentum=0.9, type='SGD', weight_decay=0.0005),
    type='OptimWrapper')
param_scheduler = [
    dict(begin=0, by_epoch=False, end=2000, start_factor=0.1, type='LinearLR'),
    dict(
        by_epoch=True, gamma=0.1, milestones=[
            218,
            246,
        ], type='MultiStepLR'),
]
resume = False
test_cfg = dict(type='TestLoop')
test_dataloader = dict(
    batch_size=1,
    dataset=dict(
        ann_file='annotations/instances_test.json',
        backend_args=None,
        data_prefix=dict(img='test/'),
        data_root='data/VOCdevkit/VOC2012_coco/',
        metainfo=dict(
            classes=(
                'aeroplane',
                'bicycle',
                'bird',
                'boat',
                'bottle',
                'bus',
                'car',
                'cat',
                'chair',
                'cow',
                'diningtable',
                'dog',
                'horse',
                'motorbike',
                'person',
                'pottedplant',
                'sheep',
                'sofa',
                'train',
                'tvmonitor',
            )),
        pipeline=[
            dict(backend_args=None, type='LoadImageFromFile'),
            dict(keep_ratio=True, scale=(
                416,
                416,
            ), type='Resize'),
            dict(type='LoadAnnotations', with_bbox=True),
            dict(
                meta_keys=(
                    'img_id',
                    'img_path',
                    'ori_shape',
                    'img_shape',
                    'scale_factor',
                ),
                type='PackDetInputs'),
        ],
        test_mode=True,
        type='CocoDataset'),
    drop_last=False,
    num_workers=2,
    persistent_workers=True,
    sampler=dict(shuffle=False, type='DefaultSampler'))
test_evaluator = dict(
    ann_file='data/VOCdevkit/VOC2012_coco/annotations/instances_test.json',
    backend_args=None,
    metric='bbox',
    type='CocoMetric')
test_pipeline = [
    dict(backend_args=None, type='LoadImageFromFile'),
    dict(keep_ratio=True, scale=(
        416,
        416,
    ), type='Resize'),
    dict(type='LoadAnnotations', with_bbox=True),
    dict(
        meta_keys=(
            'img_id',
            'img_path',
            'ori_shape',
            'img_shape',
            'scale_factor',
        ),
        type='PackDetInputs'),
]
train_cfg = dict(max_epochs=273, type='EpochBasedTrainLoop', val_interval=7)
train_dataloader = dict(
    batch_sampler=dict(type='AspectRatioBatchSampler'),
    batch_size=8,
    dataset=dict(
        ann_file='annotations/instances_train.json',
        backend_args=None,
        data_prefix=dict(img='train/'),
        data_root='data/VOCdevkit/VOC2012_coco/',
        filter_cfg=dict(filter_empty_gt=True, min_size=32),
        metainfo=dict(
            classes=(
                'aeroplane',
                'bicycle',
                'bird',
                'boat',
                'bottle',
                'bus',
                'car',
                'cat',
                'chair',
                'cow',
                'diningtable',
                'dog',
                'horse',
                'motorbike',
                'person',
                'pottedplant',
                'sheep',
                'sofa',
                'train',
                'tvmonitor',
            )),
        pipeline=[
            dict(backend_args=None, type='LoadImageFromFile'),
            dict(type='LoadAnnotations', with_bbox=True),
            dict(
                mean=[
                    0,
                    0,
                    0,
                ],
                ratio_range=(
                    1,
                    2,
                ),
                to_rgb=True,
                type='Expand'),
            dict(
                min_crop_size=0.3,
                min_ious=(
                    0.4,
                    0.5,
                    0.6,
                    0.7,
                    0.8,
                    0.9,
                ),
                type='MinIoURandomCrop'),
            dict(
                keep_ratio=True,
                scale=[
                    (
                        320,
                        320,
                    ),
                    (
                        416,
                        416,
                    ),
                ],
                type='RandomResize'),
            dict(prob=0.5, type='RandomFlip'),
            dict(type='PhotoMetricDistortion'),
            dict(type='PackDetInputs'),
        ],
        type='CocoDataset'),
    num_workers=4,
    persistent_workers=True,
    sampler=dict(shuffle=True, type='DefaultSampler'))
train_pipeline = [
    dict(backend_args=None, type='LoadImageFromFile'),
    dict(type='LoadAnnotations', with_bbox=True),
    dict(mean=[
        0,
        0,
        0,
    ], ratio_range=(
        1,
        2,
    ), to_rgb=True, type='Expand'),
    dict(
        min_crop_size=0.3,
        min_ious=(
            0.4,
            0.5,
            0.6,
            0.7,
            0.8,
            0.9,
        ),
        type='MinIoURandomCrop'),
    dict(
        keep_ratio=True,
        scale=[
            (
                320,
                320,
            ),
            (
                416,
                416,
            ),
        ],
        type='RandomResize'),
    dict(prob=0.5, type='RandomFlip'),
    dict(type='PhotoMetricDistortion'),
    dict(type='PackDetInputs'),
]
val_cfg = dict(type='ValLoop')
val_dataloader = dict(
    batch_size=1,
    dataset=dict(
        ann_file='annotations/instances_val.json',
        backend_args=None,
        data_prefix=dict(img='val/'),
        data_root='data/VOCdevkit/VOC2012_coco/',
        metainfo=dict(
            classes=(
                'aeroplane',
                'bicycle',
                'bird',
                'boat',
                'bottle',
                'bus',
                'car',
                'cat',
                'chair',
                'cow',
                'diningtable',
                'dog',
                'horse',
                'motorbike',
                'person',
                'pottedplant',
                'sheep',
                'sofa',
                'train',
                'tvmonitor',
            )),
        pipeline=[
            dict(backend_args=None, type='LoadImageFromFile'),
            dict(keep_ratio=True, scale=(
                416,
                416,
            ), type='Resize'),
            dict(type='LoadAnnotations', with_bbox=True),
            dict(
                meta_keys=(
                    'img_id',
                    'img_path',
                    'ori_shape',
                    'img_shape',
                    'scale_factor',
                ),
                type='PackDetInputs'),
        ],
        test_mode=True,
        type='CocoDataset'),
    drop_last=False,
    num_workers=2,
    persistent_workers=True,
    sampler=dict(shuffle=False, type='DefaultSampler'))
val_evaluator = dict(
    ann_file='data/VOCdevkit/VOC2012_coco/annotations/instances_val.json',
    backend_args=None,
    metric='bbox',
    type='CocoMetric')
vis_backends = [
    dict(type='LocalVisBackend'),
]
visualizer = dict(
    name='visualizer',
    type='DetLocalVisualizer',
    vis_backends=[
        dict(type='LocalVisBackend'),
    ])
work_dir = 'work_dirs/yolov3_d53_416_voc2012_coco_bs16'

2026/04/20 11:52:55 - mmengine - INFO - Distributed training is not used, all SyncBatchNorm (SyncBN) layers in the model will be automatically reverted to BatchNormXd layers if they are used.
2026/04/20 11:52:55 - mmengine - INFO - Hooks will be executed in the following order:
before_run:
(VERY_HIGH   ) RuntimeInfoHook                    
(BELOW_NORMAL) LoggerHook                         
 -------------------- 
before_train:
(VERY_HIGH   ) RuntimeInfoHook                    
(NORMAL      ) IterTimerHook                      
(VERY_LOW    ) CheckpointHook                     
 -------------------- 
before_train_epoch:
(VERY_HIGH   ) RuntimeInfoHook                    
(NORMAL      ) IterTimerHook                      
(NORMAL      ) DistSamplerSeedHook                
 -------------------- 
before_train_iter:
(VERY_HIGH   ) RuntimeInfoHook                    
(NORMAL      ) IterTimerHook                      
 -------------------- 
after_train_iter:
(VERY_HIGH   ) RuntimeInfoHook                    
(NORMAL      ) IterTimerHook                      
(BELOW_NORMAL) LoggerHook                         
(LOW         ) ParamSchedulerHook                 
(VERY_LOW    ) CheckpointHook                     
 -------------------- 
after_train_epoch:
(NORMAL      ) IterTimerHook                      
(LOW         ) ParamSchedulerHook                 
(VERY_LOW    ) CheckpointHook                     
 -------------------- 
before_val:
(VERY_HIGH   ) RuntimeInfoHook                    
 -------------------- 
before_val_epoch:
(NORMAL      ) IterTimerHook                      
 -------------------- 
before_val_iter:
(NORMAL      ) IterTimerHook                      
 -------------------- 
after_val_iter:
(NORMAL      ) IterTimerHook                      
(NORMAL      ) DetVisualizationHook               
(BELOW_NORMAL) LoggerHook                         
 -------------------- 
after_val_epoch:
(VERY_HIGH   ) RuntimeInfoHook                    
(NORMAL      ) IterTimerHook                      
(BELOW_NORMAL) LoggerHook                         
(LOW         ) ParamSchedulerHook                 
(VERY_LOW    ) CheckpointHook                     
 -------------------- 
after_val:
(VERY_HIGH   ) RuntimeInfoHook                    
 -------------------- 
after_train:
(VERY_HIGH   ) RuntimeInfoHook                    
(VERY_LOW    ) CheckpointHook                     
 -------------------- 
before_test:
(VERY_HIGH   ) RuntimeInfoHook                    
 -------------------- 
before_test_epoch:
(NORMAL      ) IterTimerHook                      
 -------------------- 
before_test_iter:
(NORMAL      ) IterTimerHook                      
 -------------------- 
after_test_iter:
(NORMAL      ) IterTimerHook                      
(NORMAL      ) DetVisualizationHook               
(BELOW_NORMAL) LoggerHook                         
 -------------------- 
after_test_epoch:
(VERY_HIGH   ) RuntimeInfoHook                    
(NORMAL      ) IterTimerHook                      
(BELOW_NORMAL) LoggerHook                         
 -------------------- 
after_test:
(VERY_HIGH   ) RuntimeInfoHook                    
 -------------------- 
after_run:
(BELOW_NORMAL) LoggerHook                         
 -------------------- 
2026/04/20 11:52:57 - mmengine - INFO - Load checkpoint from work_dirs/yolov3_d53_416_voc2012_coco_bs16/epoch_231.pth
2026/04/20 11:52:58 - mmengine - INFO - Epoch(test) [  50/1713]    eta: 0:00:46  time: 0.0281  data_time: 0.0031  memory: 403  
2026/04/20 11:52:59 - mmengine - INFO - Epoch(test) [ 100/1713]    eta: 0:00:32  time: 0.0117  data_time: 0.0014  memory: 401  
2026/04/20 11:52:59 - mmengine - INFO - Epoch(test) [ 150/1713]    eta: 0:00:26  time: 0.0101  data_time: 0.0014  memory: 404  
2026/04/20 11:53:00 - mmengine - INFO - Epoch(test) [ 200/1713]    eta: 0:00:22  time: 0.0101  data_time: 0.0014  memory: 398  
2026/04/20 11:53:00 - mmengine - INFO - Epoch(test) [ 250/1713]    eta: 0:00:20  time: 0.0092  data_time: 0.0014  memory: 404  
2026/04/20 11:53:01 - mmengine - INFO - Epoch(test) [ 300/1713]    eta: 0:00:18  time: 0.0095  data_time: 0.0014  memory: 400  
2026/04/20 11:53:01 - mmengine - INFO - Epoch(test) [ 350/1713]    eta: 0:00:17  time: 0.0093  data_time: 0.0013  memory: 400  
2026/04/20 11:53:02 - mmengine - INFO - Epoch(test) [ 400/1713]    eta: 0:00:16  time: 0.0112  data_time: 0.0014  memory: 404  
2026/04/20 11:53:02 - mmengine - INFO - Epoch(test) [ 450/1713]    eta: 0:00:15  time: 0.0092  data_time: 0.0013  memory: 403  
2026/04/20 11:53:03 - mmengine - INFO - Epoch(test) [ 500/1713]    eta: 0:00:14  time: 0.0096  data_time: 0.0014  memory: 404  
2026/04/20 11:53:03 - mmengine - INFO - Epoch(test) [ 550/1713]    eta: 0:00:13  time: 0.0093  data_time: 0.0014  memory: 404  
2026/04/20 11:53:04 - mmengine - INFO - Epoch(test) [ 600/1713]    eta: 0:00:12  time: 0.0094  data_time: 0.0014  memory: 404  
2026/04/20 11:53:04 - mmengine - INFO - Epoch(test) [ 650/1713]    eta: 0:00:11  time: 0.0094  data_time: 0.0014  memory: 404  
2026/04/20 11:53:05 - mmengine - INFO - Epoch(test) [ 700/1713]    eta: 0:00:11  time: 0.0100  data_time: 0.0015  memory: 404  
2026/04/20 11:53:05 - mmengine - INFO - Epoch(test) [ 750/1713]    eta: 0:00:10  time: 0.0093  data_time: 0.0013  memory: 400  
2026/04/20 11:53:06 - mmengine - INFO - Epoch(test) [ 800/1713]    eta: 0:00:09  time: 0.0092  data_time: 0.0013  memory: 395  
2026/04/20 11:53:06 - mmengine - INFO - Epoch(test) [ 850/1713]    eta: 0:00:09  time: 0.0092  data_time: 0.0013  memory: 403  
2026/04/20 11:53:07 - mmengine - INFO - Epoch(test) [ 900/1713]    eta: 0:00:08  time: 0.0093  data_time: 0.0014  memory: 398  
2026/04/20 11:53:07 - mmengine - INFO - Epoch(test) [ 950/1713]    eta: 0:00:08  time: 0.0094  data_time: 0.0013  memory: 397  
2026/04/20 11:53:07 - mmengine - INFO - Epoch(test) [1000/1713]    eta: 0:00:07  time: 0.0097  data_time: 0.0014  memory: 404  
2026/04/20 11:53:08 - mmengine - INFO - Epoch(test) [1050/1713]    eta: 0:00:06  time: 0.0094  data_time: 0.0014  memory: 404  
2026/04/20 11:53:10 - mmengine - INFO - Epoch(test) [1100/1713]    eta: 0:00:07  time: 0.0467  data_time: 0.0015  memory: 400  
2026/04/20 11:53:11 - mmengine - INFO - Epoch(test) [1150/1713]    eta: 0:00:06  time: 0.0094  data_time: 0.0014  memory: 404  
2026/04/20 11:53:11 - mmengine - INFO - Epoch(test) [1200/1713]    eta: 0:00:06  time: 0.0095  data_time: 0.0014  memory: 403  
2026/04/20 11:53:12 - mmengine - INFO - Epoch(test) [1250/1713]    eta: 0:00:05  time: 0.0095  data_time: 0.0013  memory: 398  
2026/04/20 11:53:12 - mmengine - INFO - Epoch(test) [1300/1713]    eta: 0:00:04  time: 0.0095  data_time: 0.0014  memory: 401  
2026/04/20 11:53:13 - mmengine - INFO - Epoch(test) [1350/1713]    eta: 0:00:04  time: 0.0094  data_time: 0.0014  memory: 404  
2026/04/20 11:53:13 - mmengine - INFO - Epoch(test) [1400/1713]    eta: 0:00:03  time: 0.0094  data_time: 0.0015  memory: 401  
2026/04/20 11:53:14 - mmengine - INFO - Epoch(test) [1450/1713]    eta: 0:00:03  time: 0.0098  data_time: 0.0014  memory: 400  
2026/04/20 11:53:14 - mmengine - INFO - Epoch(test) [1500/1713]    eta: 0:00:02  time: 0.0095  data_time: 0.0014  memory: 404  
2026/04/20 11:53:15 - mmengine - INFO - Epoch(test) [1550/1713]    eta: 0:00:01  time: 0.0097  data_time: 0.0014  memory: 403  
2026/04/20 11:53:15 - mmengine - INFO - Epoch(test) [1600/1713]    eta: 0:00:01  time: 0.0092  data_time: 0.0013  memory: 404  
2026/04/20 11:53:16 - mmengine - INFO - Epoch(test) [1650/1713]    eta: 0:00:00  time: 0.0101  data_time: 0.0014  memory: 403  
2026/04/20 11:53:16 - mmengine - INFO - Epoch(test) [1700/1713]    eta: 0:00:00  time: 0.0095  data_time: 0.0014  memory: 401  
2026/04/20 11:53:16 - mmengine - INFO - Evaluating bbox...
2026/04/20 11:53:17 - mmengine - INFO - bbox_mAP_copypaste: 0.363 0.592 0.398 0.057 0.162 0.472
2026/04/20 11:53:17 - mmengine - INFO - Epoch(test) [1713/1713]    coco/bbox_mAP: 0.3630  coco/bbox_mAP_50: 0.5920  coco/bbox_mAP_75: 0.3980  coco/bbox_mAP_s: 0.0570  coco/bbox_mAP_m: 0.1620  coco/bbox_mAP_l: 0.4720  data_time: 0.0014  time: 0.0113
