2026/04/18 23:43:24 - mmengine - INFO - 
------------------------------------------------------------
System environment:
    sys.platform: linux
    Python: 3.8.20 (default, Oct  3 2024, 15:24:27) [GCC 11.2.0]
    CUDA available: True
    MUSA available: False
    numpy_random_seed: 1326256269
    GPU 0,1: NVIDIA RTX A6000
    CUDA_HOME: /usr/local/cuda-12.1
    NVCC: Cuda compilation tools, release 12.1, V12.1.105
    GCC: gcc (Ubuntu 11.4.0-1ubuntu1~22.04.3) 11.4.0
    PyTorch: 2.1.0+cu121
    PyTorch compiling details: PyTorch built with:
  - GCC 9.3
  - C++ Version: 201703
  - Intel(R) oneAPI Math Kernel Library Version 2022.2-Product Build 20220804 for Intel(R) 64 architecture applications
  - Intel(R) MKL-DNN v3.1.1 (Git Hash 64f6bcbcbab628e96f33a62c3e975f8535a7bde4)
  - OpenMP 201511 (a.k.a. OpenMP 4.5)
  - LAPACK is enabled (usually provided by MKL)
  - NNPACK is enabled
  - CPU capability usage: AVX2
  - CUDA Runtime 12.1
  - NVCC architecture flags: -gencode;arch=compute_50,code=sm_50;-gencode;arch=compute_60,code=sm_60;-gencode;arch=compute_70,code=sm_70;-gencode;arch=compute_75,code=sm_75;-gencode;arch=compute_80,code=sm_80;-gencode;arch=compute_86,code=sm_86;-gencode;arch=compute_90,code=sm_90
  - CuDNN 8.9.2
  - Magma 2.6.1
  - Build settings: BLAS_INFO=mkl, BUILD_TYPE=Release, CUDA_VERSION=12.1, CUDNN_VERSION=8.9.2, CXX_COMPILER=/opt/rh/devtoolset-9/root/usr/bin/c++, CXX_FLAGS= -D_GLIBCXX_USE_CXX11_ABI=0 -fabi-version=11 -fvisibility-inlines-hidden -DUSE_PTHREADPOOL -DNDEBUG -DUSE_KINETO -DLIBKINETO_NOROCTRACER -DUSE_FBGEMM -DUSE_QNNPACK -DUSE_PYTORCH_QNNPACK -DUSE_XNNPACK -DSYMBOLICATE_MOBILE_DEBUG_HANDLE -O2 -fPIC -Wall -Wextra -Werror=return-type -Werror=non-virtual-dtor -Werror=bool-operation -Wnarrowing -Wno-missing-field-initializers -Wno-type-limits -Wno-array-bounds -Wno-unknown-pragmas -Wno-unused-parameter -Wno-unused-function -Wno-unused-result -Wno-strict-overflow -Wno-strict-aliasing -Wno-stringop-overflow -Wno-psabi -Wno-error=pedantic -Wno-error=old-style-cast -Wno-invalid-partial-specialization -Wno-unused-private-field -Wno-aligned-allocation-unavailable -Wno-missing-braces -fdiagnostics-color=always -faligned-new -Wno-unused-but-set-variable -Wno-maybe-uninitialized -fno-math-errno -fno-trapping-math -Werror=format -Werror=cast-function-type -Wno-stringop-overflow, LAPACK_INFO=mkl, PERF_WITH_AVX=1, PERF_WITH_AVX2=1, PERF_WITH_AVX512=1, TORCH_DISABLE_GPU_ASSERTS=ON, TORCH_VERSION=2.1.0, USE_CUDA=ON, USE_CUDNN=ON, USE_EXCEPTION_PTR=1, USE_GFLAGS=OFF, USE_GLOG=OFF, USE_MKL=ON, USE_MKLDNN=ON, USE_MPI=OFF, USE_NCCL=1, USE_NNPACK=ON, USE_OPENMP=ON, USE_ROCM=OFF, 

    TorchVision: 0.16.0+cu121
    OpenCV: 4.13.0
    MMEngine: 0.10.7

Runtime environment:
    cudnn_benchmark: False
    mp_cfg: {'mp_start_method': 'fork', 'opencv_num_threads': 0}
    dist_cfg: {'backend': 'nccl'}
    seed: 1326256269
    Distributed launcher: none
    Distributed training: False
    GPU number: 1
------------------------------------------------------------

2026/04/18 23:43:24 - mmengine - INFO - Config:
auto_scale_lr = dict(base_batch_size=16, enable=False)
backend_args = None
classes = (
    'aeroplane',
    'bicycle',
    'bird',
    'boat',
    'bottle',
    'bus',
    'car',
    'cat',
    'chair',
    'cow',
    'diningtable',
    'dog',
    'horse',
    'motorbike',
    'person',
    'pottedplant',
    'sheep',
    'sofa',
    'train',
    'tvmonitor',
)
data_root = 'data/VOCdevkit/VOC2012_coco/'
dataset_type = 'CocoDataset'
default_hooks = dict(
    checkpoint=dict(interval=1, type='CheckpointHook'),
    logger=dict(interval=50, type='LoggerHook'),
    param_scheduler=dict(type='ParamSchedulerHook'),
    sampler_seed=dict(type='DistSamplerSeedHook'),
    timer=dict(type='IterTimerHook'),
    visualization=dict(type='DetVisualizationHook'))
default_scope = 'mmdet'
env_cfg = dict(
    cudnn_benchmark=False,
    dist_cfg=dict(backend='nccl'),
    mp_cfg=dict(mp_start_method='fork', opencv_num_threads=0))
launcher = 'none'
load_from = None
log_level = 'INFO'
log_processor = dict(by_epoch=True, type='LogProcessor', window_size=50)
metainfo = dict(
    classes=(
        'aeroplane',
        'bicycle',
        'bird',
        'boat',
        'bottle',
        'bus',
        'car',
        'cat',
        'chair',
        'cow',
        'diningtable',
        'dog',
        'horse',
        'motorbike',
        'person',
        'pottedplant',
        'sheep',
        'sofa',
        'train',
        'tvmonitor',
    ))
model = dict(
    backbone=dict(
        depth=50,
        frozen_stages=1,
        init_cfg=dict(checkpoint='torchvision://resnet50', type='Pretrained'),
        norm_cfg=dict(requires_grad=True, type='BN'),
        norm_eval=True,
        num_stages=4,
        out_indices=(
            0,
            1,
            2,
            3,
        ),
        style='pytorch',
        type='ResNet'),
    data_preprocessor=dict(
        bgr_to_rgb=True,
        mean=[
            123.675,
            116.28,
            103.53,
        ],
        pad_size_divisor=32,
        std=[
            58.395,
            57.12,
            57.375,
        ],
        type='DetDataPreprocessor'),
    neck=dict(
        in_channels=[
            256,
            512,
            1024,
            2048,
        ],
        num_outs=5,
        out_channels=256,
        type='FPN'),
    roi_head=dict(
        bbox_head=dict(
            bbox_coder=dict(
                target_means=[
                    0.0,
                    0.0,
                    0.0,
                    0.0,
                ],
                target_stds=[
                    0.1,
                    0.1,
                    0.2,
                    0.2,
                ],
                type='DeltaXYWHBBoxCoder'),
            fc_out_channels=1024,
            in_channels=256,
            loss_bbox=dict(loss_weight=1.0, type='L1Loss'),
            loss_cls=dict(
                loss_weight=1.0, type='CrossEntropyLoss', use_sigmoid=False),
            num_classes=20,
            reg_class_agnostic=False,
            roi_feat_size=7,
            type='Shared2FCBBoxHead'),
        bbox_roi_extractor=dict(
            featmap_strides=[
                4,
                8,
                16,
                32,
            ],
            out_channels=256,
            roi_layer=dict(output_size=7, sampling_ratio=0, type='RoIAlign'),
            type='SingleRoIExtractor'),
        type='StandardRoIHead'),
    rpn_head=dict(
        anchor_generator=dict(
            ratios=[
                0.5,
                1.0,
                2.0,
            ],
            scales=[
                8,
            ],
            strides=[
                4,
                8,
                16,
                32,
                64,
            ],
            type='AnchorGenerator'),
        bbox_coder=dict(
            target_means=[
                0.0,
                0.0,
                0.0,
                0.0,
            ],
            target_stds=[
                1.0,
                1.0,
                1.0,
                1.0,
            ],
            type='DeltaXYWHBBoxCoder'),
        feat_channels=256,
        in_channels=256,
        loss_bbox=dict(loss_weight=1.0, type='L1Loss'),
        loss_cls=dict(
            loss_weight=1.0, type='CrossEntropyLoss', use_sigmoid=True),
        type='RPNHead'),
    test_cfg=dict(
        rcnn=dict(
            max_per_img=100,
            nms=dict(iou_threshold=0.5, type='nms'),
            score_thr=0.05),
        rpn=dict(
            max_per_img=1000,
            min_bbox_size=0,
            nms=dict(iou_threshold=0.7, type='nms'),
            nms_pre=1000)),
    train_cfg=dict(
        rcnn=dict(
            assigner=dict(
                ignore_iof_thr=-1,
                match_low_quality=False,
                min_pos_iou=0.5,
                neg_iou_thr=0.5,
                pos_iou_thr=0.5,
                type='MaxIoUAssigner'),
            debug=False,
            pos_weight=-1,
            sampler=dict(
                add_gt_as_proposals=True,
                neg_pos_ub=-1,
                num=512,
                pos_fraction=0.25,
                type='RandomSampler')),
        rpn=dict(
            allowed_border=-1,
            assigner=dict(
                ignore_iof_thr=-1,
                match_low_quality=True,
                min_pos_iou=0.3,
                neg_iou_thr=0.3,
                pos_iou_thr=0.7,
                type='MaxIoUAssigner'),
            debug=False,
            pos_weight=-1,
            sampler=dict(
                add_gt_as_proposals=False,
                neg_pos_ub=-1,
                num=256,
                pos_fraction=0.5,
                type='RandomSampler')),
        rpn_proposal=dict(
            max_per_img=1000,
            min_bbox_size=0,
            nms=dict(iou_threshold=0.7, type='nms'),
            nms_pre=2000)),
    type='FasterRCNN')
optim_wrapper = dict(
    optimizer=dict(lr=0.02, momentum=0.9, type='SGD', weight_decay=0.0001),
    type='OptimWrapper')
param_scheduler = [
    dict(
        begin=0, by_epoch=False, end=500, start_factor=0.001, type='LinearLR'),
    dict(
        begin=0,
        by_epoch=True,
        end=12,
        gamma=0.1,
        milestones=[
            8,
            11,
        ],
        type='MultiStepLR'),
]
resume = False
test_cfg = dict(type='TestLoop')
test_dataloader = dict(
    batch_size=1,
    dataset=dict(
        ann_file='annotations/instances_test.json',
        backend_args=None,
        data_prefix=dict(img='test/'),
        data_root='data/VOCdevkit/VOC2012_coco/',
        metainfo=dict(
            classes=(
                'aeroplane',
                'bicycle',
                'bird',
                'boat',
                'bottle',
                'bus',
                'car',
                'cat',
                'chair',
                'cow',
                'diningtable',
                'dog',
                'horse',
                'motorbike',
                'person',
                'pottedplant',
                'sheep',
                'sofa',
                'train',
                'tvmonitor',
            )),
        pipeline=[
            dict(backend_args=None, type='LoadImageFromFile'),
            dict(keep_ratio=True, scale=(
                1333,
                800,
            ), type='Resize'),
            dict(type='LoadAnnotations', with_bbox=True),
            dict(
                meta_keys=(
                    'img_id',
                    'img_path',
                    'ori_shape',
                    'img_shape',
                    'scale_factor',
                ),
                type='PackDetInputs'),
        ],
        test_mode=True,
        type='CocoDataset'),
    drop_last=False,
    num_workers=2,
    persistent_workers=True,
    sampler=dict(shuffle=False, type='DefaultSampler'))
test_evaluator = dict(
    ann_file='data/VOCdevkit/VOC2012_coco/annotations/instances_test.json',
    backend_args=None,
    format_only=False,
    metric='bbox',
    type='CocoMetric')
test_pipeline = [
    dict(backend_args=None, type='LoadImageFromFile'),
    dict(keep_ratio=True, scale=(
        1333,
        800,
    ), type='Resize'),
    dict(type='LoadAnnotations', with_bbox=True),
    dict(
        meta_keys=(
            'img_id',
            'img_path',
            'ori_shape',
            'img_shape',
            'scale_factor',
        ),
        type='PackDetInputs'),
]
train_cfg = dict(max_epochs=12, type='EpochBasedTrainLoop', val_interval=100)
train_dataloader = dict(
    batch_sampler=dict(type='AspectRatioBatchSampler'),
    batch_size=16,
    dataset=dict(
        ann_file='annotations/instances_train.json',
        backend_args=None,
        data_prefix=dict(img='train/'),
        data_root='data/VOCdevkit/VOC2012_coco/',
        filter_cfg=dict(filter_empty_gt=True, min_size=32),
        metainfo=dict(
            classes=(
                'aeroplane',
                'bicycle',
                'bird',
                'boat',
                'bottle',
                'bus',
                'car',
                'cat',
                'chair',
                'cow',
                'diningtable',
                'dog',
                'horse',
                'motorbike',
                'person',
                'pottedplant',
                'sheep',
                'sofa',
                'train',
                'tvmonitor',
            )),
        pipeline=[
            dict(backend_args=None, type='LoadImageFromFile'),
            dict(type='LoadAnnotations', with_bbox=True),
            dict(keep_ratio=True, scale=(
                1333,
                800,
            ), type='Resize'),
            dict(prob=0.5, type='RandomFlip'),
            dict(type='PackDetInputs'),
        ],
        type='CocoDataset'),
    num_workers=2,
    persistent_workers=True,
    sampler=dict(shuffle=True, type='DefaultSampler'))
train_pipeline = [
    dict(backend_args=None, type='LoadImageFromFile'),
    dict(type='LoadAnnotations', with_bbox=True),
    dict(keep_ratio=True, scale=(
        1333,
        800,
    ), type='Resize'),
    dict(prob=0.5, type='RandomFlip'),
    dict(type='PackDetInputs'),
]
val_cfg = dict(type='ValLoop')
val_dataloader = dict(
    batch_size=1,
    dataset=dict(
        ann_file='annotations/instances_val.json',
        backend_args=None,
        data_prefix=dict(img='val/'),
        data_root='data/VOCdevkit/VOC2012_coco/',
        metainfo=dict(
            classes=(
                'aeroplane',
                'bicycle',
                'bird',
                'boat',
                'bottle',
                'bus',
                'car',
                'cat',
                'chair',
                'cow',
                'diningtable',
                'dog',
                'horse',
                'motorbike',
                'person',
                'pottedplant',
                'sheep',
                'sofa',
                'train',
                'tvmonitor',
            )),
        pipeline=[
            dict(backend_args=None, type='LoadImageFromFile'),
            dict(keep_ratio=True, scale=(
                1333,
                800,
            ), type='Resize'),
            dict(type='LoadAnnotations', with_bbox=True),
            dict(
                meta_keys=(
                    'img_id',
                    'img_path',
                    'ori_shape',
                    'img_shape',
                    'scale_factor',
                ),
                type='PackDetInputs'),
        ],
        test_mode=True,
        type='CocoDataset'),
    drop_last=False,
    num_workers=2,
    persistent_workers=True,
    sampler=dict(shuffle=False, type='DefaultSampler'))
val_evaluator = dict(
    ann_file='data/VOCdevkit/VOC2012_coco/annotations/instances_val.json',
    backend_args=None,
    format_only=False,
    metric='bbox',
    type='CocoMetric')
vis_backends = [
    dict(type='LocalVisBackend'),
]
visualizer = dict(
    name='visualizer',
    type='DetLocalVisualizer',
    vis_backends=[
        dict(type='LocalVisBackend'),
    ])
work_dir = 'work_dirs/faster_rcnn_r50_fpn_1x_voc2012_coco_bs16'

2026/04/18 23:43:26 - mmengine - INFO - Distributed training is not used, all SyncBatchNorm (SyncBN) layers in the model will be automatically reverted to BatchNormXd layers if they are used.
2026/04/18 23:43:26 - mmengine - INFO - Hooks will be executed in the following order:
before_run:
(VERY_HIGH   ) RuntimeInfoHook                    
(BELOW_NORMAL) LoggerHook                         
 -------------------- 
before_train:
(VERY_HIGH   ) RuntimeInfoHook                    
(NORMAL      ) IterTimerHook                      
(VERY_LOW    ) CheckpointHook                     
 -------------------- 
before_train_epoch:
(VERY_HIGH   ) RuntimeInfoHook                    
(NORMAL      ) IterTimerHook                      
(NORMAL      ) DistSamplerSeedHook                
 -------------------- 
before_train_iter:
(VERY_HIGH   ) RuntimeInfoHook                    
(NORMAL      ) IterTimerHook                      
 -------------------- 
after_train_iter:
(VERY_HIGH   ) RuntimeInfoHook                    
(NORMAL      ) IterTimerHook                      
(BELOW_NORMAL) LoggerHook                         
(LOW         ) ParamSchedulerHook                 
(VERY_LOW    ) CheckpointHook                     
 -------------------- 
after_train_epoch:
(NORMAL      ) IterTimerHook                      
(LOW         ) ParamSchedulerHook                 
(VERY_LOW    ) CheckpointHook                     
 -------------------- 
before_val:
(VERY_HIGH   ) RuntimeInfoHook                    
 -------------------- 
before_val_epoch:
(NORMAL      ) IterTimerHook                      
 -------------------- 
before_val_iter:
(NORMAL      ) IterTimerHook                      
 -------------------- 
after_val_iter:
(NORMAL      ) IterTimerHook                      
(NORMAL      ) DetVisualizationHook               
(BELOW_NORMAL) LoggerHook                         
 -------------------- 
after_val_epoch:
(VERY_HIGH   ) RuntimeInfoHook                    
(NORMAL      ) IterTimerHook                      
(BELOW_NORMAL) LoggerHook                         
(LOW         ) ParamSchedulerHook                 
(VERY_LOW    ) CheckpointHook                     
 -------------------- 
after_val:
(VERY_HIGH   ) RuntimeInfoHook                    
 -------------------- 
after_train:
(VERY_HIGH   ) RuntimeInfoHook                    
(VERY_LOW    ) CheckpointHook                     
 -------------------- 
before_test:
(VERY_HIGH   ) RuntimeInfoHook                    
 -------------------- 
before_test_epoch:
(NORMAL      ) IterTimerHook                      
 -------------------- 
before_test_iter:
(NORMAL      ) IterTimerHook                      
 -------------------- 
after_test_iter:
(NORMAL      ) IterTimerHook                      
(NORMAL      ) DetVisualizationHook               
(BELOW_NORMAL) LoggerHook                         
 -------------------- 
after_test_epoch:
(VERY_HIGH   ) RuntimeInfoHook                    
(NORMAL      ) IterTimerHook                      
(BELOW_NORMAL) LoggerHook                         
 -------------------- 
after_test:
(VERY_HIGH   ) RuntimeInfoHook                    
 -------------------- 
after_run:
(BELOW_NORMAL) LoggerHook                         
 -------------------- 
2026/04/18 23:43:27 - mmengine - INFO - load model from: torchvision://resnet50
2026/04/18 23:43:27 - mmengine - INFO - Loads checkpoint by torchvision backend from path: torchvision://resnet50
2026/04/18 23:43:27 - mmengine - WARNING - The model and loaded state dict do not match exactly

unexpected key in source state_dict: fc.weight, fc.bias

Name of parameter - Initialization information

backbone.conv1.weight - torch.Size([64, 3, 7, 7]): 
PretrainedInit: load from torchvision://resnet50 

backbone.bn1.weight - torch.Size([64]): 
PretrainedInit: load from torchvision://resnet50 

backbone.bn1.bias - torch.Size([64]): 
PretrainedInit: load from torchvision://resnet50 

backbone.layer1.0.conv1.weight - torch.Size([64, 64, 1, 1]): 
PretrainedInit: load from torchvision://resnet50 

backbone.layer1.0.bn1.weight - torch.Size([64]): 
PretrainedInit: load from torchvision://resnet50 

backbone.layer1.0.bn1.bias - torch.Size([64]): 
PretrainedInit: load from torchvision://resnet50 

backbone.layer1.0.conv2.weight - torch.Size([64, 64, 3, 3]): 
PretrainedInit: load from torchvision://resnet50 

backbone.layer1.0.bn2.weight - torch.Size([64]): 
PretrainedInit: load from torchvision://resnet50 

backbone.layer1.0.bn2.bias - torch.Size([64]): 
PretrainedInit: load from torchvision://resnet50 

backbone.layer1.0.conv3.weight - torch.Size([256, 64, 1, 1]): 
PretrainedInit: load from torchvision://resnet50 

backbone.layer1.0.bn3.weight - torch.Size([256]): 
PretrainedInit: load from torchvision://resnet50 

backbone.layer1.0.bn3.bias - torch.Size([256]): 
PretrainedInit: load from torchvision://resnet50 

backbone.layer1.0.downsample.0.weight - torch.Size([256, 64, 1, 1]): 
PretrainedInit: load from torchvision://resnet50 

backbone.layer1.0.downsample.1.weight - torch.Size([256]): 
PretrainedInit: load from torchvision://resnet50 

backbone.layer1.0.downsample.1.bias - torch.Size([256]): 
PretrainedInit: load from torchvision://resnet50 

backbone.layer1.1.conv1.weight - torch.Size([64, 256, 1, 1]): 
PretrainedInit: load from torchvision://resnet50 

backbone.layer1.1.bn1.weight - torch.Size([64]): 
PretrainedInit: load from torchvision://resnet50 

backbone.layer1.1.bn1.bias - torch.Size([64]): 
PretrainedInit: load from torchvision://resnet50 

backbone.layer1.1.conv2.weight - torch.Size([64, 64, 3, 3]): 
PretrainedInit: load from torchvision://resnet50 

backbone.layer1.1.bn2.weight - torch.Size([64]): 
PretrainedInit: load from torchvision://resnet50 

backbone.layer1.1.bn2.bias - torch.Size([64]): 
PretrainedInit: load from torchvision://resnet50 

backbone.layer1.1.conv3.weight - torch.Size([256, 64, 1, 1]): 
PretrainedInit: load from torchvision://resnet50 

backbone.layer1.1.bn3.weight - torch.Size([256]): 
PretrainedInit: load from torchvision://resnet50 

backbone.layer1.1.bn3.bias - torch.Size([256]): 
PretrainedInit: load from torchvision://resnet50 

backbone.layer1.2.conv1.weight - torch.Size([64, 256, 1, 1]): 
PretrainedInit: load from torchvision://resnet50 

backbone.layer1.2.bn1.weight - torch.Size([64]): 
PretrainedInit: load from torchvision://resnet50 

backbone.layer1.2.bn1.bias - torch.Size([64]): 
PretrainedInit: load from torchvision://resnet50 

backbone.layer1.2.conv2.weight - torch.Size([64, 64, 3, 3]): 
PretrainedInit: load from torchvision://resnet50 

backbone.layer1.2.bn2.weight - torch.Size([64]): 
PretrainedInit: load from torchvision://resnet50 

backbone.layer1.2.bn2.bias - torch.Size([64]): 
PretrainedInit: load from torchvision://resnet50 

backbone.layer1.2.conv3.weight - torch.Size([256, 64, 1, 1]): 
PretrainedInit: load from torchvision://resnet50 

backbone.layer1.2.bn3.weight - torch.Size([256]): 
PretrainedInit: load from torchvision://resnet50 

backbone.layer1.2.bn3.bias - torch.Size([256]): 
PretrainedInit: load from torchvision://resnet50 

backbone.layer2.0.conv1.weight - torch.Size([128, 256, 1, 1]): 
PretrainedInit: load from torchvision://resnet50 

backbone.layer2.0.bn1.weight - torch.Size([128]): 
PretrainedInit: load from torchvision://resnet50 

backbone.layer2.0.bn1.bias - torch.Size([128]): 
PretrainedInit: load from torchvision://resnet50 

backbone.layer2.0.conv2.weight - torch.Size([128, 128, 3, 3]): 
PretrainedInit: load from torchvision://resnet50 

backbone.layer2.0.bn2.weight - torch.Size([128]): 
PretrainedInit: load from torchvision://resnet50 

backbone.layer2.0.bn2.bias - torch.Size([128]): 
PretrainedInit: load from torchvision://resnet50 

backbone.layer2.0.conv3.weight - torch.Size([512, 128, 1, 1]): 
PretrainedInit: load from torchvision://resnet50 

backbone.layer2.0.bn3.weight - torch.Size([512]): 
PretrainedInit: load from torchvision://resnet50 

backbone.layer2.0.bn3.bias - torch.Size([512]): 
PretrainedInit: load from torchvision://resnet50 

backbone.layer2.0.downsample.0.weight - torch.Size([512, 256, 1, 1]): 
PretrainedInit: load from torchvision://resnet50 

backbone.layer2.0.downsample.1.weight - torch.Size([512]): 
PretrainedInit: load from torchvision://resnet50 

backbone.layer2.0.downsample.1.bias - torch.Size([512]): 
PretrainedInit: load from torchvision://resnet50 

backbone.layer2.1.conv1.weight - torch.Size([128, 512, 1, 1]): 
PretrainedInit: load from torchvision://resnet50 

backbone.layer2.1.bn1.weight - torch.Size([128]): 
PretrainedInit: load from torchvision://resnet50 

backbone.layer2.1.bn1.bias - torch.Size([128]): 
PretrainedInit: load from torchvision://resnet50 

backbone.layer2.1.conv2.weight - torch.Size([128, 128, 3, 3]): 
PretrainedInit: load from torchvision://resnet50 

backbone.layer2.1.bn2.weight - torch.Size([128]): 
PretrainedInit: load from torchvision://resnet50 

backbone.layer2.1.bn2.bias - torch.Size([128]): 
PretrainedInit: load from torchvision://resnet50 

backbone.layer2.1.conv3.weight - torch.Size([512, 128, 1, 1]): 
PretrainedInit: load from torchvision://resnet50 

backbone.layer2.1.bn3.weight - torch.Size([512]): 
PretrainedInit: load from torchvision://resnet50 

backbone.layer2.1.bn3.bias - torch.Size([512]): 
PretrainedInit: load from torchvision://resnet50 

backbone.layer2.2.conv1.weight - torch.Size([128, 512, 1, 1]): 
PretrainedInit: load from torchvision://resnet50 

backbone.layer2.2.bn1.weight - torch.Size([128]): 
PretrainedInit: load from torchvision://resnet50 

backbone.layer2.2.bn1.bias - torch.Size([128]): 
PretrainedInit: load from torchvision://resnet50 

backbone.layer2.2.conv2.weight - torch.Size([128, 128, 3, 3]): 
PretrainedInit: load from torchvision://resnet50 

backbone.layer2.2.bn2.weight - torch.Size([128]): 
PretrainedInit: load from torchvision://resnet50 

backbone.layer2.2.bn2.bias - torch.Size([128]): 
PretrainedInit: load from torchvision://resnet50 

backbone.layer2.2.conv3.weight - torch.Size([512, 128, 1, 1]): 
PretrainedInit: load from torchvision://resnet50 

backbone.layer2.2.bn3.weight - torch.Size([512]): 
PretrainedInit: load from torchvision://resnet50 

backbone.layer2.2.bn3.bias - torch.Size([512]): 
PretrainedInit: load from torchvision://resnet50 

backbone.layer2.3.conv1.weight - torch.Size([128, 512, 1, 1]): 
PretrainedInit: load from torchvision://resnet50 

backbone.layer2.3.bn1.weight - torch.Size([128]): 
PretrainedInit: load from torchvision://resnet50 

backbone.layer2.3.bn1.bias - torch.Size([128]): 
PretrainedInit: load from torchvision://resnet50 

backbone.layer2.3.conv2.weight - torch.Size([128, 128, 3, 3]): 
PretrainedInit: load from torchvision://resnet50 

backbone.layer2.3.bn2.weight - torch.Size([128]): 
PretrainedInit: load from torchvision://resnet50 

backbone.layer2.3.bn2.bias - torch.Size([128]): 
PretrainedInit: load from torchvision://resnet50 

backbone.layer2.3.conv3.weight - torch.Size([512, 128, 1, 1]): 
PretrainedInit: load from torchvision://resnet50 

backbone.layer2.3.bn3.weight - torch.Size([512]): 
PretrainedInit: load from torchvision://resnet50 

backbone.layer2.3.bn3.bias - torch.Size([512]): 
PretrainedInit: load from torchvision://resnet50 

backbone.layer3.0.conv1.weight - torch.Size([256, 512, 1, 1]): 
PretrainedInit: load from torchvision://resnet50 

backbone.layer3.0.bn1.weight - torch.Size([256]): 
PretrainedInit: load from torchvision://resnet50 

backbone.layer3.0.bn1.bias - torch.Size([256]): 
PretrainedInit: load from torchvision://resnet50 

backbone.layer3.0.conv2.weight - torch.Size([256, 256, 3, 3]): 
PretrainedInit: load from torchvision://resnet50 

backbone.layer3.0.bn2.weight - torch.Size([256]): 
PretrainedInit: load from torchvision://resnet50 

backbone.layer3.0.bn2.bias - torch.Size([256]): 
PretrainedInit: load from torchvision://resnet50 

backbone.layer3.0.conv3.weight - torch.Size([1024, 256, 1, 1]): 
PretrainedInit: load from torchvision://resnet50 

backbone.layer3.0.bn3.weight - torch.Size([1024]): 
PretrainedInit: load from torchvision://resnet50 

backbone.layer3.0.bn3.bias - torch.Size([1024]): 
PretrainedInit: load from torchvision://resnet50 

backbone.layer3.0.downsample.0.weight - torch.Size([1024, 512, 1, 1]): 
PretrainedInit: load from torchvision://resnet50 

backbone.layer3.0.downsample.1.weight - torch.Size([1024]): 
PretrainedInit: load from torchvision://resnet50 

backbone.layer3.0.downsample.1.bias - torch.Size([1024]): 
PretrainedInit: load from torchvision://resnet50 

backbone.layer3.1.conv1.weight - torch.Size([256, 1024, 1, 1]): 
PretrainedInit: load from torchvision://resnet50 

backbone.layer3.1.bn1.weight - torch.Size([256]): 
PretrainedInit: load from torchvision://resnet50 

backbone.layer3.1.bn1.bias - torch.Size([256]): 
PretrainedInit: load from torchvision://resnet50 

backbone.layer3.1.conv2.weight - torch.Size([256, 256, 3, 3]): 
PretrainedInit: load from torchvision://resnet50 

backbone.layer3.1.bn2.weight - torch.Size([256]): 
PretrainedInit: load from torchvision://resnet50 

backbone.layer3.1.bn2.bias - torch.Size([256]): 
PretrainedInit: load from torchvision://resnet50 

backbone.layer3.1.conv3.weight - torch.Size([1024, 256, 1, 1]): 
PretrainedInit: load from torchvision://resnet50 

backbone.layer3.1.bn3.weight - torch.Size([1024]): 
PretrainedInit: load from torchvision://resnet50 

backbone.layer3.1.bn3.bias - torch.Size([1024]): 
PretrainedInit: load from torchvision://resnet50 

backbone.layer3.2.conv1.weight - torch.Size([256, 1024, 1, 1]): 
PretrainedInit: load from torchvision://resnet50 

backbone.layer3.2.bn1.weight - torch.Size([256]): 
PretrainedInit: load from torchvision://resnet50 

backbone.layer3.2.bn1.bias - torch.Size([256]): 
PretrainedInit: load from torchvision://resnet50 

backbone.layer3.2.conv2.weight - torch.Size([256, 256, 3, 3]): 
PretrainedInit: load from torchvision://resnet50 

backbone.layer3.2.bn2.weight - torch.Size([256]): 
PretrainedInit: load from torchvision://resnet50 

backbone.layer3.2.bn2.bias - torch.Size([256]): 
PretrainedInit: load from torchvision://resnet50 

backbone.layer3.2.conv3.weight - torch.Size([1024, 256, 1, 1]): 
PretrainedInit: load from torchvision://resnet50 

backbone.layer3.2.bn3.weight - torch.Size([1024]): 
PretrainedInit: load from torchvision://resnet50 

backbone.layer3.2.bn3.bias - torch.Size([1024]): 
PretrainedInit: load from torchvision://resnet50 

backbone.layer3.3.conv1.weight - torch.Size([256, 1024, 1, 1]): 
PretrainedInit: load from torchvision://resnet50 

backbone.layer3.3.bn1.weight - torch.Size([256]): 
PretrainedInit: load from torchvision://resnet50 

backbone.layer3.3.bn1.bias - torch.Size([256]): 
PretrainedInit: load from torchvision://resnet50 

backbone.layer3.3.conv2.weight - torch.Size([256, 256, 3, 3]): 
PretrainedInit: load from torchvision://resnet50 

backbone.layer3.3.bn2.weight - torch.Size([256]): 
PretrainedInit: load from torchvision://resnet50 

backbone.layer3.3.bn2.bias - torch.Size([256]): 
PretrainedInit: load from torchvision://resnet50 

backbone.layer3.3.conv3.weight - torch.Size([1024, 256, 1, 1]): 
PretrainedInit: load from torchvision://resnet50 

backbone.layer3.3.bn3.weight - torch.Size([1024]): 
PretrainedInit: load from torchvision://resnet50 

backbone.layer3.3.bn3.bias - torch.Size([1024]): 
PretrainedInit: load from torchvision://resnet50 

backbone.layer3.4.conv1.weight - torch.Size([256, 1024, 1, 1]): 
PretrainedInit: load from torchvision://resnet50 

backbone.layer3.4.bn1.weight - torch.Size([256]): 
PretrainedInit: load from torchvision://resnet50 

backbone.layer3.4.bn1.bias - torch.Size([256]): 
PretrainedInit: load from torchvision://resnet50 

backbone.layer3.4.conv2.weight - torch.Size([256, 256, 3, 3]): 
PretrainedInit: load from torchvision://resnet50 

backbone.layer3.4.bn2.weight - torch.Size([256]): 
PretrainedInit: load from torchvision://resnet50 

backbone.layer3.4.bn2.bias - torch.Size([256]): 
PretrainedInit: load from torchvision://resnet50 

backbone.layer3.4.conv3.weight - torch.Size([1024, 256, 1, 1]): 
PretrainedInit: load from torchvision://resnet50 

backbone.layer3.4.bn3.weight - torch.Size([1024]): 
PretrainedInit: load from torchvision://resnet50 

backbone.layer3.4.bn3.bias - torch.Size([1024]): 
PretrainedInit: load from torchvision://resnet50 

backbone.layer3.5.conv1.weight - torch.Size([256, 1024, 1, 1]): 
PretrainedInit: load from torchvision://resnet50 

backbone.layer3.5.bn1.weight - torch.Size([256]): 
PretrainedInit: load from torchvision://resnet50 

backbone.layer3.5.bn1.bias - torch.Size([256]): 
PretrainedInit: load from torchvision://resnet50 

backbone.layer3.5.conv2.weight - torch.Size([256, 256, 3, 3]): 
PretrainedInit: load from torchvision://resnet50 

backbone.layer3.5.bn2.weight - torch.Size([256]): 
PretrainedInit: load from torchvision://resnet50 

backbone.layer3.5.bn2.bias - torch.Size([256]): 
PretrainedInit: load from torchvision://resnet50 

backbone.layer3.5.conv3.weight - torch.Size([1024, 256, 1, 1]): 
PretrainedInit: load from torchvision://resnet50 

backbone.layer3.5.bn3.weight - torch.Size([1024]): 
PretrainedInit: load from torchvision://resnet50 

backbone.layer3.5.bn3.bias - torch.Size([1024]): 
PretrainedInit: load from torchvision://resnet50 

backbone.layer4.0.conv1.weight - torch.Size([512, 1024, 1, 1]): 
PretrainedInit: load from torchvision://resnet50 

backbone.layer4.0.bn1.weight - torch.Size([512]): 
PretrainedInit: load from torchvision://resnet50 

backbone.layer4.0.bn1.bias - torch.Size([512]): 
PretrainedInit: load from torchvision://resnet50 

backbone.layer4.0.conv2.weight - torch.Size([512, 512, 3, 3]): 
PretrainedInit: load from torchvision://resnet50 

backbone.layer4.0.bn2.weight - torch.Size([512]): 
PretrainedInit: load from torchvision://resnet50 

backbone.layer4.0.bn2.bias - torch.Size([512]): 
PretrainedInit: load from torchvision://resnet50 

backbone.layer4.0.conv3.weight - torch.Size([2048, 512, 1, 1]): 
PretrainedInit: load from torchvision://resnet50 

backbone.layer4.0.bn3.weight - torch.Size([2048]): 
PretrainedInit: load from torchvision://resnet50 

backbone.layer4.0.bn3.bias - torch.Size([2048]): 
PretrainedInit: load from torchvision://resnet50 

backbone.layer4.0.downsample.0.weight - torch.Size([2048, 1024, 1, 1]): 
PretrainedInit: load from torchvision://resnet50 

backbone.layer4.0.downsample.1.weight - torch.Size([2048]): 
PretrainedInit: load from torchvision://resnet50 

backbone.layer4.0.downsample.1.bias - torch.Size([2048]): 
PretrainedInit: load from torchvision://resnet50 

backbone.layer4.1.conv1.weight - torch.Size([512, 2048, 1, 1]): 
PretrainedInit: load from torchvision://resnet50 

backbone.layer4.1.bn1.weight - torch.Size([512]): 
PretrainedInit: load from torchvision://resnet50 

backbone.layer4.1.bn1.bias - torch.Size([512]): 
PretrainedInit: load from torchvision://resnet50 

backbone.layer4.1.conv2.weight - torch.Size([512, 512, 3, 3]): 
PretrainedInit: load from torchvision://resnet50 

backbone.layer4.1.bn2.weight - torch.Size([512]): 
PretrainedInit: load from torchvision://resnet50 

backbone.layer4.1.bn2.bias - torch.Size([512]): 
PretrainedInit: load from torchvision://resnet50 

backbone.layer4.1.conv3.weight - torch.Size([2048, 512, 1, 1]): 
PretrainedInit: load from torchvision://resnet50 

backbone.layer4.1.bn3.weight - torch.Size([2048]): 
PretrainedInit: load from torchvision://resnet50 

backbone.layer4.1.bn3.bias - torch.Size([2048]): 
PretrainedInit: load from torchvision://resnet50 

backbone.layer4.2.conv1.weight - torch.Size([512, 2048, 1, 1]): 
PretrainedInit: load from torchvision://resnet50 

backbone.layer4.2.bn1.weight - torch.Size([512]): 
PretrainedInit: load from torchvision://resnet50 

backbone.layer4.2.bn1.bias - torch.Size([512]): 
PretrainedInit: load from torchvision://resnet50 

backbone.layer4.2.conv2.weight - torch.Size([512, 512, 3, 3]): 
PretrainedInit: load from torchvision://resnet50 

backbone.layer4.2.bn2.weight - torch.Size([512]): 
PretrainedInit: load from torchvision://resnet50 

backbone.layer4.2.bn2.bias - torch.Size([512]): 
PretrainedInit: load from torchvision://resnet50 

backbone.layer4.2.conv3.weight - torch.Size([2048, 512, 1, 1]): 
PretrainedInit: load from torchvision://resnet50 

backbone.layer4.2.bn3.weight - torch.Size([2048]): 
PretrainedInit: load from torchvision://resnet50 

backbone.layer4.2.bn3.bias - torch.Size([2048]): 
PretrainedInit: load from torchvision://resnet50 

neck.lateral_convs.0.conv.weight - torch.Size([256, 256, 1, 1]): 
XavierInit: gain=1, distribution=uniform, bias=0 

neck.lateral_convs.0.conv.bias - torch.Size([256]): 
The value is the same before and after calling `init_weights` of FasterRCNN  

neck.lateral_convs.1.conv.weight - torch.Size([256, 512, 1, 1]): 
XavierInit: gain=1, distribution=uniform, bias=0 

neck.lateral_convs.1.conv.bias - torch.Size([256]): 
The value is the same before and after calling `init_weights` of FasterRCNN  

neck.lateral_convs.2.conv.weight - torch.Size([256, 1024, 1, 1]): 
XavierInit: gain=1, distribution=uniform, bias=0 

neck.lateral_convs.2.conv.bias - torch.Size([256]): 
The value is the same before and after calling `init_weights` of FasterRCNN  

neck.lateral_convs.3.conv.weight - torch.Size([256, 2048, 1, 1]): 
XavierInit: gain=1, distribution=uniform, bias=0 

neck.lateral_convs.3.conv.bias - torch.Size([256]): 
The value is the same before and after calling `init_weights` of FasterRCNN  

neck.fpn_convs.0.conv.weight - torch.Size([256, 256, 3, 3]): 
XavierInit: gain=1, distribution=uniform, bias=0 

neck.fpn_convs.0.conv.bias - torch.Size([256]): 
The value is the same before and after calling `init_weights` of FasterRCNN  

neck.fpn_convs.1.conv.weight - torch.Size([256, 256, 3, 3]): 
XavierInit: gain=1, distribution=uniform, bias=0 

neck.fpn_convs.1.conv.bias - torch.Size([256]): 
The value is the same before and after calling `init_weights` of FasterRCNN  

neck.fpn_convs.2.conv.weight - torch.Size([256, 256, 3, 3]): 
XavierInit: gain=1, distribution=uniform, bias=0 

neck.fpn_convs.2.conv.bias - torch.Size([256]): 
The value is the same before and after calling `init_weights` of FasterRCNN  

neck.fpn_convs.3.conv.weight - torch.Size([256, 256, 3, 3]): 
XavierInit: gain=1, distribution=uniform, bias=0 

neck.fpn_convs.3.conv.bias - torch.Size([256]): 
The value is the same before and after calling `init_weights` of FasterRCNN  

rpn_head.rpn_conv.weight - torch.Size([256, 256, 3, 3]): 
NormalInit: mean=0, std=0.01, bias=0 

rpn_head.rpn_conv.bias - torch.Size([256]): 
NormalInit: mean=0, std=0.01, bias=0 

rpn_head.rpn_cls.weight - torch.Size([3, 256, 1, 1]): 
NormalInit: mean=0, std=0.01, bias=0 

rpn_head.rpn_cls.bias - torch.Size([3]): 
NormalInit: mean=0, std=0.01, bias=0 

rpn_head.rpn_reg.weight - torch.Size([12, 256, 1, 1]): 
NormalInit: mean=0, std=0.01, bias=0 

rpn_head.rpn_reg.bias - torch.Size([12]): 
NormalInit: mean=0, std=0.01, bias=0 

roi_head.bbox_head.fc_cls.weight - torch.Size([21, 1024]): 
NormalInit: mean=0, std=0.01, bias=0 

roi_head.bbox_head.fc_cls.bias - torch.Size([21]): 
NormalInit: mean=0, std=0.01, bias=0 

roi_head.bbox_head.fc_reg.weight - torch.Size([80, 1024]): 
NormalInit: mean=0, std=0.001, bias=0 

roi_head.bbox_head.fc_reg.bias - torch.Size([80]): 
NormalInit: mean=0, std=0.001, bias=0 

roi_head.bbox_head.shared_fcs.0.weight - torch.Size([1024, 12544]): 
XavierInit: gain=1, distribution=uniform, bias=0 

roi_head.bbox_head.shared_fcs.0.bias - torch.Size([1024]): 
XavierInit: gain=1, distribution=uniform, bias=0 

roi_head.bbox_head.shared_fcs.1.weight - torch.Size([1024, 1024]): 
XavierInit: gain=1, distribution=uniform, bias=0 

roi_head.bbox_head.shared_fcs.1.bias - torch.Size([1024]): 
XavierInit: gain=1, distribution=uniform, bias=0 
2026/04/18 23:43:27 - mmengine - WARNING - "FileClient" will be deprecated in future. Please use io functions in https://mmengine.readthedocs.io/en/latest/api/fileio.html#file-io
2026/04/18 23:43:27 - mmengine - WARNING - "HardDiskBackend" is the alias of "LocalBackend" and the former will be deprecated in future.
2026/04/18 23:43:27 - mmengine - INFO - Checkpoints will be saved to /mnt/c/yltf/深度学习/实验2/mmdetection/work_dirs/faster_rcnn_r50_fpn_1x_voc2012_coco_bs16.
2026/04/18 23:44:21 - mmengine - INFO - Epoch(train)  [1][ 50/750]  lr: 1.9820e-03  eta: 2:41:47  time: 1.0847  data_time: 0.0213  memory: 24963  loss: 1.1730  loss_rpn_cls: 0.4032  loss_rpn_bbox: 0.0519  loss_cls: 0.6450  acc: 96.0571  loss_bbox: 0.0729
2026/04/18 23:45:16 - mmengine - INFO - Epoch(train)  [1][100/750]  lr: 3.9840e-03  eta: 2:42:20  time: 1.1043  data_time: 0.0185  memory: 24964  loss: 0.4694  loss_rpn_cls: 0.0817  loss_rpn_bbox: 0.0412  loss_cls: 0.2087  acc: 96.6919  loss_bbox: 0.1377
2026/04/18 23:46:12 - mmengine - INFO - Epoch(train)  [1][150/750]  lr: 5.9860e-03  eta: 2:42:08  time: 1.1088  data_time: 0.0173  memory: 24963  loss: 0.4459  loss_rpn_cls: 0.0611  loss_rpn_bbox: 0.0397  loss_cls: 0.2007  acc: 95.7031  loss_bbox: 0.1444
2026/04/18 23:47:07 - mmengine - INFO - Epoch(train)  [1][200/750]  lr: 7.9880e-03  eta: 2:41:27  time: 1.1057  data_time: 0.0181  memory: 24963  loss: 0.4831  loss_rpn_cls: 0.0500  loss_rpn_bbox: 0.0384  loss_cls: 0.2177  acc: 96.7163  loss_bbox: 0.1770
2026/04/18 23:48:02 - mmengine - INFO - Epoch(train)  [1][250/750]  lr: 9.9900e-03  eta: 2:40:24  time: 1.0962  data_time: 0.0178  memory: 24963  loss: 0.5130  loss_rpn_cls: 0.0537  loss_rpn_bbox: 0.0431  loss_cls: 0.2339  acc: 96.3013  loss_bbox: 0.1823
2026/04/18 23:48:57 - mmengine - INFO - Epoch(train)  [1][300/750]  lr: 1.1992e-02  eta: 2:39:25  time: 1.0974  data_time: 0.0172  memory: 24963  loss: 0.5144  loss_rpn_cls: 0.0455  loss_rpn_bbox: 0.0416  loss_cls: 0.2350  acc: 92.6514  loss_bbox: 0.1923
2026/04/18 23:49:53 - mmengine - INFO - Epoch(train)  [1][350/750]  lr: 1.3994e-02  eta: 2:38:54  time: 1.1191  data_time: 0.0184  memory: 24963  loss: 0.4738  loss_rpn_cls: 0.0401  loss_rpn_bbox: 0.0376  loss_cls: 0.2173  acc: 94.6289  loss_bbox: 0.1788
2026/04/18 23:50:50 - mmengine - INFO - Epoch(train)  [1][400/750]  lr: 1.5996e-02  eta: 2:38:52  time: 1.1509  data_time: 0.0181  memory: 24963  loss: 0.5091  loss_rpn_cls: 0.0411  loss_rpn_bbox: 0.0386  loss_cls: 0.2307  acc: 94.4580  loss_bbox: 0.1987
2026/04/18 23:51:47 - mmengine - INFO - Epoch(train)  [1][450/750]  lr: 1.7998e-02  eta: 2:38:29  time: 1.1433  data_time: 0.0186  memory: 24963  loss: 0.4623  loss_rpn_cls: 0.0375  loss_rpn_bbox: 0.0371  loss_cls: 0.2086  acc: 96.0938  loss_bbox: 0.1790
2026/04/18 23:52:42 - mmengine - INFO - Epoch(train)  [1][500/750]  lr: 2.0000e-02  eta: 2:37:22  time: 1.0990  data_time: 0.0182  memory: 24963  loss: 0.4771  loss_rpn_cls: 0.0414  loss_rpn_bbox: 0.0428  loss_cls: 0.2110  acc: 95.4834  loss_bbox: 0.1819
2026/04/18 23:53:37 - mmengine - INFO - Epoch(train)  [1][550/750]  lr: 2.0000e-02  eta: 2:36:10  time: 1.0885  data_time: 0.0181  memory: 24964  loss: 0.4736  loss_rpn_cls: 0.0398  loss_rpn_bbox: 0.0406  loss_cls: 0.2083  acc: 97.1069  loss_bbox: 0.1849
2026/04/18 23:54:31 - mmengine - INFO - Epoch(train)  [1][600/750]  lr: 2.0000e-02  eta: 2:34:59  time: 1.0876  data_time: 0.0184  memory: 24963  loss: 0.4681  loss_rpn_cls: 0.0381  loss_rpn_bbox: 0.0378  loss_cls: 0.2065  acc: 93.6890  loss_bbox: 0.1858
2026/04/18 23:55:26 - mmengine - INFO - Epoch(train)  [1][650/750]  lr: 2.0000e-02  eta: 2:34:02  time: 1.1040  data_time: 0.0173  memory: 24963  loss: 0.4665  loss_rpn_cls: 0.0392  loss_rpn_bbox: 0.0370  loss_cls: 0.2103  acc: 94.8853  loss_bbox: 0.1800
2026/04/18 23:56:21 - mmengine - INFO - Epoch(train)  [1][700/750]  lr: 2.0000e-02  eta: 2:32:55  time: 1.0871  data_time: 0.0191  memory: 24964  loss: 0.4566  loss_rpn_cls: 0.0378  loss_rpn_bbox: 0.0351  loss_cls: 0.1991  acc: 95.1782  loss_bbox: 0.1847
2026/04/18 23:57:14 - mmengine - INFO - Exp name: faster-rcnn_r50_fpn_1x_voc2012_coco_20260418_234323
2026/04/18 23:57:14 - mmengine - INFO - Epoch(train)  [1][750/750]  lr: 2.0000e-02  eta: 2:31:42  time: 1.0727  data_time: 0.0182  memory: 30479  loss: 0.4564  loss_rpn_cls: 0.0376  loss_rpn_bbox: 0.0346  loss_cls: 0.2033  acc: 95.5729  loss_bbox: 0.1809
2026/04/18 23:57:14 - mmengine - INFO - Saving checkpoint at 1 epochs
2026/04/18 23:58:11 - mmengine - INFO - Epoch(train)  [2][ 50/750]  lr: 2.0000e-02  eta: 2:30:47  time: 1.1044  data_time: 0.0197  memory: 24964  loss: 0.4357  loss_rpn_cls: 0.0330  loss_rpn_bbox: 0.0345  loss_cls: 0.1899  acc: 91.6992  loss_bbox: 0.1783
2026/04/18 23:59:06 - mmengine - INFO - Epoch(train)  [2][100/750]  lr: 2.0000e-02  eta: 2:29:48  time: 1.0953  data_time: 0.0177  memory: 24964  loss: 0.4628  loss_rpn_cls: 0.0305  loss_rpn_bbox: 0.0364  loss_cls: 0.2021  acc: 93.9575  loss_bbox: 0.1938
2026/04/19 00:00:00 - mmengine - INFO - Epoch(train)  [2][150/750]  lr: 2.0000e-02  eta: 2:28:49  time: 1.0952  data_time: 0.0182  memory: 24963  loss: 0.4139  loss_rpn_cls: 0.0301  loss_rpn_bbox: 0.0352  loss_cls: 0.1745  acc: 92.9321  loss_bbox: 0.1742
2026/04/19 00:00:55 - mmengine - INFO - Epoch(train)  [2][200/750]  lr: 2.0000e-02  eta: 2:27:51  time: 1.0953  data_time: 0.0175  memory: 24963  loss: 0.4232  loss_rpn_cls: 0.0321  loss_rpn_bbox: 0.0339  loss_cls: 0.1800  acc: 94.9951  loss_bbox: 0.1772
2026/04/19 00:01:50 - mmengine - INFO - Exp name: faster-rcnn_r50_fpn_1x_voc2012_coco_20260418_234323
2026/04/19 00:01:50 - mmengine - INFO - Epoch(train)  [2][250/750]  lr: 2.0000e-02  eta: 2:26:56  time: 1.1020  data_time: 0.0175  memory: 24963  loss: 0.4136  loss_rpn_cls: 0.0296  loss_rpn_bbox: 0.0336  loss_cls: 0.1744  acc: 95.3003  loss_bbox: 0.1760
2026/04/19 00:02:44 - mmengine - INFO - Epoch(train)  [2][300/750]  lr: 2.0000e-02  eta: 2:25:52  time: 1.0774  data_time: 0.0183  memory: 24242  loss: 0.4074  loss_rpn_cls: 0.0287  loss_rpn_bbox: 0.0328  loss_cls: 0.1739  acc: 94.2871  loss_bbox: 0.1721
2026/04/19 00:03:39 - mmengine - INFO - Epoch(train)  [2][350/750]  lr: 2.0000e-02  eta: 2:24:52  time: 1.0893  data_time: 0.0175  memory: 24963  loss: 0.4227  loss_rpn_cls: 0.0295  loss_rpn_bbox: 0.0340  loss_cls: 0.1784  acc: 95.7764  loss_bbox: 0.1808
2026/04/19 00:04:33 - mmengine - INFO - Epoch(train)  [2][400/750]  lr: 2.0000e-02  eta: 2:23:53  time: 1.0884  data_time: 0.0182  memory: 24963  loss: 0.4201  loss_rpn_cls: 0.0275  loss_rpn_bbox: 0.0332  loss_cls: 0.1798  acc: 92.5903  loss_bbox: 0.1797
2026/04/19 00:05:27 - mmengine - INFO - Epoch(train)  [2][450/750]  lr: 2.0000e-02  eta: 2:22:51  time: 1.0784  data_time: 0.0182  memory: 24963  loss: 0.4187  loss_rpn_cls: 0.0304  loss_rpn_bbox: 0.0356  loss_cls: 0.1784  acc: 93.5303  loss_bbox: 0.1742
2026/04/19 00:06:21 - mmengine - INFO - Epoch(train)  [2][500/750]  lr: 2.0000e-02  eta: 2:21:52  time: 1.0836  data_time: 0.0183  memory: 24963  loss: 0.4107  loss_rpn_cls: 0.0278  loss_rpn_bbox: 0.0335  loss_cls: 0.1755  acc: 95.9717  loss_bbox: 0.1739
2026/04/19 00:07:16 - mmengine - INFO - Epoch(train)  [2][550/750]  lr: 2.0000e-02  eta: 2:20:55  time: 1.0910  data_time: 0.0181  memory: 24963  loss: 0.4011  loss_rpn_cls: 0.0267  loss_rpn_bbox: 0.0327  loss_cls: 0.1712  acc: 94.1406  loss_bbox: 0.1705
2026/04/19 00:08:10 - mmengine - INFO - Epoch(train)  [2][600/750]  lr: 2.0000e-02  eta: 2:19:56  time: 1.0845  data_time: 0.0184  memory: 24963  loss: 0.4172  loss_rpn_cls: 0.0306  loss_rpn_bbox: 0.0359  loss_cls: 0.1734  acc: 93.4814  loss_bbox: 0.1773
2026/04/19 00:09:05 - mmengine - INFO - Epoch(train)  [2][650/750]  lr: 2.0000e-02  eta: 2:19:00  time: 1.0956  data_time: 0.0185  memory: 24963  loss: 0.3923  loss_rpn_cls: 0.0295  loss_rpn_bbox: 0.0351  loss_cls: 0.1651  acc: 97.4609  loss_bbox: 0.1626
2026/04/19 00:09:59 - mmengine - INFO - Epoch(train)  [2][700/750]  lr: 2.0000e-02  eta: 2:18:03  time: 1.0867  data_time: 0.0183  memory: 24963  loss: 0.4351  loss_rpn_cls: 0.0290  loss_rpn_bbox: 0.0347  loss_cls: 0.1835  acc: 93.1763  loss_bbox: 0.1879
2026/04/19 00:10:52 - mmengine - INFO - Exp name: faster-rcnn_r50_fpn_1x_voc2012_coco_20260418_234323
2026/04/19 00:10:52 - mmengine - INFO - Epoch(train)  [2][750/750]  lr: 2.0000e-02  eta: 2:17:00  time: 1.0656  data_time: 0.0180  memory: 30480  loss: 0.4064  loss_rpn_cls: 0.0277  loss_rpn_bbox: 0.0322  loss_cls: 0.1738  acc: 97.0703  loss_bbox: 0.1727
2026/04/19 00:10:52 - mmengine - INFO - Saving checkpoint at 2 epochs
2026/04/19 00:11:48 - mmengine - INFO - Epoch(train)  [3][ 50/750]  lr: 2.0000e-02  eta: 2:16:03  time: 1.0880  data_time: 0.0201  memory: 24963  loss: 0.3908  loss_rpn_cls: 0.0230  loss_rpn_bbox: 0.0325  loss_cls: 0.1624  acc: 95.7031  loss_bbox: 0.1729
2026/04/19 00:12:42 - mmengine - INFO - Epoch(train)  [3][100/750]  lr: 2.0000e-02  eta: 2:15:06  time: 1.0857  data_time: 0.0184  memory: 24963  loss: 0.3658  loss_rpn_cls: 0.0222  loss_rpn_bbox: 0.0280  loss_cls: 0.1544  acc: 95.0073  loss_bbox: 0.1613
2026/04/19 00:13:37 - mmengine - INFO - Epoch(train)  [3][150/750]  lr: 2.0000e-02  eta: 2:14:09  time: 1.0870  data_time: 0.0183  memory: 24964  loss: 0.3819  loss_rpn_cls: 0.0244  loss_rpn_bbox: 0.0334  loss_cls: 0.1586  acc: 95.3979  loss_bbox: 0.1655
2026/04/19 00:14:31 - mmengine - INFO - Epoch(train)  [3][200/750]  lr: 2.0000e-02  eta: 2:13:14  time: 1.0924  data_time: 0.0186  memory: 24963  loss: 0.4049  loss_rpn_cls: 0.0257  loss_rpn_bbox: 0.0328  loss_cls: 0.1695  acc: 97.2168  loss_bbox: 0.1768
2026/04/19 00:15:26 - mmengine - INFO - Epoch(train)  [3][250/750]  lr: 2.0000e-02  eta: 2:12:18  time: 1.0900  data_time: 0.0186  memory: 24963  loss: 0.3983  loss_rpn_cls: 0.0247  loss_rpn_bbox: 0.0320  loss_cls: 0.1672  acc: 96.4600  loss_bbox: 0.1744
2026/04/19 00:16:20 - mmengine - INFO - Epoch(train)  [3][300/750]  lr: 2.0000e-02  eta: 2:11:24  time: 1.0960  data_time: 0.0180  memory: 24964  loss: 0.3823  loss_rpn_cls: 0.0239  loss_rpn_bbox: 0.0319  loss_cls: 0.1581  acc: 97.2168  loss_bbox: 0.1684
2026/04/19 00:17:15 - mmengine - INFO - Epoch(train)  [3][350/750]  lr: 2.0000e-02  eta: 2:10:26  time: 1.0821  data_time: 0.0179  memory: 24963  loss: 0.4081  loss_rpn_cls: 0.0235  loss_rpn_bbox: 0.0325  loss_cls: 0.1709  acc: 94.7388  loss_bbox: 0.1813
2026/04/19 00:18:09 - mmengine - INFO - Epoch(train)  [3][400/750]  lr: 2.0000e-02  eta: 2:09:32  time: 1.0979  data_time: 0.0185  memory: 24963  loss: 0.3637  loss_rpn_cls: 0.0232  loss_rpn_bbox: 0.0315  loss_cls: 0.1500  acc: 95.1660  loss_bbox: 0.1590
2026/04/19 00:19:04 - mmengine - INFO - Epoch(train)  [3][450/750]  lr: 2.0000e-02  eta: 2:08:38  time: 1.0961  data_time: 0.0186  memory: 24963  loss: 0.4021  loss_rpn_cls: 0.0255  loss_rpn_bbox: 0.0329  loss_cls: 0.1656  acc: 96.0815  loss_bbox: 0.1780
2026/04/19 00:19:58 - mmengine - INFO - Exp name: faster-rcnn_r50_fpn_1x_voc2012_coco_20260418_234323
2026/04/19 00:19:58 - mmengine - INFO - Epoch(train)  [3][500/750]  lr: 2.0000e-02  eta: 2:07:41  time: 1.0840  data_time: 0.0184  memory: 24963  loss: 0.3915  loss_rpn_cls: 0.0263  loss_rpn_bbox: 0.0341  loss_cls: 0.1592  acc: 96.6797  loss_bbox: 0.1720
2026/04/19 00:20:52 - mmengine - INFO - Epoch(train)  [3][550/750]  lr: 2.0000e-02  eta: 2:06:44  time: 1.0809  data_time: 0.0176  memory: 24963  loss: 0.3868  loss_rpn_cls: 0.0265  loss_rpn_bbox: 0.0321  loss_cls: 0.1621  acc: 94.8608  loss_bbox: 0.1661
2026/04/19 00:21:47 - mmengine - INFO - Epoch(train)  [3][600/750]  lr: 2.0000e-02  eta: 2:05:48  time: 1.0859  data_time: 0.0186  memory: 24963  loss: 0.3587  loss_rpn_cls: 0.0232  loss_rpn_bbox: 0.0317  loss_cls: 0.1488  acc: 95.4102  loss_bbox: 0.1551
2026/04/19 00:22:41 - mmengine - INFO - Epoch(train)  [3][650/750]  lr: 2.0000e-02  eta: 2:04:52  time: 1.0851  data_time: 0.0188  memory: 24963  loss: 0.3693  loss_rpn_cls: 0.0242  loss_rpn_bbox: 0.0325  loss_cls: 0.1541  acc: 94.8975  loss_bbox: 0.1586
2026/04/19 00:23:35 - mmengine - INFO - Epoch(train)  [3][700/750]  lr: 2.0000e-02  eta: 2:03:56  time: 1.0887  data_time: 0.0175  memory: 24963  loss: 0.3905  loss_rpn_cls: 0.0265  loss_rpn_bbox: 0.0321  loss_cls: 0.1631  acc: 94.0674  loss_bbox: 0.1688
2026/04/19 00:24:30 - mmengine - INFO - Exp name: faster-rcnn_r50_fpn_1x_voc2012_coco_20260418_234323
2026/04/19 00:24:30 - mmengine - INFO - Epoch(train)  [3][750/750]  lr: 2.0000e-02  eta: 2:03:01  time: 1.0910  data_time: 0.0181  memory: 32795  loss: 0.3812  loss_rpn_cls: 0.0238  loss_rpn_bbox: 0.0307  loss_cls: 0.1571  acc: 92.9036  loss_bbox: 0.1696
2026/04/19 00:24:30 - mmengine - INFO - Saving checkpoint at 3 epochs
2026/04/19 00:25:26 - mmengine - INFO - Epoch(train)  [4][ 50/750]  lr: 2.0000e-02  eta: 2:02:06  time: 1.0881  data_time: 0.0195  memory: 24963  loss: 0.3600  loss_rpn_cls: 0.0206  loss_rpn_bbox: 0.0310  loss_cls: 0.1452  acc: 91.9434  loss_bbox: 0.1632
2026/04/19 00:26:20 - mmengine - INFO - Epoch(train)  [4][100/750]  lr: 2.0000e-02  eta: 2:01:11  time: 1.0912  data_time: 0.0184  memory: 24963  loss: 0.3770  loss_rpn_cls: 0.0206  loss_rpn_bbox: 0.0296  loss_cls: 0.1573  acc: 94.1772  loss_bbox: 0.1696
2026/04/19 00:27:15 - mmengine - INFO - Epoch(train)  [4][150/750]  lr: 2.0000e-02  eta: 2:00:17  time: 1.0997  data_time: 0.0191  memory: 24963  loss: 0.3618  loss_rpn_cls: 0.0212  loss_rpn_bbox: 0.0320  loss_cls: 0.1460  acc: 92.6392  loss_bbox: 0.1626
2026/04/19 00:28:10 - mmengine - INFO - Epoch(train)  [4][200/750]  lr: 2.0000e-02  eta: 1:59:22  time: 1.0883  data_time: 0.0180  memory: 24963  loss: 0.3447  loss_rpn_cls: 0.0212  loss_rpn_bbox: 0.0296  loss_cls: 0.1418  acc: 95.9839  loss_bbox: 0.1520
2026/04/19 00:29:04 - mmengine - INFO - Epoch(train)  [4][250/750]  lr: 2.0000e-02  eta: 1:58:27  time: 1.0909  data_time: 0.0182  memory: 24963  loss: 0.3666  loss_rpn_cls: 0.0216  loss_rpn_bbox: 0.0293  loss_cls: 0.1480  acc: 95.8008  loss_bbox: 0.1677
2026/04/19 00:29:59 - mmengine - INFO - Epoch(train)  [4][300/750]  lr: 2.0000e-02  eta: 1:57:32  time: 1.0923  data_time: 0.0178  memory: 24963  loss: 0.3685  loss_rpn_cls: 0.0201  loss_rpn_bbox: 0.0301  loss_cls: 0.1526  acc: 93.6646  loss_bbox: 0.1657
2026/04/19 00:30:53 - mmengine - INFO - Epoch(train)  [4][350/750]  lr: 2.0000e-02  eta: 1:56:37  time: 1.0900  data_time: 0.0178  memory: 24963  loss: 0.3737  loss_rpn_cls: 0.0224  loss_rpn_bbox: 0.0324  loss_cls: 0.1549  acc: 95.8374  loss_bbox: 0.1640
2026/04/19 00:31:48 - mmengine - INFO - Epoch(train)  [4][400/750]  lr: 2.0000e-02  eta: 1:55:43  time: 1.0974  data_time: 0.0183  memory: 24963  loss: 0.3755  loss_rpn_cls: 0.0227  loss_rpn_bbox: 0.0311  loss_cls: 0.1581  acc: 95.3247  loss_bbox: 0.1636
2026/04/19 00:32:43 - mmengine - INFO - Epoch(train)  [4][450/750]  lr: 2.0000e-02  eta: 1:54:48  time: 1.0923  data_time: 0.0181  memory: 24963  loss: 0.3620  loss_rpn_cls: 0.0202  loss_rpn_bbox: 0.0299  loss_cls: 0.1462  acc: 96.3745  loss_bbox: 0.1658
2026/04/19 00:33:38 - mmengine - INFO - Epoch(train)  [4][500/750]  lr: 2.0000e-02  eta: 1:53:55  time: 1.1061  data_time: 0.0180  memory: 24242  loss: 0.3629  loss_rpn_cls: 0.0216  loss_rpn_bbox: 0.0297  loss_cls: 0.1486  acc: 93.8599  loss_bbox: 0.1631
2026/04/19 00:34:32 - mmengine - INFO - Epoch(train)  [4][550/750]  lr: 2.0000e-02  eta: 1:52:59  time: 1.0868  data_time: 0.0184  memory: 24963  loss: 0.3614  loss_rpn_cls: 0.0214  loss_rpn_bbox: 0.0304  loss_cls: 0.1471  acc: 94.7998  loss_bbox: 0.1626
2026/04/19 00:35:27 - mmengine - INFO - Epoch(train)  [4][600/750]  lr: 2.0000e-02  eta: 1:52:04  time: 1.0860  data_time: 0.0193  memory: 24963  loss: 0.3616  loss_rpn_cls: 0.0229  loss_rpn_bbox: 0.0316  loss_cls: 0.1485  acc: 96.6553  loss_bbox: 0.1587
2026/04/19 00:36:21 - mmengine - INFO - Epoch(train)  [4][650/750]  lr: 2.0000e-02  eta: 1:51:08  time: 1.0801  data_time: 0.0178  memory: 24963  loss: 0.3684  loss_rpn_cls: 0.0224  loss_rpn_bbox: 0.0316  loss_cls: 0.1507  acc: 96.6553  loss_bbox: 0.1637
2026/04/19 00:37:15 - mmengine - INFO - Epoch(train)  [4][700/750]  lr: 2.0000e-02  eta: 1:50:13  time: 1.0899  data_time: 0.0178  memory: 24963  loss: 0.3715  loss_rpn_cls: 0.0217  loss_rpn_bbox: 0.0320  loss_cls: 0.1515  acc: 96.4478  loss_bbox: 0.1663
2026/04/19 00:38:09 - mmengine - INFO - Exp name: faster-rcnn_r50_fpn_1x_voc2012_coco_20260418_234323
2026/04/19 00:38:09 - mmengine - INFO - Epoch(train)  [4][750/750]  lr: 2.0000e-02  eta: 1:49:17  time: 1.0818  data_time: 0.0173  memory: 32794  loss: 0.3771  loss_rpn_cls: 0.0236  loss_rpn_bbox: 0.0318  loss_cls: 0.1566  acc: 97.3307  loss_bbox: 0.1650
2026/04/19 00:38:09 - mmengine - INFO - Saving checkpoint at 4 epochs
2026/04/19 00:39:05 - mmengine - INFO - Epoch(train)  [5][ 50/750]  lr: 2.0000e-02  eta: 1:48:23  time: 1.0968  data_time: 0.0206  memory: 24963  loss: 0.3618  loss_rpn_cls: 0.0186  loss_rpn_bbox: 0.0283  loss_cls: 0.1481  acc: 92.4438  loss_bbox: 0.1668
2026/04/19 00:40:00 - mmengine - INFO - Epoch(train)  [5][100/750]  lr: 2.0000e-02  eta: 1:47:27  time: 1.0871  data_time: 0.0177  memory: 24963  loss: 0.3560  loss_rpn_cls: 0.0188  loss_rpn_bbox: 0.0291  loss_cls: 0.1448  acc: 94.6655  loss_bbox: 0.1633
2026/04/19 00:40:54 - mmengine - INFO - Epoch(train)  [5][150/750]  lr: 2.0000e-02  eta: 1:46:32  time: 1.0826  data_time: 0.0181  memory: 24964  loss: 0.3444  loss_rpn_cls: 0.0196  loss_rpn_bbox: 0.0308  loss_cls: 0.1366  acc: 95.5566  loss_bbox: 0.1574
2026/04/19 00:41:49 - mmengine - INFO - Epoch(train)  [5][200/750]  lr: 2.0000e-02  eta: 1:45:38  time: 1.0996  data_time: 0.0183  memory: 24963  loss: 0.3394  loss_rpn_cls: 0.0187  loss_rpn_bbox: 0.0298  loss_cls: 0.1346  acc: 96.1914  loss_bbox: 0.1564
2026/04/19 00:42:44 - mmengine - INFO - Epoch(train)  [5][250/750]  lr: 2.0000e-02  eta: 1:44:44  time: 1.0992  data_time: 0.0178  memory: 24963  loss: 0.3552  loss_rpn_cls: 0.0187  loss_rpn_bbox: 0.0297  loss_cls: 0.1447  acc: 93.7988  loss_bbox: 0.1622
2026/04/19 00:43:39 - mmengine - INFO - Epoch(train)  [5][300/750]  lr: 2.0000e-02  eta: 1:43:49  time: 1.0960  data_time: 0.0180  memory: 24963  loss: 0.3536  loss_rpn_cls: 0.0190  loss_rpn_bbox: 0.0301  loss_cls: 0.1424  acc: 96.4844  loss_bbox: 0.1621
2026/04/19 00:44:33 - mmengine - INFO - Epoch(train)  [5][350/750]  lr: 2.0000e-02  eta: 1:42:55  time: 1.0948  data_time: 0.0175  memory: 24963  loss: 0.3351  loss_rpn_cls: 0.0192  loss_rpn_bbox: 0.0297  loss_cls: 0.1366  acc: 95.4834  loss_bbox: 0.1497
2026/04/19 00:45:28 - mmengine - INFO - Epoch(train)  [5][400/750]  lr: 2.0000e-02  eta: 1:42:00  time: 1.0883  data_time: 0.0189  memory: 24963  loss: 0.3543  loss_rpn_cls: 0.0202  loss_rpn_bbox: 0.0317  loss_cls: 0.1415  acc: 96.8384  loss_bbox: 0.1609
2026/04/19 00:46:23 - mmengine - INFO - Epoch(train)  [5][450/750]  lr: 2.0000e-02  eta: 1:41:05  time: 1.0948  data_time: 0.0186  memory: 24963  loss: 0.3438  loss_rpn_cls: 0.0196  loss_rpn_bbox: 0.0272  loss_cls: 0.1408  acc: 95.7520  loss_bbox: 0.1562
2026/04/19 00:47:17 - mmengine - INFO - Epoch(train)  [5][500/750]  lr: 2.0000e-02  eta: 1:40:10  time: 1.0824  data_time: 0.0184  memory: 24963  loss: 0.3565  loss_rpn_cls: 0.0183  loss_rpn_bbox: 0.0300  loss_cls: 0.1450  acc: 95.5444  loss_bbox: 0.1632
2026/04/19 00:48:11 - mmengine - INFO - Epoch(train)  [5][550/750]  lr: 2.0000e-02  eta: 1:39:15  time: 1.0943  data_time: 0.0186  memory: 24963  loss: 0.3364  loss_rpn_cls: 0.0174  loss_rpn_bbox: 0.0277  loss_cls: 0.1391  acc: 94.2993  loss_bbox: 0.1521
2026/04/19 00:49:06 - mmengine - INFO - Epoch(train)  [5][600/750]  lr: 2.0000e-02  eta: 1:38:21  time: 1.0951  data_time: 0.0176  memory: 24963  loss: 0.3494  loss_rpn_cls: 0.0198  loss_rpn_bbox: 0.0301  loss_cls: 0.1400  acc: 95.3857  loss_bbox: 0.1594
2026/04/19 00:50:00 - mmengine - INFO - Epoch(train)  [5][650/750]  lr: 2.0000e-02  eta: 1:37:26  time: 1.0835  data_time: 0.0180  memory: 24963  loss: 0.3328  loss_rpn_cls: 0.0174  loss_rpn_bbox: 0.0282  loss_cls: 0.1357  acc: 97.5342  loss_bbox: 0.1514
2026/04/19 00:50:56 - mmengine - INFO - Epoch(train)  [5][700/750]  lr: 2.0000e-02  eta: 1:36:32  time: 1.1042  data_time: 0.0181  memory: 24963  loss: 0.3361  loss_rpn_cls: 0.0171  loss_rpn_bbox: 0.0307  loss_cls: 0.1339  acc: 96.0205  loss_bbox: 0.1544
2026/04/19 00:51:49 - mmengine - INFO - Exp name: faster-rcnn_r50_fpn_1x_voc2012_coco_20260418_234323
2026/04/19 00:51:49 - mmengine - INFO - Epoch(train)  [5][750/750]  lr: 2.0000e-02  eta: 1:35:36  time: 1.0766  data_time: 0.0180  memory: 32793  loss: 0.3605  loss_rpn_cls: 0.0208  loss_rpn_bbox: 0.0307  loss_cls: 0.1458  acc: 94.9870  loss_bbox: 0.1633
2026/04/19 00:51:49 - mmengine - INFO - Saving checkpoint at 5 epochs
2026/04/19 00:52:45 - mmengine - INFO - Epoch(train)  [6][ 50/750]  lr: 2.0000e-02  eta: 1:34:41  time: 1.0855  data_time: 0.0192  memory: 24963  loss: 0.3216  loss_rpn_cls: 0.0167  loss_rpn_bbox: 0.0265  loss_cls: 0.1300  acc: 97.6074  loss_bbox: 0.1483
2026/04/19 00:53:39 - mmengine - INFO - Epoch(train)  [6][100/750]  lr: 2.0000e-02  eta: 1:33:46  time: 1.0874  data_time: 0.0177  memory: 24963  loss: 0.3384  loss_rpn_cls: 0.0174  loss_rpn_bbox: 0.0307  loss_cls: 0.1325  acc: 95.8618  loss_bbox: 0.1577
2026/04/19 00:54:34 - mmengine - INFO - Epoch(train)  [6][150/750]  lr: 2.0000e-02  eta: 1:32:51  time: 1.0872  data_time: 0.0176  memory: 24963  loss: 0.3138  loss_rpn_cls: 0.0167  loss_rpn_bbox: 0.0279  loss_cls: 0.1226  acc: 97.4731  loss_bbox: 0.1466
2026/04/19 00:55:28 - mmengine - INFO - Epoch(train)  [6][200/750]  lr: 2.0000e-02  eta: 1:31:56  time: 1.0883  data_time: 0.0179  memory: 24963  loss: 0.3369  loss_rpn_cls: 0.0172  loss_rpn_bbox: 0.0309  loss_cls: 0.1343  acc: 96.3257  loss_bbox: 0.1545
2026/04/19 00:56:22 - mmengine - INFO - Exp name: faster-rcnn_r50_fpn_1x_voc2012_coco_20260418_234323
2026/04/19 00:56:22 - mmengine - INFO - Epoch(train)  [6][250/750]  lr: 2.0000e-02  eta: 1:31:01  time: 1.0859  data_time: 0.0178  memory: 24242  loss: 0.3523  loss_rpn_cls: 0.0170  loss_rpn_bbox: 0.0304  loss_cls: 0.1392  acc: 95.2026  loss_bbox: 0.1657
2026/04/19 00:57:17 - mmengine - INFO - Epoch(train)  [6][300/750]  lr: 2.0000e-02  eta: 1:30:06  time: 1.0868  data_time: 0.0178  memory: 24963  loss: 0.3238  loss_rpn_cls: 0.0174  loss_rpn_bbox: 0.0271  loss_cls: 0.1321  acc: 95.7764  loss_bbox: 0.1472
2026/04/19 00:58:11 - mmengine - INFO - Epoch(train)  [6][350/750]  lr: 2.0000e-02  eta: 1:29:11  time: 1.0878  data_time: 0.0178  memory: 24963  loss: 0.3553  loss_rpn_cls: 0.0167  loss_rpn_bbox: 0.0289  loss_cls: 0.1438  acc: 93.8477  loss_bbox: 0.1660
2026/04/19 00:59:06 - mmengine - INFO - Epoch(train)  [6][400/750]  lr: 2.0000e-02  eta: 1:28:17  time: 1.0962  data_time: 0.0180  memory: 24963  loss: 0.3362  loss_rpn_cls: 0.0167  loss_rpn_bbox: 0.0273  loss_cls: 0.1368  acc: 92.0410  loss_bbox: 0.1554
2026/04/19 01:00:01 - mmengine - INFO - Epoch(train)  [6][450/750]  lr: 2.0000e-02  eta: 1:27:22  time: 1.0919  data_time: 0.0179  memory: 24963  loss: 0.3323  loss_rpn_cls: 0.0175  loss_rpn_bbox: 0.0270  loss_cls: 0.1369  acc: 97.0825  loss_bbox: 0.1509
2026/04/19 01:00:56 - mmengine - INFO - Epoch(train)  [6][500/750]  lr: 2.0000e-02  eta: 1:26:28  time: 1.1008  data_time: 0.0187  memory: 24963  loss: 0.3211  loss_rpn_cls: 0.0179  loss_rpn_bbox: 0.0302  loss_cls: 0.1299  acc: 95.7520  loss_bbox: 0.1431
2026/04/19 01:01:50 - mmengine - INFO - Epoch(train)  [6][550/750]  lr: 2.0000e-02  eta: 1:25:34  time: 1.0970  data_time: 0.0177  memory: 24963  loss: 0.3382  loss_rpn_cls: 0.0179  loss_rpn_bbox: 0.0294  loss_cls: 0.1350  acc: 95.1294  loss_bbox: 0.1560
2026/04/19 01:02:45 - mmengine - INFO - Epoch(train)  [6][600/750]  lr: 2.0000e-02  eta: 1:24:39  time: 1.0841  data_time: 0.0178  memory: 24963  loss: 0.3345  loss_rpn_cls: 0.0163  loss_rpn_bbox: 0.0283  loss_cls: 0.1335  acc: 95.3979  loss_bbox: 0.1565
2026/04/19 01:03:40 - mmengine - INFO - Epoch(train)  [6][650/750]  lr: 2.0000e-02  eta: 1:23:44  time: 1.1014  data_time: 0.0182  memory: 24963  loss: 0.3350  loss_rpn_cls: 0.0172  loss_rpn_bbox: 0.0293  loss_cls: 0.1343  acc: 94.8975  loss_bbox: 0.1542
2026/04/19 01:04:34 - mmengine - INFO - Epoch(train)  [6][700/750]  lr: 2.0000e-02  eta: 1:22:50  time: 1.0886  data_time: 0.0178  memory: 24963  loss: 0.3261  loss_rpn_cls: 0.0163  loss_rpn_bbox: 0.0281  loss_cls: 0.1329  acc: 95.0806  loss_bbox: 0.1488
2026/04/19 01:05:28 - mmengine - INFO - Exp name: faster-rcnn_r50_fpn_1x_voc2012_coco_20260418_234323
2026/04/19 01:05:28 - mmengine - INFO - Epoch(train)  [6][750/750]  lr: 2.0000e-02  eta: 1:21:54  time: 1.0740  data_time: 0.0186  memory: 29713  loss: 0.3427  loss_rpn_cls: 0.0171  loss_rpn_bbox: 0.0292  loss_cls: 0.1389  acc: 92.2526  loss_bbox: 0.1574
2026/04/19 01:05:28 - mmengine - INFO - Saving checkpoint at 6 epochs
2026/04/19 01:06:24 - mmengine - INFO - Epoch(train)  [7][ 50/750]  lr: 2.0000e-02  eta: 1:21:00  time: 1.0948  data_time: 0.0205  memory: 24963  loss: 0.3262  loss_rpn_cls: 0.0158  loss_rpn_bbox: 0.0290  loss_cls: 0.1280  acc: 95.6055  loss_bbox: 0.1533
2026/04/19 01:07:19 - mmengine - INFO - Epoch(train)  [7][100/750]  lr: 2.0000e-02  eta: 1:20:05  time: 1.0959  data_time: 0.0183  memory: 24963  loss: 0.3442  loss_rpn_cls: 0.0155  loss_rpn_bbox: 0.0310  loss_cls: 0.1348  acc: 92.4194  loss_bbox: 0.1630
2026/04/19 01:08:13 - mmengine - INFO - Epoch(train)  [7][150/750]  lr: 2.0000e-02  eta: 1:19:11  time: 1.0926  data_time: 0.0178  memory: 24963  loss: 0.3189  loss_rpn_cls: 0.0147  loss_rpn_bbox: 0.0273  loss_cls: 0.1258  acc: 96.5332  loss_bbox: 0.1511
2026/04/19 01:09:08 - mmengine - INFO - Epoch(train)  [7][200/750]  lr: 2.0000e-02  eta: 1:18:16  time: 1.0975  data_time: 0.0189  memory: 24963  loss: 0.3146  loss_rpn_cls: 0.0147  loss_rpn_bbox: 0.0260  loss_cls: 0.1263  acc: 96.8384  loss_bbox: 0.1475
2026/04/19 01:10:02 - mmengine - INFO - Epoch(train)  [7][250/750]  lr: 2.0000e-02  eta: 1:17:21  time: 1.0864  data_time: 0.0181  memory: 24963  loss: 0.3292  loss_rpn_cls: 0.0154  loss_rpn_bbox: 0.0294  loss_cls: 0.1313  acc: 95.8984  loss_bbox: 0.1531
2026/04/19 01:10:57 - mmengine - INFO - Epoch(train)  [7][300/750]  lr: 2.0000e-02  eta: 1:16:27  time: 1.0950  data_time: 0.0182  memory: 24963  loss: 0.3223  loss_rpn_cls: 0.0159  loss_rpn_bbox: 0.0277  loss_cls: 0.1295  acc: 95.4102  loss_bbox: 0.1493
2026/04/19 01:11:52 - mmengine - INFO - Epoch(train)  [7][350/750]  lr: 2.0000e-02  eta: 1:15:33  time: 1.0998  data_time: 0.0186  memory: 24963  loss: 0.3211  loss_rpn_cls: 0.0142  loss_rpn_bbox: 0.0270  loss_cls: 0.1293  acc: 97.2290  loss_bbox: 0.1507
2026/04/19 01:12:46 - mmengine - INFO - Epoch(train)  [7][400/750]  lr: 2.0000e-02  eta: 1:14:38  time: 1.0831  data_time: 0.0176  memory: 24963  loss: 0.3148  loss_rpn_cls: 0.0151  loss_rpn_bbox: 0.0286  loss_cls: 0.1251  acc: 97.0093  loss_bbox: 0.1461
2026/04/19 01:13:40 - mmengine - INFO - Epoch(train)  [7][450/750]  lr: 2.0000e-02  eta: 1:13:42  time: 1.0802  data_time: 0.0178  memory: 24963  loss: 0.3142  loss_rpn_cls: 0.0158  loss_rpn_bbox: 0.0307  loss_cls: 0.1245  acc: 94.8120  loss_bbox: 0.1432
2026/04/19 01:14:35 - mmengine - INFO - Exp name: faster-rcnn_r50_fpn_1x_voc2012_coco_20260418_234323
2026/04/19 01:14:35 - mmengine - INFO - Epoch(train)  [7][500/750]  lr: 2.0000e-02  eta: 1:12:48  time: 1.0948  data_time: 0.0182  memory: 24963  loss: 0.3225  loss_rpn_cls: 0.0155  loss_rpn_bbox: 0.0304  loss_cls: 0.1281  acc: 94.4458  loss_bbox: 0.1485
2026/04/19 01:15:30 - mmengine - INFO - Epoch(train)  [7][550/750]  lr: 2.0000e-02  eta: 1:11:53  time: 1.0945  data_time: 0.0185  memory: 24963  loss: 0.3229  loss_rpn_cls: 0.0153  loss_rpn_bbox: 0.0256  loss_cls: 0.1319  acc: 92.6636  loss_bbox: 0.1502
2026/04/19 01:16:24 - mmengine - INFO - Epoch(train)  [7][600/750]  lr: 2.0000e-02  eta: 1:10:59  time: 1.0881  data_time: 0.0189  memory: 24963  loss: 0.3221  loss_rpn_cls: 0.0159  loss_rpn_bbox: 0.0276  loss_cls: 0.1286  acc: 93.0786  loss_bbox: 0.1500
2026/04/19 01:17:19 - mmengine - INFO - Epoch(train)  [7][650/750]  lr: 2.0000e-02  eta: 1:10:04  time: 1.0971  data_time: 0.0194  memory: 24963  loss: 0.3219  loss_rpn_cls: 0.0159  loss_rpn_bbox: 0.0285  loss_cls: 0.1287  acc: 97.4854  loss_bbox: 0.1489
2026/04/19 01:18:14 - mmengine - INFO - Epoch(train)  [7][700/750]  lr: 2.0000e-02  eta: 1:09:10  time: 1.0995  data_time: 0.0184  memory: 24963  loss: 0.3196  loss_rpn_cls: 0.0153  loss_rpn_bbox: 0.0261  loss_cls: 0.1304  acc: 95.0684  loss_bbox: 0.1477
2026/04/19 01:19:08 - mmengine - INFO - Exp name: faster-rcnn_r50_fpn_1x_voc2012_coco_20260418_234323
2026/04/19 01:19:08 - mmengine - INFO - Epoch(train)  [7][750/750]  lr: 2.0000e-02  eta: 1:08:15  time: 1.0830  data_time: 0.0178  memory: 35652  loss: 0.3177  loss_rpn_cls: 0.0164  loss_rpn_bbox: 0.0278  loss_cls: 0.1251  acc: 93.8151  loss_bbox: 0.1484
2026/04/19 01:19:08 - mmengine - INFO - Saving checkpoint at 7 epochs
2026/04/19 01:20:05 - mmengine - INFO - Epoch(train)  [8][ 50/750]  lr: 2.0000e-02  eta: 1:07:21  time: 1.1006  data_time: 0.0195  memory: 24963  loss: 0.2933  loss_rpn_cls: 0.0133  loss_rpn_bbox: 0.0262  loss_cls: 0.1165  acc: 96.1914  loss_bbox: 0.1373
2026/04/19 01:20:59 - mmengine - INFO - Epoch(train)  [8][100/750]  lr: 2.0000e-02  eta: 1:06:26  time: 1.0980  data_time: 0.0181  memory: 24963  loss: 0.3034  loss_rpn_cls: 0.0136  loss_rpn_bbox: 0.0282  loss_cls: 0.1172  acc: 96.7896  loss_bbox: 0.1444
2026/04/19 01:21:54 - mmengine - INFO - Epoch(train)  [8][150/750]  lr: 2.0000e-02  eta: 1:05:32  time: 1.0931  data_time: 0.0173  memory: 24963  loss: 0.3264  loss_rpn_cls: 0.0150  loss_rpn_bbox: 0.0271  loss_cls: 0.1316  acc: 95.8618  loss_bbox: 0.1527
2026/04/19 01:22:49 - mmengine - INFO - Epoch(train)  [8][200/750]  lr: 2.0000e-02  eta: 1:04:37  time: 1.0981  data_time: 0.0187  memory: 24963  loss: 0.3183  loss_rpn_cls: 0.0139  loss_rpn_bbox: 0.0257  loss_cls: 0.1269  acc: 94.5801  loss_bbox: 0.1518
2026/04/19 01:23:44 - mmengine - INFO - Epoch(train)  [8][250/750]  lr: 2.0000e-02  eta: 1:03:43  time: 1.0920  data_time: 0.0176  memory: 24963  loss: 0.3090  loss_rpn_cls: 0.0133  loss_rpn_bbox: 0.0261  loss_cls: 0.1208  acc: 94.1772  loss_bbox: 0.1489
2026/04/19 01:24:38 - mmengine - INFO - Epoch(train)  [8][300/750]  lr: 2.0000e-02  eta: 1:02:48  time: 1.0899  data_time: 0.0179  memory: 24963  loss: 0.3212  loss_rpn_cls: 0.0138  loss_rpn_bbox: 0.0284  loss_cls: 0.1277  acc: 95.7031  loss_bbox: 0.1513
2026/04/19 01:25:33 - mmengine - INFO - Epoch(train)  [8][350/750]  lr: 2.0000e-02  eta: 1:01:54  time: 1.0985  data_time: 0.0177  memory: 24963  loss: 0.2937  loss_rpn_cls: 0.0146  loss_rpn_bbox: 0.0261  loss_cls: 0.1160  acc: 95.3735  loss_bbox: 0.1371
2026/04/19 01:26:28 - mmengine - INFO - Epoch(train)  [8][400/750]  lr: 2.0000e-02  eta: 1:00:59  time: 1.0946  data_time: 0.0178  memory: 24963  loss: 0.2989  loss_rpn_cls: 0.0137  loss_rpn_bbox: 0.0268  loss_cls: 0.1187  acc: 97.4365  loss_bbox: 0.1397
2026/04/19 01:27:22 - mmengine - INFO - Epoch(train)  [8][450/750]  lr: 2.0000e-02  eta: 1:00:04  time: 1.0872  data_time: 0.0184  memory: 24963  loss: 0.2973  loss_rpn_cls: 0.0130  loss_rpn_bbox: 0.0295  loss_cls: 0.1168  acc: 95.7031  loss_bbox: 0.1380
2026/04/19 01:28:17 - mmengine - INFO - Epoch(train)  [8][500/750]  lr: 2.0000e-02  eta: 0:59:10  time: 1.0979  data_time: 0.0186  memory: 24963  loss: 0.3086  loss_rpn_cls: 0.0133  loss_rpn_bbox: 0.0293  loss_cls: 0.1188  acc: 91.4551  loss_bbox: 0.1472
2026/04/19 01:29:11 - mmengine - INFO - Epoch(train)  [8][550/750]  lr: 2.0000e-02  eta: 0:58:15  time: 1.0804  data_time: 0.0180  memory: 24963  loss: 0.2885  loss_rpn_cls: 0.0129  loss_rpn_bbox: 0.0262  loss_cls: 0.1126  acc: 95.4468  loss_bbox: 0.1368
2026/04/19 01:30:06 - mmengine - INFO - Epoch(train)  [8][600/750]  lr: 2.0000e-02  eta: 0:57:20  time: 1.1033  data_time: 0.0181  memory: 24963  loss: 0.3081  loss_rpn_cls: 0.0137  loss_rpn_bbox: 0.0273  loss_cls: 0.1222  acc: 95.8984  loss_bbox: 0.1450
2026/04/19 01:31:01 - mmengine - INFO - Epoch(train)  [8][650/750]  lr: 2.0000e-02  eta: 0:56:26  time: 1.0971  data_time: 0.0179  memory: 24963  loss: 0.3040  loss_rpn_cls: 0.0145  loss_rpn_bbox: 0.0283  loss_cls: 0.1197  acc: 95.2515  loss_bbox: 0.1414
2026/04/19 01:31:56 - mmengine - INFO - Epoch(train)  [8][700/750]  lr: 2.0000e-02  eta: 0:55:31  time: 1.0957  data_time: 0.0176  memory: 24963  loss: 0.3173  loss_rpn_cls: 0.0151  loss_rpn_bbox: 0.0279  loss_cls: 0.1239  acc: 96.1304  loss_bbox: 0.1504
2026/04/19 01:32:50 - mmengine - INFO - Exp name: faster-rcnn_r50_fpn_1x_voc2012_coco_20260418_234323
2026/04/19 01:32:50 - mmengine - INFO - Epoch(train)  [8][750/750]  lr: 2.0000e-02  eta: 0:54:36  time: 1.0773  data_time: 0.0189  memory: 32794  loss: 0.3380  loss_rpn_cls: 0.0149  loss_rpn_bbox: 0.0296  loss_cls: 0.1321  acc: 92.7083  loss_bbox: 0.1614
2026/04/19 01:32:50 - mmengine - INFO - Saving checkpoint at 8 epochs
2026/04/19 01:33:45 - mmengine - INFO - Epoch(train)  [9][ 50/750]  lr: 2.0000e-03  eta: 0:53:42  time: 1.0908  data_time: 0.0207  memory: 24963  loss: 0.2881  loss_rpn_cls: 0.0122  loss_rpn_bbox: 0.0236  loss_cls: 0.1114  acc: 96.8140  loss_bbox: 0.1409
2026/04/19 01:34:40 - mmengine - INFO - Epoch(train)  [9][100/750]  lr: 2.0000e-03  eta: 0:52:47  time: 1.0983  data_time: 0.0203  memory: 24963  loss: 0.2681  loss_rpn_cls: 0.0105  loss_rpn_bbox: 0.0260  loss_cls: 0.1006  acc: 96.3501  loss_bbox: 0.1309
2026/04/19 01:35:35 - mmengine - INFO - Epoch(train)  [9][150/750]  lr: 2.0000e-03  eta: 0:51:53  time: 1.0903  data_time: 0.0182  memory: 24963  loss: 0.2723  loss_rpn_cls: 0.0106  loss_rpn_bbox: 0.0270  loss_cls: 0.1010  acc: 97.5464  loss_bbox: 0.1337
2026/04/19 01:36:30 - mmengine - INFO - Epoch(train)  [9][200/750]  lr: 2.0000e-03  eta: 0:50:58  time: 1.0966  data_time: 0.0177  memory: 24963  loss: 0.2589  loss_rpn_cls: 0.0104  loss_rpn_bbox: 0.0242  loss_cls: 0.0972  acc: 94.8486  loss_bbox: 0.1270
2026/04/19 01:37:25 - mmengine - INFO - Epoch(train)  [9][250/750]  lr: 2.0000e-03  eta: 0:50:04  time: 1.0993  data_time: 0.0185  memory: 24963  loss: 0.2552  loss_rpn_cls: 0.0096  loss_rpn_bbox: 0.0249  loss_cls: 0.0950  acc: 95.7153  loss_bbox: 0.1256
2026/04/19 01:38:19 - mmengine - INFO - Epoch(train)  [9][300/750]  lr: 2.0000e-03  eta: 0:49:09  time: 1.0884  data_time: 0.0179  memory: 24963  loss: 0.2505  loss_rpn_cls: 0.0094  loss_rpn_bbox: 0.0246  loss_cls: 0.0934  acc: 97.7905  loss_bbox: 0.1231
2026/04/19 01:39:14 - mmengine - INFO - Epoch(train)  [9][350/750]  lr: 2.0000e-03  eta: 0:48:14  time: 1.0924  data_time: 0.0184  memory: 24963  loss: 0.2694  loss_rpn_cls: 0.0110  loss_rpn_bbox: 0.0271  loss_cls: 0.1001  acc: 96.1426  loss_bbox: 0.1311
2026/04/19 01:40:08 - mmengine - INFO - Epoch(train)  [9][400/750]  lr: 2.0000e-03  eta: 0:47:20  time: 1.0920  data_time: 0.0185  memory: 24963  loss: 0.2602  loss_rpn_cls: 0.0094  loss_rpn_bbox: 0.0228  loss_cls: 0.0961  acc: 97.0215  loss_bbox: 0.1319
2026/04/19 01:41:03 - mmengine - INFO - Epoch(train)  [9][450/750]  lr: 2.0000e-03  eta: 0:46:25  time: 1.0931  data_time: 0.0188  memory: 24963  loss: 0.2527  loss_rpn_cls: 0.0092  loss_rpn_bbox: 0.0231  loss_cls: 0.0937  acc: 96.7529  loss_bbox: 0.1266
2026/04/19 01:41:58 - mmengine - INFO - Epoch(train)  [9][500/750]  lr: 2.0000e-03  eta: 0:45:31  time: 1.1027  data_time: 0.0178  memory: 24963  loss: 0.2603  loss_rpn_cls: 0.0101  loss_rpn_bbox: 0.0235  loss_cls: 0.0955  acc: 95.7520  loss_bbox: 0.1312
2026/04/19 01:42:52 - mmengine - INFO - Epoch(train)  [9][550/750]  lr: 2.0000e-03  eta: 0:44:36  time: 1.0874  data_time: 0.0181  memory: 24963  loss: 0.2623  loss_rpn_cls: 0.0104  loss_rpn_bbox: 0.0254  loss_cls: 0.0974  acc: 97.1558  loss_bbox: 0.1292
2026/04/19 01:43:48 - mmengine - INFO - Epoch(train)  [9][600/750]  lr: 2.0000e-03  eta: 0:43:42  time: 1.1038  data_time: 0.0177  memory: 24963  loss: 0.2447  loss_rpn_cls: 0.0095  loss_rpn_bbox: 0.0245  loss_cls: 0.0910  acc: 96.9604  loss_bbox: 0.1197
2026/04/19 01:44:42 - mmengine - INFO - Epoch(train)  [9][650/750]  lr: 2.0000e-03  eta: 0:42:47  time: 1.0961  data_time: 0.0176  memory: 24963  loss: 0.2586  loss_rpn_cls: 0.0092  loss_rpn_bbox: 0.0229  loss_cls: 0.0976  acc: 96.2036  loss_bbox: 0.1288
2026/04/19 01:45:38 - mmengine - INFO - Epoch(train)  [9][700/750]  lr: 2.0000e-03  eta: 0:41:53  time: 1.1011  data_time: 0.0186  memory: 24963  loss: 0.2711  loss_rpn_cls: 0.0102  loss_rpn_bbox: 0.0258  loss_cls: 0.1004  acc: 96.1060  loss_bbox: 0.1347
2026/04/19 01:46:31 - mmengine - INFO - Exp name: faster-rcnn_r50_fpn_1x_voc2012_coco_20260418_234323
2026/04/19 01:46:31 - mmengine - INFO - Epoch(train)  [9][750/750]  lr: 2.0000e-03  eta: 0:40:57  time: 1.0682  data_time: 0.0190  memory: 30479  loss: 0.2611  loss_rpn_cls: 0.0093  loss_rpn_bbox: 0.0227  loss_cls: 0.0965  acc: 99.7396  loss_bbox: 0.1327
2026/04/19 01:46:31 - mmengine - INFO - Saving checkpoint at 9 epochs
2026/04/19 01:47:27 - mmengine - INFO - Epoch(train) [10][ 50/750]  lr: 2.0000e-03  eta: 0:40:03  time: 1.0991  data_time: 0.0204  memory: 24963  loss: 0.2446  loss_rpn_cls: 0.0091  loss_rpn_bbox: 0.0240  loss_cls: 0.0888  acc: 95.9351  loss_bbox: 0.1227
2026/04/19 01:48:22 - mmengine - INFO - Epoch(train) [10][100/750]  lr: 2.0000e-03  eta: 0:39:08  time: 1.0968  data_time: 0.0182  memory: 24963  loss: 0.2612  loss_rpn_cls: 0.0094  loss_rpn_bbox: 0.0241  loss_cls: 0.0964  acc: 96.8018  loss_bbox: 0.1314
2026/04/19 01:49:17 - mmengine - INFO - Epoch(train) [10][150/750]  lr: 2.0000e-03  eta: 0:38:14  time: 1.0940  data_time: 0.0189  memory: 24963  loss: 0.2359  loss_rpn_cls: 0.0084  loss_rpn_bbox: 0.0235  loss_cls: 0.0870  acc: 95.7031  loss_bbox: 0.1171
2026/04/19 01:50:12 - mmengine - INFO - Epoch(train) [10][200/750]  lr: 2.0000e-03  eta: 0:37:19  time: 1.0986  data_time: 0.0186  memory: 24963  loss: 0.2618  loss_rpn_cls: 0.0092  loss_rpn_bbox: 0.0243  loss_cls: 0.0966  acc: 97.8394  loss_bbox: 0.1318
2026/04/19 01:51:06 - mmengine - INFO - Exp name: faster-rcnn_r50_fpn_1x_voc2012_coco_20260418_234323
2026/04/19 01:51:06 - mmengine - INFO - Epoch(train) [10][250/750]  lr: 2.0000e-03  eta: 0:36:24  time: 1.0787  data_time: 0.0183  memory: 24963  loss: 0.2607  loss_rpn_cls: 0.0091  loss_rpn_bbox: 0.0247  loss_cls: 0.0954  acc: 96.4478  loss_bbox: 0.1315
2026/04/19 01:52:00 - mmengine - INFO - Epoch(train) [10][300/750]  lr: 2.0000e-03  eta: 0:35:30  time: 1.0961  data_time: 0.0183  memory: 24963  loss: 0.2398  loss_rpn_cls: 0.0083  loss_rpn_bbox: 0.0241  loss_cls: 0.0873  acc: 96.4233  loss_bbox: 0.1201
2026/04/19 01:52:55 - mmengine - INFO - Epoch(train) [10][350/750]  lr: 2.0000e-03  eta: 0:34:35  time: 1.0949  data_time: 0.0184  memory: 24963  loss: 0.2456  loss_rpn_cls: 0.0087  loss_rpn_bbox: 0.0225  loss_cls: 0.0899  acc: 96.3257  loss_bbox: 0.1244
2026/04/19 01:53:50 - mmengine - INFO - Epoch(train) [10][400/750]  lr: 2.0000e-03  eta: 0:33:41  time: 1.0963  data_time: 0.0180  memory: 24963  loss: 0.2525  loss_rpn_cls: 0.0092  loss_rpn_bbox: 0.0245  loss_cls: 0.0937  acc: 97.8394  loss_bbox: 0.1251
2026/04/19 01:54:45 - mmengine - INFO - Epoch(train) [10][450/750]  lr: 2.0000e-03  eta: 0:32:46  time: 1.0952  data_time: 0.0187  memory: 24963  loss: 0.2728  loss_rpn_cls: 0.0098  loss_rpn_bbox: 0.0247  loss_cls: 0.1015  acc: 94.1406  loss_bbox: 0.1368
2026/04/19 01:55:40 - mmengine - INFO - Epoch(train) [10][500/750]  lr: 2.0000e-03  eta: 0:31:52  time: 1.0977  data_time: 0.0178  memory: 24963  loss: 0.2372  loss_rpn_cls: 0.0096  loss_rpn_bbox: 0.0231  loss_cls: 0.0863  acc: 96.8018  loss_bbox: 0.1182
2026/04/19 01:56:34 - mmengine - INFO - Epoch(train) [10][550/750]  lr: 2.0000e-03  eta: 0:30:57  time: 1.0785  data_time: 0.0185  memory: 24963  loss: 0.2452  loss_rpn_cls: 0.0094  loss_rpn_bbox: 0.0257  loss_cls: 0.0900  acc: 96.7651  loss_bbox: 0.1202
2026/04/19 01:57:28 - mmengine - INFO - Epoch(train) [10][600/750]  lr: 2.0000e-03  eta: 0:30:02  time: 1.0949  data_time: 0.0186  memory: 24963  loss: 0.2620  loss_rpn_cls: 0.0095  loss_rpn_bbox: 0.0227  loss_cls: 0.0968  acc: 96.5576  loss_bbox: 0.1329
2026/04/19 01:58:23 - mmengine - INFO - Epoch(train) [10][650/750]  lr: 2.0000e-03  eta: 0:29:08  time: 1.0926  data_time: 0.0184  memory: 24963  loss: 0.2476  loss_rpn_cls: 0.0085  loss_rpn_bbox: 0.0240  loss_cls: 0.0913  acc: 94.8120  loss_bbox: 0.1238
2026/04/19 01:59:18 - mmengine - INFO - Epoch(train) [10][700/750]  lr: 2.0000e-03  eta: 0:28:13  time: 1.0982  data_time: 0.0182  memory: 24242  loss: 0.2498  loss_rpn_cls: 0.0094  loss_rpn_bbox: 0.0235  loss_cls: 0.0927  acc: 96.3257  loss_bbox: 0.1242
2026/04/19 02:00:12 - mmengine - INFO - Exp name: faster-rcnn_r50_fpn_1x_voc2012_coco_20260418_234323
2026/04/19 02:00:12 - mmengine - INFO - Epoch(train) [10][750/750]  lr: 2.0000e-03  eta: 0:27:18  time: 1.0789  data_time: 0.0180  memory: 33156  loss: 0.2549  loss_rpn_cls: 0.0088  loss_rpn_bbox: 0.0234  loss_cls: 0.0952  acc: 97.7214  loss_bbox: 0.1275
2026/04/19 02:00:12 - mmengine - INFO - Saving checkpoint at 10 epochs
2026/04/19 02:01:08 - mmengine - INFO - Epoch(train) [11][ 50/750]  lr: 2.0000e-03  eta: 0:26:24  time: 1.0998  data_time: 0.0203  memory: 24963  loss: 0.2545  loss_rpn_cls: 0.0088  loss_rpn_bbox: 0.0247  loss_cls: 0.0918  acc: 96.3623  loss_bbox: 0.1291
2026/04/19 02:02:03 - mmengine - INFO - Epoch(train) [11][100/750]  lr: 2.0000e-03  eta: 0:25:29  time: 1.0949  data_time: 0.0184  memory: 24963  loss: 0.2327  loss_rpn_cls: 0.0082  loss_rpn_bbox: 0.0229  loss_cls: 0.0836  acc: 97.5708  loss_bbox: 0.1180
2026/04/19 02:02:58 - mmengine - INFO - Epoch(train) [11][150/750]  lr: 2.0000e-03  eta: 0:24:34  time: 1.0964  data_time: 0.0183  memory: 24963  loss: 0.2417  loss_rpn_cls: 0.0099  loss_rpn_bbox: 0.0252  loss_cls: 0.0886  acc: 97.2900  loss_bbox: 0.1180
2026/04/19 02:03:52 - mmengine - INFO - Epoch(train) [11][200/750]  lr: 2.0000e-03  eta: 0:23:40  time: 1.0924  data_time: 0.0176  memory: 24963  loss: 0.2450  loss_rpn_cls: 0.0085  loss_rpn_bbox: 0.0235  loss_cls: 0.0897  acc: 97.0215  loss_bbox: 0.1233
2026/04/19 02:04:47 - mmengine - INFO - Epoch(train) [11][250/750]  lr: 2.0000e-03  eta: 0:22:45  time: 1.0896  data_time: 0.0185  memory: 24963  loss: 0.2385  loss_rpn_cls: 0.0085  loss_rpn_bbox: 0.0236  loss_cls: 0.0871  acc: 97.2412  loss_bbox: 0.1193
2026/04/19 02:05:42 - mmengine - INFO - Epoch(train) [11][300/750]  lr: 2.0000e-03  eta: 0:21:51  time: 1.1040  data_time: 0.0185  memory: 24963  loss: 0.2454  loss_rpn_cls: 0.0085  loss_rpn_bbox: 0.0224  loss_cls: 0.0903  acc: 96.9116  loss_bbox: 0.1242
2026/04/19 02:06:37 - mmengine - INFO - Epoch(train) [11][350/750]  lr: 2.0000e-03  eta: 0:20:56  time: 1.0947  data_time: 0.0180  memory: 24963  loss: 0.2614  loss_rpn_cls: 0.0087  loss_rpn_bbox: 0.0235  loss_cls: 0.0956  acc: 95.5566  loss_bbox: 0.1336
2026/04/19 02:07:32 - mmengine - INFO - Epoch(train) [11][400/750]  lr: 2.0000e-03  eta: 0:20:01  time: 1.1013  data_time: 0.0185  memory: 24963  loss: 0.2477  loss_rpn_cls: 0.0090  loss_rpn_bbox: 0.0234  loss_cls: 0.0907  acc: 96.3257  loss_bbox: 0.1246
2026/04/19 02:08:26 - mmengine - INFO - Epoch(train) [11][450/750]  lr: 2.0000e-03  eta: 0:19:07  time: 1.0896  data_time: 0.0182  memory: 24963  loss: 0.2423  loss_rpn_cls: 0.0084  loss_rpn_bbox: 0.0235  loss_cls: 0.0899  acc: 97.9492  loss_bbox: 0.1206
2026/04/19 02:09:21 - mmengine - INFO - Exp name: faster-rcnn_r50_fpn_1x_voc2012_coco_20260418_234323
2026/04/19 02:09:21 - mmengine - INFO - Epoch(train) [11][500/750]  lr: 2.0000e-03  eta: 0:18:12  time: 1.0908  data_time: 0.0186  memory: 24963  loss: 0.2482  loss_rpn_cls: 0.0084  loss_rpn_bbox: 0.0233  loss_cls: 0.0906  acc: 97.8638  loss_bbox: 0.1258
2026/04/19 02:10:16 - mmengine - INFO - Epoch(train) [11][550/750]  lr: 2.0000e-03  eta: 0:17:18  time: 1.0998  data_time: 0.0178  memory: 24963  loss: 0.2468  loss_rpn_cls: 0.0094  loss_rpn_bbox: 0.0236  loss_cls: 0.0900  acc: 95.4468  loss_bbox: 0.1237
2026/04/19 02:11:10 - mmengine - INFO - Epoch(train) [11][600/750]  lr: 2.0000e-03  eta: 0:16:23  time: 1.0907  data_time: 0.0183  memory: 24963  loss: 0.2578  loss_rpn_cls: 0.0083  loss_rpn_bbox: 0.0247  loss_cls: 0.0930  acc: 95.9595  loss_bbox: 0.1319
2026/04/19 02:12:05 - mmengine - INFO - Epoch(train) [11][650/750]  lr: 2.0000e-03  eta: 0:15:28  time: 1.0977  data_time: 0.0178  memory: 24963  loss: 0.2409  loss_rpn_cls: 0.0079  loss_rpn_bbox: 0.0229  loss_cls: 0.0885  acc: 96.3257  loss_bbox: 0.1216
2026/04/19 02:13:00 - mmengine - INFO - Epoch(train) [11][700/750]  lr: 2.0000e-03  eta: 0:14:34  time: 1.1044  data_time: 0.0180  memory: 24963  loss: 0.2500  loss_rpn_cls: 0.0086  loss_rpn_bbox: 0.0238  loss_cls: 0.0916  acc: 97.5708  loss_bbox: 0.1259
2026/04/19 02:13:55 - mmengine - INFO - Exp name: faster-rcnn_r50_fpn_1x_voc2012_coco_20260418_234323
2026/04/19 02:13:55 - mmengine - INFO - Epoch(train) [11][750/750]  lr: 2.0000e-03  eta: 0:13:39  time: 1.0850  data_time: 0.0174  memory: 36604  loss: 0.2398  loss_rpn_cls: 0.0081  loss_rpn_bbox: 0.0230  loss_cls: 0.0900  acc: 94.7266  loss_bbox: 0.1188
2026/04/19 02:13:55 - mmengine - INFO - Saving checkpoint at 11 epochs
2026/04/19 02:14:51 - mmengine - INFO - Epoch(train) [12][ 50/750]  lr: 2.0000e-04  eta: 0:12:44  time: 1.1013  data_time: 0.0213  memory: 24963  loss: 0.2367  loss_rpn_cls: 0.0088  loss_rpn_bbox: 0.0228  loss_cls: 0.0867  acc: 97.2046  loss_bbox: 0.1184
2026/04/19 02:15:46 - mmengine - INFO - Epoch(train) [12][100/750]  lr: 2.0000e-04  eta: 0:11:50  time: 1.0976  data_time: 0.0183  memory: 24963  loss: 0.2459  loss_rpn_cls: 0.0087  loss_rpn_bbox: 0.0230  loss_cls: 0.0892  acc: 95.9961  loss_bbox: 0.1251
2026/04/19 02:16:41 - mmengine - INFO - Epoch(train) [12][150/750]  lr: 2.0000e-04  eta: 0:10:55  time: 1.0971  data_time: 0.0178  memory: 24963  loss: 0.2318  loss_rpn_cls: 0.0083  loss_rpn_bbox: 0.0215  loss_cls: 0.0852  acc: 96.0327  loss_bbox: 0.1169
2026/04/19 02:17:35 - mmengine - INFO - Epoch(train) [12][200/750]  lr: 2.0000e-04  eta: 0:10:01  time: 1.0967  data_time: 0.0183  memory: 24964  loss: 0.2285  loss_rpn_cls: 0.0076  loss_rpn_bbox: 0.0237  loss_cls: 0.0815  acc: 97.9736  loss_bbox: 0.1157
2026/04/19 02:18:31 - mmengine - INFO - Epoch(train) [12][250/750]  lr: 2.0000e-04  eta: 0:09:06  time: 1.1013  data_time: 0.0185  memory: 24963  loss: 0.2391  loss_rpn_cls: 0.0081  loss_rpn_bbox: 0.0247  loss_cls: 0.0854  acc: 96.7163  loss_bbox: 0.1209
2026/04/19 02:19:25 - mmengine - INFO - Epoch(train) [12][300/750]  lr: 2.0000e-04  eta: 0:08:11  time: 1.0938  data_time: 0.0177  memory: 24963  loss: 0.2399  loss_rpn_cls: 0.0089  loss_rpn_bbox: 0.0237  loss_cls: 0.0877  acc: 96.8018  loss_bbox: 0.1196
2026/04/19 02:20:21 - mmengine - INFO - Epoch(train) [12][350/750]  lr: 2.0000e-04  eta: 0:07:17  time: 1.1097  data_time: 0.0183  memory: 24963  loss: 0.2398  loss_rpn_cls: 0.0081  loss_rpn_bbox: 0.0226  loss_cls: 0.0873  acc: 95.0928  loss_bbox: 0.1219
2026/04/19 02:21:16 - mmengine - INFO - Epoch(train) [12][400/750]  lr: 2.0000e-04  eta: 0:06:22  time: 1.1015  data_time: 0.0199  memory: 24963  loss: 0.2391  loss_rpn_cls: 0.0078  loss_rpn_bbox: 0.0229  loss_cls: 0.0858  acc: 96.3867  loss_bbox: 0.1227
2026/04/19 02:22:10 - mmengine - INFO - Epoch(train) [12][450/750]  lr: 2.0000e-04  eta: 0:05:27  time: 1.0936  data_time: 0.0186  memory: 24963  loss: 0.2437  loss_rpn_cls: 0.0085  loss_rpn_bbox: 0.0249  loss_cls: 0.0879  acc: 97.0581  loss_bbox: 0.1224
2026/04/19 02:23:05 - mmengine - INFO - Epoch(train) [12][500/750]  lr: 2.0000e-04  eta: 0:04:33  time: 1.0889  data_time: 0.0179  memory: 24963  loss: 0.2316  loss_rpn_cls: 0.0081  loss_rpn_bbox: 0.0226  loss_cls: 0.0866  acc: 96.6309  loss_bbox: 0.1143
2026/04/19 02:24:00 - mmengine - INFO - Epoch(train) [12][550/750]  lr: 2.0000e-04  eta: 0:03:38  time: 1.0985  data_time: 0.0187  memory: 24963  loss: 0.2374  loss_rpn_cls: 0.0078  loss_rpn_bbox: 0.0225  loss_cls: 0.0861  acc: 96.4844  loss_bbox: 0.1210
2026/04/19 02:24:55 - mmengine - INFO - Epoch(train) [12][600/750]  lr: 2.0000e-04  eta: 0:02:43  time: 1.1043  data_time: 0.0186  memory: 24963  loss: 0.2427  loss_rpn_cls: 0.0095  loss_rpn_bbox: 0.0242  loss_cls: 0.0879  acc: 97.8516  loss_bbox: 0.1212
2026/04/19 02:25:49 - mmengine - INFO - Epoch(train) [12][650/750]  lr: 2.0000e-04  eta: 0:01:49  time: 1.0822  data_time: 0.0185  memory: 24963  loss: 0.2505  loss_rpn_cls: 0.0081  loss_rpn_bbox: 0.0247  loss_cls: 0.0894  acc: 95.9717  loss_bbox: 0.1283
2026/04/19 02:26:44 - mmengine - INFO - Epoch(train) [12][700/750]  lr: 2.0000e-04  eta: 0:00:54  time: 1.1029  data_time: 0.0182  memory: 24963  loss: 0.2406  loss_rpn_cls: 0.0078  loss_rpn_bbox: 0.0228  loss_cls: 0.0876  acc: 97.8271  loss_bbox: 0.1224
2026/04/19 02:27:38 - mmengine - INFO - Exp name: faster-rcnn_r50_fpn_1x_voc2012_coco_20260418_234323
2026/04/19 02:27:38 - mmengine - INFO - Epoch(train) [12][750/750]  lr: 2.0000e-04  eta: 0:00:00  time: 1.0758  data_time: 0.0178  memory: 29711  loss: 0.2356  loss_rpn_cls: 0.0078  loss_rpn_bbox: 0.0229  loss_cls: 0.0852  acc: 98.3073  loss_bbox: 0.1197
2026/04/19 02:27:38 - mmengine - INFO - Saving checkpoint at 12 epochs
2026/04/19 02:27:42 - mmengine - INFO - Epoch(val) [12][  50/3425]    eta: 0:02:27  time: 0.0438  data_time: 0.0028  memory: 680  
2026/04/19 02:27:43 - mmengine - INFO - Epoch(val) [12][ 100/3425]    eta: 0:02:06  time: 0.0324  data_time: 0.0017  memory: 682  
2026/04/19 02:27:45 - mmengine - INFO - Epoch(val) [12][ 150/3425]    eta: 0:01:59  time: 0.0335  data_time: 0.0016  memory: 682  
2026/04/19 02:27:47 - mmengine - INFO - Epoch(val) [12][ 200/3425]    eta: 0:01:56  time: 0.0351  data_time: 0.0016  memory: 673  
2026/04/19 02:27:48 - mmengine - INFO - Epoch(val) [12][ 250/3425]    eta: 0:01:54  time: 0.0358  data_time: 0.0016  memory: 673  
2026/04/19 02:27:50 - mmengine - INFO - Epoch(val) [12][ 300/3425]    eta: 0:01:51  time: 0.0327  data_time: 0.0016  memory: 663  
2026/04/19 02:27:52 - mmengine - INFO - Epoch(val) [12][ 350/3425]    eta: 0:01:49  time: 0.0348  data_time: 0.0018  memory: 698  
2026/04/19 02:27:53 - mmengine - INFO - Epoch(val) [12][ 400/3425]    eta: 0:01:45  time: 0.0311  data_time: 0.0016  memory: 673  
2026/04/19 02:27:55 - mmengine - INFO - Epoch(val) [12][ 450/3425]    eta: 0:01:43  time: 0.0326  data_time: 0.0016  memory: 663  
2026/04/19 02:27:57 - mmengine - INFO - Epoch(val) [12][ 500/3425]    eta: 0:01:40  time: 0.0319  data_time: 0.0016  memory: 698  
2026/04/19 02:27:58 - mmengine - INFO - Epoch(val) [12][ 550/3425]    eta: 0:01:38  time: 0.0318  data_time: 0.0016  memory: 680  
2026/04/19 02:28:00 - mmengine - INFO - Epoch(val) [12][ 600/3425]    eta: 0:01:36  time: 0.0325  data_time: 0.0016  memory: 668  
2026/04/19 02:28:01 - mmengine - INFO - Epoch(val) [12][ 650/3425]    eta: 0:01:34  time: 0.0332  data_time: 0.0016  memory: 663  
2026/04/19 02:28:03 - mmengine - INFO - Epoch(val) [12][ 700/3425]    eta: 0:01:32  time: 0.0324  data_time: 0.0016  memory: 698  
2026/04/19 02:28:05 - mmengine - INFO - Epoch(val) [12][ 750/3425]    eta: 0:01:29  time: 0.0308  data_time: 0.0016  memory: 680  
2026/04/19 02:28:06 - mmengine - INFO - Epoch(val) [12][ 800/3425]    eta: 0:01:27  time: 0.0313  data_time: 0.0016  memory: 682  
2026/04/19 02:28:08 - mmengine - INFO - Epoch(val) [12][ 850/3425]    eta: 0:01:25  time: 0.0309  data_time: 0.0016  memory: 673  
2026/04/19 02:28:09 - mmengine - INFO - Epoch(val) [12][ 900/3425]    eta: 0:01:24  time: 0.0329  data_time: 0.0016  memory: 673  
2026/04/19 02:28:11 - mmengine - INFO - Epoch(val) [12][ 950/3425]    eta: 0:01:22  time: 0.0323  data_time: 0.0016  memory: 688  
2026/04/19 02:28:13 - mmengine - INFO - Epoch(val) [12][1000/3425]    eta: 0:01:20  time: 0.0314  data_time: 0.0017  memory: 680  
2026/04/19 02:28:14 - mmengine - INFO - Epoch(val) [12][1050/3425]    eta: 0:01:18  time: 0.0312  data_time: 0.0017  memory: 680  
2026/04/19 02:28:16 - mmengine - INFO - Epoch(val) [12][1100/3425]    eta: 0:01:16  time: 0.0315  data_time: 0.0016  memory: 673  
2026/04/19 02:28:17 - mmengine - INFO - Epoch(val) [12][1150/3425]    eta: 0:01:14  time: 0.0316  data_time: 0.0017  memory: 698  
2026/04/19 02:28:19 - mmengine - INFO - Epoch(val) [12][1200/3425]    eta: 0:01:13  time: 0.0328  data_time: 0.0016  memory: 682  
2026/04/19 02:28:20 - mmengine - INFO - Epoch(val) [12][1250/3425]    eta: 0:01:11  time: 0.0314  data_time: 0.0016  memory: 680  
2026/04/19 02:28:22 - mmengine - INFO - Epoch(val) [12][1300/3425]    eta: 0:01:09  time: 0.0317  data_time: 0.0017  memory: 698  
2026/04/19 02:28:24 - mmengine - INFO - Epoch(val) [12][1350/3425]    eta: 0:01:08  time: 0.0317  data_time: 0.0016  memory: 688  
2026/04/19 02:28:25 - mmengine - INFO - Epoch(val) [12][1400/3425]    eta: 0:01:06  time: 0.0313  data_time: 0.0017  memory: 673  
2026/04/19 02:28:27 - mmengine - INFO - Epoch(val) [12][1450/3425]    eta: 0:01:04  time: 0.0318  data_time: 0.0017  memory: 682  
2026/04/19 02:28:28 - mmengine - INFO - Epoch(val) [12][1500/3425]    eta: 0:01:02  time: 0.0315  data_time: 0.0017  memory: 680  
2026/04/19 02:28:30 - mmengine - INFO - Epoch(val) [12][1550/3425]    eta: 0:01:01  time: 0.0316  data_time: 0.0016  memory: 688  
2026/04/19 02:28:32 - mmengine - INFO - Epoch(val) [12][1600/3425]    eta: 0:00:59  time: 0.0315  data_time: 0.0016  memory: 673  
2026/04/19 02:28:33 - mmengine - INFO - Epoch(val) [12][1650/3425]    eta: 0:00:57  time: 0.0314  data_time: 0.0017  memory: 688  
2026/04/19 02:28:35 - mmengine - INFO - Epoch(val) [12][1700/3425]    eta: 0:00:56  time: 0.0324  data_time: 0.0017  memory: 680  
2026/04/19 02:28:36 - mmengine - INFO - Epoch(val) [12][1750/3425]    eta: 0:00:54  time: 0.0326  data_time: 0.0017  memory: 682  
2026/04/19 02:28:38 - mmengine - INFO - Epoch(val) [12][1800/3425]    eta: 0:00:52  time: 0.0329  data_time: 0.0017  memory: 663  
2026/04/19 02:28:40 - mmengine - INFO - Epoch(val) [12][1850/3425]    eta: 0:00:51  time: 0.0319  data_time: 0.0016  memory: 673  
2026/04/19 02:28:41 - mmengine - INFO - Epoch(val) [12][1900/3425]    eta: 0:00:49  time: 0.0317  data_time: 0.0016  memory: 673  
2026/04/19 02:28:43 - mmengine - INFO - Epoch(val) [12][1950/3425]    eta: 0:00:47  time: 0.0317  data_time: 0.0017  memory: 698  
2026/04/19 02:28:44 - mmengine - INFO - Epoch(val) [12][2000/3425]    eta: 0:00:46  time: 0.0311  data_time: 0.0016  memory: 698  
2026/04/19 02:28:46 - mmengine - INFO - Epoch(val) [12][2050/3425]    eta: 0:00:44  time: 0.0326  data_time: 0.0017  memory: 682  
2026/04/19 02:28:48 - mmengine - INFO - Epoch(val) [12][2100/3425]    eta: 0:00:43  time: 0.0318  data_time: 0.0016  memory: 680  
2026/04/19 02:28:49 - mmengine - INFO - Epoch(val) [12][2150/3425]    eta: 0:00:41  time: 0.0319  data_time: 0.0020  memory: 663  
2026/04/19 02:28:51 - mmengine - INFO - Epoch(val) [12][2200/3425]    eta: 0:00:39  time: 0.0319  data_time: 0.0017  memory: 698  
2026/04/19 02:28:52 - mmengine - INFO - Epoch(val) [12][2250/3425]    eta: 0:00:38  time: 0.0315  data_time: 0.0016  memory: 698  
2026/04/19 02:28:54 - mmengine - INFO - Epoch(val) [12][2300/3425]    eta: 0:00:36  time: 0.0316  data_time: 0.0016  memory: 668  
2026/04/19 02:28:56 - mmengine - INFO - Epoch(val) [12][2350/3425]    eta: 0:00:34  time: 0.0320  data_time: 0.0017  memory: 698  
2026/04/19 02:28:57 - mmengine - INFO - Epoch(val) [12][2400/3425]    eta: 0:00:33  time: 0.0323  data_time: 0.0017  memory: 698  
2026/04/19 02:28:59 - mmengine - INFO - Epoch(val) [12][2450/3425]    eta: 0:00:31  time: 0.0323  data_time: 0.0017  memory: 680  
2026/04/19 02:29:00 - mmengine - INFO - Epoch(val) [12][2500/3425]    eta: 0:00:29  time: 0.0323  data_time: 0.0018  memory: 698  
2026/04/19 02:29:02 - mmengine - INFO - Epoch(val) [12][2550/3425]    eta: 0:00:28  time: 0.0322  data_time: 0.0017  memory: 673  
2026/04/19 02:29:04 - mmengine - INFO - Epoch(val) [12][2600/3425]    eta: 0:00:26  time: 0.0322  data_time: 0.0017  memory: 688  
2026/04/19 02:29:05 - mmengine - INFO - Epoch(val) [12][2650/3425]    eta: 0:00:25  time: 0.0320  data_time: 0.0017  memory: 688  
2026/04/19 02:29:07 - mmengine - INFO - Epoch(val) [12][2700/3425]    eta: 0:00:23  time: 0.0317  data_time: 0.0017  memory: 680  
2026/04/19 02:29:08 - mmengine - INFO - Epoch(val) [12][2750/3425]    eta: 0:00:21  time: 0.0322  data_time: 0.0017  memory: 698  
2026/04/19 02:29:10 - mmengine - INFO - Epoch(val) [12][2800/3425]    eta: 0:00:20  time: 0.0315  data_time: 0.0017  memory: 698  
2026/04/19 02:29:12 - mmengine - INFO - Epoch(val) [12][2850/3425]    eta: 0:00:18  time: 0.0323  data_time: 0.0017  memory: 682  
2026/04/19 02:29:13 - mmengine - INFO - Epoch(val) [12][2900/3425]    eta: 0:00:16  time: 0.0319  data_time: 0.0016  memory: 688  
2026/04/19 02:29:15 - mmengine - INFO - Epoch(val) [12][2950/3425]    eta: 0:00:15  time: 0.0320  data_time: 0.0016  memory: 698  
2026/04/19 02:29:16 - mmengine - INFO - Epoch(val) [12][3000/3425]    eta: 0:00:13  time: 0.0327  data_time: 0.0017  memory: 698  
2026/04/19 02:29:18 - mmengine - INFO - Epoch(val) [12][3050/3425]    eta: 0:00:12  time: 0.0317  data_time: 0.0017  memory: 673  
2026/04/19 02:29:20 - mmengine - INFO - Epoch(val) [12][3100/3425]    eta: 0:00:10  time: 0.0322  data_time: 0.0016  memory: 698  
2026/04/19 02:29:21 - mmengine - INFO - Epoch(val) [12][3150/3425]    eta: 0:00:08  time: 0.0316  data_time: 0.0017  memory: 698  
2026/04/19 02:29:23 - mmengine - INFO - Epoch(val) [12][3200/3425]    eta: 0:00:07  time: 0.0320  data_time: 0.0018  memory: 663  
2026/04/19 02:29:24 - mmengine - INFO - Epoch(val) [12][3250/3425]    eta: 0:00:05  time: 0.0317  data_time: 0.0017  memory: 673  
2026/04/19 02:29:26 - mmengine - INFO - Epoch(val) [12][3300/3425]    eta: 0:00:04  time: 0.0319  data_time: 0.0017  memory: 680  
2026/04/19 02:29:28 - mmengine - INFO - Epoch(val) [12][3350/3425]    eta: 0:00:02  time: 0.0317  data_time: 0.0016  memory: 663  
2026/04/19 02:29:29 - mmengine - INFO - Epoch(val) [12][3400/3425]    eta: 0:00:00  time: 0.0319  data_time: 0.0016  memory: 698  
2026/04/19 02:29:30 - mmengine - INFO - Evaluating bbox...
2026/04/19 02:29:32 - mmengine - INFO - bbox_mAP_copypaste: 0.385 0.649 0.407 0.152 0.277 0.448
2026/04/19 02:29:32 - mmengine - INFO - Epoch(val) [12][3425/3425]    coco/bbox_mAP: 0.3850  coco/bbox_mAP_50: 0.6490  coco/bbox_mAP_75: 0.4070  coco/bbox_mAP_s: 0.1520  coco/bbox_mAP_m: 0.2770  coco/bbox_mAP_l: 0.4480  data_time: 0.0017  time: 0.0323
