2026/04/19 13:41:04 - mmengine - INFO - 
------------------------------------------------------------
System environment:
    sys.platform: linux
    Python: 3.8.20 (default, Oct  3 2024, 15:24:27) [GCC 11.2.0]
    CUDA available: True
    MUSA available: False
    numpy_random_seed: 873586854
    GPU 0,1: NVIDIA RTX A6000
    CUDA_HOME: /usr/local/cuda-12.1
    NVCC: Cuda compilation tools, release 12.1, V12.1.105
    GCC: gcc (Ubuntu 11.4.0-1ubuntu1~22.04.3) 11.4.0
    PyTorch: 2.1.0+cu121
    PyTorch compiling details: PyTorch built with:
  - GCC 9.3
  - C++ Version: 201703
  - Intel(R) oneAPI Math Kernel Library Version 2022.2-Product Build 20220804 for Intel(R) 64 architecture applications
  - Intel(R) MKL-DNN v3.1.1 (Git Hash 64f6bcbcbab628e96f33a62c3e975f8535a7bde4)
  - OpenMP 201511 (a.k.a. OpenMP 4.5)
  - LAPACK is enabled (usually provided by MKL)
  - NNPACK is enabled
  - CPU capability usage: AVX2
  - CUDA Runtime 12.1
  - NVCC architecture flags: -gencode;arch=compute_50,code=sm_50;-gencode;arch=compute_60,code=sm_60;-gencode;arch=compute_70,code=sm_70;-gencode;arch=compute_75,code=sm_75;-gencode;arch=compute_80,code=sm_80;-gencode;arch=compute_86,code=sm_86;-gencode;arch=compute_90,code=sm_90
  - CuDNN 8.9.2
  - Magma 2.6.1
  - Build settings: BLAS_INFO=mkl, BUILD_TYPE=Release, CUDA_VERSION=12.1, CUDNN_VERSION=8.9.2, CXX_COMPILER=/opt/rh/devtoolset-9/root/usr/bin/c++, CXX_FLAGS= -D_GLIBCXX_USE_CXX11_ABI=0 -fabi-version=11 -fvisibility-inlines-hidden -DUSE_PTHREADPOOL -DNDEBUG -DUSE_KINETO -DLIBKINETO_NOROCTRACER -DUSE_FBGEMM -DUSE_QNNPACK -DUSE_PYTORCH_QNNPACK -DUSE_XNNPACK -DSYMBOLICATE_MOBILE_DEBUG_HANDLE -O2 -fPIC -Wall -Wextra -Werror=return-type -Werror=non-virtual-dtor -Werror=bool-operation -Wnarrowing -Wno-missing-field-initializers -Wno-type-limits -Wno-array-bounds -Wno-unknown-pragmas -Wno-unused-parameter -Wno-unused-function -Wno-unused-result -Wno-strict-overflow -Wno-strict-aliasing -Wno-stringop-overflow -Wno-psabi -Wno-error=pedantic -Wno-error=old-style-cast -Wno-invalid-partial-specialization -Wno-unused-private-field -Wno-aligned-allocation-unavailable -Wno-missing-braces -fdiagnostics-color=always -faligned-new -Wno-unused-but-set-variable -Wno-maybe-uninitialized -fno-math-errno -fno-trapping-math -Werror=format -Werror=cast-function-type -Wno-stringop-overflow, LAPACK_INFO=mkl, PERF_WITH_AVX=1, PERF_WITH_AVX2=1, PERF_WITH_AVX512=1, TORCH_DISABLE_GPU_ASSERTS=ON, TORCH_VERSION=2.1.0, USE_CUDA=ON, USE_CUDNN=ON, USE_EXCEPTION_PTR=1, USE_GFLAGS=OFF, USE_GLOG=OFF, USE_MKL=ON, USE_MKLDNN=ON, USE_MPI=OFF, USE_NCCL=1, USE_NNPACK=ON, USE_OPENMP=ON, USE_ROCM=OFF, 

    TorchVision: 0.16.0+cu121
    OpenCV: 4.13.0
    MMEngine: 0.10.7

Runtime environment:
    cudnn_benchmark: False
    mp_cfg: {'mp_start_method': 'fork', 'opencv_num_threads': 0}
    dist_cfg: {'backend': 'nccl'}
    seed: 873586854
    Distributed launcher: none
    Distributed training: False
    GPU number: 1
------------------------------------------------------------

2026/04/19 13:41:04 - mmengine - INFO - Config:
auto_scale_lr = dict(base_batch_size=16, enable=False)
backend_args = None
classes = (
    'aeroplane',
    'bicycle',
    'bird',
    'boat',
    'bottle',
    'bus',
    'car',
    'cat',
    'chair',
    'cow',
    'diningtable',
    'dog',
    'horse',
    'motorbike',
    'person',
    'pottedplant',
    'sheep',
    'sofa',
    'train',
    'tvmonitor',
)
data_root = 'data/VOCdevkit/VOC2012_coco/'
dataset_type = 'CocoDataset'
default_hooks = dict(
    checkpoint=dict(interval=1, type='CheckpointHook'),
    logger=dict(interval=50, type='LoggerHook'),
    param_scheduler=dict(type='ParamSchedulerHook'),
    sampler_seed=dict(type='DistSamplerSeedHook'),
    timer=dict(type='IterTimerHook'),
    visualization=dict(type='DetVisualizationHook'))
default_scope = 'mmdet'
env_cfg = dict(
    cudnn_benchmark=False,
    dist_cfg=dict(backend='nccl'),
    mp_cfg=dict(mp_start_method='fork', opencv_num_threads=0))
launcher = 'none'
load_from = 'work_dirs/fast_rcnn_r50_fpn_1x_voc2012_coco_bs16/epoch_12.pth'
log_level = 'INFO'
log_processor = dict(by_epoch=True, type='LogProcessor', window_size=50)
metainfo = dict(
    classes=(
        'aeroplane',
        'bicycle',
        'bird',
        'boat',
        'bottle',
        'bus',
        'car',
        'cat',
        'chair',
        'cow',
        'diningtable',
        'dog',
        'horse',
        'motorbike',
        'person',
        'pottedplant',
        'sheep',
        'sofa',
        'train',
        'tvmonitor',
    ))
model = dict(
    backbone=dict(
        depth=50,
        frozen_stages=1,
        init_cfg=dict(checkpoint='torchvision://resnet50', type='Pretrained'),
        norm_cfg=dict(requires_grad=True, type='BN'),
        norm_eval=True,
        num_stages=4,
        out_indices=(
            0,
            1,
            2,
            3,
        ),
        style='pytorch',
        type='ResNet'),
    data_preprocessor=dict(
        bgr_to_rgb=True,
        mean=[
            123.675,
            116.28,
            103.53,
        ],
        pad_size_divisor=32,
        std=[
            58.395,
            57.12,
            57.375,
        ],
        type='DetDataPreprocessor'),
    neck=dict(
        in_channels=[
            256,
            512,
            1024,
            2048,
        ],
        num_outs=5,
        out_channels=256,
        type='FPN'),
    roi_head=dict(
        bbox_head=dict(
            bbox_coder=dict(
                target_means=[
                    0.0,
                    0.0,
                    0.0,
                    0.0,
                ],
                target_stds=[
                    0.1,
                    0.1,
                    0.2,
                    0.2,
                ],
                type='DeltaXYWHBBoxCoder'),
            fc_out_channels=1024,
            in_channels=256,
            loss_bbox=dict(loss_weight=1.0, type='L1Loss'),
            loss_cls=dict(
                loss_weight=1.0, type='CrossEntropyLoss', use_sigmoid=False),
            num_classes=20,
            reg_class_agnostic=False,
            roi_feat_size=7,
            type='Shared2FCBBoxHead'),
        bbox_roi_extractor=dict(
            featmap_strides=[
                4,
                8,
                16,
                32,
            ],
            out_channels=256,
            roi_layer=dict(output_size=7, sampling_ratio=0, type='RoIAlign'),
            type='SingleRoIExtractor'),
        type='StandardRoIHead'),
    test_cfg=dict(
        rcnn=dict(
            max_per_img=100,
            nms=dict(iou_threshold=0.5, type='nms'),
            score_thr=0.05)),
    train_cfg=dict(
        rcnn=dict(
            assigner=dict(
                ignore_iof_thr=-1,
                match_low_quality=False,
                min_pos_iou=0.5,
                neg_iou_thr=0.5,
                pos_iou_thr=0.5,
                type='MaxIoUAssigner'),
            debug=False,
            pos_weight=-1,
            sampler=dict(
                add_gt_as_proposals=True,
                neg_pos_ub=-1,
                num=512,
                pos_fraction=0.25,
                type='RandomSampler'))),
    type='FastRCNN')
optim_wrapper = dict(
    optimizer=dict(lr=0.02, momentum=0.9, type='SGD', weight_decay=0.0001),
    type='OptimWrapper')
param_scheduler = [
    dict(
        begin=0, by_epoch=False, end=500, start_factor=0.001, type='LinearLR'),
    dict(
        begin=0,
        by_epoch=True,
        end=12,
        gamma=0.1,
        milestones=[
            8,
            11,
        ],
        type='MultiStepLR'),
]
resume = False
test_cfg = dict(type='TestLoop')
test_dataloader = dict(
    batch_size=1,
    dataset=dict(
        ann_file='annotations/instances_test.json',
        backend_args=None,
        data_prefix=dict(img='test/'),
        data_root='data/VOCdevkit/VOC2012_coco/',
        metainfo=dict(
            classes=(
                'aeroplane',
                'bicycle',
                'bird',
                'boat',
                'bottle',
                'bus',
                'car',
                'cat',
                'chair',
                'cow',
                'diningtable',
                'dog',
                'horse',
                'motorbike',
                'person',
                'pottedplant',
                'sheep',
                'sofa',
                'train',
                'tvmonitor',
            )),
        pipeline=[
            dict(backend_args=None, type='LoadImageFromFile'),
            dict(num_max_proposals=None, type='LoadProposals'),
            dict(
                transforms=[
                    dict(keep_ratio=True, scale=(
                        1333,
                        800,
                    ), type='Resize'),
                ],
                type='ProposalBroadcaster'),
            dict(
                meta_keys=(
                    'img_id',
                    'img_path',
                    'ori_shape',
                    'img_shape',
                    'scale_factor',
                ),
                type='PackDetInputs'),
        ],
        proposal_file='proposals/rpn_test.pkl',
        test_mode=True,
        type='CocoDataset'),
    drop_last=False,
    num_workers=2,
    persistent_workers=True,
    sampler=dict(shuffle=False, type='DefaultSampler'))
test_evaluator = dict(
    ann_file='data/VOCdevkit/VOC2012_coco/annotations/instances_test.json',
    backend_args=None,
    format_only=False,
    metric='bbox',
    type='CocoMetric')
test_pipeline = [
    dict(backend_args=None, type='LoadImageFromFile'),
    dict(num_max_proposals=None, type='LoadProposals'),
    dict(
        transforms=[
            dict(keep_ratio=True, scale=(
                1333,
                800,
            ), type='Resize'),
        ],
        type='ProposalBroadcaster'),
    dict(
        meta_keys=(
            'img_id',
            'img_path',
            'ori_shape',
            'img_shape',
            'scale_factor',
        ),
        type='PackDetInputs'),
]
train_cfg = dict(max_epochs=12, type='EpochBasedTrainLoop', val_interval=1)
train_dataloader = dict(
    batch_sampler=dict(type='AspectRatioBatchSampler'),
    batch_size=2,
    dataset=dict(
        ann_file='annotations/instances_train.json',
        backend_args=None,
        data_prefix=dict(img='train/'),
        data_root='data/VOCdevkit/VOC2012_coco/',
        filter_cfg=dict(filter_empty_gt=True, min_size=32),
        metainfo=dict(
            classes=(
                'aeroplane',
                'bicycle',
                'bird',
                'boat',
                'bottle',
                'bus',
                'car',
                'cat',
                'chair',
                'cow',
                'diningtable',
                'dog',
                'horse',
                'motorbike',
                'person',
                'pottedplant',
                'sheep',
                'sofa',
                'train',
                'tvmonitor',
            )),
        pipeline=[
            dict(backend_args=None, type='LoadImageFromFile'),
            dict(num_max_proposals=2000, type='LoadProposals'),
            dict(type='LoadAnnotations', with_bbox=True),
            dict(
                transforms=[
                    dict(keep_ratio=True, scale=(
                        1333,
                        800,
                    ), type='Resize'),
                    dict(prob=0.5, type='RandomFlip'),
                ],
                type='ProposalBroadcaster'),
            dict(type='PackDetInputs'),
        ],
        proposal_file='proposals/rpn_train.pkl',
        type='CocoDataset'),
    num_workers=2,
    persistent_workers=True,
    sampler=dict(shuffle=True, type='DefaultSampler'))
train_pipeline = [
    dict(backend_args=None, type='LoadImageFromFile'),
    dict(num_max_proposals=2000, type='LoadProposals'),
    dict(type='LoadAnnotations', with_bbox=True),
    dict(
        transforms=[
            dict(keep_ratio=True, scale=(
                1333,
                800,
            ), type='Resize'),
            dict(prob=0.5, type='RandomFlip'),
        ],
        type='ProposalBroadcaster'),
    dict(type='PackDetInputs'),
]
val_cfg = dict(type='ValLoop')
val_dataloader = dict(
    batch_size=1,
    dataset=dict(
        ann_file='annotations/instances_val.json',
        backend_args=None,
        data_prefix=dict(img='val/'),
        data_root='data/VOCdevkit/VOC2012_coco/',
        metainfo=dict(
            classes=(
                'aeroplane',
                'bicycle',
                'bird',
                'boat',
                'bottle',
                'bus',
                'car',
                'cat',
                'chair',
                'cow',
                'diningtable',
                'dog',
                'horse',
                'motorbike',
                'person',
                'pottedplant',
                'sheep',
                'sofa',
                'train',
                'tvmonitor',
            )),
        pipeline=[
            dict(backend_args=None, type='LoadImageFromFile'),
            dict(num_max_proposals=None, type='LoadProposals'),
            dict(
                transforms=[
                    dict(keep_ratio=True, scale=(
                        1333,
                        800,
                    ), type='Resize'),
                ],
                type='ProposalBroadcaster'),
            dict(
                meta_keys=(
                    'img_id',
                    'img_path',
                    'ori_shape',
                    'img_shape',
                    'scale_factor',
                ),
                type='PackDetInputs'),
        ],
        proposal_file='proposals/rpn_val.pkl',
        test_mode=True,
        type='CocoDataset'),
    drop_last=False,
    num_workers=2,
    persistent_workers=True,
    sampler=dict(shuffle=False, type='DefaultSampler'))
val_evaluator = dict(
    ann_file='data/VOCdevkit/VOC2012_coco/annotations/instances_val.json',
    backend_args=None,
    format_only=False,
    metric='bbox',
    type='CocoMetric')
vis_backends = [
    dict(type='LocalVisBackend'),
]
visualizer = dict(
    name='visualizer',
    type='DetLocalVisualizer',
    vis_backends=[
        dict(type='LocalVisBackend'),
    ])
work_dir = 'work_dirs/fast_rcnn_r50_fpn_1x_voc2012_coco_bs16'

2026/04/19 13:41:07 - mmengine - INFO - Distributed training is not used, all SyncBatchNorm (SyncBN) layers in the model will be automatically reverted to BatchNormXd layers if they are used.
2026/04/19 13:41:07 - mmengine - INFO - Hooks will be executed in the following order:
before_run:
(VERY_HIGH   ) RuntimeInfoHook                    
(BELOW_NORMAL) LoggerHook                         
 -------------------- 
before_train:
(VERY_HIGH   ) RuntimeInfoHook                    
(NORMAL      ) IterTimerHook                      
(VERY_LOW    ) CheckpointHook                     
 -------------------- 
before_train_epoch:
(VERY_HIGH   ) RuntimeInfoHook                    
(NORMAL      ) IterTimerHook                      
(NORMAL      ) DistSamplerSeedHook                
 -------------------- 
before_train_iter:
(VERY_HIGH   ) RuntimeInfoHook                    
(NORMAL      ) IterTimerHook                      
 -------------------- 
after_train_iter:
(VERY_HIGH   ) RuntimeInfoHook                    
(NORMAL      ) IterTimerHook                      
(BELOW_NORMAL) LoggerHook                         
(LOW         ) ParamSchedulerHook                 
(VERY_LOW    ) CheckpointHook                     
 -------------------- 
after_train_epoch:
(NORMAL      ) IterTimerHook                      
(LOW         ) ParamSchedulerHook                 
(VERY_LOW    ) CheckpointHook                     
 -------------------- 
before_val:
(VERY_HIGH   ) RuntimeInfoHook                    
 -------------------- 
before_val_epoch:
(NORMAL      ) IterTimerHook                      
 -------------------- 
before_val_iter:
(NORMAL      ) IterTimerHook                      
 -------------------- 
after_val_iter:
(NORMAL      ) IterTimerHook                      
(NORMAL      ) DetVisualizationHook               
(BELOW_NORMAL) LoggerHook                         
 -------------------- 
after_val_epoch:
(VERY_HIGH   ) RuntimeInfoHook                    
(NORMAL      ) IterTimerHook                      
(BELOW_NORMAL) LoggerHook                         
(LOW         ) ParamSchedulerHook                 
(VERY_LOW    ) CheckpointHook                     
 -------------------- 
after_val:
(VERY_HIGH   ) RuntimeInfoHook                    
 -------------------- 
after_train:
(VERY_HIGH   ) RuntimeInfoHook                    
(VERY_LOW    ) CheckpointHook                     
 -------------------- 
before_test:
(VERY_HIGH   ) RuntimeInfoHook                    
 -------------------- 
before_test_epoch:
(NORMAL      ) IterTimerHook                      
 -------------------- 
before_test_iter:
(NORMAL      ) IterTimerHook                      
 -------------------- 
after_test_iter:
(NORMAL      ) IterTimerHook                      
(NORMAL      ) DetVisualizationHook               
(BELOW_NORMAL) LoggerHook                         
 -------------------- 
after_test_epoch:
(VERY_HIGH   ) RuntimeInfoHook                    
(NORMAL      ) IterTimerHook                      
(BELOW_NORMAL) LoggerHook                         
 -------------------- 
after_test:
(VERY_HIGH   ) RuntimeInfoHook                    
 -------------------- 
after_run:
(BELOW_NORMAL) LoggerHook                         
 -------------------- 
2026/04/19 13:41:09 - mmengine - INFO - Load checkpoint from work_dirs/fast_rcnn_r50_fpn_1x_voc2012_coco_bs16/epoch_12.pth
2026/04/19 13:41:11 - mmengine - INFO - Epoch(test) [  50/1713]    eta: 0:01:11  time: 0.0431  data_time: 0.0026  memory: 491  
2026/04/19 13:41:13 - mmengine - INFO - Epoch(test) [ 100/1713]    eta: 0:00:57  time: 0.0275  data_time: 0.0017  memory: 524  
2026/04/19 13:41:14 - mmengine - INFO - Epoch(test) [ 150/1713]    eta: 0:00:50  time: 0.0257  data_time: 0.0015  memory: 510  
2026/04/19 13:41:15 - mmengine - INFO - Epoch(test) [ 200/1713]    eta: 0:00:46  time: 0.0277  data_time: 0.0015  memory: 524  
2026/04/19 13:41:17 - mmengine - INFO - Epoch(test) [ 250/1713]    eta: 0:00:43  time: 0.0236  data_time: 0.0015  memory: 503  
2026/04/19 13:41:18 - mmengine - INFO - Epoch(test) [ 300/1713]    eta: 0:00:40  time: 0.0252  data_time: 0.0016  memory: 524  
2026/04/19 13:41:19 - mmengine - INFO - Epoch(test) [ 350/1713]    eta: 0:00:38  time: 0.0241  data_time: 0.0014  memory: 507  
2026/04/19 13:41:20 - mmengine - INFO - Epoch(test) [ 400/1713]    eta: 0:00:36  time: 0.0242  data_time: 0.0015  memory: 524  
2026/04/19 13:41:21 - mmengine - INFO - Epoch(test) [ 450/1713]    eta: 0:00:34  time: 0.0218  data_time: 0.0014  memory: 516  
2026/04/19 13:41:23 - mmengine - INFO - Epoch(test) [ 500/1713]    eta: 0:00:32  time: 0.0250  data_time: 0.0015  memory: 516  
2026/04/19 13:41:24 - mmengine - INFO - Epoch(test) [ 550/1713]    eta: 0:00:30  time: 0.0244  data_time: 0.0015  memory: 510  
2026/04/19 13:41:25 - mmengine - INFO - Epoch(test) [ 600/1713]    eta: 0:00:29  time: 0.0240  data_time: 0.0015  memory: 524  
2026/04/19 13:41:26 - mmengine - INFO - Epoch(test) [ 650/1713]    eta: 0:00:27  time: 0.0242  data_time: 0.0016  memory: 524  
2026/04/19 13:41:27 - mmengine - INFO - Epoch(test) [ 700/1713]    eta: 0:00:26  time: 0.0244  data_time: 0.0015  memory: 524  
2026/04/19 13:41:29 - mmengine - INFO - Epoch(test) [ 750/1713]    eta: 0:00:24  time: 0.0236  data_time: 0.0014  memory: 507  
2026/04/19 13:41:30 - mmengine - INFO - Epoch(test) [ 800/1713]    eta: 0:00:23  time: 0.0236  data_time: 0.0015  memory: 490  
2026/04/19 13:41:31 - mmengine - INFO - Epoch(test) [ 850/1713]    eta: 0:00:22  time: 0.0237  data_time: 0.0014  memory: 524  
2026/04/19 13:41:32 - mmengine - INFO - Epoch(test) [ 900/1713]    eta: 0:00:20  time: 0.0244  data_time: 0.0015  memory: 503  
2026/04/19 13:41:33 - mmengine - INFO - Epoch(test) [ 950/1713]    eta: 0:00:19  time: 0.0244  data_time: 0.0015  memory: 507  
2026/04/19 13:41:35 - mmengine - INFO - Epoch(test) [1000/1713]    eta: 0:00:18  time: 0.0239  data_time: 0.0015  memory: 503  
2026/04/19 13:41:36 - mmengine - INFO - Epoch(test) [1050/1713]    eta: 0:00:16  time: 0.0236  data_time: 0.0015  memory: 507  
2026/04/19 13:41:37 - mmengine - INFO - Epoch(test) [1100/1713]    eta: 0:00:15  time: 0.0244  data_time: 0.0015  memory: 516  
2026/04/19 13:41:38 - mmengine - INFO - Epoch(test) [1150/1713]    eta: 0:00:14  time: 0.0241  data_time: 0.0015  memory: 516  
2026/04/19 13:41:39 - mmengine - INFO - Epoch(test) [1200/1713]    eta: 0:00:12  time: 0.0237  data_time: 0.0015  memory: 524  
2026/04/19 13:41:41 - mmengine - INFO - Epoch(test) [1250/1713]    eta: 0:00:11  time: 0.0249  data_time: 0.0016  memory: 524  
2026/04/19 13:41:42 - mmengine - INFO - Epoch(test) [1300/1713]    eta: 0:00:10  time: 0.0239  data_time: 0.0015  memory: 490  
2026/04/19 13:41:44 - mmengine - INFO - Epoch(test) [1350/1713]    eta: 0:00:09  time: 0.0338  data_time: 0.0015  memory: 510  
2026/04/19 13:41:45 - mmengine - INFO - Epoch(test) [1400/1713]    eta: 0:00:07  time: 0.0244  data_time: 0.0015  memory: 516  
2026/04/19 13:41:46 - mmengine - INFO - Epoch(test) [1450/1713]    eta: 0:00:06  time: 0.0241  data_time: 0.0015  memory: 516  
2026/04/19 13:41:47 - mmengine - INFO - Epoch(test) [1500/1713]    eta: 0:00:05  time: 0.0246  data_time: 0.0015  memory: 507  
2026/04/19 13:41:48 - mmengine - INFO - Epoch(test) [1550/1713]    eta: 0:00:04  time: 0.0242  data_time: 0.0016  memory: 503  
2026/04/19 13:41:50 - mmengine - INFO - Epoch(test) [1600/1713]    eta: 0:00:02  time: 0.0243  data_time: 0.0016  memory: 510  
2026/04/19 13:41:51 - mmengine - INFO - Epoch(test) [1650/1713]    eta: 0:00:01  time: 0.0244  data_time: 0.0015  memory: 503  
2026/04/19 13:41:52 - mmengine - INFO - Epoch(test) [1700/1713]    eta: 0:00:00  time: 0.0220  data_time: 0.0014  memory: 524  
2026/04/19 13:41:52 - mmengine - INFO - Evaluating bbox...
2026/04/19 13:41:53 - mmengine - INFO - bbox_mAP_copypaste: 0.382 0.647 0.407 0.151 0.260 0.457
2026/04/19 13:41:53 - mmengine - INFO - Epoch(test) [1713/1713]    coco/bbox_mAP: 0.3820  coco/bbox_mAP_50: 0.6470  coco/bbox_mAP_75: 0.4070  coco/bbox_mAP_s: 0.1510  coco/bbox_mAP_m: 0.2600  coco/bbox_mAP_l: 0.4570  data_time: 0.0015  time: 0.0251
