2026/04/19 11:08:05 - mmengine - INFO - 
------------------------------------------------------------
System environment:
    sys.platform: linux
    Python: 3.8.20 (default, Oct  3 2024, 15:24:27) [GCC 11.2.0]
    CUDA available: True
    MUSA available: False
    numpy_random_seed: 2102784640
    GPU 0: NVIDIA RTX A6000
    CUDA_HOME: /usr/local/cuda-12.1
    NVCC: Cuda compilation tools, release 12.1, V12.1.105
    GCC: gcc (Ubuntu 11.4.0-1ubuntu1~22.04.3) 11.4.0
    PyTorch: 2.1.0+cu121
    PyTorch compiling details: PyTorch built with:
  - GCC 9.3
  - C++ Version: 201703
  - Intel(R) oneAPI Math Kernel Library Version 2022.2-Product Build 20220804 for Intel(R) 64 architecture applications
  - Intel(R) MKL-DNN v3.1.1 (Git Hash 64f6bcbcbab628e96f33a62c3e975f8535a7bde4)
  - OpenMP 201511 (a.k.a. OpenMP 4.5)
  - LAPACK is enabled (usually provided by MKL)
  - NNPACK is enabled
  - CPU capability usage: AVX2
  - CUDA Runtime 12.1
  - NVCC architecture flags: -gencode;arch=compute_50,code=sm_50;-gencode;arch=compute_60,code=sm_60;-gencode;arch=compute_70,code=sm_70;-gencode;arch=compute_75,code=sm_75;-gencode;arch=compute_80,code=sm_80;-gencode;arch=compute_86,code=sm_86;-gencode;arch=compute_90,code=sm_90
  - CuDNN 8.9.2
  - Magma 2.6.1
  - Build settings: BLAS_INFO=mkl, BUILD_TYPE=Release, CUDA_VERSION=12.1, CUDNN_VERSION=8.9.2, CXX_COMPILER=/opt/rh/devtoolset-9/root/usr/bin/c++, CXX_FLAGS= -D_GLIBCXX_USE_CXX11_ABI=0 -fabi-version=11 -fvisibility-inlines-hidden -DUSE_PTHREADPOOL -DNDEBUG -DUSE_KINETO -DLIBKINETO_NOROCTRACER -DUSE_FBGEMM -DUSE_QNNPACK -DUSE_PYTORCH_QNNPACK -DUSE_XNNPACK -DSYMBOLICATE_MOBILE_DEBUG_HANDLE -O2 -fPIC -Wall -Wextra -Werror=return-type -Werror=non-virtual-dtor -Werror=bool-operation -Wnarrowing -Wno-missing-field-initializers -Wno-type-limits -Wno-array-bounds -Wno-unknown-pragmas -Wno-unused-parameter -Wno-unused-function -Wno-unused-result -Wno-strict-overflow -Wno-strict-aliasing -Wno-stringop-overflow -Wno-psabi -Wno-error=pedantic -Wno-error=old-style-cast -Wno-invalid-partial-specialization -Wno-unused-private-field -Wno-aligned-allocation-unavailable -Wno-missing-braces -fdiagnostics-color=always -faligned-new -Wno-unused-but-set-variable -Wno-maybe-uninitialized -fno-math-errno -fno-trapping-math -Werror=format -Werror=cast-function-type -Wno-stringop-overflow, LAPACK_INFO=mkl, PERF_WITH_AVX=1, PERF_WITH_AVX2=1, PERF_WITH_AVX512=1, TORCH_DISABLE_GPU_ASSERTS=ON, TORCH_VERSION=2.1.0, USE_CUDA=ON, USE_CUDNN=ON, USE_EXCEPTION_PTR=1, USE_GFLAGS=OFF, USE_GLOG=OFF, USE_MKL=ON, USE_MKLDNN=ON, USE_MPI=OFF, USE_NCCL=1, USE_NNPACK=ON, USE_OPENMP=ON, USE_ROCM=OFF, 

    TorchVision: 0.16.0+cu121
    OpenCV: 4.13.0
    MMEngine: 0.10.7

Runtime environment:
    cudnn_benchmark: False
    mp_cfg: {'mp_start_method': 'fork', 'opencv_num_threads': 0}
    dist_cfg: {'backend': 'nccl'}
    seed: 2102784640
    Distributed launcher: none
    Distributed training: False
    GPU number: 1
------------------------------------------------------------

2026/04/19 11:08:06 - mmengine - INFO - Config:
auto_scale_lr = dict(base_batch_size=64, enable=False)
backend_args = None
data_preprocessor = dict(
    bgr_to_rgb=True,
    mean=[
        0,
        0,
        0,
    ],
    pad_size_divisor=32,
    std=[
        255.0,
        255.0,
        255.0,
    ],
    type='DetDataPreprocessor')
data_root = 'data/coco/'
dataset_type = 'CocoDataset'
default_hooks = dict(
    checkpoint=dict(interval=7, type='CheckpointHook'),
    logger=dict(interval=50, type='LoggerHook'),
    param_scheduler=dict(type='ParamSchedulerHook'),
    sampler_seed=dict(type='DistSamplerSeedHook'),
    timer=dict(type='IterTimerHook'),
    visualization=dict(type='DetVisualizationHook'))
default_scope = 'mmdet'
env_cfg = dict(
    cudnn_benchmark=False,
    dist_cfg=dict(backend='nccl'),
    mp_cfg=dict(mp_start_method='fork', opencv_num_threads=0))
launcher = 'none'
load_from = 'work_dirs/yolov3_d53_416_coco_bs16/epoch_231.pth'
log_level = 'INFO'
log_processor = dict(by_epoch=True, type='LogProcessor', window_size=50)
model = dict(
    backbone=dict(
        depth=53,
        init_cfg=dict(checkpoint='open-mmlab://darknet53', type='Pretrained'),
        out_indices=(
            3,
            4,
            5,
        ),
        type='Darknet'),
    bbox_head=dict(
        anchor_generator=dict(
            base_sizes=[
                [
                    (
                        116,
                        90,
                    ),
                    (
                        156,
                        198,
                    ),
                    (
                        373,
                        326,
                    ),
                ],
                [
                    (
                        30,
                        61,
                    ),
                    (
                        62,
                        45,
                    ),
                    (
                        59,
                        119,
                    ),
                ],
                [
                    (
                        10,
                        13,
                    ),
                    (
                        16,
                        30,
                    ),
                    (
                        33,
                        23,
                    ),
                ],
            ],
            strides=[
                32,
                16,
                8,
            ],
            type='YOLOAnchorGenerator'),
        bbox_coder=dict(type='YOLOBBoxCoder'),
        featmap_strides=[
            32,
            16,
            8,
        ],
        in_channels=[
            512,
            256,
            128,
        ],
        loss_cls=dict(
            loss_weight=1.0,
            reduction='sum',
            type='CrossEntropyLoss',
            use_sigmoid=True),
        loss_conf=dict(
            loss_weight=1.0,
            reduction='sum',
            type='CrossEntropyLoss',
            use_sigmoid=True),
        loss_wh=dict(loss_weight=2.0, reduction='sum', type='MSELoss'),
        loss_xy=dict(
            loss_weight=2.0,
            reduction='sum',
            type='CrossEntropyLoss',
            use_sigmoid=True),
        num_classes=80,
        out_channels=[
            1024,
            512,
            256,
        ],
        type='YOLOV3Head'),
    data_preprocessor=dict(
        bgr_to_rgb=True,
        mean=[
            0,
            0,
            0,
        ],
        pad_size_divisor=32,
        std=[
            255.0,
            255.0,
            255.0,
        ],
        type='DetDataPreprocessor'),
    neck=dict(
        in_channels=[
            1024,
            512,
            256,
        ],
        num_scales=3,
        out_channels=[
            512,
            256,
            128,
        ],
        type='YOLOV3Neck'),
    test_cfg=dict(
        conf_thr=0.005,
        max_per_img=100,
        min_bbox_size=0,
        nms=dict(iou_threshold=0.45, type='nms'),
        nms_pre=1000,
        score_thr=0.05),
    train_cfg=dict(
        assigner=dict(
            min_pos_iou=0,
            neg_iou_thr=0.5,
            pos_iou_thr=0.5,
            type='GridAssigner')),
    type='YOLOV3')
optim_wrapper = dict(
    clip_grad=dict(max_norm=35, norm_type=2),
    optimizer=dict(lr=0.001, momentum=0.9, type='SGD', weight_decay=0.0005),
    type='OptimWrapper')
param_scheduler = [
    dict(begin=0, by_epoch=False, end=2000, start_factor=0.1, type='LinearLR'),
    dict(
        by_epoch=True, gamma=0.1, milestones=[
            218,
            246,
        ], type='MultiStepLR'),
]
resume = False
test_cfg = dict(type='TestLoop')
test_dataloader = dict(
    batch_size=1,
    dataset=dict(
        ann_file='annotations/instances_val2017.json',
        backend_args=None,
        data_prefix=dict(img='val2017/'),
        data_root='data/coco/',
        pipeline=[
            dict(backend_args=None, type='LoadImageFromFile'),
            dict(keep_ratio=True, scale=(
                416,
                416,
            ), type='Resize'),
            dict(type='LoadAnnotations', with_bbox=True),
            dict(
                meta_keys=(
                    'img_id',
                    'img_path',
                    'ori_shape',
                    'img_shape',
                    'scale_factor',
                ),
                type='PackDetInputs'),
        ],
        test_mode=True,
        type='CocoDataset'),
    drop_last=False,
    num_workers=2,
    persistent_workers=True,
    sampler=dict(shuffle=False, type='DefaultSampler'))
test_evaluator = dict(
    ann_file='data/coco/annotations/instances_val2017.json',
    backend_args=None,
    metric='bbox',
    type='CocoMetric')
test_pipeline = [
    dict(backend_args=None, type='LoadImageFromFile'),
    dict(keep_ratio=True, scale=(
        416,
        416,
    ), type='Resize'),
    dict(type='LoadAnnotations', with_bbox=True),
    dict(
        meta_keys=(
            'img_id',
            'img_path',
            'ori_shape',
            'img_shape',
            'scale_factor',
        ),
        type='PackDetInputs'),
]
train_cfg = dict(max_epochs=273, type='EpochBasedTrainLoop', val_interval=7)
train_dataloader = dict(
    batch_sampler=dict(type='AspectRatioBatchSampler'),
    batch_size=8,
    dataset=dict(
        ann_file='annotations/instances_train2017.json',
        backend_args=None,
        data_prefix=dict(img='train2017/'),
        data_root='data/coco/',
        filter_cfg=dict(filter_empty_gt=True, min_size=32),
        pipeline=[
            dict(backend_args=None, type='LoadImageFromFile'),
            dict(type='LoadAnnotations', with_bbox=True),
            dict(
                mean=[
                    0,
                    0,
                    0,
                ],
                ratio_range=(
                    1,
                    2,
                ),
                to_rgb=True,
                type='Expand'),
            dict(
                min_crop_size=0.3,
                min_ious=(
                    0.4,
                    0.5,
                    0.6,
                    0.7,
                    0.8,
                    0.9,
                ),
                type='MinIoURandomCrop'),
            dict(
                keep_ratio=True,
                scale=[
                    (
                        320,
                        320,
                    ),
                    (
                        416,
                        416,
                    ),
                ],
                type='RandomResize'),
            dict(prob=0.5, type='RandomFlip'),
            dict(type='PhotoMetricDistortion'),
            dict(type='PackDetInputs'),
        ],
        type='CocoDataset'),
    num_workers=4,
    persistent_workers=True,
    sampler=dict(shuffle=True, type='DefaultSampler'))
train_pipeline = [
    dict(backend_args=None, type='LoadImageFromFile'),
    dict(type='LoadAnnotations', with_bbox=True),
    dict(mean=[
        0,
        0,
        0,
    ], ratio_range=(
        1,
        2,
    ), to_rgb=True, type='Expand'),
    dict(
        min_crop_size=0.3,
        min_ious=(
            0.4,
            0.5,
            0.6,
            0.7,
            0.8,
            0.9,
        ),
        type='MinIoURandomCrop'),
    dict(
        keep_ratio=True,
        scale=[
            (
                320,
                320,
            ),
            (
                416,
                416,
            ),
        ],
        type='RandomResize'),
    dict(prob=0.5, type='RandomFlip'),
    dict(type='PhotoMetricDistortion'),
    dict(type='PackDetInputs'),
]
val_cfg = dict(type='ValLoop')
val_dataloader = dict(
    batch_size=1,
    dataset=dict(
        ann_file='annotations/instances_val2017.json',
        backend_args=None,
        data_prefix=dict(img='val2017/'),
        data_root='data/coco/',
        pipeline=[
            dict(backend_args=None, type='LoadImageFromFile'),
            dict(keep_ratio=True, scale=(
                416,
                416,
            ), type='Resize'),
            dict(type='LoadAnnotations', with_bbox=True),
            dict(
                meta_keys=(
                    'img_id',
                    'img_path',
                    'ori_shape',
                    'img_shape',
                    'scale_factor',
                ),
                type='PackDetInputs'),
        ],
        test_mode=True,
        type='CocoDataset'),
    drop_last=False,
    num_workers=2,
    persistent_workers=True,
    sampler=dict(shuffle=False, type='DefaultSampler'))
val_evaluator = dict(
    ann_file='data/coco/annotations/instances_val2017.json',
    backend_args=None,
    metric='bbox',
    type='CocoMetric')
vis_backends = [
    dict(type='LocalVisBackend'),
]
visualizer = dict(
    name='visualizer',
    type='DetLocalVisualizer',
    vis_backends=[
        dict(type='LocalVisBackend'),
    ])
work_dir = 'work_dirs/yolov3_d53_416_coco_bs16'

2026/04/19 11:08:09 - mmengine - INFO - Distributed training is not used, all SyncBatchNorm (SyncBN) layers in the model will be automatically reverted to BatchNormXd layers if they are used.
2026/04/19 11:08:09 - mmengine - INFO - Hooks will be executed in the following order:
before_run:
(VERY_HIGH   ) RuntimeInfoHook                    
(BELOW_NORMAL) LoggerHook                         
 -------------------- 
before_train:
(VERY_HIGH   ) RuntimeInfoHook                    
(NORMAL      ) IterTimerHook                      
(VERY_LOW    ) CheckpointHook                     
 -------------------- 
before_train_epoch:
(VERY_HIGH   ) RuntimeInfoHook                    
(NORMAL      ) IterTimerHook                      
(NORMAL      ) DistSamplerSeedHook                
 -------------------- 
before_train_iter:
(VERY_HIGH   ) RuntimeInfoHook                    
(NORMAL      ) IterTimerHook                      
 -------------------- 
after_train_iter:
(VERY_HIGH   ) RuntimeInfoHook                    
(NORMAL      ) IterTimerHook                      
(BELOW_NORMAL) LoggerHook                         
(LOW         ) ParamSchedulerHook                 
(VERY_LOW    ) CheckpointHook                     
 -------------------- 
after_train_epoch:
(NORMAL      ) IterTimerHook                      
(LOW         ) ParamSchedulerHook                 
(VERY_LOW    ) CheckpointHook                     
 -------------------- 
before_val:
(VERY_HIGH   ) RuntimeInfoHook                    
 -------------------- 
before_val_epoch:
(NORMAL      ) IterTimerHook                      
 -------------------- 
before_val_iter:
(NORMAL      ) IterTimerHook                      
 -------------------- 
after_val_iter:
(NORMAL      ) IterTimerHook                      
(NORMAL      ) DetVisualizationHook               
(BELOW_NORMAL) LoggerHook                         
 -------------------- 
after_val_epoch:
(VERY_HIGH   ) RuntimeInfoHook                    
(NORMAL      ) IterTimerHook                      
(BELOW_NORMAL) LoggerHook                         
(LOW         ) ParamSchedulerHook                 
(VERY_LOW    ) CheckpointHook                     
 -------------------- 
after_val:
(VERY_HIGH   ) RuntimeInfoHook                    
 -------------------- 
after_train:
(VERY_HIGH   ) RuntimeInfoHook                    
(VERY_LOW    ) CheckpointHook                     
 -------------------- 
before_test:
(VERY_HIGH   ) RuntimeInfoHook                    
 -------------------- 
before_test_epoch:
(NORMAL      ) IterTimerHook                      
 -------------------- 
before_test_iter:
(NORMAL      ) IterTimerHook                      
 -------------------- 
after_test_iter:
(NORMAL      ) IterTimerHook                      
(NORMAL      ) DetVisualizationHook               
(BELOW_NORMAL) LoggerHook                         
 -------------------- 
after_test_epoch:
(VERY_HIGH   ) RuntimeInfoHook                    
(NORMAL      ) IterTimerHook                      
(BELOW_NORMAL) LoggerHook                         
 -------------------- 
after_test:
(VERY_HIGH   ) RuntimeInfoHook                    
 -------------------- 
after_run:
(BELOW_NORMAL) LoggerHook                         
 -------------------- 
2026/04/19 11:08:12 - mmengine - INFO - Load checkpoint from work_dirs/yolov3_d53_416_coco_bs16/epoch_231.pth
2026/04/19 11:08:13 - mmengine - INFO - Epoch(test) [  50/5000]    eta: 0:02:26  time: 0.0296  data_time: 0.0029  memory: 405  
2026/04/19 11:08:14 - mmengine - INFO - Epoch(test) [ 100/5000]    eta: 0:01:36  time: 0.0098  data_time: 0.0015  memory: 396  
2026/04/19 11:08:14 - mmengine - INFO - Epoch(test) [ 150/5000]    eta: 0:01:21  time: 0.0112  data_time: 0.0016  memory: 404  
2026/04/19 11:08:15 - mmengine - INFO - Epoch(test) [ 200/5000]    eta: 0:01:13  time: 0.0105  data_time: 0.0014  memory: 405  
2026/04/19 11:08:15 - mmengine - INFO - Epoch(test) [ 250/5000]    eta: 0:01:08  time: 0.0114  data_time: 0.0016  memory: 404  
2026/04/19 11:08:16 - mmengine - INFO - Epoch(test) [ 300/5000]    eta: 0:01:05  time: 0.0107  data_time: 0.0015  memory: 404  
2026/04/19 11:08:16 - mmengine - INFO - Epoch(test) [ 350/5000]    eta: 0:01:01  time: 0.0097  data_time: 0.0015  memory: 405  
2026/04/19 11:08:17 - mmengine - INFO - Epoch(test) [ 400/5000]    eta: 0:00:59  time: 0.0101  data_time: 0.0015  memory: 405  
2026/04/19 11:08:17 - mmengine - INFO - Epoch(test) [ 450/5000]    eta: 0:00:57  time: 0.0099  data_time: 0.0015  memory: 404  
2026/04/19 11:08:18 - mmengine - INFO - Epoch(test) [ 500/5000]    eta: 0:00:55  time: 0.0097  data_time: 0.0015  memory: 405  
2026/04/19 11:08:18 - mmengine - INFO - Epoch(test) [ 550/5000]    eta: 0:00:53  time: 0.0106  data_time: 0.0015  memory: 402  
2026/04/19 11:08:19 - mmengine - INFO - Epoch(test) [ 600/5000]    eta: 0:00:52  time: 0.0100  data_time: 0.0016  memory: 404  
2026/04/19 11:08:19 - mmengine - INFO - Epoch(test) [ 650/5000]    eta: 0:00:51  time: 0.0100  data_time: 0.0015  memory: 404  
2026/04/19 11:08:20 - mmengine - INFO - Epoch(test) [ 700/5000]    eta: 0:00:50  time: 0.0096  data_time: 0.0014  memory: 402  
2026/04/19 11:08:20 - mmengine - INFO - Epoch(test) [ 750/5000]    eta: 0:00:48  time: 0.0099  data_time: 0.0014  memory: 404  
2026/04/19 11:08:21 - mmengine - INFO - Epoch(test) [ 800/5000]    eta: 0:00:47  time: 0.0098  data_time: 0.0014  memory: 405  
2026/04/19 11:08:21 - mmengine - INFO - Epoch(test) [ 850/5000]    eta: 0:00:46  time: 0.0098  data_time: 0.0015  memory: 404  
2026/04/19 11:08:22 - mmengine - INFO - Epoch(test) [ 900/5000]    eta: 0:00:46  time: 0.0103  data_time: 0.0015  memory: 405  
2026/04/19 11:08:22 - mmengine - INFO - Epoch(test) [ 950/5000]    eta: 0:00:45  time: 0.0100  data_time: 0.0015  memory: 405  
2026/04/19 11:08:23 - mmengine - INFO - Epoch(test) [1000/5000]    eta: 0:00:44  time: 0.0106  data_time: 0.0015  memory: 405  
2026/04/19 11:08:23 - mmengine - INFO - Epoch(test) [1050/5000]    eta: 0:00:43  time: 0.0101  data_time: 0.0015  memory: 405  
2026/04/19 11:08:24 - mmengine - INFO - Epoch(test) [1100/5000]    eta: 0:00:43  time: 0.0100  data_time: 0.0015  memory: 404  
2026/04/19 11:08:24 - mmengine - INFO - Epoch(test) [1150/5000]    eta: 0:00:42  time: 0.0100  data_time: 0.0015  memory: 405  
2026/04/19 11:08:25 - mmengine - INFO - Epoch(test) [1200/5000]    eta: 0:00:41  time: 0.0099  data_time: 0.0015  memory: 405  
2026/04/19 11:08:25 - mmengine - INFO - Epoch(test) [1250/5000]    eta: 0:00:40  time: 0.0100  data_time: 0.0014  memory: 405  
2026/04/19 11:08:26 - mmengine - INFO - Epoch(test) [1300/5000]    eta: 0:00:40  time: 0.0101  data_time: 0.0016  memory: 405  
2026/04/19 11:08:26 - mmengine - INFO - Epoch(test) [1350/5000]    eta: 0:00:39  time: 0.0101  data_time: 0.0014  memory: 405  
2026/04/19 11:08:27 - mmengine - INFO - Epoch(test) [1400/5000]    eta: 0:00:39  time: 0.0110  data_time: 0.0016  memory: 404  
2026/04/19 11:08:27 - mmengine - INFO - Epoch(test) [1450/5000]    eta: 0:00:38  time: 0.0102  data_time: 0.0016  memory: 405  
2026/04/19 11:08:28 - mmengine - INFO - Epoch(test) [1500/5000]    eta: 0:00:37  time: 0.0104  data_time: 0.0016  memory: 405  
2026/04/19 11:08:29 - mmengine - INFO - Epoch(test) [1550/5000]    eta: 0:00:37  time: 0.0109  data_time: 0.0015  memory: 396  
2026/04/19 11:08:29 - mmengine - INFO - Epoch(test) [1600/5000]    eta: 0:00:36  time: 0.0103  data_time: 0.0015  memory: 405  
2026/04/19 11:08:30 - mmengine - INFO - Epoch(test) [1650/5000]    eta: 0:00:36  time: 0.0103  data_time: 0.0015  memory: 404  
2026/04/19 11:08:30 - mmengine - INFO - Epoch(test) [1700/5000]    eta: 0:00:35  time: 0.0104  data_time: 0.0015  memory: 404  
2026/04/19 11:08:31 - mmengine - INFO - Epoch(test) [1750/5000]    eta: 0:00:35  time: 0.0101  data_time: 0.0015  memory: 404  
2026/04/19 11:08:31 - mmengine - INFO - Epoch(test) [1800/5000]    eta: 0:00:34  time: 0.0102  data_time: 0.0016  memory: 405  
2026/04/19 11:08:32 - mmengine - INFO - Epoch(test) [1850/5000]    eta: 0:00:33  time: 0.0101  data_time: 0.0015  memory: 405  
2026/04/19 11:08:32 - mmengine - INFO - Epoch(test) [1900/5000]    eta: 0:00:33  time: 0.0103  data_time: 0.0016  memory: 405  
2026/04/19 11:08:33 - mmengine - INFO - Epoch(test) [1950/5000]    eta: 0:00:32  time: 0.0100  data_time: 0.0014  memory: 404  
2026/04/19 11:08:33 - mmengine - INFO - Epoch(test) [2000/5000]    eta: 0:00:32  time: 0.0099  data_time: 0.0014  memory: 399  
2026/04/19 11:08:34 - mmengine - INFO - Epoch(test) [2050/5000]    eta: 0:00:31  time: 0.0099  data_time: 0.0014  memory: 404  
2026/04/19 11:08:34 - mmengine - INFO - Epoch(test) [2100/5000]    eta: 0:00:30  time: 0.0099  data_time: 0.0014  memory: 405  
2026/04/19 11:08:35 - mmengine - INFO - Epoch(test) [2150/5000]    eta: 0:00:30  time: 0.0097  data_time: 0.0014  memory: 404  
2026/04/19 11:08:35 - mmengine - INFO - Epoch(test) [2200/5000]    eta: 0:00:29  time: 0.0098  data_time: 0.0014  memory: 404  
2026/04/19 11:08:36 - mmengine - INFO - Epoch(test) [2250/5000]    eta: 0:00:29  time: 0.0103  data_time: 0.0015  memory: 402  
2026/04/19 11:08:36 - mmengine - INFO - Epoch(test) [2300/5000]    eta: 0:00:28  time: 0.0100  data_time: 0.0015  memory: 405  
2026/04/19 11:08:37 - mmengine - INFO - Epoch(test) [2350/5000]    eta: 0:00:28  time: 0.0101  data_time: 0.0014  memory: 404  
2026/04/19 11:08:37 - mmengine - INFO - Epoch(test) [2400/5000]    eta: 0:00:27  time: 0.0102  data_time: 0.0016  memory: 404  
2026/04/19 11:08:38 - mmengine - INFO - Epoch(test) [2450/5000]    eta: 0:00:26  time: 0.0105  data_time: 0.0016  memory: 405  
2026/04/19 11:08:38 - mmengine - INFO - Epoch(test) [2500/5000]    eta: 0:00:26  time: 0.0100  data_time: 0.0014  memory: 404  
2026/04/19 11:08:39 - mmengine - INFO - Epoch(test) [2550/5000]    eta: 0:00:25  time: 0.0101  data_time: 0.0014  memory: 404  
2026/04/19 11:08:39 - mmengine - INFO - Epoch(test) [2600/5000]    eta: 0:00:25  time: 0.0101  data_time: 0.0015  memory: 404  
2026/04/19 11:08:40 - mmengine - INFO - Epoch(test) [2650/5000]    eta: 0:00:24  time: 0.0101  data_time: 0.0015  memory: 404  
2026/04/19 11:08:40 - mmengine - INFO - Epoch(test) [2700/5000]    eta: 0:00:24  time: 0.0098  data_time: 0.0015  memory: 404  
2026/04/19 11:08:41 - mmengine - INFO - Epoch(test) [2750/5000]    eta: 0:00:23  time: 0.0098  data_time: 0.0015  memory: 404  
2026/04/19 11:08:41 - mmengine - INFO - Epoch(test) [2800/5000]    eta: 0:00:23  time: 0.0100  data_time: 0.0015  memory: 405  
2026/04/19 11:08:42 - mmengine - INFO - Epoch(test) [2850/5000]    eta: 0:00:22  time: 0.0098  data_time: 0.0014  memory: 405  
2026/04/19 11:08:42 - mmengine - INFO - Epoch(test) [2900/5000]    eta: 0:00:22  time: 0.0100  data_time: 0.0014  memory: 405  
2026/04/19 11:08:43 - mmengine - INFO - Epoch(test) [2950/5000]    eta: 0:00:21  time: 0.0097  data_time: 0.0015  memory: 404  
2026/04/19 11:08:43 - mmengine - INFO - Epoch(test) [3000/5000]    eta: 0:00:20  time: 0.0100  data_time: 0.0014  memory: 405  
2026/04/19 11:08:44 - mmengine - INFO - Epoch(test) [3050/5000]    eta: 0:00:20  time: 0.0100  data_time: 0.0014  memory: 404  
2026/04/19 11:08:44 - mmengine - INFO - Epoch(test) [3100/5000]    eta: 0:00:19  time: 0.0104  data_time: 0.0015  memory: 399  
2026/04/19 11:08:45 - mmengine - INFO - Epoch(test) [3150/5000]    eta: 0:00:19  time: 0.0100  data_time: 0.0015  memory: 404  
2026/04/19 11:08:45 - mmengine - INFO - Epoch(test) [3200/5000]    eta: 0:00:18  time: 0.0100  data_time: 0.0014  memory: 404  
2026/04/19 11:08:46 - mmengine - INFO - Epoch(test) [3250/5000]    eta: 0:00:18  time: 0.0100  data_time: 0.0014  memory: 405  
2026/04/19 11:08:46 - mmengine - INFO - Epoch(test) [3300/5000]    eta: 0:00:17  time: 0.0101  data_time: 0.0014  memory: 404  
2026/04/19 11:08:47 - mmengine - INFO - Epoch(test) [3350/5000]    eta: 0:00:17  time: 0.0100  data_time: 0.0014  memory: 405  
2026/04/19 11:08:47 - mmengine - INFO - Epoch(test) [3400/5000]    eta: 0:00:16  time: 0.0099  data_time: 0.0014  memory: 405  
2026/04/19 11:08:48 - mmengine - INFO - Epoch(test) [3450/5000]    eta: 0:00:16  time: 0.0100  data_time: 0.0015  memory: 404  
2026/04/19 11:08:48 - mmengine - INFO - Epoch(test) [3500/5000]    eta: 0:00:15  time: 0.0105  data_time: 0.0015  memory: 404  
2026/04/19 11:08:49 - mmengine - INFO - Epoch(test) [3550/5000]    eta: 0:00:15  time: 0.0099  data_time: 0.0014  memory: 405  
2026/04/19 11:08:49 - mmengine - INFO - Epoch(test) [3600/5000]    eta: 0:00:14  time: 0.0098  data_time: 0.0015  memory: 399  
2026/04/19 11:08:50 - mmengine - INFO - Epoch(test) [3650/5000]    eta: 0:00:14  time: 0.0098  data_time: 0.0014  memory: 405  
2026/04/19 11:08:50 - mmengine - INFO - Epoch(test) [3700/5000]    eta: 0:00:13  time: 0.0100  data_time: 0.0015  memory: 404  
2026/04/19 11:08:51 - mmengine - INFO - Epoch(test) [3750/5000]    eta: 0:00:12  time: 0.0099  data_time: 0.0014  memory: 404  
2026/04/19 11:08:51 - mmengine - INFO - Epoch(test) [3800/5000]    eta: 0:00:12  time: 0.0098  data_time: 0.0014  memory: 405  
2026/04/19 11:08:52 - mmengine - INFO - Epoch(test) [3850/5000]    eta: 0:00:11  time: 0.0100  data_time: 0.0014  memory: 404  
2026/04/19 11:08:52 - mmengine - INFO - Epoch(test) [3900/5000]    eta: 0:00:11  time: 0.0098  data_time: 0.0014  memory: 404  
2026/04/19 11:08:53 - mmengine - INFO - Epoch(test) [3950/5000]    eta: 0:00:10  time: 0.0099  data_time: 0.0015  memory: 404  
2026/04/19 11:08:53 - mmengine - INFO - Epoch(test) [4000/5000]    eta: 0:00:10  time: 0.0101  data_time: 0.0015  memory: 405  
2026/04/19 11:08:54 - mmengine - INFO - Epoch(test) [4050/5000]    eta: 0:00:09  time: 0.0103  data_time: 0.0015  memory: 404  
2026/04/19 11:08:54 - mmengine - INFO - Epoch(test) [4100/5000]    eta: 0:00:09  time: 0.0100  data_time: 0.0014  memory: 404  
2026/04/19 11:08:55 - mmengine - INFO - Epoch(test) [4150/5000]    eta: 0:00:08  time: 0.0098  data_time: 0.0014  memory: 404  
2026/04/19 11:08:55 - mmengine - INFO - Epoch(test) [4200/5000]    eta: 0:00:08  time: 0.0101  data_time: 0.0014  memory: 402  
2026/04/19 11:08:56 - mmengine - INFO - Epoch(test) [4250/5000]    eta: 0:00:07  time: 0.0100  data_time: 0.0014  memory: 405  
2026/04/19 11:08:56 - mmengine - INFO - Epoch(test) [4300/5000]    eta: 0:00:07  time: 0.0097  data_time: 0.0014  memory: 399  
2026/04/19 11:08:57 - mmengine - INFO - Epoch(test) [4350/5000]    eta: 0:00:06  time: 0.0098  data_time: 0.0014  memory: 405  
2026/04/19 11:08:57 - mmengine - INFO - Epoch(test) [4400/5000]    eta: 0:00:06  time: 0.0101  data_time: 0.0015  memory: 404  
2026/04/19 11:08:58 - mmengine - INFO - Epoch(test) [4450/5000]    eta: 0:00:05  time: 0.0101  data_time: 0.0015  memory: 405  
2026/04/19 11:08:58 - mmengine - INFO - Epoch(test) [4500/5000]    eta: 0:00:05  time: 0.0103  data_time: 0.0014  memory: 405  
2026/04/19 11:08:59 - mmengine - INFO - Epoch(test) [4550/5000]    eta: 0:00:04  time: 0.0103  data_time: 0.0015  memory: 405  
2026/04/19 11:08:59 - mmengine - INFO - Epoch(test) [4600/5000]    eta: 0:00:04  time: 0.0102  data_time: 0.0014  memory: 405  
2026/04/19 11:09:00 - mmengine - INFO - Epoch(test) [4650/5000]    eta: 0:00:03  time: 0.0103  data_time: 0.0016  memory: 404  
2026/04/19 11:09:00 - mmengine - INFO - Epoch(test) [4700/5000]    eta: 0:00:03  time: 0.0103  data_time: 0.0015  memory: 404  
2026/04/19 11:09:01 - mmengine - INFO - Epoch(test) [4750/5000]    eta: 0:00:02  time: 0.0102  data_time: 0.0014  memory: 404  
2026/04/19 11:09:01 - mmengine - INFO - Epoch(test) [4800/5000]    eta: 0:00:02  time: 0.0104  data_time: 0.0015  memory: 404  
2026/04/19 11:09:02 - mmengine - INFO - Epoch(test) [4850/5000]    eta: 0:00:01  time: 0.0101  data_time: 0.0014  memory: 404  
2026/04/19 11:09:02 - mmengine - INFO - Epoch(test) [4900/5000]    eta: 0:00:01  time: 0.0104  data_time: 0.0015  memory: 405  
2026/04/19 11:09:03 - mmengine - INFO - Epoch(test) [4950/5000]    eta: 0:00:00  time: 0.0105  data_time: 0.0016  memory: 405  
2026/04/19 11:09:03 - mmengine - INFO - Epoch(test) [5000/5000]    eta: 0:00:00  time: 0.0102  data_time: 0.0015  memory: 404  
2026/04/19 11:09:05 - mmengine - INFO - Evaluating bbox...
2026/04/19 11:09:17 - mmengine - INFO - bbox_mAP_copypaste: 0.153 0.307 0.138 0.042 0.144 0.247
2026/04/19 11:09:18 - mmengine - INFO - Epoch(test) [5000/5000]    coco/bbox_mAP: 0.1530  coco/bbox_mAP_50: 0.3070  coco/bbox_mAP_75: 0.1380  coco/bbox_mAP_s: 0.0420  coco/bbox_mAP_m: 0.1440  coco/bbox_mAP_l: 0.2470  data_time: 0.0015  time: 0.0103
